ARM GAS  C:\Users\unyacat\AppData\Local\Temp\ccMGa8RQ.s 			page 1


   1              		.syntax unified
   2              		.cpu cortex-m0
   3              		.fpu softvfp
   4              		.eabi_attribute 20, 1
   5              		.eabi_attribute 21, 1
   6              		.eabi_attribute 23, 3
   7              		.eabi_attribute 24, 1
   8              		.eabi_attribute 25, 1
   9              		.eabi_attribute 26, 1
  10              		.eabi_attribute 30, 2
  11              		.eabi_attribute 34, 0
  12              		.eabi_attribute 18, 4
  13              		.thumb
  14              		.syntax unified
  15              		.file	"Advertising_LED.c"
  16              		.text
  17              	.Ltext0:
  18              		.section	.gnu.lto_.profile.9235b222,"",%progbits
  19 0000 789C6361 		.ascii	"x\234ca`d`a`\000\222\352\212\000\000\331\000S"
  19      60646061 
  19      600092EA 
  19      8A0000D9 
  19      0053
  20              		.text
  21              		.section	.gnu.lto_.icf.9235b222,"",%progbits
  22 0000 789C6361 		.ascii	"x\234ca`d\000\001U\006\004`c\350\272\262`?\013\343\377"
  22      60640001 
  22      55060460 
  22      63E8BAB2 
  22      603F0BE3 
  23 0015 633BEB99 		.ascii	"c;\353\231\326n;z\203\213yQ\333\373;|,\007O>\370\304"
  23      D66E3B7A 
  23      838B7951 
  23      DBFB3B7C 
  23      2C074F3E 
  24 002b C47AF4E4 		.ascii	"\304z\364\344\332C\354\014\000^\242\022k"
  24      DA43EC0C 
  24      005EA212 
  24      6B
  25              		.text
  26              		.section	.gnu.lto_.jmpfuncs.9235b222,"",%progbits
  27 0000 789C45C9 		.ascii	"x\234E\311\261\001\000 \010\300\260\026\320+\374\225"
  27      B1010020 
  27      08C0B016 
  27      D02BFC95 
  28 0010 D795C90C 		.ascii	"\327\225\311\014]Z\3108|\033\265\235\004$Thv\257\367"
  28      5D5AC838 
  28      7C1BB59D 
  28      04245468 
  28      76AFF7
  29 0023 2E215502 		.ascii	".!U\002@"
  29      40
  30              		.text
  31              		.section	.gnu.lto_.inline.9235b222,"",%progbits
  32 0000 789C658D 		.ascii	"x\234e\215\311\015\2000\014\004\327\216\343\030\011"
  32      C90D8030 
  32      0C04D78E 
ARM GAS  C:\Users\unyacat\AppData\Local\Temp\ccMGa8RQ.s 			page 2


  32      E31809
  33 000f 093A4807 		.ascii	"\011:H\007\224@\245<R\012%P\012%`\203\004B\231\307>"
  33      9440A53C 
  33      520A2550 
  33      0A256083 
  33      044299C7 
  34 0024 767C0808 		.ascii	"v|\010\010\301\206\017\005\254\020\301\\%\333Wh\253"
  34      C1860F05 
  34      AC10C15C 
  34      25DB5768 
  34      AB
  35 0035 0C3E2609 		.ascii	"\014>&\011K\030\254\223\322\352-\031\232\011\254\347"
  35      4B18AC93 
  35      D2EA2D19 
  35      9A09ACE7 
  36 0045 F2F44EEA 		.ascii	"\362\364N\352+\211\023\214\331OP\204\374\237x\2141\226"
  36      2B89138C 
  36      D94F5084 
  36      FC9F788C 
  36      3196
  37 0057 51D4375F 		.ascii	"Q\3247_\031\\\353\300\017\342"
  37      195CEBC0 
  37      0FE2
  38              		.text
  39              		.section	.gnu.lto_.pureconst.9235b222,"",%progbits
  40 0000 789C6361 		.ascii	"x\234ca`d\340e```c\220b\224b\222b\226b\221b\225\002"
  40      6064E065 
  40      60606063 
  40      90629462 
  40      92629662 
  41 0018 00059500 		.ascii	"\000\005\225\000\304"
  41      C4
  42              		.text
  43              		.section	.gnu.lto_Advertising_LED_SetDriveMode.9235b222,"",%progbits
  44 0000 789C7D51 		.ascii	"x\234}QMK[A\024\275g\346\345%*U\350J0\013w! E\250\177"
  44      4D4B5B41 
  44      14BD67E6 
  44      E5252A55 
  44      E84A300B 
  45 001a A0D8E2A6 		.ascii	"\240\330\342\246\013\251[E$yH\026\032\210\332\255\223"
  45      0BA95B45 
  45      24794816 
  45      1A88DAAD 
  45      93
  46 002b 3C9F2D6E 		.ascii	"<\237-n\264\264\212\012R(\004\277\215\"F\304.BJ\335"
  46      B4B48A0A 
  46      522804BF 
  46      8D2246C4 
  46      2E424ADD 
  47 003f 0876D7A5 		.ascii	"\010v\327\245H\027oQ\020b?\240\024\365\365\336\227\254"
  47      48176F51 
  47      10623FA0 
  47      14F5F5DE 
  47      97AC
  48 0051 3B30F7DE 		.ascii	";0\367\3369\234s83c\021H\326'n\335\334;xC\023\324\302"
  48      399C7338 
  48      33631148 
ARM GAS  C:\Users\unyacat\AppData\Local\Temp\ccMGa8RQ.s 			page 3


  48      D6276EDD 
  48      DC3B7843 
  49 0068 05513EA6 		.ascii	"\005Q>\246\000\031L\0144\2550\215\337\352N\241\372\312"
  49      00194C0C 
  49      34AD308D 
  49      DFEA4EA1 
  49      FACA
  50 007a 3F51C975 		.ascii	"?Q\311u\303\353\312\363\373\363\306k\3674Q\240B'\302"
  50      C3EBCAF3 
  50      FBF3C66B 
  50      F73451A0 
  50      4227C2
  51 008d 3A92CCFA 		.ascii	":\222\314\372yX|\333\242\273@<\337\\\324.[\023Ec\012"
  51      79587CDB 
  51      A2BB403C 
  51      DF5CD42E 
  51      5B134563 
  52 00a2 C69C0E19 		.ascii	"\306\234\016\031\355i`\003\232\025x\034Gw\234\030 l"
  52      ED696003 
  52      9A15781C 
  52      47779C18 
  52      206C
  53 00b4 2221E46F 		.ascii	"\"!\344o\007\367\213\017\354\031\261\357\254\233b\013"
  53      07F78B0F 
  53      EC19B1EF 
  53      AC9B620B 
  54 00c4 B6C42CBD 		.ascii	"\266\304,\275\250\230 pM\345\320\376\\\266\233\024\313"
  54      A8982070 
  54      4DE5D0FE 
  54      5CB69B14 
  54      CB
  55 00d5 94966241 		.ascii	"\224\226bA\304\021\031m)Q)D5\336\022\377F)\351\332G"
  55      C411196D 
  55      29512944 
  55      35DE12FF 
  55      4629E9DA 
  56 00ea F5EFDCD7 		.ascii	"\365\357\334\327\025[\374\\-WY\362\252_\242\277\224"
  56      155BFC5C 
  56      2D5759F2 
  56      AA5FA2BF 
  56      94
  57 00fb A77598F3 		.ascii	"\247u\230\363\256\\Zm\256\037_\317.\030\213\241\243"
  57      AE5C5A6D 
  57      AE1F5FCF 
  57      2E188BA1 
  57      A3
  58 010c 0F6F16F1 		.ascii	"\017o\026\361\036k\371\031x\332\302\016\342\330F\234"
  58      1E6BF919 
  58      78DAC20E 
  58      E2D8469C 
  59 011c 33ED324A 		.ascii	"3\3552J>\334\333\206\235\256;^\237\277[n\023\013\205"
  59      3EDCDB86 
  59      9DAE3B5E 
  59      9FBF5B6E 
  59      130B85
  60 012f 20980FDA 		.ascii	" \230\017\332\260\307l\037\205\037\321:-\342jKd\265"
  60      B0C76C1F 
ARM GAS  C:\Users\unyacat\AppData\Local\Temp\ccMGa8RQ.s 			page 4


  60      851FD13A 
  60      2DE26A4B 
  60      64B5
  61 0141 864C2096 		.ascii	"\206L \226\035\\\335~\264D\026\301C\224B\211\373\247"
  61      1D5CDD7E 
  61      B44416C1 
  61      43944289 
  61      FBA7
  62 0153 418986E6 		.ascii	"A\211\206\3466C\325%\010\364\277X\373\214\262\204\276"
  62      3643D525 
  62      08F4BF58 
  62      FB8CB284 
  62      BE
  63 0164 A350393E 		.ascii	"\243P9>SB\017\177\245\246 o\300/\222\354s\306\235\334"
  63      53420F7F 
  63      A5A6206F 
  63      C02F92EC 
  63      73C69DDC 
  64 0178 C8A4931E 		.ascii	"\310\244\223\036\036\310N\345R\316`\377@\266\267g\360"
  64      1EC84EE5 
  64      52CE60FF 
  64      40B6B767 
  64      F0
  65 0189 49FAA593 		.ascii	"I\372\245\223\233\314Ld\306G\207\237?{\372(E\326X6\355"
  65      9BCC4C64 
  65      C647879F 
  65      3F7BFA28 
  65      45D65836 
  66 019e FC03AFF1 		.ascii	"\374\003\257\361\240\350"
  66      A0E8
  67              		.text
  68              		.section	.gnu.lto_Advertising_LED_Write.9235b222,"",%progbits
  69 0000 789C5551 		.ascii	"x\234UQMk\023Q\024\275\347\275\231\314\224X\377\200"
  69      4D6B1351 
  69      14BDE7BD 
  69      99CC9458 
  69      FF80
  70 0012 5974534A 		.ascii	"YtSJ@\244\250\340ZT\272q!\026\\UKh\006)\204\026b\232"
  70      40A4A8E0 
  70      5A54BA71 
  70      21165C55 
  70      4B680629 
  71 002a 6D5F9226 		.ascii	"m_\222&\001E\250B\252\013M\375@Z\255\265VAPD\307\331"
  71      0145A842 
  71      AA0B4DFD 
  71      405AADB5 
  71      56415044 
  72 0040 14175644 		.ascii	"\024\027VD\021\205\"RlDW\261Z\025\253\306{g6\3461\357"
  72      11852252 
  72      6C4457B1 
  72      5A15ABC6 
  72      7B6736E6 
  73 0056 63CE9C73 		.ascii	"c\316\234s\336\271w,\002\311\310(\242=\274o\343\011"
  73      DEB9772C 
  73      02C9C828 
  73      A23DBC6F 
  73      E309
ARM GAS  C:\Users\unyacat\AppData\Local\Temp\ccMGa8RQ.s 			page 5


  74 0068 4D5093CB 		.ascii	"MP\223\313D\005W\001r0.h\\a\034\033\352\217BPm\334W"
  74      44055701 
  74      72302E68 
  74      5C611C1B 
  74      EA8F4250 
  75 007f C919C3E3 		.ascii	"\311\031\303\343\375\332\217^3\353\243\254\211Z*t\""
  75      FDDA8F5E 
  75      33EBA3AC 
  75      895A2A74 
  75      22
  76 0090 CC20C9AC 		.ascii	"\314 \311\254\217\017\253\257\240\267\203\370\\\011"
  76      8F0FABAF 
  76      A0B783F8 
  76      5C09
  77 009e 369AF19E 		.ascii	"6\232\361\236k\306\024\215\251\0355\272\254\201YhV`"
  77      6BC6148D 
  77      A91D35BA 
  77      AC815968 
  77      5660
  78 00b0 5702BD09 		.ascii	"W\002\275\011b\200p\035=B\376\024\234\312\350\235\241"
  78      6280701D 
  78      3D42FE14 
  78      9CCAE89D 
  78      A1
  79 00c1 6EE9DE99 		.ascii	"n\351\336\231\026\272\257\212\316\177\271\324y\316\370"
  79      16BAAF8A 
  79      CE7FB9D4 
  79      79CEF8
  80 00d0 852ED1DE 		.ascii	"\205.\321\336\370_+\203\271\253\213\177k\235\261\011"
  80      F85F2B83 
  80      B9AB8B7F 
  80      6B9DB109 
  81 00e0 49D58539 		.ascii	"I\325\2059tGyp\0231\256\020\202,\034\366M\253U2\376"
  81      74477970 
  81      1331AE10 
  81      822C1CF6 
  81      4DAB5532 
  82 00f5 0BE7C91B 		.ascii	"\013\347\311\033'\256\370V\245y\321\026\311g\033\222"
  82      27AEF856 
  82      A579D116 
  82      C9671B92 
  83 0105 20268023 		.ascii	" &\200#\213\033\242\035\302\"j\362\224N|QJv\335@\360"
  83      8B1BA21D 
  83      C2226AF2 
  83      944E7C51 
  83      4A76DD40 
  84 011a EBE4723D 		.ascii	"\353\344r=/\376%-]\231*\007\317\235o\252\254\2550\372"
  84      2FFE252D 
  84      5D992A07 
  84      CF9D6FAA 
  84      ACAD30FA 
  85 012e D74BB5A7 		.ascii	"\327K\265\247[\242WS\2314\026C\317\346\036\255\271\323"
  85      5BA25753 
  85      99341643 
  85      CFE61EAD 
  85      B9D3
  86 0140 B85898E0 		.ascii	"\270X\230\340~\331\270\205\004\346\301\371\261\200i"
ARM GAS  C:\Users\unyacat\AppData\Local\Temp\ccMGa8RQ.s 			page 6


  86      7ED9B885 
  86      04E6C1F9 
  86      B18069
  87 014f 5003C5F5 		.ascii	"P\003\305\365\352\212\212\0145{2R\372]YA\204X\014\262"
  87      EA8A8A0C 
  87      357B3252 
  87      FA5D5941 
  87      84580CB2 
  88 0163 C785CDB3 		.ascii	"\307\205\315\263\347]\261\325x\014\334f\371*B\215de"
  88      E75DB1D5 
  88      780CDC66 
  88      F92A428D 
  88      6465
  89 0175 96889A95 		.ascii	"\226\210\232\225\327\365c\221\212\037\233U\0376\347"
  89      D7F56391 
  89      8A1F9B55 
  89      1F36E7
  90 0184 1F6C1555 		.ascii	"\037l\025U\214\211\213,j\263v\230\307\244+\337K\247"
  90      8C898B2C 
  90      6AB37698 
  90      C7A42BDF 
  90      4BA7
  91 0196 E342027C 		.ascii	"\343B\002|\302\235\210\3653\026q\3340\201\323~\233\033"
  91      C29D88F5 
  91      331671DC 
  91      3081D37E 
  91      9B1B
  92 01a8 857E57CF 		.ascii	"\205~W\317E\244\216\010\012\246.'\004h+\271`L\274\275"
  92      45A48E08 
  92      0AA62E27 
  92      04682BB9 
  92      604CBCBD 
  93 01bc EABB5C35 		.ascii	"\352\273\\5k\3503\212\376\333>\021\204\277\262\251 "
  93      6BE8338A 
  93      FEDB3E11 
  93      84BFB2A9 
  93      20
  94 01cd 1DE67E27 		.ascii	"\035\346~'\373\274\021/\233\312y\351\301\376\321\261"
  94      FBBC112F 
  94      9BCA79E9 
  94      C1FED1B1 
  95 01dd EC903770 		.ascii	"\354\2207p\250\177t\337\356\201\275\351\274\227\315"
  95      A87F74DF 
  95      EE81BDE9 
  95      BC97CD
  96 01ec 0D9F181E 		.ascii	"\015\237\030\0369>x\360\300\376\035Cd\347S\2311\317"
  96      393E78F0 
  96      C0FE1D43 
  96      64E75399 
  96      31CF
  97 01fe 4E678FA4 		.ascii	"Ng\217\2442\377\000\315\025\327\340"
  97      32FF00CD 
  97      15D7E0
  98              		.text
  99              		.section	.gnu.lto_Advertising_LED_Read.9235b222,"",%progbits
 100 0000 789C2D4F 		.ascii	"x\234-O=H\202a\020\276\347}?M\214\232\203\034Z%\210"
 100      3D488261 
ARM GAS  C:\Users\unyacat\AppData\Local\Temp\ccMGa8RQ.s 			page 7


 100      10BEE77D 
 100      3F4D8C9A 
 100      831C5A25 
 101 0015 A096A688 		.ascii	"\240\226\246\210\376\226\206\310-\004\011\375\010\027"
 101      FE9686C8 
 101      2D0409FD 
 101      0817
 102 0023 05B3563F 		.ascii	"\005\263V?\375\374\014\242\301\245\202 \334R+\211,\034"
 102      FDFC0CA2 
 102      C1A58220 
 102      DC522B89 
 102      2C1C
 103 0035 9A4C8482 		.ascii	"\232L\204\202\240\232ZZ\"\304\241)\245\020\372\263{"
 103      A09A5A5A 
 103      22C4A129 
 103      A510FAB3 
 103      7B
 104 0046 B583F7EE 		.ascii	"\265\203\367\356\275\273\347\236\347N#\220\262I\016"
 104      BDBBE79E 
 104      E74E2390 
 104      B2490E
 105 0055 C31C07F9 		.ascii	"\303\034\007\371A\022D\372\216(\356\020\200\372\030"
 105      411244FA 
 105      8E28EE10 
 105      80FA18
 106 0064 0E504C20 		.ascii	"\016PL \206\017\361#p\333\272\331v\272\263\206\2210"
 106      860FF123 
 106      70DBBAD9 
 106      76BAB386 
 106      9130
 107 0076 9EADC389 		.ascii	"\236\255\303\211\275\\\031\226$j\013\302\230\013\243"
 107      BD5C1996 
 107      246A0BC2 
 107      980BA3
 108 0085 2E459185 		.ascii	".E\221\205\233\030\372r\366\273\323gO\032lC\012\300"
 108      9B18FA72 
 108      F6BBD367 
 108      4F1A6C43 
 108      0AC0
 109 0097 9D1CEC4A 		.ascii	"\235\034\354J\362t\251l\264\333\246Q>w^\225\234\\\262"
 109      F274A96C 
 109      B4DBA651 
 109      3E775E95 
 109      9C5CB2
 110 00aa 24EBB2D3 		.ascii	"$\353\262\323\224\263\221b\2447\236P\372\015!T\224u"
 110      94B39162 
 110      A4379E50 
 110      FA0D2154 
 110      9475
 111 00bc 543EB71E 		.ascii	"T>\267\036\363\313\212\304\224\222\005v\255\312}\317"
 111      F3CB8AC4 
 111      94920576 
 111      ADCA7DCF 
 112 00cc BBB0A480 		.ascii	"\273\260\244\200\322{h\224\212\216n\232L\245\015\215"
 112      D27B6894 
 112      8A8E6E9A 
 112      4CA50D8D 
ARM GAS  C:\Users\unyacat\AppData\Local\Temp\ccMGa8RQ.s 			page 8


 113 00dc 4BADE2FE 		.ascii	"K\255\342\376So\006\007\361$o)q\004\027\362\340\035"
 113      536F0607 
 113      F1246F29 
 113      710417F2 
 113      E01D
 114 00ee 718C0CA8 		.ascii	"q\214\014\250\016\2639G\246D\227\256\366U\270\354W\363"
 114      0EB33947 
 114      A64497AE 
 114      F655B8EC 
 114      57F3
 115 0100 1A6F79C2 		.ascii	"\032oy\3020\356\177\247\252\003]A\215q\014\272\250^"
 115      30EE7FA7 
 115      AA035D41 
 115      8D710CBA 
 115      A85E
 116 0112 A73A2260 		.ascii	"\247:\"`+t@\211\346f\015]\220\215q\364\012\361\237Q"
 116      2B744089 
 116      E6660D5D 
 116      908D71F4 
 116      0AF19F51 
 117 0126 E70CA8F5 		.ascii	"\347\014\250\365\371\030\367\274\036\322#+Q=\340\363"
 117      F918F7BC 
 117      1ED2232B 
 117      513DE0F3 
 118 0136 84D7237E 		.ascii	"\204\327#~\335\273\350\011O\217{\247\002\033z$\032\\"
 118      DDBBE809 
 118      4F8F7BA7 
 118      021B7A24 
 118      1A5C
 119 0148 0B86567D 		.ascii	"\013\206V}\013\2633#~\372\003\307^x]"
 119      0BB33323 
 119      7EFA03C7 
 119      5E785D
 120              		.text
 121              		.section	.gnu.lto_Advertising_LED_ReadDataReg.9235b222,"",%progbits
 122 0000 789C2D8F 		.ascii	"x\234-\217\317KBA\020\307gv\237\365\310\352\034\344"
 122      CF4B4241 
 122      10C76776 
 122      9FF5C8EA 
 122      1CE4
 123 0012 A1AB0411 		.ascii	"\241\253\004\021\324\245SD\277.\035\"o!H\350#\274(\230"
 123      D4A55344 
 123      BF2E1D22 
 123      6F2148E8 
 123      23BC2898 
 124 0026 7575F5F9 		.ascii	"uu\365\371\014\242\203\027\353\020e7-\225\210:u\010"
 124      0CA28317 
 124      EB106537 
 124      2D95883A 
 124      7508
 125 0038 13A122AA 		.ascii	"\023\241\"\252\177!\302<t*\373\005\375\262\031_\003"
 125      7F21C23C 
 125      742AFB05 
 125      FDB2195F 
 125      03
 126 0049 BBB3B3F3 		.ascii	"\273\263\263\363\231\371\316h\200\3006J\256\237|/\035"
 126      99F9CE68 
ARM GAS  C:\Users\unyacat\AppData\Local\Temp\ccMGa8RQ.s 			page 9


 126      80C0364A 
 126      AE9F7C2F 
 126      1D
 127 005a 9480227D 		.ascii	"\224\200\"}\003\020\327\005\"?\224\216\020\023\030\303"
 127      0310D705 
 127      223F948E 
 127      101318C3 
 128 006a 37F123F0 		.ascii	"7\361#\360\352\343b\275\303\235S*\241\356\254\243\221"
 128      EAE362BD 
 128      C39D532A 
 128      A1EEACA3 
 128      91
 129 007b CD7C192D 		.ascii	"\315|\031-\011\320\024\200C.\034tq\213\034\272\201\320"
 129      09D01480 
 129      432E1C74 
 129      718B1CBA 
 129      81D0
 130 008d FBC3DF4C 		.ascii	"\373\303\337LW[R\221\3651@\231<\266\261\344\301\\Y5"
 130      575B5291 
 130      F5314099 
 130      3CB6B1E4 
 130      C15C5935 
 131 00a1 9BA62A6F 		.ascii	"\233\246*o9\317v\234\364eI\322\245K\343\313\001\334"
 131      39CF769C 
 131      F46549D2 
 131      A54BE3CB 
 131      01DC
 132 00b3 119EA882 		.ascii	"\021\236\250\202\365\237\205`/\353X\371\\{/\316s\023"
 132      F59F8560 
 132      2FEB58F9 
 132      5C7B2FCE 
 132      7313
 133 00c5 534A12D8 		.ascii	"SJ\022\330\260*\267\355\257\302\222\002Y\357e7s\331"
 133      B02AB7ED 
 133      AFC29202 
 133      59EF6537 
 133      73D9
 134 00d7 69872A95 		.ascii	"i\207*\225V\032}]\027N\037\364,n\307\2234\245\304}t"
 134      561A7D5D 
 134      174E1FF4 
 134      2C6EC793 
 134      34A5C47D 
 135 00ec E11ED28C 		.ascii	"\341\036\322\214X\300,B\035\315\306\024\230\022\355"
 135      58C02C42 
 135      1DCDC614 
 135      9812ED
 136 00fb 76B5AFD2 		.ascii	"v\265\257\322I7\327k4e\2210\312\177\247\252=\266\240"
 136      4937D76B 
 136      34659130 
 136      CA7FA7AA 
 136      3DB6A0
 137 010e 461C41C7 		.ascii	"F\034A\307\325\363\224\316\020\222\225ZP\242\261ZC\033"
 137      D5F394CE 
 137      1092955A 
 137      50A2B15A 
 137      431B
 138 0120 7210078F 		.ascii	"r\020\007\217(\376#h\255\201<>-\343\2366BFd!j\004|\236"
ARM GAS  C:\Users\unyacat\AppData\Local\Temp\ccMGa8RQ.s 			page 10


 138      28FE2368 
 138      AD813C3E 
 138      2DE39E36 
 138      42466421 
 139 0138 F072C46F 		.ascii	"\360r\304oxg=\341\361a\357X`\305\210D\203K\301\320\242"
 139      78673DE1 
 139      F161EF58 
 139      60C58844 
 139      834BC1D0 
 140 014d 6F667262 		.ascii	"ofrb\300\017\177\226\003x!"
 140      C00F7F96 
 140      037821
 141              		.text
 142              		.section	.gnu.lto_Advertising_LED_SetInterruptMode.9235b222,"",%progbits
 143 0000 789C6D91 		.ascii	"x\234m\221Mh\023A\024\307\347\315l\262\233\244\335z"
 143      4D681341 
 143      14C7E7CD 
 143      6CB29BA4 
 143      DD7A
 144 0012 B7482E25 		.ascii	"\267H.%\004D\020\364\342\255T\361\"R\354\265PJ\263\226"
 144      044410F4 
 144      E2AD54F1 
 144      2252ECB5 
 144      504AB396 
 145 0026 1C4C248D 		.ascii	"\034L$\215^;\311&)\224*E1`\261\004\225\245\321\252\375"
 145      5E3BC926 
 145      29942A45 
 145      3160B104 
 145      95A5D1AA 
 146 003b 54B120AC 		.ascii	"T\261 \254\001\017J\255T\021\361\003\221\026S\250\036"
 146      010F4AAD 
 146      5411F103 
 146      911653A8 
 146      1E
 147 004c D21A5144 		.ascii	"\322\032QD\033\337\333\311\245\340\300\356\314\373\361"
 147      1BDFDBC9 
 147      A5E0C0EE 
 147      CCFBF1
 148 005b DE7FFEEF 		.ascii	"\336\177\376\357\215\306\200\321*s\306:q\337\213\037"
 148      8DC680D1 
 148      2A73C63A 
 148      71DF8B1F 
 149 006b 08067C7C 		.ascii	"\010\006||\205\261\214\301\001\350 \015`\303\034\206"
 149      85B18CC1 
 149      01E8200D 
 149      60C31C86 
 150 007b E107FFCB 		.ascii	"\341\007\377\313\2412R}\304\243S\022\327\347/\033\007"
 150      A132527D 
 150      C4A35312 
 150      D7E72F1B 
 150      07
 151 008c 65D985BC 		.ascii	"e\331\205\274`\254\301=%\006S\020\305\254\247\215\237"
 151      60ACC13D 
 151      25065310 
 151      C5ACA78D 
 151      9F
 152 009d 6E5B9DE7 		.ascii	"n[\235\347\005\000\025\275\252-O\206(\344\260\007\303"
ARM GAS  C:\Users\unyacat\AppData\Local\Temp\ccMGa8RQ.s 			page 11


 152      050015BD 
 152      AA2D4F86 
 152      28E4B007 
 152      C3
 153 00ae 894DA768 		.ascii	"\211M\247h\212\375\300\360\274\261x\343m0\342H\231\225"
 153      8AFDC0F0 
 153      BCB178E3 
 153      6D30E248 
 153      9995
 154 00c0 F271BFF4 		.ascii	"\362q\277\364\345\205\200\333 P\017nA;\224\241\235!"
 154      E58580DB 
 154      20500F6E 
 154      413B94A1 
 154      9D21
 155 00d2 62300D11 		.ascii	"b0\015\021\314\376\276\340\\\016\211\303^\345\266\355"
 155      CCFEBEE0 
 155      5C0E89C3 
 155      5EE5B6ED 
 156 00e2 D82DCDCA 		.ascii	"\330-\315\312F\263\362\316\177*\357B\204\322Ws\263\327"
 156      46B3F2CE 
 156      7F2AEF42 
 156      84D25773 
 156      B3D7
 157 00f4 84B2A461 		.ascii	"\204\262\244a\270\365bb\335T\226\302\030N;o\034.\216"
 157      B8F56262 
 157      DD5496C2 
 157      184E3B6F 
 157      1C2E8E
 158 0107 78C2A3EF 		.ascii	"x\302\243\357.\315\267v\334$a\367\365E\363\252ts\341"
 158      2ECDB776 
 158      DC2461F7 
 158      F545F3AA 
 158      7473E1
 159 011a BCD06056 		.ascii	"\274\320`V\211\317\240\370=\024\247\205\331ks;WZ\375"
 159      89CFA0F8 
 159      3D14A785 
 159      D96B733B 
 159      575AFD
 160 012d 391A4818 		.ascii	"9\032H\030\346\240C\215\002\346\301\217\303\005\"3\247"
 160      E6A0438D 
 160      02E6C18F 
 160      C3052233 
 160      A7
 161 013e 5CD968D8 		.ascii	"\\\331h\330\322]5\237\2747[8\332\362\241\013\354H\243"
 161      D25D359F 
 161      BC375B38 
 161      DAF2A10B 
 161      EC48A3
 162 0151 A38F7E7E 		.ascii	"\243\217~~F\231:\220[\003\201?@4H?\306j\250H/\261\305"
 162      46993A90 
 162      5B03813F 
 162      4034483F 
 162      C66AA848 
 163 0168 39EDA20A 		.ascii	"9\355\242\012\225\337\243\237\226\272\351\022[\320\200"
 163      95DFA39F 
 163      96BAE912 
 163      5BD080
ARM GAS  C:\Users\unyacat\AppData\Local\Temp\ccMGa8RQ.s 			page 12


 164 0177 8BF9CA4B 		.ascii	"\213\371\312K\235\272\321\275\016\236\227\326W\204\012"
 164      9DBAD1BD 
 164      0E9E97D6 
 164      57840A
 165 0186 C70AE392 		.ascii	"\307\012\343\222\372\375z\341\331C\255\004\223\231\034"
 165      FAFD7AE1 
 165      D943AD04 
 165      93991C
 166 0195 BE97018B 		.ascii	"\276\227\001\213\330\304\0025\001\367\241\004\254\012"
 166      D8C40235 
 166      01F7A104 
 166      AC0A
 167 01a3 D9ED918F 		.ascii	"\331\355\221\217~%\250\33186$;\205e\237\">\204H\354"
 167      7E25A8D9 
 167      3836243B 
 167      85659F22 
 167      3E8448EC 
 168 01b7 3F856FA0 		.ascii	"?\205o\240\010\335\213\234\255\001\367ZE\363\010UNu"
 168      08DD8B9C 
 168      AD01F75A 
 168      45F30855 
 168      4E75
 169 01c9 A9DECC32 		.ascii	"\251\336\3142P\311\026\272'\257+\024@Ji\277\012uM\221"
 169      50C916BA 
 169      27AF2B14 
 169      404A69BF 
 169      0A754D91 
 170 01dd A0A71640 		.ascii	"\240\247\026@X)^\337Gl\227\335\214\224\241\335\216\037"
 170      58295EDF 
 170      476C97DD 
 170      8C94A1DD 
 170      8E1F
 171 01ef A0632C63 		.ascii	"\240c,c\233\220u?\234\244\002\357-j\034h:8\253\350q"
 171      9B90753F 
 171      9CA402EF 
 171      2D6A1C68 
 171      3A38ABE8 
 172 0204 2B61A5FA 		.ascii	"+a\245\372\323V\254\257'y.5`\365v\367$\273\016\365v"
 172      D356ACAF 
 172      27792E35 
 172      60F576F7 
 172      24BB0EF5 
 173 0219 C6CE5BA9 		.ascii	"\306\316[\251t|(\236\030\354;q\354\350\201\001f\234"
 173      747C289E 
 173      18EC3B71 
 173      ECE88101 
 173      669C
 174 022b 4D0EC5D3 		.ascii	"M\016\305\323\361dB;\223\214Yz<\221Nu\235\036\374\007"
 174      F164423B 
 174      938C597A 
 174      3C914E75 
 174      9D1EFC07 
 175 023f E213F172 		.ascii	"\342\023\361r"
 176              		.text
 177              		.section	.gnu.lto_Advertising_LED_ClearInterrupt.9235b222,"",%progbits
 178 0000 789C5590 		.ascii	"x\234U\220\315K[A\024\305\357\231y1A\214\376\001f\341"
 178      CD4B5B41 
ARM GAS  C:\Users\unyacat\AppData\Local\Temp\ccMGa8RQ.s 			page 13


 178      14C5EF99 
 178      7931418C 
 178      FE0166E1 
 179 0014 C645404A 		.ascii	"\306E@J\241]\350RT\334t!f+H0\017\221R\205\344\331\245"
 179      A15DE852 
 179      54DC7421 
 179      662B4830 
 179      0F915285 
 180 002b 4E8C2F85 		.ascii	"N\214/\205\"4\033u%.\204\306\372\355B\004K\332\327\264"
 180      22341B75 
 180      252E84C6 
 180      FAED4204 
 180      4BDAD7B4 
 181 003f 14416CA1 		.ascii	"\024Al\241\013\335\025QqQh\251\342\007~\324xo^\027:"
 181      0BDD1551 
 181      715168A9 
 181      E2077ED4 
 181      786F5E17 
 182 0054 30CCCC99 		.ascii	"0\314\314\231{~\367\314X\004\222\361\223\227F^kyB\023"
 182      7B7EF7CC 
 182      580492F1 
 182      9397465E 
 182      6B794213 
 183 0068 54EE1B51 		.ascii	"T\356\033Q:\244\000\331\230\020hXa\030g\352\237\302"
 183      3AA400D9 
 183      98106858 
 183      611867EA 
 183      9FC2
 184 007a D6C5E658 		.ascii	"\326\305\346Xe4o\314\210\331s/\232&g=\270\232\250\244"
 184      65346FCC 
 184      88D9732F 
 184      9A26673D 
 184      B89AA8A4 
 185 008e 084F2278 		.ascii	"\010O\"x\034\021D\036Q\342\322\203\245\353|X7@\366\333"
 185      1C11441E 
 185      51E2D283 
 185      A5EB7C58 
 185      3740F6DB 
 186 00a2 6F7FAFA1 		.ascii	"o\177\257\241~Fl^\341M\325\244\361\322u\354\303,\364"
 186      7E466C5E 
 186      E14DD5A4 
 186      F1D275EC 
 186      C32CF4
 187 00b5 7D2B49ED 		.ascii	"}+I\355\376\352\355x\270b\324\360\250\303;\324\013\234"
 187      FEEAED78 
 187      B862D4F0 
 187      A8C33BD4 
 187      0B9C
 188 00c7 A973A8E0 		.ascii	"\251s\250\340\234\020e\271\3233\245R\306x\357k>\375"
 188      9C1065B9 
 188      D333A552 
 188      C678EF6B 
 188      3EFD
 189 00d9 A8092972 		.ascii	"\250\011)r5\347v\265\262H\256\003r\016\222\344\242\277"
 189      35E776B5 
 189      B248AE03 
 189      720E92E4 
ARM GAS  C:\Users\unyacat\AppData\Local\Temp\ccMGa8RQ.s 			page 14


 189      A2BF
 190 00eb EC95571C 		.ascii	"\354\225W\034+%\253>B\361\352\365yaHp\031-/\232p\213"
 190      2B25AB3E 
 190      42F1EAF5 
 190      79614870 
 190      192D2F9A 
 191 0101 DF83A7CA 		.ascii	"\337\203\247\312\325\272\234t\347\363\307\251J\377\230"
 191      D5BA9C74 
 191      E7F3C7A9 
 191      4AFF98
 192 0110 CBE68CC5 		.ascii	"\313\346\214\305\322\345\366\356!\2461\225\036\345\267"
 192      D2E5F6EE 
 192      21A63195 
 192      1EE5B7
 193 011f 5A584004 		.ascii	"ZX@\004\363\340\270Xd\225\2160r\362\352F\371@\315LV"
 193      F3E0B858 
 193      64958E30 
 193      72F2EA46 
 193      F940CD4C 
 194 0134 3237D92F 		.ascii	"27\331/\360\025\213Ef\254\377\231_\017\013V\301#,\261"
 194      F0158B45 
 194      66ACFF99 
 194      5F0F0B56 
 194      C1232CB1 
 195 0148 7D1F658F 		.ascii	"}\037e\217\004\346*\037s[p|W\300\227\212\023e\312\203"
 195      04E62A1F 
 195      735B707C 
 195      57C0978A 
 195      1365CA83 
 196 015c 0C696302 		.ascii	"\014ic\002\017c,\363\005[\244\357I\366\353\207F\037"
 196      0F632CF3 
 196      055BA4EF 
 196      49F6EB87 
 196      461F
 197 016e 1164041B 		.ascii	"\021d\004\033\017\257\0277\252\245q\200{\255p\375/\374"
 197      0FAF1737 
 197      AAA57180 
 197      7BAD70FD 
 197      2FFC
 198 0180 CF1AA4F2 		.ascii	"\317\032\244\362\377@\376\205\177)\332n\367\333\311"
 198      FF40FE85 
 198      7F29DA6E 
 198      F7DBC9
 199 018f B86327BA 		.ascii	"\270c'\272c\003\203\311\036\273\253#6\320\362\264\253"
 199      630383C9 
 199      1EBBAB23 
 199      36D0F2B4 
 199      AB
 200 01a0 39F1D24E 		.ascii	"9\361\322N:}\251\276\376\336\356gm\255\217z\250\352"
 200      3A7DA9BE 
 200      FEDEEE67 
 200      6DAD8F7A 
 200      A8EA
 201 01b2 453CF5DC 		.ascii	"E<\365\334N\304\234\2703\230\272\003\226\252\261\035"
 201      4EC49CB8 
 201      3398BA03 
 201      96AAB11D 
ARM GAS  C:\Users\unyacat\AppData\Local\Temp\ccMGa8RQ.s 			page 15


 202              		.text
 203              		.section	.gnu.lto_.symbol_nodes.9235b222,"",%progbits
 204 0000 789C6361 		.ascii	"x\234ca`d\310`\000\002&\206z\006\206\011\347\030@\324"
 204      6064C860 
 204      00022686 
 204      7A068609 
 204      E71840D4 
 205 0014 AE0645A0 		.ascii	"\256\006E\240\000c=#\252\000S=\023\252\000s=3\252\000"
 205      00633D23 
 205      AA00533D 
 205      13AA0073 
 205      3D33AA00 
 206 0028 4B3D0BAA 		.ascii	"K=\013\252\000k=+\212\000\003\000\305\333\026\342"
 206      006B3D2B 
 206      8A000300 
 206      C5DB16E2 
 207              		.text
 208              		.section	.gnu.lto_.refs.9235b222,"",%progbits
 209 0000 789C6361 		.ascii	"x\234ca`\004B \000\000\0009\000\007"
 209      60044220 
 209      00000039 
 209      0007
 210              		.text
 211              		.section	.gnu.lto_.decls.9235b222,"",%progbits
 212 0000 789C8D54 		.ascii	"x\234\215ToL[U\024\277\347\275\376\2017\244\013ACbc"
 212      6F4C5B55 
 212      14BFE7BD 
 212      FE8137A4 
 212      0B414362 
 213 0015 701F5AFC 		.ascii	"p\037Z\374Bd,\306o\323\200N\223\351\314\210\363\313"
 213      42642CC6 
 213      6FD3804E 
 213      93E9CC88 
 213      F3CB
 214 0027 12D2C10B 		.ascii	"\022\322\301\01361\260te\311\374t\2259Q?\310\022\263"
 214      3631B074 
 214      65C9FC74 
 214      9539513F 
 214      C812B3
 215 003a 81610186 		.ascii	"\201a\001\206h\221\016\330\012\225v\316\265\233t\025"
 215      68910ED8 
 215      0A9576CE 
 215      B59B7415 
 216 004a D8A09025 		.ascii	"\330\240\220%.LXD\022\0276\355\326\251aF\353\271\367"
 216      2E4C5844 
 216      121736ED 
 216      D6A96146 
 216      EBB9F7
 217 005d BEF63D6B 		.ascii	"\276\366=k\211\334\364\274\336{\3369\277\363;\277{Z"
 217      89DCF4BC 
 217      DE7BDE39 
 217      BFF33BBF 
 217      7B5A
 218 006f 1301C296 		.ascii	"\023\001\302\226\331BH)n\375hi\\V\364\355#\372\302\327"
 218      D9424829 
 218      6EFD6869 
 218      5C56F4ED 
ARM GAS  C:\Users\unyacat\AppData\Local\Temp\ccMGa8RQ.s 			page 16


 218      23FAC2D7 
 219 0083 2480368E 		.ascii	"$\2006\2166\201\026F\213\241\305\311\177W@\213g\371"
 219      36811646 
 219      8BA1C5C9 
 219      7F57408B 
 219      67F9
 220 0095 C3684EB4 		.ascii	"\303hN\264y\2649\264=Z\014hq\271\213\341[sr\355\033"
 220      79B439B4 
 220      3D5A0C68 
 220      71B98BE1 
 220      5B7372ED 
 221 00aa E48FE7C9 		.ascii	"\344\217\347\311g\334\314\377Sw\"O^x\023y\341<yL\203"
 221      67DCCCFF 
 221      5377224F 
 221      5E781379 
 221      E13C794C 
 222 00bf 428D6F09 		.ascii	"B\215o\011Z)Z\024mF\303q\030\26028\261<8LG\313&z\316"
 222      5A295A14 
 222      6D46C371 
 222      18B03238 
 222      B13C384C 
 223 00d8 A7F75F12 		.ascii	"\247\367_\022\370\026RTY\204\033 \023\355B\011\200x"
 223      F8165254 
 223      59841B20 
 223      13ED4209 
 223      8078
 224 00ea 0237228C 		.ascii	"\0027\"\214\037q#\021\261\311\270\262\213\200x#i^\242"
 224      1F712311 
 224      B1C9B8B2 
 224      8B807823 
 224      695EA2
 225 00fd 83F18F96 		.ascii	"\203\361\217\226\017\351\314\342 ::hI\220e\300_\213"
 225      0FE9CCE2 
 225      203A3A68 
 225      499065C0 
 225      5F8B
 226 010f 24C8A28A 		.ascii	"$\310\242\212/I\3170\340\3450\312p\316\224!R\246\351"
 226      2F49CF30 
 226      E0E530CA 
 226      70CE9421 
 226      52A6E9
 227 0122 1337062E 		.ascii	"\0237\006.K\262\004l\277\274\356{\261\322OquP*\355\324"
 227      4BB2046C 
 227      BFBCEE7B 
 227      B1D24F71 
 227      75502AED 
 228 0137 951979EF 		.ascii	"\225\031y\357\247\301\202\007\022\330\025H\003;\337"
 228      A7C18207 
 228      12D81548 
 228      033BDF
 229 0146 09AD3F22 		.ascii	"\011\255?\"\316\354u\327\361\225\277\267\310\025l/-"
 229      CEEC75D7 
 229      F195BFB7 
 229      C8156C2F 
 229      2D
 230 0157 AC0CDD36 		.ascii	"\254\014\3356A\205\3629\203\271u\341\356\316\020\245"
 230      4185F239 
ARM GAS  C:\Users\unyacat\AppData\Local\Temp\ccMGa8RQ.s 			page 17


 230      83B975E1 
 230      EECE10A5 
 231 0167 5B611814 		.ascii	"[a\030\024\360\203\014\203P\3118\330\025|\266S\372."
 231      F0830C83 
 231      50C938D8 
 231      157CB653 
 231      FA2E
 232 0179 4D9EA696 		.ascii	"M\236\246\2262\002\325vx\332N\340\014T0L\026\005C`\207"
 232      3202D576 
 232      78DA4EE0 
 232      0C54304C 
 232      16054360 
 233 018e 2FC1CEF0 		.ascii	"/\301\316\360WO\366\254YLH\231\343\03401_\342\350h\267"
 233      574FF6AC 
 233      594C4899 
 233      E31C3031 
 233      5FE2E868 
 234 01a3 8C144A14 		.ascii	"\214\024J\0240\341\361\336\325OW\212\361X\252@9\036"
 234      30E1F1DE 
 234      D54F578A 
 234      F158AA40 
 234      391E
 235 01b5 FDE19B77 		.ascii	"\375\341\233w,e'x+m\264\334\004\373\036\203\263\010"
 235      2C652778 
 235      2B6DB4DC 
 235      04FB1E83 
 235      B308
 236 01c7 388A8004 		.ascii	"8\212\200\004\316A\031>G\300$\272\353\013\315<\264n"
 236      CE41193E 
 236      47C024BA 
 236      EB0BCD3C 
 236      B46E
 237 01d9 EBA5BDA3 		.ascii	"\353\245\275\243\364V\342\330\356\276\376c\264\343\035"
 237      F456E2D8 
 237      EEBEFE63 
 237      B4E31D
 238 01e8 4A9FE381 		.ascii	"J\237\343\201\340\323i\373\330d\020\370\002\026Q\305"
 238      E0D369FB 
 238      D86410F8 
 238      021651C5 
 239 01f8 006CC3DC 		.ascii	"\000l\303\334\245K\303?\027\310os\031>\273\351\337!"
 239      A54BC33F 
 239      17C86F73 
 239      193EBBE9 
 239      DF21
 240 020a 602217DF 		.ascii	"`\"\027\337\227\273h\344(\226\2278\310\230\0162f\004"
 240      97BB68E4 
 240      28969738 
 240      C8980E32 
 240      6604
 241 021c 19E7208B 		.ascii	"\031\347 \213\251S=&\271\0038\312\334G\223m6#u\326\263"
 241      A9533D26 
 241      B90338CA 
 241      DC47936D 
 241      362375D6 
 242 0231 CEFD2BCE 		.ascii	"\316\375+\316\375\200F\375d\257\177\320\242\325<;\245"
 242      FD8046FD 
ARM GAS  C:\Users\unyacat\AppData\Local\Temp\ccMGa8RQ.s 			page 18


 242      64AF7FD0 
 242      A2D53C3B 
 242      A5
 243 0242 D7C42808 		.ascii	"\327\304(\010\3525\203\306\232\023\274\346\357\367\257"
 243      EA3583C6 
 243      9A13BCE6 
 243      EFF7AF
 244 0251 FF629507 		.ascii	"\377b\225\007D\315\357\257\015%m\032L\347t\221h\237"
 244      44CDEFAF 
 244      0D256D1A 
 244      4CE77491 
 244      689F
 245 0263 83847490 		.ascii	"\203\204t\220\220\021$\314A\256\007\306\246\013\345"
 245      901124CC 
 245      41AE07C6 
 245      A60BE5
 246 0272 A8001978 		.ascii	"\250\000\031x\370g\222\335\210\003\207$-\033\246\304"
 246      F86792DD 
 246      88038724 
 246      2D1BA6C4 
 247 0282 21A6C4D7 		.ascii	"!\246\304\327\027\013(\362\217\"x2\375G\304&\256O\302"
 247      170B28F2 
 247      8F227832 
 247      FD47C426 
 247      AE4FC2
 248 0295 E37C72E6 		.ascii	"\343|r\346\324\026q}[q\210\272?\211\236\261\200R\301"
 248      D416717D 
 248      5B7188BA 
 248      3F899EB1 
 248      8052C1
 249 02a8 4784B651 		.ascii	"G\204\266Q\305WL \202\032\\D\015\340\022N\211C\233\222"
 249      C5574C20 
 249      821A5C44 
 249      0DE0124E 
 249      89439B92 
 250 02bc 0BE8FC1A 		.ascii	"\013\350\374\032\235\332\270\335\023\343\026E\311\276"
 250      9DDAB8DD 
 250      13E31645 
 250      C9BE
 251 02ca D1993B14 		.ascii	"\321\231;\024m\326\027\036\254\003\237\243hv\216N\377"
 251      6DD6171E 
 251      AC039FA3 
 251      68768E4E 
 251      FF
 252 02db 9A3A5E90 		.ascii	"\232:^\220\365]\006\356lK\256&\254\033\216\317$\277"
 252      F55D06EE 
 252      6C4BAE26 
 252      AC1B8ECF 
 252      24BF
 253 02ed 826F33E3 		.ascii	"\202o3\343\023L-\334-\316\214Ol\317\3129J?\300D\023"
 253      134C2DDC 
 253      2DCE8C4F 
 253      6CCFCA39 
 253      4A3FC044 
 254 0302 8B83F33A 		.ascii	"\213\203\363:\213\363F\375b\\\277\316\345\376%\233|"
 254      8BF346FD 
 254      625CBFCE 
ARM GAS  C:\Users\unyacat\AppData\Local\Temp\ccMGa8RQ.s 			page 19


 254      E5FE259B 
 254      7C
 255 0313 5B48B2DA 		.ascii	"[H\262\3325\353\327p\"\241\331\177\337\345\025\035\346"
 255      35EBD770 
 255      22A1D97F 
 255      DFE5151D 
 255      E6
 256 0324 8A1126CE 		.ascii	"\212\021&\316a~\210\017\0161\345\235\012\377K\261\031"
 256      617E880F 
 256      0E31E59D 
 256      0AFF4BB1 
 256      19
 257 0335 B4770AED 		.ascii	"\264w\012\355\247\226W\357\027\312\355\374g.\005\373"
 257      A79657EF 
 257      17CAEDFC 
 257      672E05FB 
 258 0345 7B52E68C 		.ascii	"{R\346\214\272\330_I\034\325\315\264\007WQ]\247\246"
 258      BAD85F49 
 258      1CD5CDB4 
 258      0757515D 
 258      A7A6
 259 0357 EE143ABF 		.ascii	"\356\024:\277\323\325\375M\250;\203BM\353\204\234\232"
 259      D3D5FD4D 
 259      A83B8342 
 259      4DEB849C 
 259      9A
 260 0368 BA61FF48 		.ascii	"\272a\377H\247\254\264\263\373\332\024(KY\242\335f\371"
 260      A7ACB4B3 
 260      FBDA1428 
 260      4B59A2DD 
 260      66F9
 261 037a 63412B34 		.ascii	"cA+4\261\346/\026\264\362 $6\242\025\351Y{\011\205\002"
 261      B1E62F16 
 261      B4F22024 
 261      36A215E9 
 261      597B0985 
 262 038f 98435AB3 		.ascii	"\230CZ\263:\255k\240\361\012\306\023\343\326\242\017"
 262      3AAD6BA0 
 262      F10AC613 
 262      E3D6A20F 
 263 039f F56679A4 		.ascii	"\365fy\244~\235\363P\304\377\030\331\267\375\371\306"
 263      7E9DF350 
 263      C4FF18D9 
 263      B7FDF9C6 
 264 03af C3AAC7EB 		.ascii	"\303\252\307\353>\344nn\252\337\375Bm}\235\352\255\365"
 264      3EE46E6E 
 264      AADFFD42 
 264      6D7D9DEA 
 264      ADF5
 265 03c1 B80FABAF 		.ascii	"\270\017\253\257\2644\252\005\273^}\275\274\246\252"
 265      B434AA05 
 265      BB5E7DBD 
 265      BCA6AA
 266 03d0 8A985BDD 		.ascii	"\212\230[\335\315\336g\237\334\2456\253\036\227Wm\254"
 266      CDDE679F 
 266      DCA536AB 
 266      1E97576D 
ARM GAS  C:\Users\unyacat\AppData\Local\Temp\ccMGa8RQ.s 			page 20


 266      AC
 267 03e1 AF6B69F5 		.ascii	"\257ki\3654\250\373_\253k\251\331\261\277\341\210\367"
 267      34A8FB5F 
 267      AB6BA9D9 
 267      B1BFE188 
 267      F7
 268 03f2 C841F550 		.ascii	"\310A\365P\345\233\344\251\015\"r\212T6\220Gs\353\276"
 268      E59BE4A9 
 268      0D22728A 
 268      54369047 
 268      73EBBE
 269 0405 E1717BD5 		.ascii	"\341q{\325\322\\\357^\325\325\370x>g\255\313\353\332"
 269      D25CEF5E 
 269      D5D5F878 
 269      3E67ADCB 
 269      EBDA
 270 0417 AB3695E7 		.ascii	"\2536\225\347\241\377r\263W\365xZ\017zY\013\026\306"
 270      A1FF72B3 
 270      57F5785A 
 270      0F7A590B 
 270      16C6
 271 0429 BCEA9927 		.ascii	"\274\352\231'r\343j\336R]\236l$\217\252\336n\366\250"
 271      72E36ADE 
 271      525D9E6C 
 271      248FAADE 
 271      6EF6A8
 272 043c 4DD5DBFF 		.ascii	"M\325\333\377\001'U5t"
 272      01275535 
 272      74
 273              		.text
 274              		.section	.gnu.lto_.symtab.9235b222,"",%progbits
 275 0000 41647665 		.ascii	"Advertising_LED_SetDriveMode\000"
 275      72746973 
 275      696E675F 
 275      4C45445F 
 275      53657444 
 276 001d 00       		.ascii	"\000"
 277 001e 00       		.ascii	"\000"
 278 001f 00       		.ascii	"\000"
 279 0020 00000000 		.ascii	"\000\000\000\000\000\000\000\000"
 279      00000000 
 280 0028 B3000000 		.ascii	"\263\000\000\000"
 281 002c 41647665 		.ascii	"Advertising_LED_Write\000"
 281      72746973 
 281      696E675F 
 281      4C45445F 
 281      57726974 
 282 0042 00       		.ascii	"\000"
 283 0043 00       		.ascii	"\000"
 284 0044 00       		.ascii	"\000"
 285 0045 00000000 		.ascii	"\000\000\000\000\000\000\000\000"
 285      00000000 
 286 004d B5000000 		.ascii	"\265\000\000\000"
 287 0051 41647665 		.ascii	"Advertising_LED_Read\000"
 287      72746973 
 287      696E675F 
 287      4C45445F 
ARM GAS  C:\Users\unyacat\AppData\Local\Temp\ccMGa8RQ.s 			page 21


 287      52656164 
 288 0066 00       		.ascii	"\000"
 289 0067 00       		.ascii	"\000"
 290 0068 00       		.ascii	"\000"
 291 0069 00000000 		.ascii	"\000\000\000\000\000\000\000\000"
 291      00000000 
 292 0071 B8000000 		.ascii	"\270\000\000\000"
 293 0075 41647665 		.ascii	"Advertising_LED_ReadDataReg\000"
 293      72746973 
 293      696E675F 
 293      4C45445F 
 293      52656164 
 294 0091 00       		.ascii	"\000"
 295 0092 00       		.ascii	"\000"
 296 0093 00       		.ascii	"\000"
 297 0094 00000000 		.ascii	"\000\000\000\000\000\000\000\000"
 297      00000000 
 298 009c BA000000 		.ascii	"\272\000\000\000"
 299 00a0 41647665 		.ascii	"Advertising_LED_SetInterruptMode\000"
 299      72746973 
 299      696E675F 
 299      4C45445F 
 299      53657449 
 300 00c1 00       		.ascii	"\000"
 301 00c2 00       		.ascii	"\000"
 302 00c3 00       		.ascii	"\000"
 303 00c4 00000000 		.ascii	"\000\000\000\000\000\000\000\000"
 303      00000000 
 304 00cc C6000000 		.ascii	"\306\000\000\000"
 305 00d0 41647665 		.ascii	"Advertising_LED_ClearInterrupt\000"
 305      72746973 
 305      696E675F 
 305      4C45445F 
 305      436C6561 
 306 00ef 00       		.ascii	"\000"
 307 00f0 00       		.ascii	"\000"
 308 00f1 00       		.ascii	"\000"
 309 00f2 00000000 		.ascii	"\000\000\000\000\000\000\000\000"
 309      00000000 
 310 00fa C8000000 		.ascii	"\310\000\000\000"
 311              		.text
 312              		.section	.gnu.lto_.opts,"",%progbits
 313 0000 272D666D 		.ascii	"'-fmath-errno' '-fsigned-zeros' '-ftrapping-math' '"
 313      6174682D 
 313      6572726E 
 313      6F272027 
 313      2D667369 
 314 0033 2D666E6F 		.ascii	"-fno-trapv' '-fno-openmp' '-fno-openacc' '-mcpu=cor"
 314      2D747261 
 314      70762720 
 314      272D666E 
 314      6F2D6F70 
 315 0066 7465782D 		.ascii	"tex-m0' '-mthumb' '-g' '-O3' '-ffunction-sections' "
 315      6D302720 
 315      272D6D74 
 315      68756D62 
 315      2720272D 
ARM GAS  C:\Users\unyacat\AppData\Local\Temp\ccMGa8RQ.s 			page 22


 316 0099 272D6666 		.ascii	"'-ffat-lto-objects' '-finline-functions' '-flto'\000"
 316      61742D6C 
 316      746F2D6F 
 316      626A6563 
 316      74732720 
 317              		.text
 318              		.cfi_sections	.debug_frame
 319              		.section	.text.Advertising_LED_SetDriveMode,"ax",%progbits
 320              		.align	2
 321              		.global	Advertising_LED_SetDriveMode
 322              		.code	16
 323              		.thumb_func
 324              		.type	Advertising_LED_SetDriveMode, %function
 325              	Advertising_LED_SetDriveMode:
 326              	.LFB0:
 327              		.file 1 "Generated_Source\\PSoC4\\Advertising_LED.c"
   1:Generated_Source\PSoC4/Advertising_LED.c **** /*******************************************************************************
   2:Generated_Source\PSoC4/Advertising_LED.c **** * File Name: Advertising_LED.c  
   3:Generated_Source\PSoC4/Advertising_LED.c **** * Version 2.20
   4:Generated_Source\PSoC4/Advertising_LED.c **** *
   5:Generated_Source\PSoC4/Advertising_LED.c **** * Description:
   6:Generated_Source\PSoC4/Advertising_LED.c **** *  This file contains API to enable firmware control of a Pins component.
   7:Generated_Source\PSoC4/Advertising_LED.c **** *
   8:Generated_Source\PSoC4/Advertising_LED.c **** ********************************************************************************
   9:Generated_Source\PSoC4/Advertising_LED.c **** * Copyright 2008-2015, Cypress Semiconductor Corporation.  All rights reserved.
  10:Generated_Source\PSoC4/Advertising_LED.c **** * You may use this file only in accordance with the license, terms, conditions, 
  11:Generated_Source\PSoC4/Advertising_LED.c **** * disclaimers, and limitations in the end user license agreement accompanying 
  12:Generated_Source\PSoC4/Advertising_LED.c **** * the software package with which this file was provided.
  13:Generated_Source\PSoC4/Advertising_LED.c **** *******************************************************************************/
  14:Generated_Source\PSoC4/Advertising_LED.c **** 
  15:Generated_Source\PSoC4/Advertising_LED.c **** #include "cytypes.h"
  16:Generated_Source\PSoC4/Advertising_LED.c **** #include "Advertising_LED.h"
  17:Generated_Source\PSoC4/Advertising_LED.c **** 
  18:Generated_Source\PSoC4/Advertising_LED.c **** 
  19:Generated_Source\PSoC4/Advertising_LED.c **** #if defined(Advertising_LED__PC)
  20:Generated_Source\PSoC4/Advertising_LED.c ****     #define Advertising_LED_SetP4PinDriveMode(shift, mode)  \
  21:Generated_Source\PSoC4/Advertising_LED.c ****     do { \
  22:Generated_Source\PSoC4/Advertising_LED.c ****         Advertising_LED_PC =   (Advertising_LED_PC & \
  23:Generated_Source\PSoC4/Advertising_LED.c ****                                 (uint32)(~(uint32)(Advertising_LED_DRIVE_MODE_IND_MASK << \
  24:Generated_Source\PSoC4/Advertising_LED.c ****                                 (Advertising_LED_DRIVE_MODE_BITS * (shift))))) | \
  25:Generated_Source\PSoC4/Advertising_LED.c ****                                 (uint32)((uint32)(mode) << \
  26:Generated_Source\PSoC4/Advertising_LED.c ****                                 (Advertising_LED_DRIVE_MODE_BITS * (shift))); \
  27:Generated_Source\PSoC4/Advertising_LED.c ****     } while (0)
  28:Generated_Source\PSoC4/Advertising_LED.c **** #else
  29:Generated_Source\PSoC4/Advertising_LED.c ****     #if (CY_PSOC4_4200L)
  30:Generated_Source\PSoC4/Advertising_LED.c ****         #define Advertising_LED_SetP4PinDriveMode(shift, mode)  \
  31:Generated_Source\PSoC4/Advertising_LED.c ****         do { \
  32:Generated_Source\PSoC4/Advertising_LED.c ****             Advertising_LED_USBIO_CTRL_REG = (Advertising_LED_USBIO_CTRL_REG & \
  33:Generated_Source\PSoC4/Advertising_LED.c ****                                     (uint32)(~(uint32)(Advertising_LED_DRIVE_MODE_IND_MASK << \
  34:Generated_Source\PSoC4/Advertising_LED.c ****                                     (Advertising_LED_DRIVE_MODE_BITS * (shift))))) | \
  35:Generated_Source\PSoC4/Advertising_LED.c ****                                     (uint32)((uint32)(mode) << \
  36:Generated_Source\PSoC4/Advertising_LED.c ****                                     (Advertising_LED_DRIVE_MODE_BITS * (shift))); \
  37:Generated_Source\PSoC4/Advertising_LED.c ****         } while (0)
  38:Generated_Source\PSoC4/Advertising_LED.c ****     #endif
  39:Generated_Source\PSoC4/Advertising_LED.c **** #endif
  40:Generated_Source\PSoC4/Advertising_LED.c ****   
  41:Generated_Source\PSoC4/Advertising_LED.c **** 
ARM GAS  C:\Users\unyacat\AppData\Local\Temp\ccMGa8RQ.s 			page 23


  42:Generated_Source\PSoC4/Advertising_LED.c **** #if defined(Advertising_LED__PC) || (CY_PSOC4_4200L) 
  43:Generated_Source\PSoC4/Advertising_LED.c ****     /*******************************************************************************
  44:Generated_Source\PSoC4/Advertising_LED.c ****     * Function Name: Advertising_LED_SetDriveMode
  45:Generated_Source\PSoC4/Advertising_LED.c ****     ****************************************************************************//**
  46:Generated_Source\PSoC4/Advertising_LED.c ****     *
  47:Generated_Source\PSoC4/Advertising_LED.c ****     * \brief Sets the drive mode for each of the Pins component's pins.
  48:Generated_Source\PSoC4/Advertising_LED.c ****     * 
  49:Generated_Source\PSoC4/Advertising_LED.c ****     * <b>Note</b> This affects all pins in the Pins component instance. Use the
  50:Generated_Source\PSoC4/Advertising_LED.c ****     * Per-Pin APIs if you wish to control individual pin's drive modes.
  51:Generated_Source\PSoC4/Advertising_LED.c ****     *
  52:Generated_Source\PSoC4/Advertising_LED.c ****     * <b>Note</b> USBIOs have limited drive functionality. Refer to the Drive Mode
  53:Generated_Source\PSoC4/Advertising_LED.c ****     * parameter for more information.
  54:Generated_Source\PSoC4/Advertising_LED.c ****     *
  55:Generated_Source\PSoC4/Advertising_LED.c ****     * \param mode
  56:Generated_Source\PSoC4/Advertising_LED.c ****     *  Mode for the selected signals. Valid options are documented in 
  57:Generated_Source\PSoC4/Advertising_LED.c ****     *  \ref driveMode.
  58:Generated_Source\PSoC4/Advertising_LED.c ****     *
  59:Generated_Source\PSoC4/Advertising_LED.c ****     * \return
  60:Generated_Source\PSoC4/Advertising_LED.c ****     *  None
  61:Generated_Source\PSoC4/Advertising_LED.c ****     *
  62:Generated_Source\PSoC4/Advertising_LED.c ****     * \sideeffect
  63:Generated_Source\PSoC4/Advertising_LED.c ****     *  If you use read-modify-write operations that are not atomic, the ISR can
  64:Generated_Source\PSoC4/Advertising_LED.c ****     *  cause corruption of this function. An ISR that interrupts this function 
  65:Generated_Source\PSoC4/Advertising_LED.c ****     *  and performs writes to the Pins component Drive Mode registers can cause 
  66:Generated_Source\PSoC4/Advertising_LED.c ****     *  corrupted port data. To avoid this issue, you should either use the Per-Pin
  67:Generated_Source\PSoC4/Advertising_LED.c ****     *  APIs (primary method) or disable interrupts around this function.
  68:Generated_Source\PSoC4/Advertising_LED.c ****     *
  69:Generated_Source\PSoC4/Advertising_LED.c ****     * \funcusage
  70:Generated_Source\PSoC4/Advertising_LED.c ****     *  \snippet Advertising_LED_SUT.c usage_Advertising_LED_SetDriveMode
  71:Generated_Source\PSoC4/Advertising_LED.c ****     *******************************************************************************/
  72:Generated_Source\PSoC4/Advertising_LED.c ****     void Advertising_LED_SetDriveMode(uint8 mode)
  73:Generated_Source\PSoC4/Advertising_LED.c ****     {
 328              		.loc 1 73 0
 329              		.cfi_startproc
 330              		@ args = 0, pretend = 0, frame = 0
 331              		@ frame_needed = 0, uses_anonymous_args = 0
 332              		@ link register save eliminated.
 333              	.LVL0:
  74:Generated_Source\PSoC4/Advertising_LED.c **** 		Advertising_LED_SetP4PinDriveMode(Advertising_LED__0__SHIFT, mode);
 334              		.loc 1 74 0
 335 0000 034A     		ldr	r2, .L2
 336 0002 044B     		ldr	r3, .L2+4
 337 0004 1168     		ldr	r1, [r2]
 338 0006 8004     		lsls	r0, r0, #18
 339              	.LVL1:
 340 0008 0B40     		ands	r3, r1
 341 000a 1843     		orrs	r0, r3
 342 000c 1060     		str	r0, [r2]
  75:Generated_Source\PSoC4/Advertising_LED.c ****     }
 343              		.loc 1 75 0
 344              		@ sp needed
 345 000e 7047     		bx	lr
 346              	.L3:
 347              		.align	2
 348              	.L2:
 349 0010 08030440 		.word	1074004744
 350 0014 FFFFE3FF 		.word	-1835009
ARM GAS  C:\Users\unyacat\AppData\Local\Temp\ccMGa8RQ.s 			page 24


 351              		.cfi_endproc
 352              	.LFE0:
 353              		.size	Advertising_LED_SetDriveMode, .-Advertising_LED_SetDriveMode
 354              		.section	.text.Advertising_LED_Write,"ax",%progbits
 355              		.align	2
 356              		.global	Advertising_LED_Write
 357              		.code	16
 358              		.thumb_func
 359              		.type	Advertising_LED_Write, %function
 360              	Advertising_LED_Write:
 361              	.LFB1:
  76:Generated_Source\PSoC4/Advertising_LED.c **** #endif
  77:Generated_Source\PSoC4/Advertising_LED.c **** 
  78:Generated_Source\PSoC4/Advertising_LED.c **** 
  79:Generated_Source\PSoC4/Advertising_LED.c **** /*******************************************************************************
  80:Generated_Source\PSoC4/Advertising_LED.c **** * Function Name: Advertising_LED_Write
  81:Generated_Source\PSoC4/Advertising_LED.c **** ****************************************************************************//**
  82:Generated_Source\PSoC4/Advertising_LED.c **** *
  83:Generated_Source\PSoC4/Advertising_LED.c **** * \brief Writes the value to the physical port (data output register), masking
  84:Generated_Source\PSoC4/Advertising_LED.c **** *  and shifting the bits appropriately. 
  85:Generated_Source\PSoC4/Advertising_LED.c **** *
  86:Generated_Source\PSoC4/Advertising_LED.c **** * The data output register controls the signal applied to the physical pin in 
  87:Generated_Source\PSoC4/Advertising_LED.c **** * conjunction with the drive mode parameter. This function avoids changing 
  88:Generated_Source\PSoC4/Advertising_LED.c **** * other bits in the port by using the appropriate method (read-modify-write or
  89:Generated_Source\PSoC4/Advertising_LED.c **** * bit banding).
  90:Generated_Source\PSoC4/Advertising_LED.c **** *
  91:Generated_Source\PSoC4/Advertising_LED.c **** * <b>Note</b> This function should not be used on a hardware digital output pin 
  92:Generated_Source\PSoC4/Advertising_LED.c **** * as it is driven by the hardware signal attached to it.
  93:Generated_Source\PSoC4/Advertising_LED.c **** *
  94:Generated_Source\PSoC4/Advertising_LED.c **** * \param value
  95:Generated_Source\PSoC4/Advertising_LED.c **** *  Value to write to the component instance.
  96:Generated_Source\PSoC4/Advertising_LED.c **** *
  97:Generated_Source\PSoC4/Advertising_LED.c **** * \return 
  98:Generated_Source\PSoC4/Advertising_LED.c **** *  None 
  99:Generated_Source\PSoC4/Advertising_LED.c **** *
 100:Generated_Source\PSoC4/Advertising_LED.c **** * \sideeffect
 101:Generated_Source\PSoC4/Advertising_LED.c **** *  If you use read-modify-write operations that are not atomic; the Interrupt 
 102:Generated_Source\PSoC4/Advertising_LED.c **** *  Service Routines (ISR) can cause corruption of this function. An ISR that 
 103:Generated_Source\PSoC4/Advertising_LED.c **** *  interrupts this function and performs writes to the Pins component data 
 104:Generated_Source\PSoC4/Advertising_LED.c **** *  register can cause corrupted port data. To avoid this issue, you should 
 105:Generated_Source\PSoC4/Advertising_LED.c **** *  either use the Per-Pin APIs (primary method) or disable interrupts around 
 106:Generated_Source\PSoC4/Advertising_LED.c **** *  this function.
 107:Generated_Source\PSoC4/Advertising_LED.c **** *
 108:Generated_Source\PSoC4/Advertising_LED.c **** * \funcusage
 109:Generated_Source\PSoC4/Advertising_LED.c **** *  \snippet Advertising_LED_SUT.c usage_Advertising_LED_Write
 110:Generated_Source\PSoC4/Advertising_LED.c **** *******************************************************************************/
 111:Generated_Source\PSoC4/Advertising_LED.c **** void Advertising_LED_Write(uint8 value)
 112:Generated_Source\PSoC4/Advertising_LED.c **** {
 362              		.loc 1 112 0
 363              		.cfi_startproc
 364              		@ args = 0, pretend = 0, frame = 0
 365              		@ frame_needed = 0, uses_anonymous_args = 0
 366              		@ link register save eliminated.
 367              	.LVL2:
 368              		.loc 1 112 0
 369 0000 0300     		movs	r3, r0
 113:Generated_Source\PSoC4/Advertising_LED.c ****     uint8 drVal = (uint8)(Advertising_LED_DR & (uint8)(~Advertising_LED_MASK));
ARM GAS  C:\Users\unyacat\AppData\Local\Temp\ccMGa8RQ.s 			page 25


 370              		.loc 1 113 0
 371 0002 4020     		movs	r0, #64
 372              	.LVL3:
 373 0004 0449     		ldr	r1, .L5
 114:Generated_Source\PSoC4/Advertising_LED.c ****     drVal = (drVal | ((uint8)(value << Advertising_LED_SHIFT) & Advertising_LED_MASK));
 115:Generated_Source\PSoC4/Advertising_LED.c ****     Advertising_LED_DR = (uint32)drVal;
 374              		.loc 1 115 0
 375 0006 9B01     		lsls	r3, r3, #6
 113:Generated_Source\PSoC4/Advertising_LED.c ****     uint8 drVal = (uint8)(Advertising_LED_DR & (uint8)(~Advertising_LED_MASK));
 376              		.loc 1 113 0
 377 0008 0A68     		ldr	r2, [r1]
 116:Generated_Source\PSoC4/Advertising_LED.c **** }
 378              		.loc 1 116 0
 379              		@ sp needed
 113:Generated_Source\PSoC4/Advertising_LED.c ****     uint8 drVal = (uint8)(Advertising_LED_DR & (uint8)(~Advertising_LED_MASK));
 380              		.loc 1 113 0
 381 000a 8243     		bics	r2, r0
 382 000c D2B2     		uxtb	r2, r2
 115:Generated_Source\PSoC4/Advertising_LED.c **** }
 383              		.loc 1 115 0
 384 000e 1840     		ands	r0, r3
 385 0010 1043     		orrs	r0, r2
 386 0012 0860     		str	r0, [r1]
 387              		.loc 1 116 0
 388 0014 7047     		bx	lr
 389              	.L6:
 390 0016 C046     		.align	2
 391              	.L5:
 392 0018 00030440 		.word	1074004736
 393              		.cfi_endproc
 394              	.LFE1:
 395              		.size	Advertising_LED_Write, .-Advertising_LED_Write
 396              		.section	.text.Advertising_LED_Read,"ax",%progbits
 397              		.align	2
 398              		.global	Advertising_LED_Read
 399              		.code	16
 400              		.thumb_func
 401              		.type	Advertising_LED_Read, %function
 402              	Advertising_LED_Read:
 403              	.LFB2:
 117:Generated_Source\PSoC4/Advertising_LED.c **** 
 118:Generated_Source\PSoC4/Advertising_LED.c **** 
 119:Generated_Source\PSoC4/Advertising_LED.c **** /*******************************************************************************
 120:Generated_Source\PSoC4/Advertising_LED.c **** * Function Name: Advertising_LED_Read
 121:Generated_Source\PSoC4/Advertising_LED.c **** ****************************************************************************//**
 122:Generated_Source\PSoC4/Advertising_LED.c **** *
 123:Generated_Source\PSoC4/Advertising_LED.c **** * \brief Reads the associated physical port (pin status register) and masks 
 124:Generated_Source\PSoC4/Advertising_LED.c **** *  the required bits according to the width and bit position of the component
 125:Generated_Source\PSoC4/Advertising_LED.c **** *  instance. 
 126:Generated_Source\PSoC4/Advertising_LED.c **** *
 127:Generated_Source\PSoC4/Advertising_LED.c **** * The pin's status register returns the current logic level present on the 
 128:Generated_Source\PSoC4/Advertising_LED.c **** * physical pin.
 129:Generated_Source\PSoC4/Advertising_LED.c **** *
 130:Generated_Source\PSoC4/Advertising_LED.c **** * \return 
 131:Generated_Source\PSoC4/Advertising_LED.c **** *  The current value for the pins in the component as a right justified number.
 132:Generated_Source\PSoC4/Advertising_LED.c **** *
 133:Generated_Source\PSoC4/Advertising_LED.c **** * \funcusage
ARM GAS  C:\Users\unyacat\AppData\Local\Temp\ccMGa8RQ.s 			page 26


 134:Generated_Source\PSoC4/Advertising_LED.c **** *  \snippet Advertising_LED_SUT.c usage_Advertising_LED_Read  
 135:Generated_Source\PSoC4/Advertising_LED.c **** *******************************************************************************/
 136:Generated_Source\PSoC4/Advertising_LED.c **** uint8 Advertising_LED_Read(void)
 137:Generated_Source\PSoC4/Advertising_LED.c **** {
 404              		.loc 1 137 0
 405              		.cfi_startproc
 406              		@ args = 0, pretend = 0, frame = 0
 407              		@ frame_needed = 0, uses_anonymous_args = 0
 408              		@ link register save eliminated.
 138:Generated_Source\PSoC4/Advertising_LED.c ****     return (uint8)((Advertising_LED_PS & Advertising_LED_MASK) >> Advertising_LED_SHIFT);
 409              		.loc 1 138 0
 410 0000 024B     		ldr	r3, .L8
 139:Generated_Source\PSoC4/Advertising_LED.c **** }
 411              		.loc 1 139 0
 412              		@ sp needed
 138:Generated_Source\PSoC4/Advertising_LED.c ****     return (uint8)((Advertising_LED_PS & Advertising_LED_MASK) >> Advertising_LED_SHIFT);
 413              		.loc 1 138 0
 414 0002 1868     		ldr	r0, [r3]
 415 0004 4006     		lsls	r0, r0, #25
 416 0006 C00F     		lsrs	r0, r0, #31
 417              		.loc 1 139 0
 418 0008 7047     		bx	lr
 419              	.L9:
 420 000a C046     		.align	2
 421              	.L8:
 422 000c 04030440 		.word	1074004740
 423              		.cfi_endproc
 424              	.LFE2:
 425              		.size	Advertising_LED_Read, .-Advertising_LED_Read
 426              		.section	.text.Advertising_LED_ReadDataReg,"ax",%progbits
 427              		.align	2
 428              		.global	Advertising_LED_ReadDataReg
 429              		.code	16
 430              		.thumb_func
 431              		.type	Advertising_LED_ReadDataReg, %function
 432              	Advertising_LED_ReadDataReg:
 433              	.LFB3:
 140:Generated_Source\PSoC4/Advertising_LED.c **** 
 141:Generated_Source\PSoC4/Advertising_LED.c **** 
 142:Generated_Source\PSoC4/Advertising_LED.c **** /*******************************************************************************
 143:Generated_Source\PSoC4/Advertising_LED.c **** * Function Name: Advertising_LED_ReadDataReg
 144:Generated_Source\PSoC4/Advertising_LED.c **** ****************************************************************************//**
 145:Generated_Source\PSoC4/Advertising_LED.c **** *
 146:Generated_Source\PSoC4/Advertising_LED.c **** * \brief Reads the associated physical port's data output register and masks 
 147:Generated_Source\PSoC4/Advertising_LED.c **** *  the correct bits according to the width and bit position of the component 
 148:Generated_Source\PSoC4/Advertising_LED.c **** *  instance. 
 149:Generated_Source\PSoC4/Advertising_LED.c **** *
 150:Generated_Source\PSoC4/Advertising_LED.c **** * The data output register controls the signal applied to the physical pin in 
 151:Generated_Source\PSoC4/Advertising_LED.c **** * conjunction with the drive mode parameter. This is not the same as the 
 152:Generated_Source\PSoC4/Advertising_LED.c **** * preferred Advertising_LED_Read() API because the 
 153:Generated_Source\PSoC4/Advertising_LED.c **** * Advertising_LED_ReadDataReg() reads the data register instead of the status 
 154:Generated_Source\PSoC4/Advertising_LED.c **** * register. For output pins this is a useful function to determine the value 
 155:Generated_Source\PSoC4/Advertising_LED.c **** * just written to the pin.
 156:Generated_Source\PSoC4/Advertising_LED.c **** *
 157:Generated_Source\PSoC4/Advertising_LED.c **** * \return 
 158:Generated_Source\PSoC4/Advertising_LED.c **** *  The current value of the data register masked and shifted into a right 
 159:Generated_Source\PSoC4/Advertising_LED.c **** *  justified number for the component instance.
ARM GAS  C:\Users\unyacat\AppData\Local\Temp\ccMGa8RQ.s 			page 27


 160:Generated_Source\PSoC4/Advertising_LED.c **** *
 161:Generated_Source\PSoC4/Advertising_LED.c **** * \funcusage
 162:Generated_Source\PSoC4/Advertising_LED.c **** *  \snippet Advertising_LED_SUT.c usage_Advertising_LED_ReadDataReg 
 163:Generated_Source\PSoC4/Advertising_LED.c **** *******************************************************************************/
 164:Generated_Source\PSoC4/Advertising_LED.c **** uint8 Advertising_LED_ReadDataReg(void)
 165:Generated_Source\PSoC4/Advertising_LED.c **** {
 434              		.loc 1 165 0
 435              		.cfi_startproc
 436              		@ args = 0, pretend = 0, frame = 0
 437              		@ frame_needed = 0, uses_anonymous_args = 0
 438              		@ link register save eliminated.
 166:Generated_Source\PSoC4/Advertising_LED.c ****     return (uint8)((Advertising_LED_DR & Advertising_LED_MASK) >> Advertising_LED_SHIFT);
 439              		.loc 1 166 0
 440 0000 024B     		ldr	r3, .L11
 167:Generated_Source\PSoC4/Advertising_LED.c **** }
 441              		.loc 1 167 0
 442              		@ sp needed
 166:Generated_Source\PSoC4/Advertising_LED.c ****     return (uint8)((Advertising_LED_DR & Advertising_LED_MASK) >> Advertising_LED_SHIFT);
 443              		.loc 1 166 0
 444 0002 1868     		ldr	r0, [r3]
 445 0004 4006     		lsls	r0, r0, #25
 446 0006 C00F     		lsrs	r0, r0, #31
 447              		.loc 1 167 0
 448 0008 7047     		bx	lr
 449              	.L12:
 450 000a C046     		.align	2
 451              	.L11:
 452 000c 00030440 		.word	1074004736
 453              		.cfi_endproc
 454              	.LFE3:
 455              		.size	Advertising_LED_ReadDataReg, .-Advertising_LED_ReadDataReg
 456              		.section	.text.Advertising_LED_SetInterruptMode,"ax",%progbits
 457              		.align	2
 458              		.global	Advertising_LED_SetInterruptMode
 459              		.code	16
 460              		.thumb_func
 461              		.type	Advertising_LED_SetInterruptMode, %function
 462              	Advertising_LED_SetInterruptMode:
 463              	.LFB4:
 168:Generated_Source\PSoC4/Advertising_LED.c **** 
 169:Generated_Source\PSoC4/Advertising_LED.c **** 
 170:Generated_Source\PSoC4/Advertising_LED.c **** /*******************************************************************************
 171:Generated_Source\PSoC4/Advertising_LED.c **** * Function Name: Advertising_LED_SetInterruptMode
 172:Generated_Source\PSoC4/Advertising_LED.c **** ****************************************************************************//**
 173:Generated_Source\PSoC4/Advertising_LED.c **** *
 174:Generated_Source\PSoC4/Advertising_LED.c **** * \brief Configures the interrupt mode for each of the Pins component's
 175:Generated_Source\PSoC4/Advertising_LED.c **** *  pins. Alternatively you may set the interrupt mode for all the pins
 176:Generated_Source\PSoC4/Advertising_LED.c **** *  specified in the Pins component.
 177:Generated_Source\PSoC4/Advertising_LED.c **** *
 178:Generated_Source\PSoC4/Advertising_LED.c **** *  <b>Note</b> The interrupt is port-wide and therefore any enabled pin
 179:Generated_Source\PSoC4/Advertising_LED.c **** *  interrupt may trigger it.
 180:Generated_Source\PSoC4/Advertising_LED.c **** *
 181:Generated_Source\PSoC4/Advertising_LED.c **** * \param position
 182:Generated_Source\PSoC4/Advertising_LED.c **** *  The pin position as listed in the Pins component. You may OR these to be 
 183:Generated_Source\PSoC4/Advertising_LED.c **** *  able to configure the interrupt mode of multiple pins within a Pins 
 184:Generated_Source\PSoC4/Advertising_LED.c **** *  component. Or you may use Advertising_LED_INTR_ALL to configure the
 185:Generated_Source\PSoC4/Advertising_LED.c **** *  interrupt mode of all the pins in the Pins component.       
ARM GAS  C:\Users\unyacat\AppData\Local\Temp\ccMGa8RQ.s 			page 28


 186:Generated_Source\PSoC4/Advertising_LED.c **** *  - Advertising_LED_0_INTR       (First pin in the list)
 187:Generated_Source\PSoC4/Advertising_LED.c **** *  - Advertising_LED_1_INTR       (Second pin in the list)
 188:Generated_Source\PSoC4/Advertising_LED.c **** *  - ...
 189:Generated_Source\PSoC4/Advertising_LED.c **** *  - Advertising_LED_INTR_ALL     (All pins in Pins component)
 190:Generated_Source\PSoC4/Advertising_LED.c **** *
 191:Generated_Source\PSoC4/Advertising_LED.c **** * \param mode
 192:Generated_Source\PSoC4/Advertising_LED.c **** *  Interrupt mode for the selected pins. Valid options are documented in
 193:Generated_Source\PSoC4/Advertising_LED.c **** *  \ref intrMode.
 194:Generated_Source\PSoC4/Advertising_LED.c **** *
 195:Generated_Source\PSoC4/Advertising_LED.c **** * \return 
 196:Generated_Source\PSoC4/Advertising_LED.c **** *  None
 197:Generated_Source\PSoC4/Advertising_LED.c **** *  
 198:Generated_Source\PSoC4/Advertising_LED.c **** * \sideeffect
 199:Generated_Source\PSoC4/Advertising_LED.c **** *  It is recommended that the interrupt be disabled before calling this 
 200:Generated_Source\PSoC4/Advertising_LED.c **** *  function to avoid unintended interrupt requests. Note that the interrupt
 201:Generated_Source\PSoC4/Advertising_LED.c **** *  type is port wide, and therefore will trigger for any enabled pin on the 
 202:Generated_Source\PSoC4/Advertising_LED.c **** *  port.
 203:Generated_Source\PSoC4/Advertising_LED.c **** *
 204:Generated_Source\PSoC4/Advertising_LED.c **** * \funcusage
 205:Generated_Source\PSoC4/Advertising_LED.c **** *  \snippet Advertising_LED_SUT.c usage_Advertising_LED_SetInterruptMode
 206:Generated_Source\PSoC4/Advertising_LED.c **** *******************************************************************************/
 207:Generated_Source\PSoC4/Advertising_LED.c **** void Advertising_LED_SetInterruptMode(uint16 position, uint16 mode)
 208:Generated_Source\PSoC4/Advertising_LED.c **** {
 464              		.loc 1 208 0
 465              		.cfi_startproc
 466              		@ args = 0, pretend = 0, frame = 0
 467              		@ frame_needed = 0, uses_anonymous_args = 0
 468              		@ link register save eliminated.
 469              	.LVL4:
 209:Generated_Source\PSoC4/Advertising_LED.c ****     uint32 intrCfg;
 210:Generated_Source\PSoC4/Advertising_LED.c ****     
 211:Generated_Source\PSoC4/Advertising_LED.c ****     intrCfg =  Advertising_LED_INTCFG & (uint32)(~(uint32)position);
 470              		.loc 1 211 0
 471 0000 034A     		ldr	r2, .L14
 212:Generated_Source\PSoC4/Advertising_LED.c ****     Advertising_LED_INTCFG = intrCfg | ((uint32)position & (uint32)mode);
 213:Generated_Source\PSoC4/Advertising_LED.c **** }
 472              		.loc 1 213 0
 473              		@ sp needed
 211:Generated_Source\PSoC4/Advertising_LED.c ****     Advertising_LED_INTCFG = intrCfg | ((uint32)position & (uint32)mode);
 474              		.loc 1 211 0
 475 0002 1368     		ldr	r3, [r2]
 476              	.LVL5:
 212:Generated_Source\PSoC4/Advertising_LED.c ****     Advertising_LED_INTCFG = intrCfg | ((uint32)position & (uint32)mode);
 477              		.loc 1 212 0
 478 0004 8343     		bics	r3, r0
 479              	.LVL6:
 480 0006 0840     		ands	r0, r1
 481              	.LVL7:
 482 0008 1843     		orrs	r0, r3
 483 000a 1060     		str	r0, [r2]
 484              		.loc 1 213 0
 485 000c 7047     		bx	lr
 486              	.L15:
 487 000e C046     		.align	2
 488              	.L14:
 489 0010 0C030440 		.word	1074004748
 490              		.cfi_endproc
ARM GAS  C:\Users\unyacat\AppData\Local\Temp\ccMGa8RQ.s 			page 29


 491              	.LFE4:
 492              		.size	Advertising_LED_SetInterruptMode, .-Advertising_LED_SetInterruptMode
 493              		.section	.text.Advertising_LED_ClearInterrupt,"ax",%progbits
 494              		.align	2
 495              		.global	Advertising_LED_ClearInterrupt
 496              		.code	16
 497              		.thumb_func
 498              		.type	Advertising_LED_ClearInterrupt, %function
 499              	Advertising_LED_ClearInterrupt:
 500              	.LFB5:
 214:Generated_Source\PSoC4/Advertising_LED.c **** 
 215:Generated_Source\PSoC4/Advertising_LED.c **** 
 216:Generated_Source\PSoC4/Advertising_LED.c **** /*******************************************************************************
 217:Generated_Source\PSoC4/Advertising_LED.c **** * Function Name: Advertising_LED_ClearInterrupt
 218:Generated_Source\PSoC4/Advertising_LED.c **** ****************************************************************************//**
 219:Generated_Source\PSoC4/Advertising_LED.c **** *
 220:Generated_Source\PSoC4/Advertising_LED.c **** * \brief Clears any active interrupts attached with the component and returns 
 221:Generated_Source\PSoC4/Advertising_LED.c **** *  the value of the interrupt status register allowing determination of which
 222:Generated_Source\PSoC4/Advertising_LED.c **** *  pins generated an interrupt event.
 223:Generated_Source\PSoC4/Advertising_LED.c **** *
 224:Generated_Source\PSoC4/Advertising_LED.c **** * \return 
 225:Generated_Source\PSoC4/Advertising_LED.c **** *  The right-shifted current value of the interrupt status register. Each pin 
 226:Generated_Source\PSoC4/Advertising_LED.c **** *  has one bit set if it generated an interrupt event. For example, bit 0 is 
 227:Generated_Source\PSoC4/Advertising_LED.c **** *  for pin 0 and bit 1 is for pin 1 of the Pins component.
 228:Generated_Source\PSoC4/Advertising_LED.c **** *  
 229:Generated_Source\PSoC4/Advertising_LED.c **** * \sideeffect
 230:Generated_Source\PSoC4/Advertising_LED.c **** *  Clears all bits of the physical port's interrupt status register, not just
 231:Generated_Source\PSoC4/Advertising_LED.c **** *  those associated with the Pins component.
 232:Generated_Source\PSoC4/Advertising_LED.c **** *
 233:Generated_Source\PSoC4/Advertising_LED.c **** * \funcusage
 234:Generated_Source\PSoC4/Advertising_LED.c **** *  \snippet Advertising_LED_SUT.c usage_Advertising_LED_ClearInterrupt
 235:Generated_Source\PSoC4/Advertising_LED.c **** *******************************************************************************/
 236:Generated_Source\PSoC4/Advertising_LED.c **** uint8 Advertising_LED_ClearInterrupt(void)
 237:Generated_Source\PSoC4/Advertising_LED.c **** {
 501              		.loc 1 237 0
 502              		.cfi_startproc
 503              		@ args = 0, pretend = 0, frame = 0
 504              		@ frame_needed = 0, uses_anonymous_args = 0
 505              		@ link register save eliminated.
 238:Generated_Source\PSoC4/Advertising_LED.c **** 	uint8 maskedStatus = (uint8)(Advertising_LED_INTSTAT & Advertising_LED_MASK);
 506              		.loc 1 238 0
 507 0000 4020     		movs	r0, #64
 508 0002 034A     		ldr	r2, .L17
 239:Generated_Source\PSoC4/Advertising_LED.c **** 	Advertising_LED_INTSTAT = maskedStatus;
 240:Generated_Source\PSoC4/Advertising_LED.c ****     return maskedStatus >> Advertising_LED_SHIFT;
 241:Generated_Source\PSoC4/Advertising_LED.c **** }
 509              		.loc 1 241 0
 510              		@ sp needed
 238:Generated_Source\PSoC4/Advertising_LED.c **** 	uint8 maskedStatus = (uint8)(Advertising_LED_INTSTAT & Advertising_LED_MASK);
 511              		.loc 1 238 0
 512 0004 1368     		ldr	r3, [r2]
 513 0006 1840     		ands	r0, r3
 514              	.LVL8:
 239:Generated_Source\PSoC4/Advertising_LED.c **** 	Advertising_LED_INTSTAT = maskedStatus;
 515              		.loc 1 239 0
 516 0008 1060     		str	r0, [r2]
 240:Generated_Source\PSoC4/Advertising_LED.c **** }
ARM GAS  C:\Users\unyacat\AppData\Local\Temp\ccMGa8RQ.s 			page 30


 517              		.loc 1 240 0
 518 000a 8009     		lsrs	r0, r0, #6
 519              	.LVL9:
 520 000c C0B2     		uxtb	r0, r0
 521              		.loc 1 241 0
 522 000e 7047     		bx	lr
 523              	.L18:
 524              		.align	2
 525              	.L17:
 526 0010 10030440 		.word	1074004752
 527              		.cfi_endproc
 528              	.LFE5:
 529              		.size	Advertising_LED_ClearInterrupt, .-Advertising_LED_ClearInterrupt
 530              		.text
 531              	.Letext0:
 532              		.file 2 "Generated_Source\\PSoC4\\cytypes.h"
 533              		.section	.debug_info,"",%progbits
 534              	.Ldebug_info0:
 535 0000 97010000 		.4byte	0x197
 536 0004 0400     		.2byte	0x4
 537 0006 00000000 		.4byte	.Ldebug_abbrev0
 538 000a 04       		.byte	0x4
 539 000b 01       		.uleb128 0x1
 540 000c 82000000 		.4byte	.LASF27
 541 0010 0C       		.byte	0xc
 542 0011 8D020000 		.4byte	.LASF28
 543 0015 94010000 		.4byte	.LASF29
 544 0019 00000000 		.4byte	.Ldebug_ranges0+0
 545 001d 00000000 		.4byte	0
 546 0021 00000000 		.4byte	.Ldebug_line0
 547 0025 02       		.uleb128 0x2
 548 0026 01       		.byte	0x1
 549 0027 06       		.byte	0x6
 550 0028 4F020000 		.4byte	.LASF0
 551 002c 02       		.uleb128 0x2
 552 002d 01       		.byte	0x1
 553 002e 08       		.byte	0x8
 554 002f 49000000 		.4byte	.LASF1
 555 0033 02       		.uleb128 0x2
 556 0034 02       		.byte	0x2
 557 0035 05       		.byte	0x5
 558 0036 17020000 		.4byte	.LASF2
 559 003a 02       		.uleb128 0x2
 560 003b 02       		.byte	0x2
 561 003c 07       		.byte	0x7
 562 003d 6F000000 		.4byte	.LASF3
 563 0041 02       		.uleb128 0x2
 564 0042 04       		.byte	0x4
 565 0043 05       		.byte	0x5
 566 0044 27020000 		.4byte	.LASF4
 567 0048 02       		.uleb128 0x2
 568 0049 04       		.byte	0x4
 569 004a 07       		.byte	0x7
 570 004b 5D000000 		.4byte	.LASF5
 571 004f 02       		.uleb128 0x2
 572 0050 08       		.byte	0x8
 573 0051 05       		.byte	0x5
ARM GAS  C:\Users\unyacat\AppData\Local\Temp\ccMGa8RQ.s 			page 31


 574 0052 F7010000 		.4byte	.LASF6
 575 0056 02       		.uleb128 0x2
 576 0057 08       		.byte	0x8
 577 0058 07       		.byte	0x7
 578 0059 78010000 		.4byte	.LASF7
 579 005d 03       		.uleb128 0x3
 580 005e 04       		.byte	0x4
 581 005f 05       		.byte	0x5
 582 0060 696E7400 		.ascii	"int\000"
 583 0064 02       		.uleb128 0x2
 584 0065 04       		.byte	0x4
 585 0066 07       		.byte	0x7
 586 0067 6B010000 		.4byte	.LASF8
 587 006b 04       		.uleb128 0x4
 588 006c 21020000 		.4byte	.LASF9
 589 0070 02       		.byte	0x2
 590 0071 FB01     		.2byte	0x1fb
 591 0073 2C000000 		.4byte	0x2c
 592 0077 04       		.uleb128 0x4
 593 0078 30010000 		.4byte	.LASF10
 594 007c 02       		.byte	0x2
 595 007d FC01     		.2byte	0x1fc
 596 007f 3A000000 		.4byte	0x3a
 597 0083 04       		.uleb128 0x4
 598 0084 5C010000 		.4byte	.LASF11
 599 0088 02       		.byte	0x2
 600 0089 FD01     		.2byte	0x1fd
 601 008b 48000000 		.4byte	0x48
 602 008f 02       		.uleb128 0x2
 603 0090 04       		.byte	0x4
 604 0091 04       		.byte	0x4
 605 0092 43000000 		.4byte	.LASF12
 606 0096 02       		.uleb128 0x2
 607 0097 08       		.byte	0x8
 608 0098 04       		.byte	0x4
 609 0099 29010000 		.4byte	.LASF13
 610 009d 02       		.uleb128 0x2
 611 009e 01       		.byte	0x1
 612 009f 08       		.byte	0x8
 613 00a0 12020000 		.4byte	.LASF14
 614 00a4 04       		.uleb128 0x4
 615 00a5 00000000 		.4byte	.LASF15
 616 00a9 02       		.byte	0x2
 617 00aa A702     		.2byte	0x2a7
 618 00ac B0000000 		.4byte	0xb0
 619 00b0 05       		.uleb128 0x5
 620 00b1 83000000 		.4byte	0x83
 621 00b5 06       		.uleb128 0x6
 622 00b6 5B020000 		.4byte	.LASF16
 623 00ba 01       		.byte	0x1
 624 00bb 48       		.byte	0x48
 625 00bc 00000000 		.4byte	.LFB0
 626 00c0 18000000 		.4byte	.LFE0-.LFB0
 627 00c4 01       		.uleb128 0x1
 628 00c5 9C       		.byte	0x9c
 629 00c6 DA000000 		.4byte	0xda
 630 00ca 07       		.uleb128 0x7
ARM GAS  C:\Users\unyacat\AppData\Local\Temp\ccMGa8RQ.s 			page 32


 631 00cb 8F010000 		.4byte	.LASF18
 632 00cf 01       		.byte	0x1
 633 00d0 48       		.byte	0x48
 634 00d1 6B000000 		.4byte	0x6b
 635 00d5 00000000 		.4byte	.LLST0
 636 00d9 00       		.byte	0
 637 00da 06       		.uleb128 0x6
 638 00db 2D000000 		.4byte	.LASF17
 639 00df 01       		.byte	0x1
 640 00e0 6F       		.byte	0x6f
 641 00e1 00000000 		.4byte	.LFB1
 642 00e5 1C000000 		.4byte	.LFE1-.LFB1
 643 00e9 01       		.uleb128 0x1
 644 00ea 9C       		.byte	0x9c
 645 00eb 0A010000 		.4byte	0x10a
 646 00ef 07       		.uleb128 0x7
 647 00f0 27000000 		.4byte	.LASF19
 648 00f4 01       		.byte	0x1
 649 00f5 6F       		.byte	0x6f
 650 00f6 6B000000 		.4byte	0x6b
 651 00fa 21000000 		.4byte	.LLST1
 652 00fe 08       		.uleb128 0x8
 653 00ff 57000000 		.4byte	.LASF30
 654 0103 01       		.byte	0x1
 655 0104 71       		.byte	0x71
 656 0105 6B000000 		.4byte	0x6b
 657 0109 00       		.byte	0
 658 010a 09       		.uleb128 0x9
 659 010b 78020000 		.4byte	.LASF20
 660 010f 01       		.byte	0x1
 661 0110 88       		.byte	0x88
 662 0111 6B000000 		.4byte	0x6b
 663 0115 00000000 		.4byte	.LFB2
 664 0119 10000000 		.4byte	.LFE2-.LFB2
 665 011d 01       		.uleb128 0x1
 666 011e 9C       		.byte	0x9c
 667 011f 09       		.uleb128 0x9
 668 0120 37010000 		.4byte	.LASF21
 669 0124 01       		.byte	0x1
 670 0125 A4       		.byte	0xa4
 671 0126 6B000000 		.4byte	0x6b
 672 012a 00000000 		.4byte	.LFB3
 673 012e 10000000 		.4byte	.LFE3-.LFB3
 674 0132 01       		.uleb128 0x1
 675 0133 9C       		.byte	0x9c
 676 0134 06       		.uleb128 0x6
 677 0135 06000000 		.4byte	.LASF22
 678 0139 01       		.byte	0x1
 679 013a CF       		.byte	0xcf
 680 013b 00000000 		.4byte	.LFB4
 681 013f 14000000 		.4byte	.LFE4-.LFB4
 682 0143 01       		.uleb128 0x1
 683 0144 9C       		.byte	0x9c
 684 0145 75010000 		.4byte	0x175
 685 0149 07       		.uleb128 0x7
 686 014a 53010000 		.4byte	.LASF23
 687 014e 01       		.byte	0x1
ARM GAS  C:\Users\unyacat\AppData\Local\Temp\ccMGa8RQ.s 			page 33


 688 014f CF       		.byte	0xcf
 689 0150 77000000 		.4byte	0x77
 690 0154 42000000 		.4byte	.LLST2
 691 0158 0A       		.uleb128 0xa
 692 0159 8F010000 		.4byte	.LASF18
 693 015d 01       		.byte	0x1
 694 015e CF       		.byte	0xcf
 695 015f 77000000 		.4byte	0x77
 696 0163 01       		.uleb128 0x1
 697 0164 51       		.byte	0x51
 698 0165 0B       		.uleb128 0xb
 699 0166 63010000 		.4byte	.LASF25
 700 016a 01       		.byte	0x1
 701 016b D1       		.byte	0xd1
 702 016c 83000000 		.4byte	0x83
 703 0170 63000000 		.4byte	.LLST3
 704 0174 00       		.byte	0
 705 0175 0C       		.uleb128 0xc
 706 0176 30020000 		.4byte	.LASF24
 707 017a 01       		.byte	0x1
 708 017b EC       		.byte	0xec
 709 017c 6B000000 		.4byte	0x6b
 710 0180 00000000 		.4byte	.LFB5
 711 0184 14000000 		.4byte	.LFE5-.LFB5
 712 0188 01       		.uleb128 0x1
 713 0189 9C       		.byte	0x9c
 714 018a 0B       		.uleb128 0xb
 715 018b 05020000 		.4byte	.LASF26
 716 018f 01       		.byte	0x1
 717 0190 EE       		.byte	0xee
 718 0191 6B000000 		.4byte	0x6b
 719 0195 80000000 		.4byte	.LLST4
 720 0199 00       		.byte	0
 721 019a 00       		.byte	0
 722              		.section	.debug_abbrev,"",%progbits
 723              	.Ldebug_abbrev0:
 724 0000 01       		.uleb128 0x1
 725 0001 11       		.uleb128 0x11
 726 0002 01       		.byte	0x1
 727 0003 25       		.uleb128 0x25
 728 0004 0E       		.uleb128 0xe
 729 0005 13       		.uleb128 0x13
 730 0006 0B       		.uleb128 0xb
 731 0007 03       		.uleb128 0x3
 732 0008 0E       		.uleb128 0xe
 733 0009 1B       		.uleb128 0x1b
 734 000a 0E       		.uleb128 0xe
 735 000b 55       		.uleb128 0x55
 736 000c 17       		.uleb128 0x17
 737 000d 11       		.uleb128 0x11
 738 000e 01       		.uleb128 0x1
 739 000f 10       		.uleb128 0x10
 740 0010 17       		.uleb128 0x17
 741 0011 00       		.byte	0
 742 0012 00       		.byte	0
 743 0013 02       		.uleb128 0x2
 744 0014 24       		.uleb128 0x24
ARM GAS  C:\Users\unyacat\AppData\Local\Temp\ccMGa8RQ.s 			page 34


 745 0015 00       		.byte	0
 746 0016 0B       		.uleb128 0xb
 747 0017 0B       		.uleb128 0xb
 748 0018 3E       		.uleb128 0x3e
 749 0019 0B       		.uleb128 0xb
 750 001a 03       		.uleb128 0x3
 751 001b 0E       		.uleb128 0xe
 752 001c 00       		.byte	0
 753 001d 00       		.byte	0
 754 001e 03       		.uleb128 0x3
 755 001f 24       		.uleb128 0x24
 756 0020 00       		.byte	0
 757 0021 0B       		.uleb128 0xb
 758 0022 0B       		.uleb128 0xb
 759 0023 3E       		.uleb128 0x3e
 760 0024 0B       		.uleb128 0xb
 761 0025 03       		.uleb128 0x3
 762 0026 08       		.uleb128 0x8
 763 0027 00       		.byte	0
 764 0028 00       		.byte	0
 765 0029 04       		.uleb128 0x4
 766 002a 16       		.uleb128 0x16
 767 002b 00       		.byte	0
 768 002c 03       		.uleb128 0x3
 769 002d 0E       		.uleb128 0xe
 770 002e 3A       		.uleb128 0x3a
 771 002f 0B       		.uleb128 0xb
 772 0030 3B       		.uleb128 0x3b
 773 0031 05       		.uleb128 0x5
 774 0032 49       		.uleb128 0x49
 775 0033 13       		.uleb128 0x13
 776 0034 00       		.byte	0
 777 0035 00       		.byte	0
 778 0036 05       		.uleb128 0x5
 779 0037 35       		.uleb128 0x35
 780 0038 00       		.byte	0
 781 0039 49       		.uleb128 0x49
 782 003a 13       		.uleb128 0x13
 783 003b 00       		.byte	0
 784 003c 00       		.byte	0
 785 003d 06       		.uleb128 0x6
 786 003e 2E       		.uleb128 0x2e
 787 003f 01       		.byte	0x1
 788 0040 3F       		.uleb128 0x3f
 789 0041 19       		.uleb128 0x19
 790 0042 03       		.uleb128 0x3
 791 0043 0E       		.uleb128 0xe
 792 0044 3A       		.uleb128 0x3a
 793 0045 0B       		.uleb128 0xb
 794 0046 3B       		.uleb128 0x3b
 795 0047 0B       		.uleb128 0xb
 796 0048 27       		.uleb128 0x27
 797 0049 19       		.uleb128 0x19
 798 004a 11       		.uleb128 0x11
 799 004b 01       		.uleb128 0x1
 800 004c 12       		.uleb128 0x12
 801 004d 06       		.uleb128 0x6
ARM GAS  C:\Users\unyacat\AppData\Local\Temp\ccMGa8RQ.s 			page 35


 802 004e 40       		.uleb128 0x40
 803 004f 18       		.uleb128 0x18
 804 0050 9742     		.uleb128 0x2117
 805 0052 19       		.uleb128 0x19
 806 0053 01       		.uleb128 0x1
 807 0054 13       		.uleb128 0x13
 808 0055 00       		.byte	0
 809 0056 00       		.byte	0
 810 0057 07       		.uleb128 0x7
 811 0058 05       		.uleb128 0x5
 812 0059 00       		.byte	0
 813 005a 03       		.uleb128 0x3
 814 005b 0E       		.uleb128 0xe
 815 005c 3A       		.uleb128 0x3a
 816 005d 0B       		.uleb128 0xb
 817 005e 3B       		.uleb128 0x3b
 818 005f 0B       		.uleb128 0xb
 819 0060 49       		.uleb128 0x49
 820 0061 13       		.uleb128 0x13
 821 0062 02       		.uleb128 0x2
 822 0063 17       		.uleb128 0x17
 823 0064 00       		.byte	0
 824 0065 00       		.byte	0
 825 0066 08       		.uleb128 0x8
 826 0067 34       		.uleb128 0x34
 827 0068 00       		.byte	0
 828 0069 03       		.uleb128 0x3
 829 006a 0E       		.uleb128 0xe
 830 006b 3A       		.uleb128 0x3a
 831 006c 0B       		.uleb128 0xb
 832 006d 3B       		.uleb128 0x3b
 833 006e 0B       		.uleb128 0xb
 834 006f 49       		.uleb128 0x49
 835 0070 13       		.uleb128 0x13
 836 0071 00       		.byte	0
 837 0072 00       		.byte	0
 838 0073 09       		.uleb128 0x9
 839 0074 2E       		.uleb128 0x2e
 840 0075 00       		.byte	0
 841 0076 3F       		.uleb128 0x3f
 842 0077 19       		.uleb128 0x19
 843 0078 03       		.uleb128 0x3
 844 0079 0E       		.uleb128 0xe
 845 007a 3A       		.uleb128 0x3a
 846 007b 0B       		.uleb128 0xb
 847 007c 3B       		.uleb128 0x3b
 848 007d 0B       		.uleb128 0xb
 849 007e 27       		.uleb128 0x27
 850 007f 19       		.uleb128 0x19
 851 0080 49       		.uleb128 0x49
 852 0081 13       		.uleb128 0x13
 853 0082 11       		.uleb128 0x11
 854 0083 01       		.uleb128 0x1
 855 0084 12       		.uleb128 0x12
 856 0085 06       		.uleb128 0x6
 857 0086 40       		.uleb128 0x40
 858 0087 18       		.uleb128 0x18
ARM GAS  C:\Users\unyacat\AppData\Local\Temp\ccMGa8RQ.s 			page 36


 859 0088 9742     		.uleb128 0x2117
 860 008a 19       		.uleb128 0x19
 861 008b 00       		.byte	0
 862 008c 00       		.byte	0
 863 008d 0A       		.uleb128 0xa
 864 008e 05       		.uleb128 0x5
 865 008f 00       		.byte	0
 866 0090 03       		.uleb128 0x3
 867 0091 0E       		.uleb128 0xe
 868 0092 3A       		.uleb128 0x3a
 869 0093 0B       		.uleb128 0xb
 870 0094 3B       		.uleb128 0x3b
 871 0095 0B       		.uleb128 0xb
 872 0096 49       		.uleb128 0x49
 873 0097 13       		.uleb128 0x13
 874 0098 02       		.uleb128 0x2
 875 0099 18       		.uleb128 0x18
 876 009a 00       		.byte	0
 877 009b 00       		.byte	0
 878 009c 0B       		.uleb128 0xb
 879 009d 34       		.uleb128 0x34
 880 009e 00       		.byte	0
 881 009f 03       		.uleb128 0x3
 882 00a0 0E       		.uleb128 0xe
 883 00a1 3A       		.uleb128 0x3a
 884 00a2 0B       		.uleb128 0xb
 885 00a3 3B       		.uleb128 0x3b
 886 00a4 0B       		.uleb128 0xb
 887 00a5 49       		.uleb128 0x49
 888 00a6 13       		.uleb128 0x13
 889 00a7 02       		.uleb128 0x2
 890 00a8 17       		.uleb128 0x17
 891 00a9 00       		.byte	0
 892 00aa 00       		.byte	0
 893 00ab 0C       		.uleb128 0xc
 894 00ac 2E       		.uleb128 0x2e
 895 00ad 01       		.byte	0x1
 896 00ae 3F       		.uleb128 0x3f
 897 00af 19       		.uleb128 0x19
 898 00b0 03       		.uleb128 0x3
 899 00b1 0E       		.uleb128 0xe
 900 00b2 3A       		.uleb128 0x3a
 901 00b3 0B       		.uleb128 0xb
 902 00b4 3B       		.uleb128 0x3b
 903 00b5 0B       		.uleb128 0xb
 904 00b6 27       		.uleb128 0x27
 905 00b7 19       		.uleb128 0x19
 906 00b8 49       		.uleb128 0x49
 907 00b9 13       		.uleb128 0x13
 908 00ba 11       		.uleb128 0x11
 909 00bb 01       		.uleb128 0x1
 910 00bc 12       		.uleb128 0x12
 911 00bd 06       		.uleb128 0x6
 912 00be 40       		.uleb128 0x40
 913 00bf 18       		.uleb128 0x18
 914 00c0 9742     		.uleb128 0x2117
 915 00c2 19       		.uleb128 0x19
ARM GAS  C:\Users\unyacat\AppData\Local\Temp\ccMGa8RQ.s 			page 37


 916 00c3 00       		.byte	0
 917 00c4 00       		.byte	0
 918 00c5 00       		.byte	0
 919              		.section	.debug_loc,"",%progbits
 920              	.Ldebug_loc0:
 921              	.LLST0:
 922 0000 00000000 		.4byte	.LVL0
 923 0004 08000000 		.4byte	.LVL1
 924 0008 0100     		.2byte	0x1
 925 000a 50       		.byte	0x50
 926 000b 08000000 		.4byte	.LVL1
 927 000f 18000000 		.4byte	.LFE0
 928 0013 0400     		.2byte	0x4
 929 0015 F3       		.byte	0xf3
 930 0016 01       		.uleb128 0x1
 931 0017 50       		.byte	0x50
 932 0018 9F       		.byte	0x9f
 933 0019 00000000 		.4byte	0
 934 001d 00000000 		.4byte	0
 935              	.LLST1:
 936 0021 00000000 		.4byte	.LVL2
 937 0025 04000000 		.4byte	.LVL3
 938 0029 0100     		.2byte	0x1
 939 002b 50       		.byte	0x50
 940 002c 04000000 		.4byte	.LVL3
 941 0030 1C000000 		.4byte	.LFE1
 942 0034 0400     		.2byte	0x4
 943 0036 F3       		.byte	0xf3
 944 0037 01       		.uleb128 0x1
 945 0038 50       		.byte	0x50
 946 0039 9F       		.byte	0x9f
 947 003a 00000000 		.4byte	0
 948 003e 00000000 		.4byte	0
 949              	.LLST2:
 950 0042 00000000 		.4byte	.LVL4
 951 0046 08000000 		.4byte	.LVL7
 952 004a 0100     		.2byte	0x1
 953 004c 50       		.byte	0x50
 954 004d 08000000 		.4byte	.LVL7
 955 0051 14000000 		.4byte	.LFE4
 956 0055 0400     		.2byte	0x4
 957 0057 F3       		.byte	0xf3
 958 0058 01       		.uleb128 0x1
 959 0059 50       		.byte	0x50
 960 005a 9F       		.byte	0x9f
 961 005b 00000000 		.4byte	0
 962 005f 00000000 		.4byte	0
 963              	.LLST3:
 964 0063 04000000 		.4byte	.LVL5
 965 0067 06000000 		.4byte	.LVL6
 966 006b 0B00     		.2byte	0xb
 967 006d 70       		.byte	0x70
 968 006e 00       		.sleb128 0
 969 006f 0A       		.byte	0xa
 970 0070 FFFF     		.2byte	0xffff
 971 0072 1A       		.byte	0x1a
 972 0073 20       		.byte	0x20
ARM GAS  C:\Users\unyacat\AppData\Local\Temp\ccMGa8RQ.s 			page 38


 973 0074 73       		.byte	0x73
 974 0075 00       		.sleb128 0
 975 0076 1A       		.byte	0x1a
 976 0077 9F       		.byte	0x9f
 977 0078 00000000 		.4byte	0
 978 007c 00000000 		.4byte	0
 979              	.LLST4:
 980 0080 08000000 		.4byte	.LVL8
 981 0084 0C000000 		.4byte	.LVL9
 982 0088 0100     		.2byte	0x1
 983 008a 50       		.byte	0x50
 984 008b 0C000000 		.4byte	.LVL9
 985 008f 14000000 		.4byte	.LFE5
 986 0093 0400     		.2byte	0x4
 987 0095 72       		.byte	0x72
 988 0096 00       		.sleb128 0
 989 0097 06       		.byte	0x6
 990 0098 9F       		.byte	0x9f
 991 0099 00000000 		.4byte	0
 992 009d 00000000 		.4byte	0
 993              		.section	.debug_aranges,"",%progbits
 994 0000 44000000 		.4byte	0x44
 995 0004 0200     		.2byte	0x2
 996 0006 00000000 		.4byte	.Ldebug_info0
 997 000a 04       		.byte	0x4
 998 000b 00       		.byte	0
 999 000c 0000     		.2byte	0
 1000 000e 0000     		.2byte	0
 1001 0010 00000000 		.4byte	.LFB0
 1002 0014 18000000 		.4byte	.LFE0-.LFB0
 1003 0018 00000000 		.4byte	.LFB1
 1004 001c 1C000000 		.4byte	.LFE1-.LFB1
 1005 0020 00000000 		.4byte	.LFB2
 1006 0024 10000000 		.4byte	.LFE2-.LFB2
 1007 0028 00000000 		.4byte	.LFB3
 1008 002c 10000000 		.4byte	.LFE3-.LFB3
 1009 0030 00000000 		.4byte	.LFB4
 1010 0034 14000000 		.4byte	.LFE4-.LFB4
 1011 0038 00000000 		.4byte	.LFB5
 1012 003c 14000000 		.4byte	.LFE5-.LFB5
 1013 0040 00000000 		.4byte	0
 1014 0044 00000000 		.4byte	0
 1015              		.section	.debug_ranges,"",%progbits
 1016              	.Ldebug_ranges0:
 1017 0000 00000000 		.4byte	.LFB0
 1018 0004 18000000 		.4byte	.LFE0
 1019 0008 00000000 		.4byte	.LFB1
 1020 000c 1C000000 		.4byte	.LFE1
 1021 0010 00000000 		.4byte	.LFB2
 1022 0014 10000000 		.4byte	.LFE2
 1023 0018 00000000 		.4byte	.LFB3
 1024 001c 10000000 		.4byte	.LFE3
 1025 0020 00000000 		.4byte	.LFB4
 1026 0024 14000000 		.4byte	.LFE4
 1027 0028 00000000 		.4byte	.LFB5
 1028 002c 14000000 		.4byte	.LFE5
 1029 0030 00000000 		.4byte	0
ARM GAS  C:\Users\unyacat\AppData\Local\Temp\ccMGa8RQ.s 			page 39


 1030 0034 00000000 		.4byte	0
 1031              		.section	.debug_line,"",%progbits
 1032              	.Ldebug_line0:
 1033 0000 CF000000 		.section	.debug_str,"MS",%progbits,1
 1033      02004C00 
 1033      00000201 
 1033      FB0E0D00 
 1033      01010101 
 1034              	.LASF15:
 1035 0000 72656733 		.ascii	"reg32\000"
 1035      3200
 1036              	.LASF22:
 1037 0006 41647665 		.ascii	"Advertising_LED_SetInterruptMode\000"
 1037      72746973 
 1037      696E675F 
 1037      4C45445F 
 1037      53657449 
 1038              	.LASF19:
 1039 0027 76616C75 		.ascii	"value\000"
 1039      6500
 1040              	.LASF17:
 1041 002d 41647665 		.ascii	"Advertising_LED_Write\000"
 1041      72746973 
 1041      696E675F 
 1041      4C45445F 
 1041      57726974 
 1042              	.LASF12:
 1043 0043 666C6F61 		.ascii	"float\000"
 1043      7400
 1044              	.LASF1:
 1045 0049 756E7369 		.ascii	"unsigned char\000"
 1045      676E6564 
 1045      20636861 
 1045      7200
 1046              	.LASF30:
 1047 0057 64725661 		.ascii	"drVal\000"
 1047      6C00
 1048              	.LASF5:
 1049 005d 6C6F6E67 		.ascii	"long unsigned int\000"
 1049      20756E73 
 1049      69676E65 
 1049      6420696E 
 1049      7400
 1050              	.LASF3:
 1051 006f 73686F72 		.ascii	"short unsigned int\000"
 1051      7420756E 
 1051      7369676E 
 1051      65642069 
 1051      6E7400
 1052              	.LASF27:
 1053 0082 474E5520 		.ascii	"GNU C11 5.4.1 20160609 (release) [ARM/embedded-5-br"
 1053      43313120 
 1053      352E342E 
 1053      31203230 
 1053      31363036 
 1054 00b5 616E6368 		.ascii	"anch revision 237715] -mcpu=cortex-m0 -mthumb -g -O"
 1054      20726576 
ARM GAS  C:\Users\unyacat\AppData\Local\Temp\ccMGa8RQ.s 			page 40


 1054      6973696F 
 1054      6E203233 
 1054      37373135 
 1055 00e8 33202D66 		.ascii	"3 -ffunction-sections -ffat-lto-objects -finline-fu"
 1055      66756E63 
 1055      74696F6E 
 1055      2D736563 
 1055      74696F6E 
 1056 011b 6E637469 		.ascii	"nctions -flto\000"
 1056      6F6E7320 
 1056      2D666C74 
 1056      6F00
 1057              	.LASF13:
 1058 0129 646F7562 		.ascii	"double\000"
 1058      6C6500
 1059              	.LASF10:
 1060 0130 75696E74 		.ascii	"uint16\000"
 1060      313600
 1061              	.LASF21:
 1062 0137 41647665 		.ascii	"Advertising_LED_ReadDataReg\000"
 1062      72746973 
 1062      696E675F 
 1062      4C45445F 
 1062      52656164 
 1063              	.LASF23:
 1064 0153 706F7369 		.ascii	"position\000"
 1064      74696F6E 
 1064      00
 1065              	.LASF11:
 1066 015c 75696E74 		.ascii	"uint32\000"
 1066      333200
 1067              	.LASF25:
 1068 0163 696E7472 		.ascii	"intrCfg\000"
 1068      43666700 
 1069              	.LASF8:
 1070 016b 756E7369 		.ascii	"unsigned int\000"
 1070      676E6564 
 1070      20696E74 
 1070      00
 1071              	.LASF7:
 1072 0178 6C6F6E67 		.ascii	"long long unsigned int\000"
 1072      206C6F6E 
 1072      6720756E 
 1072      7369676E 
 1072      65642069 
 1073              	.LASF18:
 1074 018f 6D6F6465 		.ascii	"mode\000"
 1074      00
 1075              	.LASF29:
 1076 0194 433A5C55 		.ascii	"C:\\Users\\unyacat\\Desktop\\Linebot\\Dynamic Broad"
 1076      73657273 
 1076      5C756E79 
 1076      61636174 
 1076      5C446573 
 1077 01c2 63617374 		.ascii	"caster\\Dynamic Broadcaster\\Dynamic Broadcaster.cy"
 1077      65725C44 
 1077      796E616D 
ARM GAS  C:\Users\unyacat\AppData\Local\Temp\ccMGa8RQ.s 			page 41


 1077      69632042 
 1077      726F6164 
 1078 01f3 64736E00 		.ascii	"dsn\000"
 1079              	.LASF6:
 1080 01f7 6C6F6E67 		.ascii	"long long int\000"
 1080      206C6F6E 
 1080      6720696E 
 1080      7400
 1081              	.LASF26:
 1082 0205 6D61736B 		.ascii	"maskedStatus\000"
 1082      65645374 
 1082      61747573 
 1082      00
 1083              	.LASF14:
 1084 0212 63686172 		.ascii	"char\000"
 1084      00
 1085              	.LASF2:
 1086 0217 73686F72 		.ascii	"short int\000"
 1086      7420696E 
 1086      7400
 1087              	.LASF9:
 1088 0221 75696E74 		.ascii	"uint8\000"
 1088      3800
 1089              	.LASF4:
 1090 0227 6C6F6E67 		.ascii	"long int\000"
 1090      20696E74 
 1090      00
 1091              	.LASF24:
 1092 0230 41647665 		.ascii	"Advertising_LED_ClearInterrupt\000"
 1092      72746973 
 1092      696E675F 
 1092      4C45445F 
 1092      436C6561 
 1093              	.LASF0:
 1094 024f 7369676E 		.ascii	"signed char\000"
 1094      65642063 
 1094      68617200 
 1095              	.LASF16:
 1096 025b 41647665 		.ascii	"Advertising_LED_SetDriveMode\000"
 1096      72746973 
 1096      696E675F 
 1096      4C45445F 
 1096      53657444 
 1097              	.LASF20:
 1098 0278 41647665 		.ascii	"Advertising_LED_Read\000"
 1098      72746973 
 1098      696E675F 
 1098      4C45445F 
 1098      52656164 
 1099              	.LASF28:
 1100 028d 47656E65 		.ascii	"Generated_Source\\PSoC4\\Advertising_LED.c\000"
 1100      72617465 
 1100      645F536F 
 1100      75726365 
 1100      5C50536F 
 1101              		.comm	__gnu_lto_v1,1,1
 1102              		.ident	"GCC: (GNU Tools for ARM Embedded Processors) 5.4.1 20160609 (release) [ARM/embedded-5-bran
ARM GAS  C:\Users\unyacat\AppData\Local\Temp\ccMGa8RQ.s 			page 42


