ARM GAS  C:\Users\unyacat\AppData\Local\Temp\cce29wVp.s 			page 1


   1              		.syntax unified
   2              		.cpu cortex-m0
   3              		.fpu softvfp
   4              		.eabi_attribute 20, 1
   5              		.eabi_attribute 21, 1
   6              		.eabi_attribute 23, 3
   7              		.eabi_attribute 24, 1
   8              		.eabi_attribute 25, 1
   9              		.eabi_attribute 26, 1
  10              		.eabi_attribute 30, 2
  11              		.eabi_attribute 34, 0
  12              		.eabi_attribute 18, 4
  13              		.thumb
  14              		.syntax unified
  15              		.file	"BLE_HAL_INT.c"
  16              		.text
  17              	.Ltext0:
  18              		.section	.gnu.lto_.profile.9235b776,"",%progbits
  19 0000 789C6361 		.ascii	"x\234ca`d`a`\000\222<L\000\000\204\000\031"
  19      60646061 
  19      6000923C 
  19      4C000084 
  19      0019
  20              		.text
  21              		.section	.gnu.lto_.icf.9235b776,"",%progbits
  22 0000 789C6361 		.ascii	"x\234ca`d\000\001\016\006\004`d\230?\363\3201.\006\000"
  22      60640001 
  22      0E060460 
  22      64983FF3 
  22      D0312E06 
  23 0015 0D7302D9 		.ascii	"\015s\002\331"
  24              		.text
  25              		.section	.gnu.lto_.jmpfuncs.9235b776,"",%progbits
  26 0000 789C6361 		.ascii	"x\234ca`d\000\0016\006\004\200\210\000\000\001\014\000"
  26      60640001 
  26      36060480 
  26      88000001 
  26      0C00
  27 0012 0D       		.ascii	"\015"
  28              		.text
  29              		.section	.gnu.lto_.inline.9235b776,"",%progbits
  30 0000 789C6361 		.ascii	"x\234ca`d\000\001I\006\004\000\212\260\360020\001\231"
  30      60640001 
  30      49060400 
  30      8AB0F030 
  30      32300199 
  31 0014 6C0BE499 		.ascii	"l\013\344\231\300B\\ \022\000\020\204\001\005"
  31      C0425C20 
  31      12001084 
  31      0105
  32              		.text
  33              		.section	.gnu.lto_.pureconst.9235b776,"",%progbits
  34 0000 789C6361 		.ascii	"x\234ca`d`f`\000\222\022\000\000p\000\""
  34      60646066 
  34      60009212 
  34      00007000 
  34      22
ARM GAS  C:\Users\unyacat\AppData\Local\Temp\cce29wVp.s 			page 2


  35              		.text
  36              		.section	.gnu.lto_CyBLE_Bless_Interrupt.9235b776,"",%progbits
  37 0000 789C6361 		.ascii	"x\234ca`d\000\201\345@\254\016\304\322@\314\310\314"
  37      60640081 
  37      E540AC0E 
  37      C4D240CC 
  37      C8CC
  38 0012 C0C834E1 		.ascii	"\300\3104\341\034\003C#\007\023##\210\321\300\301\310"
  38      1C034323 
  38      07132323 
  38      88D1C0C1 
  38      C8
  39 0023 50CFC458 		.ascii	"P\317\304X\317\370\225\351/\023\343\241\366g;\2314\227"
  39      CFF895E9 
  39      2F13E3A1 
  39      F6673B99 
  39      3497
  40 0035 3700C183 		.ascii	"7\000\301\203\243\376\015+\0160\266230\374g\002\033"
  40      A3FE0D2B 
  40      0E30B632 
  40      3330FC67 
  40      021B
  41 0047 C4C0B89C 		.ascii	"\304\300\270\234Q\223\001\250\352\321\306\177Sy\331"
  41      519301A8 
  41      EAD1C67F 
  41      5379D9
  42 0056 5A40AA14 		.ascii	"Z@\252\024 \222\214+\030\331@\266\255\017:\320\360\377"
  42      20928C2B 
  42      18D940B6 
  42      AD0F3AD0 
  42      F0FF
  43 0068 7F73C381 		.ascii	"\177s\303\201\177\002Q@\215\037\200r K>21\201h\346\027"
  43      7F025140 
  43      8D1F8072 
  43      204B3E32 
  43      318168E6 
  44 007d 8CCD07E6 		.ascii	"\214\315\007\346\246\202\024\203\214\331\271\363\315"
  44      A6821483 
  44      8CD9B9F3 
  44      CD
  45 008a 6DF6FABF 		.ascii	"m\366\372\277\015\035\015\015\002\255\314\214\377\231"
  45      0D1D0D0D 
  45      02ADCC8C 
  45      FF99
  46 0098 802630AE 		.ascii	"\200&0\256d\254ghefbx\305\330t`++X)\010|\000J\002M\000"
  46      64AC6768 
  46      65666278 
  46      C5D87460 
  46      2B2B5829 
  47 00b3 9AA7EA9E 		.ascii	"\232\247\352\236\232\227Z\224X\222\232\022\037\234_"
  47      9A975A94 
  47      58929A12 
  47      1F9C5F
  48 00c2 5A949C1A 		.ascii	"Z\224\234\032\023\020\234\357l\022\343\344\343\032\357"
  48      13109CEF 
  48      6C12E3E4 
  48      E31AEF
ARM GAS  C:\Users\unyacat\AppData\Local\Temp\cce29wVp.s 			page 3


  49 00d1 E1E813EF 		.ascii	"\341\350\023\357\351\027\242\227\314\000\000\036\313"
  49      E917A297 
  49      CC00001E 
  49      CB
  50 00de 49D7     		.ascii	"I\327"
  51              		.text
  52              		.section	.gnu.lto_.symbol_nodes.9235b776,"",%progbits
  53 0000 789C6361 		.ascii	"x\234ca`d\320f\000\002&\246z\006\206\011\347\030\030"
  53      6064D066 
  53      000226A6 
  53      7A068609 
  53      E71818
  54 0013 80D4AE06 		.ascii	"\200\324\256\006E\006\006F\346zF\260\000\003CC\203\002"
  54      45060646 
  54      E67A46B0 
  54      00034343 
  54      8302
  55 0025 03033350 		.ascii	"\003\0033P\345\222\007\377\030\031\000\306\336\011u"
  55      E59207FF 
  55      181900C6 
  55      DE0975
  56              		.text
  57              		.section	.gnu.lto_.refs.9235b776,"",%progbits
  58 0000 789C6361 		.ascii	"x\234ca`\004B \000\000\0009\000\007"
  58      60044220 
  58      00000039 
  58      0007
  59              		.text
  60              		.section	.gnu.lto_.decls.9235b776,"",%progbits
  61 0000 789C8D91 		.ascii	"x\234\215\221O(\004Q\034\307\177\2777\333\306\266I\033"
  61      4F280451 
  61      1CC77FBF 
  61      37DBC6B6 
  61      491B
  62 0012 521C3625 		.ascii	"R\0346%\267\255-\007W6\226lR\263\366\244\306\277\211"
  62      B7AD2D07 
  62      5736966C 
  62      52B3F6A4 
  62      C6BF89
  63 0025 C3B6ABB1 		.ascii	"\303\266\253\261\016n/6\007'%d9(\311b\330m\017\016N"
  63      0E6E2F36 
  63      07272564 
  63      3928C962 
  63      D86D0F0E 
  64 003a 6E3838C8 		.ascii	"n88\310I\222-\311Y\\\204\370\2757;;\242\344\327\374"
  64      49922DC9 
  64      595C84F8 
  64      BD373B3B 
  64      A2E4D7FC 
  65 004e DEFBFDDE 		.ascii	"\336\373\375\336{\337\317\373\316\214\013\020DT3\200"
  65      7BDFCFFB 
  65      CE8C0B10 
  65      44543380 
  66 005e 059A8728 		.ascii	"\005\232\207(?)\250\205\0308!\372\003\312\034\374\016"
  66      3F29A885 
  66      183821FA 
  66      03CA1CFC 
ARM GAS  C:\Users\unyacat\AppData\Local\Temp\cce29wVp.s 			page 4


  66      0E
  67 006f B1AE94CE 		.ascii	"\261\256\224\316\347)\315\177h>\030f\257\236\271\347"
  67      E729CD7F 
  67      683E1866 
  67      AF9EB9E7 
  68 007f 06AF91B4 		.ascii	"\006\257\221\264\226\011@\264F\224\011V\312\226\012"
  68      960940B4 
  68      46940956 
  68      CA960A
  69 008e 0656612F 		.ascii	"\006Va/\225\003\320\332a\245Up`\362)\351\361\323\016"
  69      9503D0DA 
  69      61A55570 
  69      60F229E9 
  69      F1D30E
  70 00a1 0971E858 		.ascii	"\011q\350X\022a\331\201\334\266DX\246Z\023s\024\337"
  70      1261D981 
  70      DCB64458 
  70      A65A1373 
  70      14DF
  71 00b3 783F1CD9 		.ascii	"x?\034\331\236\355k\344\247\220/}\274f\276W*\014E}\367"
  71      9EED6BE4 
  71      A7902F7D 
  71      BC66BE57 
  71      2A0C457D 
  72 00c8 9AED0A98 		.ascii	"\232\355\012\230\234b\221s\326\346|\231\313t~Cya\350"
  72      9C629173 
  72      D6E67C99 
  72      CB747E43 
  72      7961E8
  73 00db F3A08BDA 		.ascii	"\363\240\213\332\247\213\314}\025\2655\036\364S\373"
  73      A78BCC7D 
  73      15B5351E 
  73      F453FB
  74 00ea 71BE9E61 		.ascii	"q\276\236a\365+R7\307\375.\214\325\341>6\342\0366\322"
  74      F52B5237 
  74      C7FD2E8C 
  74      D5E13E36 
  74      E21E36D2 
  75 00fe 7D26D6D3 		.ascii	"}&\326\3238\342\262H\313\333\327\267\356\246M\276\231"
  75      38E2B248 
  75      CBDBD7B7 
  75      EEA64DBE 
  75      99
  76 010f E7C5A5D7 		.ascii	"\347\305\245\327\3125~\222&\031\023\2470\213\012\356"
  76      CA357E92 
  76      261913A7 
  76      308B0AEE 
  77 011f 624098CC 		.ascii	"b@\230\314\212\177\000\270\2037\344\367\000\233HY\310"
  77      8A7F00B8 
  77      8337E4F7 
  77      009B4859 
  77      C8
  78 0130 158EDC4A 		.ascii	"\025\216\334JX\032-\024\226L\205(E\316\213\253\247\343"
  78      581A2D14 
  78      964C8528 
  78      45CE8BAB 
  78      A7E3
ARM GAS  C:\Users\unyacat\AppData\Local\Temp\cce29wVp.s 			page 5


  79 0142 975BF327 		.ascii	"\227[\363'\213(\257\302C\007r(!T\344$\340\355!\367\350"
  79      8B28AFC2 
  79      43077228 
  79      2154E424 
  79      E0ED21F7 
  80 0157 F52E703E 		.ascii	"\365.p>+l\372\316\252\344y\307h\036\275\266\222J\250"
  80      2B6CFACE 
  80      AAE479C7 
  80      681EBDB6 
  80      924AA8
  81 016a 0DCD7444 		.ascii	"\015\315tD:\265\216\270>5\245\365$R\272aLO\246*\302"
  81      3AB58EB8 
  81      3E35A5F5 
  81      2452BA61 
  81      4C4FA62A 
  82 017f 7D03FE50 		.ascii	"}\003\376P0\010\315a=\241\033\303)}LS\223\323\306\250"
  82      3008CD61 
  82      3DA11BC3 
  82      297D4C53 
  82      93D3C6A8 
  83 0193 3ED8AF26 		.ascii	">\330\257&C\255\203B\323\335\036\321z\372\242\201Qh"
  83      43AD8342 
  83      D3DD1ED1 
  83      7AFAA281 
  83      5168
  84 01a5 20485C17 		.ascii	" H\\\027\020U-3\272\207\023cq\335h\371\203\240F\333"
  84      10552D33 
  84      BA871363 
  84      71DD68F9 
  84      83A046DB 
  85 01b9 43BD5A7F 		.ascii	"C\275Z\177,\032\230\200/\326\243\250\331"
  85      2C1A9880 
  85      2FD6A3A8 
  85      D9
  86              		.text
  87              		.section	.gnu.lto_.symtab.9235b776,"",%progbits
  88 0000 4379424C 		.ascii	"CyBLE_Bless_Interrupt\000"
  88      455F426C 
  88      6573735F 
  88      496E7465 
  88      72727570 
  89 0016 00       		.ascii	"\000"
  90 0017 00       		.ascii	"\000"
  91 0018 00       		.ascii	"\000"
  92 0019 00000000 		.ascii	"\000\000\000\000\000\000\000\000"
  92      00000000 
  93 0021 AD000000 		.ascii	"\255\000\000\000"
  94 0025 4379426C 		.ascii	"CyBle_BleSSInterruptHandler\000"
  94      655F426C 
  94      65535349 
  94      6E746572 
  94      72757074 
  95 0041 00       		.ascii	"\000"
  96 0042 02       		.ascii	"\002"
  97 0043 00       		.ascii	"\000"
  98 0044 00000000 		.ascii	"\000\000\000\000\000\000\000\000"
  98      00000000 
ARM GAS  C:\Users\unyacat\AppData\Local\Temp\cce29wVp.s 			page 6


  99 004c AF000000 		.ascii	"\257\000\000\000"
 100              		.text
 101              		.section	.gnu.lto_.opts,"",%progbits
 102 0000 272D666D 		.ascii	"'-fmath-errno' '-fsigned-zeros' '-ftrapping-math' '"
 102      6174682D 
 102      6572726E 
 102      6F272027 
 102      2D667369 
 103 0033 2D666E6F 		.ascii	"-fno-trapv' '-fno-openmp' '-fno-openacc' '-mcpu=cor"
 103      2D747261 
 103      70762720 
 103      272D666E 
 103      6F2D6F70 
 104 0066 7465782D 		.ascii	"tex-m0' '-mthumb' '-g' '-O3' '-ffunction-sections' "
 104      6D302720 
 104      272D6D74 
 104      68756D62 
 104      2720272D 
 105 0099 272D6666 		.ascii	"'-ffat-lto-objects' '-finline-functions' '-flto'\000"
 105      61742D6C 
 105      746F2D6F 
 105      626A6563 
 105      74732720 
 106              		.text
 107              		.cfi_sections	.debug_frame
 108              		.section	.text.CyBLE_Bless_Interrupt,"ax",%progbits
 109              		.align	2
 110              		.global	CyBLE_Bless_Interrupt
 111              		.code	16
 112              		.thumb_func
 113              		.type	CyBLE_Bless_Interrupt, %function
 114              	CyBLE_Bless_Interrupt:
 115              	.LFB2:
 116              		.file 1 "Generated_Source\\PSoC4\\BLE_HAL_INT.c"
   1:Generated_Source\PSoC4/BLE_HAL_INT.c **** /***************************************************************************//**
   2:Generated_Source\PSoC4/BLE_HAL_INT.c **** * \file BLE_HAL_INT.c
   3:Generated_Source\PSoC4/BLE_HAL_INT.c **** * \version 3.66
   4:Generated_Source\PSoC4/BLE_HAL_INT.c **** *
   5:Generated_Source\PSoC4/BLE_HAL_INT.c **** * \brief
   6:Generated_Source\PSoC4/BLE_HAL_INT.c **** *  This file contains the source code for the Interrupt Service Routine for the
   7:Generated_Source\PSoC4/BLE_HAL_INT.c **** *  HAL section of the BLE component
   8:Generated_Source\PSoC4/BLE_HAL_INT.c **** *
   9:Generated_Source\PSoC4/BLE_HAL_INT.c **** ********************************************************************************
  10:Generated_Source\PSoC4/BLE_HAL_INT.c **** * \copyright
  11:Generated_Source\PSoC4/BLE_HAL_INT.c **** * Copyright 2014-2020, Cypress Semiconductor Corporation.  All rights reserved.
  12:Generated_Source\PSoC4/BLE_HAL_INT.c **** * You may use this file only in accordance with the license, terms, conditions,
  13:Generated_Source\PSoC4/BLE_HAL_INT.c **** * disclaimers, and limitations in the end user license agreement accompanying
  14:Generated_Source\PSoC4/BLE_HAL_INT.c **** * the software package with which this file was provided.
  15:Generated_Source\PSoC4/BLE_HAL_INT.c **** *******************************************************************************/
  16:Generated_Source\PSoC4/BLE_HAL_INT.c **** 
  17:Generated_Source\PSoC4/BLE_HAL_INT.c **** #include "BLE_HAL_PVT.h"
  18:Generated_Source\PSoC4/BLE_HAL_INT.c **** 
  19:Generated_Source\PSoC4/BLE_HAL_INT.c **** 
  20:Generated_Source\PSoC4/BLE_HAL_INT.c **** /*******************************************************************************
  21:Generated_Source\PSoC4/BLE_HAL_INT.c **** * Function Name: CyBLE_Bless_Interrupt
  22:Generated_Source\PSoC4/BLE_HAL_INT.c **** ****************************************************************************//**
  23:Generated_Source\PSoC4/BLE_HAL_INT.c **** *
ARM GAS  C:\Users\unyacat\AppData\Local\Temp\cce29wVp.s 			page 7


  24:Generated_Source\PSoC4/BLE_HAL_INT.c **** *  Handles the Interrupt Service Routine for the BLE sub-system.
  25:Generated_Source\PSoC4/BLE_HAL_INT.c **** *
  26:Generated_Source\PSoC4/BLE_HAL_INT.c **** * \return
  27:Generated_Source\PSoC4/BLE_HAL_INT.c **** *  None
  28:Generated_Source\PSoC4/BLE_HAL_INT.c **** *
  29:Generated_Source\PSoC4/BLE_HAL_INT.c **** *******************************************************************************/
  30:Generated_Source\PSoC4/BLE_HAL_INT.c **** CY_ISR(CyBLE_Bless_Interrupt)
  31:Generated_Source\PSoC4/BLE_HAL_INT.c **** {
 117              		.loc 1 31 0
 118              		.cfi_startproc
 119              		@ args = 0, pretend = 0, frame = 0
 120              		@ frame_needed = 0, uses_anonymous_args = 0
 121 0000 10B5     		push	{r4, lr}
 122              		.cfi_def_cfa_offset 8
 123              		.cfi_offset 4, -8
 124              		.cfi_offset 14, -4
  32:Generated_Source\PSoC4/BLE_HAL_INT.c ****     #if(CYBLE_STACK_MODE_DEBUG)
  33:Generated_Source\PSoC4/BLE_HAL_INT.c ****         CyBle_ApplCallback(CYBLE_DEBUG_EVT_BLESS_INT, NULL);
  34:Generated_Source\PSoC4/BLE_HAL_INT.c ****     #endif /* CYBLE_STACK_MODE_DEBUG */
  35:Generated_Source\PSoC4/BLE_HAL_INT.c **** 
  36:Generated_Source\PSoC4/BLE_HAL_INT.c ****     /* Call stack manager bless function handler */
  37:Generated_Source\PSoC4/BLE_HAL_INT.c ****     #if(!CYBLE_SHARING_MODE_IMPORT)
  38:Generated_Source\PSoC4/BLE_HAL_INT.c ****         CyBLE_pf_bless_event_hdlr();
 125              		.loc 1 38 0
 126 0002 FFF7FEFF 		bl	CyBle_BleSSInterruptHandler
 127              	.LVL0:
  39:Generated_Source\PSoC4/BLE_HAL_INT.c ****     #endif /* CYBLE_SHARING_MODE_IMPORT */
  40:Generated_Source\PSoC4/BLE_HAL_INT.c ****     
  41:Generated_Source\PSoC4/BLE_HAL_INT.c ****     /* Host stack takes care of clearing interrupts */
  42:Generated_Source\PSoC4/BLE_HAL_INT.c **** }
 128              		.loc 1 42 0
 129              		@ sp needed
 130 0006 10BD     		pop	{r4, pc}
 131              		.cfi_endproc
 132              	.LFE2:
 133              		.size	CyBLE_Bless_Interrupt, .-CyBLE_Bless_Interrupt
 134              		.text
 135              	.Letext0:
 136              		.file 2 "Generated_Source\\PSoC4\\BLE_STACK_PVT.h"
 137              		.section	.debug_info,"",%progbits
 138              	.Ldebug_info0:
 139 0000 B5000000 		.4byte	0xb5
 140 0004 0400     		.2byte	0x4
 141 0006 00000000 		.4byte	.Ldebug_abbrev0
 142 000a 04       		.byte	0x4
 143 000b 01       		.uleb128 0x1
 144 000c 1B000000 		.4byte	.LASF14
 145 0010 0C       		.byte	0xc
 146 0011 EB000000 		.4byte	.LASF15
 147 0015 96010000 		.4byte	.LASF16
 148 0019 00000000 		.4byte	.Ldebug_ranges0+0
 149 001d 00000000 		.4byte	0
 150 0021 00000000 		.4byte	.Ldebug_line0
 151 0025 02       		.uleb128 0x2
 152 0026 01       		.byte	0x1
 153 0027 06       		.byte	0x6
 154 0028 78010000 		.4byte	.LASF0
ARM GAS  C:\Users\unyacat\AppData\Local\Temp\cce29wVp.s 			page 8


 155 002c 02       		.uleb128 0x2
 156 002d 01       		.byte	0x1
 157 002e 08       		.byte	0x8
 158 002f 10010000 		.4byte	.LASF1
 159 0033 02       		.uleb128 0x2
 160 0034 02       		.byte	0x2
 161 0035 05       		.byte	0x5
 162 0036 F9010000 		.4byte	.LASF2
 163 003a 02       		.uleb128 0x2
 164 003b 02       		.byte	0x2
 165 003c 07       		.byte	0x7
 166 003d 65010000 		.4byte	.LASF3
 167 0041 02       		.uleb128 0x2
 168 0042 04       		.byte	0x4
 169 0043 05       		.byte	0x5
 170 0044 23010000 		.4byte	.LASF4
 171 0048 02       		.uleb128 0x2
 172 0049 04       		.byte	0x4
 173 004a 07       		.byte	0x7
 174 004b C2000000 		.4byte	.LASF5
 175 004f 02       		.uleb128 0x2
 176 0050 08       		.byte	0x8
 177 0051 05       		.byte	0x5
 178 0052 00000000 		.4byte	.LASF6
 179 0056 02       		.uleb128 0x2
 180 0057 08       		.byte	0x8
 181 0058 07       		.byte	0x7
 182 0059 D4000000 		.4byte	.LASF7
 183 005d 03       		.uleb128 0x3
 184 005e 04       		.byte	0x4
 185 005f 05       		.byte	0x5
 186 0060 696E7400 		.ascii	"int\000"
 187 0064 02       		.uleb128 0x2
 188 0065 04       		.byte	0x4
 189 0066 07       		.byte	0x7
 190 0067 0E000000 		.4byte	.LASF8
 191 006b 02       		.uleb128 0x2
 192 006c 04       		.byte	0x4
 193 006d 04       		.byte	0x4
 194 006e 90010000 		.4byte	.LASF9
 195 0072 02       		.uleb128 0x2
 196 0073 08       		.byte	0x8
 197 0074 04       		.byte	0x4
 198 0075 42010000 		.4byte	.LASF10
 199 0079 02       		.uleb128 0x2
 200 007a 01       		.byte	0x1
 201 007b 08       		.byte	0x8
 202 007c 1E010000 		.4byte	.LASF11
 203 0080 02       		.uleb128 0x2
 204 0081 08       		.byte	0x8
 205 0082 04       		.byte	0x4
 206 0083 84010000 		.4byte	.LASF12
 207 0087 02       		.uleb128 0x2
 208 0088 04       		.byte	0x4
 209 0089 07       		.byte	0x7
 210 008a 03020000 		.4byte	.LASF13
 211 008e 04       		.uleb128 0x4
ARM GAS  C:\Users\unyacat\AppData\Local\Temp\cce29wVp.s 			page 9


 212 008f 2C010000 		.4byte	.LASF17
 213 0093 01       		.byte	0x1
 214 0094 1E       		.byte	0x1e
 215 0095 00000000 		.4byte	.LFB2
 216 0099 08000000 		.4byte	.LFE2-.LFB2
 217 009d 01       		.uleb128 0x1
 218 009e 9C       		.byte	0x9c
 219 009f AD000000 		.4byte	0xad
 220 00a3 05       		.uleb128 0x5
 221 00a4 06000000 		.4byte	.LVL0
 222 00a8 AD000000 		.4byte	0xad
 223 00ac 00       		.byte	0
 224 00ad 06       		.uleb128 0x6
 225 00ae 49010000 		.4byte	.LASF18
 226 00b2 49010000 		.4byte	.LASF18
 227 00b6 02       		.byte	0x2
 228 00b7 67       		.byte	0x67
 229 00b8 00       		.byte	0
 230              		.section	.debug_abbrev,"",%progbits
 231              	.Ldebug_abbrev0:
 232 0000 01       		.uleb128 0x1
 233 0001 11       		.uleb128 0x11
 234 0002 01       		.byte	0x1
 235 0003 25       		.uleb128 0x25
 236 0004 0E       		.uleb128 0xe
 237 0005 13       		.uleb128 0x13
 238 0006 0B       		.uleb128 0xb
 239 0007 03       		.uleb128 0x3
 240 0008 0E       		.uleb128 0xe
 241 0009 1B       		.uleb128 0x1b
 242 000a 0E       		.uleb128 0xe
 243 000b 55       		.uleb128 0x55
 244 000c 17       		.uleb128 0x17
 245 000d 11       		.uleb128 0x11
 246 000e 01       		.uleb128 0x1
 247 000f 10       		.uleb128 0x10
 248 0010 17       		.uleb128 0x17
 249 0011 00       		.byte	0
 250 0012 00       		.byte	0
 251 0013 02       		.uleb128 0x2
 252 0014 24       		.uleb128 0x24
 253 0015 00       		.byte	0
 254 0016 0B       		.uleb128 0xb
 255 0017 0B       		.uleb128 0xb
 256 0018 3E       		.uleb128 0x3e
 257 0019 0B       		.uleb128 0xb
 258 001a 03       		.uleb128 0x3
 259 001b 0E       		.uleb128 0xe
 260 001c 00       		.byte	0
 261 001d 00       		.byte	0
 262 001e 03       		.uleb128 0x3
 263 001f 24       		.uleb128 0x24
 264 0020 00       		.byte	0
 265 0021 0B       		.uleb128 0xb
 266 0022 0B       		.uleb128 0xb
 267 0023 3E       		.uleb128 0x3e
 268 0024 0B       		.uleb128 0xb
ARM GAS  C:\Users\unyacat\AppData\Local\Temp\cce29wVp.s 			page 10


 269 0025 03       		.uleb128 0x3
 270 0026 08       		.uleb128 0x8
 271 0027 00       		.byte	0
 272 0028 00       		.byte	0
 273 0029 04       		.uleb128 0x4
 274 002a 2E       		.uleb128 0x2e
 275 002b 01       		.byte	0x1
 276 002c 3F       		.uleb128 0x3f
 277 002d 19       		.uleb128 0x19
 278 002e 03       		.uleb128 0x3
 279 002f 0E       		.uleb128 0xe
 280 0030 3A       		.uleb128 0x3a
 281 0031 0B       		.uleb128 0xb
 282 0032 3B       		.uleb128 0x3b
 283 0033 0B       		.uleb128 0xb
 284 0034 27       		.uleb128 0x27
 285 0035 19       		.uleb128 0x19
 286 0036 11       		.uleb128 0x11
 287 0037 01       		.uleb128 0x1
 288 0038 12       		.uleb128 0x12
 289 0039 06       		.uleb128 0x6
 290 003a 40       		.uleb128 0x40
 291 003b 18       		.uleb128 0x18
 292 003c 9742     		.uleb128 0x2117
 293 003e 19       		.uleb128 0x19
 294 003f 01       		.uleb128 0x1
 295 0040 13       		.uleb128 0x13
 296 0041 00       		.byte	0
 297 0042 00       		.byte	0
 298 0043 05       		.uleb128 0x5
 299 0044 898201   		.uleb128 0x4109
 300 0047 00       		.byte	0
 301 0048 11       		.uleb128 0x11
 302 0049 01       		.uleb128 0x1
 303 004a 31       		.uleb128 0x31
 304 004b 13       		.uleb128 0x13
 305 004c 00       		.byte	0
 306 004d 00       		.byte	0
 307 004e 06       		.uleb128 0x6
 308 004f 2E       		.uleb128 0x2e
 309 0050 00       		.byte	0
 310 0051 3F       		.uleb128 0x3f
 311 0052 19       		.uleb128 0x19
 312 0053 3C       		.uleb128 0x3c
 313 0054 19       		.uleb128 0x19
 314 0055 6E       		.uleb128 0x6e
 315 0056 0E       		.uleb128 0xe
 316 0057 03       		.uleb128 0x3
 317 0058 0E       		.uleb128 0xe
 318 0059 3A       		.uleb128 0x3a
 319 005a 0B       		.uleb128 0xb
 320 005b 3B       		.uleb128 0x3b
 321 005c 0B       		.uleb128 0xb
 322 005d 00       		.byte	0
 323 005e 00       		.byte	0
 324 005f 00       		.byte	0
 325              		.section	.debug_aranges,"",%progbits
ARM GAS  C:\Users\unyacat\AppData\Local\Temp\cce29wVp.s 			page 11


 326 0000 1C000000 		.4byte	0x1c
 327 0004 0200     		.2byte	0x2
 328 0006 00000000 		.4byte	.Ldebug_info0
 329 000a 04       		.byte	0x4
 330 000b 00       		.byte	0
 331 000c 0000     		.2byte	0
 332 000e 0000     		.2byte	0
 333 0010 00000000 		.4byte	.LFB2
 334 0014 08000000 		.4byte	.LFE2-.LFB2
 335 0018 00000000 		.4byte	0
 336 001c 00000000 		.4byte	0
 337              		.section	.debug_ranges,"",%progbits
 338              	.Ldebug_ranges0:
 339 0000 00000000 		.4byte	.LFB2
 340 0004 08000000 		.4byte	.LFE2
 341 0008 00000000 		.4byte	0
 342 000c 00000000 		.4byte	0
 343              		.section	.debug_line,"",%progbits
 344              	.Ldebug_line0:
 345 0000 65000000 		.section	.debug_str,"MS",%progbits,1
 345      02004E00 
 345      00000201 
 345      FB0E0D00 
 345      01010101 
 346              	.LASF6:
 347 0000 6C6F6E67 		.ascii	"long long int\000"
 347      206C6F6E 
 347      6720696E 
 347      7400
 348              	.LASF8:
 349 000e 756E7369 		.ascii	"unsigned int\000"
 349      676E6564 
 349      20696E74 
 349      00
 350              	.LASF14:
 351 001b 474E5520 		.ascii	"GNU C11 5.4.1 20160609 (release) [ARM/embedded-5-br"
 351      43313120 
 351      352E342E 
 351      31203230 
 351      31363036 
 352 004e 616E6368 		.ascii	"anch revision 237715] -mcpu=cortex-m0 -mthumb -g -O"
 352      20726576 
 352      6973696F 
 352      6E203233 
 352      37373135 
 353 0081 33202D66 		.ascii	"3 -ffunction-sections -ffat-lto-objects -finline-fu"
 353      66756E63 
 353      74696F6E 
 353      2D736563 
 353      74696F6E 
 354 00b4 6E637469 		.ascii	"nctions -flto\000"
 354      6F6E7320 
 354      2D666C74 
 354      6F00
 355              	.LASF5:
 356 00c2 6C6F6E67 		.ascii	"long unsigned int\000"
 356      20756E73 
ARM GAS  C:\Users\unyacat\AppData\Local\Temp\cce29wVp.s 			page 12


 356      69676E65 
 356      6420696E 
 356      7400
 357              	.LASF7:
 358 00d4 6C6F6E67 		.ascii	"long long unsigned int\000"
 358      206C6F6E 
 358      6720756E 
 358      7369676E 
 358      65642069 
 359              	.LASF15:
 360 00eb 47656E65 		.ascii	"Generated_Source\\PSoC4\\BLE_HAL_INT.c\000"
 360      72617465 
 360      645F536F 
 360      75726365 
 360      5C50536F 
 361              	.LASF1:
 362 0110 756E7369 		.ascii	"unsigned char\000"
 362      676E6564 
 362      20636861 
 362      7200
 363              	.LASF11:
 364 011e 63686172 		.ascii	"char\000"
 364      00
 365              	.LASF4:
 366 0123 6C6F6E67 		.ascii	"long int\000"
 366      20696E74 
 366      00
 367              	.LASF17:
 368 012c 4379424C 		.ascii	"CyBLE_Bless_Interrupt\000"
 368      455F426C 
 368      6573735F 
 368      496E7465 
 368      72727570 
 369              	.LASF10:
 370 0142 646F7562 		.ascii	"double\000"
 370      6C6500
 371              	.LASF18:
 372 0149 4379426C 		.ascii	"CyBle_BleSSInterruptHandler\000"
 372      655F426C 
 372      65535349 
 372      6E746572 
 372      72757074 
 373              	.LASF3:
 374 0165 73686F72 		.ascii	"short unsigned int\000"
 374      7420756E 
 374      7369676E 
 374      65642069 
 374      6E7400
 375              	.LASF0:
 376 0178 7369676E 		.ascii	"signed char\000"
 376      65642063 
 376      68617200 
 377              	.LASF12:
 378 0184 6C6F6E67 		.ascii	"long double\000"
 378      20646F75 
 378      626C6500 
 379              	.LASF9:
ARM GAS  C:\Users\unyacat\AppData\Local\Temp\cce29wVp.s 			page 13


 380 0190 666C6F61 		.ascii	"float\000"
 380      7400
 381              	.LASF16:
 382 0196 433A5C55 		.ascii	"C:\\Users\\unyacat\\Desktop\\Linebot\\Dynamic Broad"
 382      73657273 
 382      5C756E79 
 382      61636174 
 382      5C446573 
 383 01c4 63617374 		.ascii	"caster\\Dynamic Broadcaster\\Dynamic Broadcaster.cy"
 383      65725C44 
 383      796E616D 
 383      69632042 
 383      726F6164 
 384 01f5 64736E00 		.ascii	"dsn\000"
 385              	.LASF2:
 386 01f9 73686F72 		.ascii	"short int\000"
 386      7420696E 
 386      7400
 387              	.LASF13:
 388 0203 73697A65 		.ascii	"sizetype\000"
 388      74797065 
 388      00
 389              		.comm	__gnu_lto_v1,1,1
 390              		.ident	"GCC: (GNU Tools for ARM Embedded Processors) 5.4.1 20160609 (release) [ARM/embedded-5-bran
