ARM GAS  C:\Users\unyacat\AppData\Local\Temp\ccYODH3E.s 			page 1


   1              		.syntax unified
   2              		.cpu cortex-m0
   3              		.fpu softvfp
   4              		.eabi_attribute 20, 1
   5              		.eabi_attribute 21, 1
   6              		.eabi_attribute 23, 3
   7              		.eabi_attribute 24, 1
   8              		.eabi_attribute 25, 1
   9              		.eabi_attribute 26, 1
  10              		.eabi_attribute 30, 2
  11              		.eabi_attribute 34, 0
  12              		.eabi_attribute 18, 4
  13              		.thumb
  14              		.syntax unified
  15              		.file	"cymetadata.c"
  16              		.text
  17              	.Ltext0:
  18              		.section	.gnu.lto_.profile.9235b370,"",%progbits
  19 0000 789C6361 		.ascii	"x\234ca`\004B \000\000\0009\000\007"
  19      60044220 
  19      00000039 
  19      0007
  20              		.text
  21              		.section	.gnu.lto_.icf.9235b370,"",%progbits
  22 0000 789C6361 		.ascii	"x\234ca`d\000\001\021\006\004`fX\375\342\375&\026\306"
  22      60640001 
  22      11060460 
  22      6658FDE2 
  22      FD2616C6 
  23 0014 2D33FABE 		.ascii	"-3\372\276\2632\255\375\3217\231\221\001\000b\375\010"
  23      B332ADFD 
  23      D1379991 
  23      010062FD 
  23      08
  24 0025 F5       		.ascii	"\365"
  25              		.text
  26              		.section	.gnu.lto_.jmpfuncs.9235b370,"",%progbits
  27 0000 789C6361 		.ascii	"x\234ca`d\000\001&\006d\000\000\000\236\000\010"
  27      60640001 
  27      26066400 
  27      00009E00 
  27      08
  28              		.text
  29              		.section	.gnu.lto_.inline.9235b370,"",%progbits
  30 0000 789C6361 		.ascii	"x\234ca`d\000\001&\006d\000\000\000\236\000\010"
  30      60640001 
  30      26066400 
  30      00009E00 
  30      08
  31              		.text
  32              		.section	.gnu.lto_.pureconst.9235b370,"",%progbits
  33 0000 789C6361 		.ascii	"x\234ca`\004B \000\000\0009\000\007"
  33      60044220 
  33      00000039 
  33      0007
  34              		.text
  35              		.section	.gnu.lto_cy_meta_chipprotect.9235b370,"",%progbits
ARM GAS  C:\Users\unyacat\AppData\Local\Temp\ccYODH3E.s 			page 2


  36 0000 789C6361 		.ascii	"x\234ca`d\000\001] \206\260\030\030\37621n9r\274\215"
  36      60640001 
  36      5D2086B0 
  36      1818FE32 
  36      316E3972 
  37 0016 E30B532B 		.ascii	"\343\013S+3\003##\220\273\360M\313G>\213m\015\035\013"
  37      33032323 
  37      90BBF04D 
  37      CB473E8B 
  37      6D0D1D0B 
  38 002a 1A045A99 		.ascii	"\032\004Z\231\031\031\015e\030\2273\31200\256`\264`"
  38      19190D65 
  38      189733CA 
  38      3030AE60 
  38      B460
  39 003c 0000ABA6 		.ascii	"\000\000\253\246\0175"
  39      0F35
  40              		.text
  41              		.section	.gnu.lto_cy_metadata.9235b370,"",%progbits
  42 0000 789C4D8E 		.ascii	"x\234M\216\321J\002A\024\206\347\314lie+\336\357Kd7"
  42      D14A0241 
  42      1486E7CC 
  42      6C69652B 
  42      DEEF4B64 
  43 0015 BE51AF61 		.ascii	"\276Q\257a\260[\3223\204(\030\246f\273\225m\270W\022"
  43      B05BD233 
  43      842818A6 
  43      66BB956D 
  43      B85712
  44 0028 8574B721 		.ascii	"\205t\267!\021A\210\027\342\225\027!\013b\265\326?\235"
  44      11418817 
  44      E2951721 
  44      0B62B5D6 
  44      3F9D
  45 003a B968E0E3 		.ascii	"\271h\340\343\314w\3763\303\261\004\011}\016P\370&D"
  45      CC77FE33 
  45      C3B10409 
  45      7D0E50F8 
  45      2644
  46 004c 2AC99FF7 		.ascii	"*\311\237\367W\273\211\364\024\232\320\3277\267OZ\211"
  46      57BB89F4 
  46      149AD0D7 
  46      37B74F5A 
  46      89
  47 005d 76A0E947 		.ascii	"v\240\351G\234\346X\267\241\235\360,2\351\026\264\367"
  47      9CE658B7 
  47      A19DF02C 
  47      32E916B4 
  47      F7
  48 006e 303CCAF2 		.ascii	"0<\312\362[\202&'\336Rq\232\201N\277\272\221\315\272"
  48      5B822627 
  48      DE52719A 
  48      814EBFBA 
  48      91CDBA
  49 0081 095D27F1 		.ascii	"\011]'\361D\361pUO?5\242o\363\365\006\2642\034\277\020"
  49      44F17055 
  49      4F3F35A2 
ARM GAS  C:\Users\unyacat\AppData\Local\Temp\ccYODH3E.s 			page 3


  49      6FF3F506 
  49      B4321CBF 
  50 0096 C705E8B3 		.ascii	"\307\005\350\263\033\234\232\277,\350hVws\234\306z\315"
  50      1B9C9ABF 
  50      2CE86856 
  50      77739CC6 
  50      7ACD
  51 00a8 FB45D034 		.ascii	"\373E\3204\217\225^\363\375p-9\266\241\217?\313A\236"
  51      8F955EF3 
  51      FD702D39 
  51      B6A18F3F 
  51      CB419E
  52 00bb 53F95FC5 		.ascii	"S\371_\305\237\216>\203c\273\024\226+\265\362@yJ\322"
  52      9F8E3E83 
  52      63BB1496 
  52      2BB5F240 
  52      794AD2
  53 00ce 9E434D72 		.ascii	"\236CMr\250\350P\210r\013z\340\006\\\203+\020\000\037"
  53      A8E85088 
  53      720B7AE0 
  53      065C832B 
  53      10001F
  54 00e1 5C822EF1 		.ascii	"\\\202.\361\370\005\350\200}\326\266i\267L=\347*\350"
  54      F805E880 
  54      7DD6B669 
  54      B74C3DE7 
  54      2AE8
  55 00f3 8E4AE217 		.ascii	"\216J\342\027\005\014w\375"
  55      050C77FD 
  56              		.text
  57              		.section	.gnu.lto_cy_meta_flashprotect.9235b370,"",%progbits
  58 0000 789C3595 		.ascii	"x\2345\225\347[\323W\024\200\0118\352@;\354\266{\357"
  58      E75BD357 
  58      14800938 
  58      EA403BEC 
  58      B67BEF
  59 0013 AA1D767F 		.ascii	"\252\035v\177m\277\364y\372\337\364S\033d\310P\004\014"
  59      6DBFF479 
  59      FADFF453 
  59      1B64C850 
  59      040C
  60 0025 0565888C 		.ascii	"\005e\210\214\007\220\021\020!&\014\031\262g\000\205"
  60      07901110 
  60      21260C19 
  60      B2670085 
  61 0035 48C86013 		.ascii	"H\310`\023H@\010\204M\357\311\357\205//\257\367w\317"
  61      48400884 
  61      4DEFC9EF 
  61      852F2FAF 
  61      F777CF
  62 0048 3DE7DCC3 		.ascii	"=\347\334\303\365P\210.D~\214'B\370-$d7Tg\\4o\206\373"
  62      F550882E 
  62      447E8C27 
  62      42F82D24 
  62      64375467 
  63 0061 43A3C3D4 		.ascii	"C\243\303\324?*\275\223\347\312>&\252\323\355\213\333"
  63      3F2ABD93 
ARM GAS  C:\Users\unyacat\AppData\Local\Temp\ccYODH3E.s 			page 4


  63      E7CA3E26 
  63      AAD3ED8B 
  63      DB
  64 0072 17C6329E 		.ascii	"\027\3062\236\321|O|\250|\2771L\363]\361\344\210\325"
  64      D17C4F7C 
  64      A87CBF31 
  64      4CF35DF1 
  64      E488D5
  65 0085 22BEDF11 		.ascii	"\"\276\337\021\317_\312\231:\245\371\266x[\254W\037"
  65      CF5FCA99 
  65      3AA5F9B6 
  65      785BAC57 
  65      1F
  66 0096 AEF99678 		.ascii	"\256\371\226x\\\307]\367\021\3157\305c\335\227\207\216"
  66      5CC75DF7 
  66      11CD37C5 
  66      63DD9787 
  66      8E
  67 00a7 6BBE213E 		.ascii	"k\276!>\226>m\324i\036\020\037MsX\211\277.^\227\224"
  67      963E6DD4 
  67      691E101F 
  67      4D735889 
  67      BF2E5E97 
  68 00bc DD4BFC35 		.ascii	"\335K\3745\361\301\314Ks\241\232\373\305#\007V\375\344"
  68      F1C1CC4B 
  68      73A19AFB 
  68      C5230756 
  68      FDE4
  69 00ce B72A7E23 		.ascii	"\267*~#P\335\311\376\025\361}Ow\006\337?\015\372\274"
  69      50DDC9FE 
  69      15F17D4F 
  69      7706DF3F 
  69      0DFABC
  70 00e1 2D8FF565 		.ascii	"-\217\365e\361\200?\306\311\371K\3425\035\321\261\247"
  70      F1803FC6 
  70      C9F94BE2 
  70      351DD1B1 
  70      A7
  71 00f2 35F78977 		.ascii	"5\367\211w\305\031r\251\307\033\254?*\346\214\246\213"
  71      C51972A9 
  71      C71BAC3F 
  71      2AE68CA6 
  71      8B
  72 0103 A21D95BE 		.ascii	"\242\035\225\276\231\243\232/\210Ou\227U\036\326\334"
  72      99A39A2F 
  72      884F7597 
  72      551ED6DC 
  73 0113 231E91D6 		.ascii	"#\036\221\326\323K\370\371`{s\015\005\2074\237\023\357"
  73      D34BF8F9 
  73      607B730D 
  73      0587349F 
  73      13EF
  74 0125 BBEFB193 		.ascii	"\273\357\261\223\316\254\270\251\362\232\217\365\031"
  74      CEACB8A9 
  74      F29A8FF5 
  74      19
  75 0132 71436DA2 		.ascii	"qCm\242\223\365\351`:y\353\315\304\237\022OM\3338\210"
ARM GAS  C:\Users\unyacat\AppData\Local\Temp\ccYODH3E.s 			page 5


  75      93F5E960 
  75      3A79EBCD 
  75      C49F124F 
  75      4DDB3888 
  76 0146 3F29DE60 		.ascii	"?)\336`\213\231\242\335\023\342\315\036{2\337\273\305"
  76      8B99A2DD 
  76      13E2CD1E 
  76      7B32DFBB 
  76      C5
  77 0157 2FD5DA92 		.ascii	"/\325\332\222)\317%\356\2709\344%\2763x\235\255\246"
  77      29CF25EE 
  77      B839E425 
  77      BE33789D 
  77      ADA6
  78 0169 32DAE510 		.ascii	"2\332\345\020\367\257\335K?\241\371\270xI\214-\213\361"
  78      F7AFDD4B 
  78      3FA1F9B8 
  78      78498C2D 
  78      8BF1
  79 017b B007C7A7 		.ascii	"\260\007\307\247d\352\021\347\217\211\337\032\335\254"
  79      64EA11E7 
  79      8F89DF1A 
  79      DDAC
  80 0189 20DE9360 		.ascii	" \336\223`{\323\267\2129\337\026\254\317\235\372\200"
  80      7BD3B78A 
  80      39DF16AC 
  80      CF9DFA80 
  81 0199 F551717D 		.ascii	"\365Qq}bR\006\371\216\210\267\270\252\3668\377\261\270"
  81      625206F9 
  81      8E88B7B8 
  81      AAF638FF 
  81      B1B8
  82 01ab BBE0BA81 		.ascii	"\273\340\272\201\357\037\005\373mLq\234\324|X\334f\321"
  82      EF1F05FB 
  82      6D4C719C 
  82      D47C58DC 
  82      66D1
  83 01bd D773FE90 		.ascii	"\327s\376\220xqNW\003\3671(\376\320m,e\335\032\034\347"
  83      78714E57 
  83      03F73128 
  83      FED06D2C 
  83      65DD1A1C 
  84 01d2 99DB51EC 		.ascii	"\231\333Q\354\037\020\267\334\270\374\247\246\375\301"
  84      1F10B7DC 
  84      B8FCA7A6 
  84      FDC1
  85 01e0 E973B6FD 		.ascii	"\351s\266\375\255i\237\350BCQ\023\273{\305\373\255\201"
  85      AD699FE8 
  85      42435113 
  85      BB7BC5FB 
  85      AD81
  86 01f2 6C86AD47 		.ascii	"l\206\255G\274)P\267H7\273\305K\343\023\255x\227\270"
  86      BC2950B7 
  86      4837BBC5 
  86      4BE313AD 
  86      7897B8
  87 0205 D719D8C5 		.ascii	"\327\031\330\305;\305\023Z\253\333\330\337!\356\271"
ARM GAS  C:\Users\unyacat\AppData\Local\Temp\ccYODH3E.s 			page 6


  87      3BC5135A 
  87      ABDBD8DF 
  87      21EEB9
  88 0214 92D447B5 		.ascii	"\222\324G\265\355\342\256\331\252I\262o\023_\3571\016"
  88      EDE2AED9 
  88      AA49B26F 
  88      135FEF31 
  88      0E
  89 0225 936DAB78 		.ascii	"\223m\253x\246\263\331A7\036\212\257\014{\356\022\277"
  89      A6B3D941 
  89      371E8AAF 
  89      0C7BEE12 
  89      BF
  90 0236 45FC71DD 		.ascii	"E\374q\335\212\205x\315\342f}\3518\373\233\202\335\367"
  90      8A8578CD 
  90      E2667DE9 
  90      38FB9B82 
  90      DDF7
  91 0248 959818E6 		.ascii	"\225\230\030\346F\361\211\310\024=\353\277\311\347I"
  91      46F189C8 
  91      143DEBBF 
  91      C9E749
  92 0257 0D6B84FB 		.ascii	"\015k\204\373UiL\261\275\203l~Qz-\322\361\217f?\313"
  92      55694CB1 
  92      BD836C7E 
  92      517A2DD2 
  92      F18F663F 
  93 026c 627FEA3C 		.ascii	"b\177\352<\177\227?)\255\262m\2140\267?J\037[\347\362"
  93      7F973F29 
  93      ADB26D8C 
  93      30B73F4A 
  93      1F5BE7F2 
  94 0280 48E407A5 		.ascii	"H\344\007\245E3\231\211\234sQ\206r\254>\226\241\370"
  94      45339989 
  94      9C735186 
  94      72AC3E96 
  94      A1F8
  95 0292 5E663075 		.ascii	"^f0uk\020\375N\251sx6\223&}\253td`\342w\315\276Q\226"
  95      6B10FD4E 
  95      A9737836 
  95      93267DAB 
  95      746460E2 
  96 02ab B2B0D44F 		.ascii	"\262\260\324ON\027\224V\317\304\035\2746\347\225\346"
  96      4E179456 
  96      CFC41DBC 
  96      36E795E6 
  97 02bb 3EE8FB57 		.ascii	">\350\373W\263s\312jMum\304\375ZFg\354j\003\243\366"
  97      B373CA6A 
  97      4D756DC4 
  97      FD5A4667 
  97      EC6A03A3 
  98 02d0 95D20AD7 		.ascii	"\225\322\012\327x\004\372\245\322\325Y\223\227S\277"
  98      7804FAA5 
  98      D2D55993 
  98      9753BF
  99 02df 501A9595 		.ascii	"P\032\225\225\324O\001\237+m_\235\033\242\361\237)-"
  99      D44F019F 
ARM GAS  C:\Users\unyacat\AppData\Local\Temp\ccYODH3E.s 			page 7


  99      2B6D5F9D 
  99      1BA2F19F 
  99      292D
 100 02f1 B41A1268 		.ascii	"\264\032\022h\324\247J\267\314\343\271\024\377\211\322"
 100      D4A74AB7 
 100      CCE3B914 
 100      FF89D2
 101 0300 8CD5F179 		.ascii	"\214\325\361y>\376Xi\201\311\366\207f\037\311\225&E"
 101      3EFE5869 
 101      81C9F687 
 101      661FC995 
 101      2645
 102 0312 5CE59C0F 		.ascii	"\\\345\234\017\245\366\306\276Q\262\370@\351F\2355\227"
 102      A5F6C6BE 
 102      51B2F840 
 102      E9469D35 
 102      97
 103 0323 63DF97FB 		.ascii	"c\337\227\373\251X\267\363\361{R|\242)\205\325w\345"
 103      A958B7F3 
 103      F17B527C 
 103      A22985D5 
 103      77E5
 104 0335 291D5BF4 		.ascii	")\035[\364\323\325w\224>\355\2759\311\215\274\255\364"
 104      D3D57794 
 104      3EEDBD39 
 104      C98DBCAD 
 104      F4
 105 0346 7A7EB999 		.ascii	"z~\271\231\326\274%\203\036YR\201\276)\235\232\353\355"
 105      D6BC2583 
 105      1E595281 
 105      BE299D9A 
 105      EBED
 106 0358 A4376F28 		.ascii	"\2447o(\275_\357=\257\331Y\271\256\326f\023c\377\272"
 106      BD5FEF3D 
 106      AFD959B9 
 106      AED66613 
 106      63FFBA
 107 036b D2D9D9DB 		.ascii	"\322\331\331\333\006\316yM\236\204\264\036\033\305\277"
 107      06CE794D 
 107      9E84B41E 
 107      1BC5BF
 108 037a AAD41735 		.ascii	"\252\324\0275\355\342\205xE\372\230\026\035\307\003"
 108      EDE28578 
 108      45FA9816 
 108      1DC703
 109 0389 F1B2D2B5 		.ascii	"\361\262\322\265\315x\037\275xI\351d\341^\032\345\276"
 109      CD781FBD 
 109      7849E964 
 109      E15E1AE5 
 109      BE
 110 039a 2829EF64 		.ascii	"()\357d\231X=#\221\3151[T\360\202\322J\327N\035m}^\312"
 110      99583D23 
 110      91CD315B 
 110      54F082D2 
 110      4AD74E1D 
 111 03b2 6D771C3C 		.ascii	"mw\034<5\317\311\177\004\313=Y\234\373\254\322\362\025"
 111      35CFC97F 
ARM GAS  C:\Users\unyacat\AppData\Local\Temp\ccYODH3E.s 			page 8


 111      04CB3D59 
 111      9CFBACD2 
 111      F215
 112 03c4 7F39914F 		.ascii	"\1779\221O+\335\265G\034\274#\247\224\346y\314-\224"
 112      2BDDB547 
 112      1CBC23A7 
 112      94E679CC 
 112      2D94
 113 03d6 1BAE747B 		.ascii	"\033\256t{\316`#\324I\0311[\224\031=!{\227\007v\251"
 113      CE6023D4 
 113      4919315B 
 113      94193D21 
 113      7B970776 
 114 03eb F7B83C79 		.ascii	"\367\270<y5\005\026V\217I\222\361\321\001\356\344\250"
 114      35051656 
 114      8F4992F1 
 114      D101EEE4 
 114      A8
 115 03fc 3CF8DB65 		.ascii	"<\370\333e\026r>\242\2643\337\262\303\336\303J\255Q"
 115      16723EA2 
 115      B433DFB2 
 115      C3DEC34A 
 115      AD51
 116 040e 1507B37C 		.ascii	"\025\007\263|H\006\177\245\242\220\3250\245\255\373"
 116      48067FA5 
 116      A290D530 
 116      A5ADFB
 117 041d 81463A19 		.ascii	"\201F:\031*\005&\254\337\012\277X\243\217\315\321\353"
 117      2A0526AC 
 117      DF0ABF58 
 117      A38FCDD1 
 117      EB
 118 042e FF8A0E0B 		.ascii	"\377\212\016\013\325\235;\253+\324\235\325\235\327\220"
 118      D59D3BAB 
 118      2BD49DD5 
 118      9DD790
 119 043d 1FAA310F 		.ascii	"\037\2521\017\346\302\3330\007\336\202\0274d\243Y0\023"
 119      E6C2DB30 
 119      07DE8217 
 119      3464A359 
 119      3013
 120 044f 66C09BF0 		.ascii	"f\300\233\360\006L\207i\360?\230\012\015\360:L\201\311"
 120      064C8769 
 120      F03F980A 
 120      0DF03A4C 
 120      81C9
 121 0461 30095E83 		.ascii	"0\011^\203\211\360*\274\002\023`<\214\203\261\3602\214"
 121      89F02ABC 
 121      0213603C 
 121      8C83B1F0 
 121      328C
 122 0473 81D1300A 		.ascii	"\201\3210\012F\302K0\002\352\341\276N\343\036\334\205"
 122      46C24B30 
 122      02EAE1BE 
 122      4EE31EDC 
 122      85
 123 0484 3B701B6E 		.ascii	";p\033n\301M\270\001\003p\035\256A?\\\205+\360)\\\206"
ARM GAS  C:\Users\unyacat\AppData\Local\Temp\ccYODH3E.s 			page 9


 123      C14DB801 
 123      03701DAE 
 123      413F5C85 
 123      2BF0295C 
 124 0499 4BD007BD 		.ascii	"K\320\007\275p\021.@\017\234\207sp\026\316\300i8\005"
 124      70112E40 
 124      0F9C8773 
 124      7016CEC0 
 124      693805
 125 04ac 27E10474 		.ascii	"'\341\004tC\027tB\007\034\207v8\006\237@\033\034\205"
 125      43177442 
 125      071C8776 
 125      38069F40 
 125      1B1C85
 126 04bf 23F0317C 		.ascii	"#\3601|\004\207\341\020\034\204V8\000\373a\037\354\205"
 126      0487E110 
 126      1C845638 
 126      00FB611F 
 126      EC85
 127 04d1 3DB01B76 		.ascii	"=\260\033v\301N\330\001\333a\033l\205\017a\013l\206"
 127      C14ED801 
 127      DB611B6C 
 127      850F610B 
 127      6C86
 128 04e3 4DB0113E 		.ascii	"M\260\021>\200\015\260\036\326\301Zh\201fx\037\232`"
 128      800DB01E 
 128      D6C15A68 
 128      8166781F 
 128      9A60
 129 04f5 0DAC86F7 		.ascii	"\015\254\206\367`\025\274\013+a\0054\302rX\006Ka\011"
 129      6015BC0B 
 129      2B610534 
 129      C2725806 
 129      4B6109
 130 0508 BC038B61 		.ascii	"\274\003\213a\221\306\020]A\350\305\220\377\001p \320"
 130      91C6105D 
 130      41E8C590 
 130      FF017020 
 130      D0
 131 0519 8D       		.ascii	"\215"
 132              		.text
 133              		.section	.gnu.lto_.symbol_nodes.9235b370,"",%progbits
 134 0000 789C6361 		.ascii	"x\234ca`d\260c\000\002V&\206V!\006\275\344\312\344\214"
 134      6064B063 
 134      00025626 
 134      86562106 
 134      BDE4CAE4 
 135 0015 CC8282A2 		.ascii	"\314\202\202\242\374\222\324\344\022\240(##D47\265$"
 135      FC92D4E4 
 135      12A02823 
 135      23443437 
 135      B524
 136 0027 11C86560 		.ascii	"\021\310e`\202p\323r\022\2133\340\252\030\000\373\313"
 136      8270D372 
 136      128B33E0 
 136      AA1800FB 
 136      CB
ARM GAS  C:\Users\unyacat\AppData\Local\Temp\ccYODH3E.s 			page 10


 137 0038 1097     		.ascii	"\020\227"
 138              		.text
 139              		.section	.gnu.lto_.refs.9235b370,"",%progbits
 140 0000 789C6361 		.ascii	"x\234ca`\004B \000\000\0009\000\007"
 140      60044220 
 140      00000039 
 140      0007
 141              		.text
 142              		.section	.gnu.lto_.decls.9235b370,"",%progbits
 143 0000 789CBD54 		.ascii	"x\234\275TkL\024W\024\236\2633<v\026\301P\3224q\323"
 143      6B4C1457 
 143      149EB333 
 143      3C7616C1 
 143      50D23471 
 144 0015 4052131A 		.ascii	"@R\023\032\343ZR\332\232\376jbZ\177\265ib\333_\223L"
 144      E35A52DA 
 144      9AFE6A62 
 144      5A7FB569 
 144      62DB5F93 
 145 002a B6CB209B 		.ascii	"\266\313 \233\300\356f\037MI\232tX%\022[+4\366\001\005"
 145      C0EE661F 
 145      4D499A74 
 145      5825125B 
 145      2B34F601 
 146 003f 414D1505 		.ascii	"AM\025\005\001EE\244\302\252\274DP\336\260\370\000A"
 146      014545A4 
 146      C2AABC44 
 146      50DEB0F8 
 146      0041
 147 0051 655B6B85 		.ascii	"e[k\205\202\025[\201\236{\357\214\342c\351\277Nrw\347"
 147      82155B81 
 147      9E7BEF8C 
 147      E263E9BF 
 147      4E7277E7 
 148 0065 DCF3DD73 		.ascii	"\334\363\335s\316w\276sG\340\200#\317\252(\216\253\301"
 148      CE77BE73 
 148      47E08023 
 148      CFAA288E 
 148      ABC1
 149 0077 D71A7C5F 		.ascii	"\327\032|_\304G\300\377O\270'\037\036W\033\256a\\\241"
 149      C447C0FF 
 149      4FB8271F 
 149      1E571BAE 
 149      615CA1
 150 008a A77C64DF 		.ascii	"\247|d\337\200\313\214\253\225\013\377\014kq\010.\001"
 150      80CB8CAB 
 150      950BFF0C 
 150      6B71082E 
 150      01
 151 009b D7D032D8 		.ascii	"\327\3202\330\320S\330\311e\260\363\006(<W\330\"\362"
 151      D053D8C9 
 151      65B0F306 
 151      283C57D8 
 151      22F2
 152 00ad 0620EFF3 		.ascii	"\006 \357\363Wr\026\014\263\006\210\027!\026\315\236"
 152      5772160C 
 152      B3068817 
ARM GAS  C:\Users\unyacat\AppData\Local\Temp\ccYODH3E.s 			page 11


 152      2116CD9E 
 153 00bd AD35C53C 		.ascii	"\2555\305<3\0054\247\273\212&b\321L\020!\021\315\202"
 153      330534A7 
 153      BB8A2662 
 153      D14C1021 
 153      11CD82
 154 00d0 D09E2951 		.ascii	"\320\236)Q\314S\361\311\337\242\306\267\307\022\334"
 154      CC53F1C9 
 154      DFA2C6B7 
 154      C712DC
 155 00df 2130C341 		.ascii	"!0\303A\300\324P\001\"\376\2563C9\232\010\257\372s\266"
 155      C0D45001 
 155      22FEAE33 
 155      43399A08 
 155      AFFA73B6 
 156 00f3 2A92058B 		.ascii	"*\222\005\213C3\357\372\266>\221\005\233#\356\201\271"
 156      4333EFFA 
 156      B63E9105 
 156      9B23EE81 
 156      B9
 157 0104 D37FC7F0 		.ascii	"\323\177\307\360/\2222\204Z\377\350\236XH6\003\006\003"
 157      2F923284 
 157      5AFFE89E 
 157      58483603 
 157      0603
 158 0116 713FCDA0 		.ascii	"q?\315\240\252\006\016\216\202\010U\300\353\325\027"
 158      AA060E8E 
 158      820855C0 
 158      EBD517
 159 0125 A9987DEA 		.ascii	"\251\230}\352K\262\215\357\321\364\037w\374\352\324"
 159      4BB28DEF 
 159      D1F41F77 
 159      FCEAD4
 160 0134 5E35F225 		.ascii	"^5\362%\016^7\303kf\016\252!\231\27288\202\001kX9\337"
 160      0E5E37C3 
 160      6B660EAA 
 160      2199BA38 
 160      3882016B 
 161 014b 4D763709 		.ascii	"Mv7\011\361\371Z\354w\200\306>\214\376JZ}-\304\353\034"
 161      F1F95AEC 
 161      7780C63E 
 161      8CFE4A5A 
 161      7D2DC4EB 
 162 0160 08BABFFC 		.ascii	"\010\272\277\374\247\035\261I\253J\325\037\023\251\013"
 162      A71DB149 
 162      AB4AD51F 
 162      13A90B
 163 016f B772BAE6 		.ascii	"\267r\272\346\003\261\002\212\007\307 \211\202\352["
 163      03B1028A 
 163      07C72089 
 163      82EA5B
 164 017e FB8FF3FC 		.ascii	"\373\217\363\374\032\332\311\235\245w\213\211\027N\000"
 164      1ADAC99D 
 164      A5778B89 
 164      174E00
 165 018d 0FC741A0 		.ascii	"\017\307A\240\200\312\263\205\035&\376-\01281\367s."
 165      80CAB385 
ARM GAS  C:\Users\unyacat\AppData\Local\Temp\ccYODH3E.s 			page 12


 165      1D26FE2D 
 165      0A3831F7 
 165      732E
 166 019f 10C049E4 		.ascii	"\020\300I\344\003u\210\300\315\321\007\345\357Y*u\276"
 166      037588C0 
 166      CDD107E5 
 166      EF592A75 
 166      BE
 167 01b0 5F3C16E9 		.ascii	"_<\026\351x\311\340nS\370^7\350\275^G\271U\347\3368"
 167      78C9E06E 
 167      53F85E37 
 167      E8BD5E47 
 167      B955E7DE 
 168 01c5 188DBD35 		.ascii	"\030\215\2755\213\260\010\304\376\275\376\301\012f\023"
 168      8BB008C4 
 168      FEBDFEC1 
 168      0A6613
 169 01d4 F7B1C0CC 		.ascii	"\367\261\300\314a\201\177\227\274\033zj\203-FHfM\036"
 169      61817F97 
 169      BC1B7A6A 
 169      832D4648 
 169      664D1E
 170 01e7 6B6A7DF9 		.ascii	"kj}\371\244\252\256\204\000\366\242\021\013?\005\026"
 170      A4AAAE84 
 170      00F6A211 
 170      0B3F0516 
 171 01f7 CC8FE7F0 		.ascii	"\314\217\347\360\3679\215m\302\306bL\202\202\323X\314"
 171      F7398D6D 
 171      C2C6624C 
 171      8282D358 
 171      CC
 172 0208 2FACB507 		.ascii	"/\254\265\007K\313\233W\360\275@\023\334\331u;\217\177"
 172      4BCB9B57 
 172      F0BD4013 
 172      DCD9753B 
 172      8F7F
 173 021a 94E0DE37 		.ascii	"\224\340\3367\346\012\222\340\034&8\3638A\000\302d8"
 173      E60A92E0 
 173      1C2638F3 
 173      384100C2 
 173      6438
 174 022c FBFC0C3F 		.ascii	"\373\374\014?\344\315\33470\361\246\374D<\022\217\035"
 174      E4CDDC37 
 174      30F1A6FC 
 174      443C128F 
 174      1D
 175 023d E1A0994A 		.ascii	"\341\240\231J\327\240KW20\236o\024\265\330\371\377\035"
 175      D7A04B57 
 175      32309E6F 
 175      14B5D8F9 
 175      FF1D
 176 024f BBA4F4D2 		.ascii	"\273\244\364\322\201\210\245\261[\302\307\2762\273\367"
 176      8188A5B1 
 176      5BC2C7BE 
 176      32BBF7
 177 025e 7AC4EA7D 		.ascii	"z\304\352}jM\231:\3267\370\376\364DnY>@+\304\303\001"
 177      6A4D993A 
ARM GAS  C:\Users\unyacat\AppData\Local\Temp\ccYODH3E.s 			page 13


 177      D637F8FE 
 177      F4446E59 
 177      3E402BC4 
 178 0274 468E1D84 		.ascii	"F\216\035\204z\224\227n}\204\202\267\301jr{vV\317\213"
 178      7A94976E 
 178      7D8482B7 
 178      C16A727B 
 178      7656CF8B 
 179 0288 FC5FECDE 		.ascii	"\374_\354\336\315n\317\275\257]\264(4\033\306\273\375"
 179      CD6ECFBD 
 179      AF5DB428 
 179      341BC6BB 
 179      FD
 180 0299 31E1D5EE 		.ascii	"1\341\325\356\320\325>\317*.j\230\355\210`\247\243\321"
 180      D0D53ECF 
 180      2A2E6A98 
 180      ED8860A7 
 180      A3D1
 181 02ab ACFBA3A2 		.ascii	"\254\373\243\242n\005\273Y\001\342>r\262\340\250Q\233"
 181      6E05BB59 
 181      01E23E72 
 181      B2E0A851 
 181      9B
 182 02bc F4803EE9 		.ascii	"\364\200>\351\235\030\355\002\215\326E)u\350\224\366"
 182      9D18ED02 
 182      8DD64529 
 182      75E894F6 
 183 02cc F7171F10 		.ascii	"\367\027\037\020\223\374<\035\365.6\3523\367N\017\000"
 183      93FC3C1D 
 183      F52E36EA 
 183      33F74E0F 
 183      00
 184 02dd 1DF58BDA 		.ascii	"\035\365\213\332\250\267\326\026\374\312\353\343}I\033"
 184      A8B7D616 
 184      FCCAEBE3 
 184      7D491B
 185 02ec EFCE963B 		.ascii	"\357\316\226;\323\221\217F\272\233\215\364?\241]A`\305"
 185      D3918F46 
 185      BA9B8DF4 
 185      3FA15D41 
 185      60C5
 186 02fe C5A0E96F 		.ascii	"\305\240\351o\010\026\304\261\342\306\210{(\270\265"
 186      0816C4B1 
 186      E2C6887B 
 186      28B8B5
 187 030d 5E739BD0 		.ascii	"^s\233\320\334ry\341l\\x\346\003:\363~\306\274)\257"
 187      DC7279E1 
 187      6C5C78E6 
 187      033AF37E 
 187      C6BC29AF 
 188 0321 A1386AE9 		.ascii	"\2418j\351%&s\320\207\360^\012\037\244\324\006tj=\352"
 188      252673D0 
 188      87F05E0A 
 188      1FA4D406 
 188      746A3DEA 
 189 0335 9D33B014 		.ascii	"\2353\260\024\335\262\034\372\324\216\273\2251L\333"
 189      DDB21CFA 
ARM GAS  C:\Users\unyacat\AppData\Local\Temp\ccYODH3E.s 			page 14


 189      D48EBB95 
 189      314CDB
 190 0344 C05C84DF 		.ascii	"\300\\\204\337\010C(k\273&\253v\012z\210\260\355\232"
 190      0843286B 
 190      BB26AB76 
 190      0A7A88B0 
 190      ED9A
 191 0356 B0C354D8 		.ascii	"\260\303T\330k_w\206\"\370\257x*\354\255\366\351\207"
 191      6B5F7786 
 191      22F8AF78 
 191      2AECADF6 
 191      E987
 192 0368 CBDCDB11 		.ascii	"\313\334\333\021\235O%\343\323;\325Ybb\335XI\276\021"
 192      9D4F25E3 
 192      D33BD559 
 192      6262DD58 
 192      49BE11
 193 037b B7CEB76A 		.ascii	"\267\316\267j\337H\225\334\343\262\337F\252\237\371"
 193      DF4895DC 
 193      E3B2DF46 
 193      AA9FF9
 194 038a 665DC168 		.ascii	"f]\301h\227i\264\253\224\300\210N`\242d\333xdR\031S"
 194      9769B4AB 
 194      94C0884E 
 194      60A264DB 
 194      78645219 
 195 039f F22A5372 		.ascii	"\362*Sr\337\303\306j\201*yMS\362P\317\325I\243\256\344"
 195      DFC3C66A 
 195      812A794D 
 195      53F250CF 
 195      D549A3AE 
 196 03b4 A8A664DD 		.ascii	"\250\246d\335\205\266\306\307J\2161%\365j\342\265j\346"
 196      85B6C6C7 
 196      4A8E3125 
 196      F56AE2B5 
 196      6AE6
 197 03c6 076F3783 		.ascii	"\007o7\203V\035\231\273C\373\306v\033\231\177\221\340"
 197      561D99BB 
 197      43FBC676 
 197      1B997F91 
 197      E0
 198 03d7 2F76CEB8 		.ascii	"/v\316\270\303S\277\251S\277\301\250\227uw\3542>-\345"
 198      C353BFA9 
 198      53BFC1A8 
 198      977577EC 
 198      323E2DE5 
 199 03eb 04C2C729 		.ascii	"\004\302\307)\374\026\345vS\347\366\375\211\311\306"
 199      FC16E576 
 199      53E7F6FD 
 199      89C9C6
 200 03fa 67A40C8B 		.ascii	"g\244\014\213.\374v\273j\322\244\\\020P\312I\2242\250"
 200      2EFC76BB 
 200      6AD2A45C 
 200      1050CA49 
 200      9432A8
 201 040d 49A99D82 		.ascii	"I\251\235\202\353D\312\240&e\010Vs/\330\262\345,\305"
 201      EB44CAA0 
ARM GAS  C:\Users\unyacat\AppData\Local\Temp\ccYODH3E.s 			page 15


 201      26650856 
 201      732FD8B2 
 201      E52CC5
 202 0420 6B956D19 		.ascii	"k\225m\031v\227\313\355\364*6\257`\313\260\272\343,"
 202      7697CBED 
 202      F42A36AF 
 202      60CBB0BA 
 202      E32C
 203 0432 B6EC257B 		.ascii	"\266\354%{\234I\226=\370ow:dY\360y\224\264\350\215\037"
 203      9C49963D 
 203      F86F773A 
 203      6459F079 
 203      94B4E88D 
 204 0447 7C9CB821 		.ascii	"|\234\270!%\2053\312\262\317\356\360\256\227\2759`{"
 204      258533CA 
 204      B2CFEEF0 
 204      AE97BD39 
 204      607B
 205 0459 5BC2039B 		.ascii	"[\302\003\233\335\326\254\304t{\246\342IL\376|\375\233"
 205      DDD6ACC4 
 205      747BA6E2 
 205      494CFE7C 
 205      FD9B
 206 046b AF4AB66C 		.ascii	"\257J\266l\227[\361x$\227\307iK\264\271\025\253\327"
 206      975BF178 
 206      2497C769 
 206      4BB4B915 
 206      ABD7
 207 047d E996522D 		.ascii	"\351\226R-\251On\330\263\\N\267W\332\354\360IVw\226"
 207      A94F6ED8 
 207      B35C4EB7 
 207      57DAECF0 
 207      49567796 
 208 0491 F48625D5 		.ascii	"\364\206%\325\222B\336\326:\234\016e\255b\375\324.\331"
 208      9242DED6 
 208      3A9C0E65 
 208      AD62FDD4 
 208      2ED9
 209 04a3 1DB64C5F 		.ascii	"\035\266L_\232\"eY\2616\207\"\311iJ\272\325\227\351"
 209      9A226559 
 209      B1368722 
 209      C9694ABA 
 209      D597E9
 210 04b6 95BDD92E 		.ascii	"\225\275\331.\305c\311\340\242\264R>\373\277*\361d{"
 210      C563C9E0 
 210      A2B4523E 
 210      FBBF2AF1 
 210      647B
 211 04c8 24D9E34D 		.ascii	"$\331\343M\303\264\230\376\225\215\212Cq[\275J\232\274"
 211      C3B498FE 
 211      958D8A43 
 211      715BBD4A 
 211      9ABC
 212 04da C9E973DB 		.ascii	"\311\351s\333\024\351\303M\316\015\251\230\22649\315"
 212      14E9C34D 
 212      CE0DA998 
 212      963439CD 
ARM GAS  C:\Users\unyacat\AppData\Local\Temp\ccYODH3E.s 			page 16


 213 04ea EAB55A6C 		.ascii	"\352\265Zl\234I\35391\243-\314\305%\350B\244gZ=\031"
 213      9C49EB39 
 213      31A32DCC 
 213      C525E842 
 213      A4675A3D 
 214 04ff 5AD757A2 		.ascii	"Z\327W\242w\251\315\375\013\334\344\311&"
 214      77A9CDFD 
 214      0BDCE4C9 
 214      26
 215              		.text
 216              		.section	.gnu.lto_.symtab.9235b370,"",%progbits
 217 0000 63795F6D 		.ascii	"cy_meta_chipprotect\000"
 217      6574615F 
 217      63686970 
 217      70726F74 
 217      65637400 
 218 0014 00       		.ascii	"\000"
 219 0015 00       		.ascii	"\000"
 220 0016 00       		.ascii	"\000"
 221 0017 00000000 		.ascii	"\000\000\000\000\000\000\000\000"
 221      00000000 
 222 001f C7000000 		.ascii	"\307\000\000\000"
 223 0023 63795F6D 		.ascii	"cy_metadata\000"
 223      65746164 
 223      61746100 
 224 002f 00       		.ascii	"\000"
 225 0030 00       		.ascii	"\000"
 226 0031 00       		.ascii	"\000"
 227 0032 00000000 		.ascii	"\000\000\000\000\000\000\000\000"
 227      00000000 
 228 003a D8000000 		.ascii	"\330\000\000\000"
 229 003e 63795F6D 		.ascii	"cy_meta_flashprotect\000"
 229      6574615F 
 229      666C6173 
 229      6870726F 
 229      74656374 
 230 0053 00       		.ascii	"\000"
 231 0054 00       		.ascii	"\000"
 232 0055 00       		.ascii	"\000"
 233 0056 00000000 		.ascii	"\000\000\000\000\000\000\000\000"
 233      00000000 
 234 005e E8000000 		.ascii	"\350\000\000\000"
 235              		.text
 236              		.section	.gnu.lto_.opts,"",%progbits
 237 0000 272D666D 		.ascii	"'-fmath-errno' '-fsigned-zeros' '-ftrapping-math' '"
 237      6174682D 
 237      6572726E 
 237      6F272027 
 237      2D667369 
 238 0033 2D666E6F 		.ascii	"-fno-trapv' '-fno-openmp' '-fno-openacc' '-mcpu=cor"
 238      2D747261 
 238      70762720 
 238      272D666E 
 238      6F2D6F70 
 239 0066 7465782D 		.ascii	"tex-m0' '-mthumb' '-g' '-O3' '-ffunction-sections' "
 239      6D302720 
 239      272D6D74 
ARM GAS  C:\Users\unyacat\AppData\Local\Temp\ccYODH3E.s 			page 17


 239      68756D62 
 239      2720272D 
 240 0099 272D6666 		.ascii	"'-ffat-lto-objects' '-finline-functions' '-flto'\000"
 240      61742D6C 
 240      746F2D6F 
 240      626A6563 
 240      74732720 
 241              		.text
 242              		.cfi_sections	.debug_frame
 243              		.global	cy_meta_chipprotect
 244              		.global	cy_metadata
 245              		.global	cy_meta_flashprotect
 246              		.section	.cychipprotect,"a",%progbits
 247              		.align	2
 248              		.type	cy_meta_chipprotect, %object
 249              		.size	cy_meta_chipprotect, 1
 250              	cy_meta_chipprotect:
 251 0000 01       		.byte	1
 252              		.section	.cymeta,"a",%progbits
 253              		.align	2
 254              		.type	cy_metadata, %object
 255              		.size	cy_metadata, 12
 256              	cy_metadata:
 257 0000 00       		.byte	0
 258 0001 02       		.byte	2
 259 0002 0E       		.byte	14
 260 0003 50       		.byte	80
 261 0004 11       		.byte	17
 262 0005 9E       		.byte	-98
 263 0006 00       		.byte	0
 264 0007 01       		.byte	1
 265 0008 00       		.byte	0
 266 0009 00       		.byte	0
 267 000a 00       		.byte	0
 268 000b 00       		.byte	0
 269              		.section	.cyflashprotect,"a",%progbits
 270              		.align	2
 271              		.type	cy_meta_flashprotect, %object
 272              		.size	cy_meta_flashprotect, 128
 273              	cy_meta_flashprotect:
 274 0000 00000000 		.space	128
 274      00000000 
 274      00000000 
 274      00000000 
 274      00000000 
 275              		.text
 276              	.Letext0:
 277              		.file 1 "c:\\program files (x86)\\cypress\\psoc creator\\4.4\\psoc creator\\import\\gnu\\arm\\5.4.
 278              		.file 2 "c:\\program files (x86)\\cypress\\psoc creator\\4.4\\psoc creator\\import\\gnu\\arm\\5.4.
 279              		.file 3 "Generated_Source\\PSoC4\\cymetadata.c"
 280              		.section	.debug_info,"",%progbits
 281              	.Ldebug_info0:
 282 0000 F4000000 		.4byte	0xf4
 283 0004 0400     		.2byte	0x4
 284 0006 00000000 		.4byte	.Ldebug_abbrev0
 285 000a 04       		.byte	0x4
 286 000b 01       		.uleb128 0x1
ARM GAS  C:\Users\unyacat\AppData\Local\Temp\ccYODH3E.s 			page 18


 287 000c 81000000 		.4byte	.LASF15
 288 0010 0C       		.byte	0xc
 289 0011 38000000 		.4byte	.LASF16
 290 0015 69010000 		.4byte	.LASF17
 291 0019 00000000 		.4byte	.Ldebug_line0
 292 001d 02       		.uleb128 0x2
 293 001e 01       		.byte	0x1
 294 001f 06       		.byte	0x6
 295 0020 F6010000 		.4byte	.LASF0
 296 0024 03       		.uleb128 0x3
 297 0025 00000000 		.4byte	.LASF9
 298 0029 01       		.byte	0x1
 299 002a 1D       		.byte	0x1d
 300 002b 2F000000 		.4byte	0x2f
 301 002f 02       		.uleb128 0x2
 302 0030 01       		.byte	0x1
 303 0031 08       		.byte	0x8
 304 0032 2A000000 		.4byte	.LASF1
 305 0036 02       		.uleb128 0x2
 306 0037 02       		.byte	0x2
 307 0038 05       		.byte	0x5
 308 0039 E3010000 		.4byte	.LASF2
 309 003d 02       		.uleb128 0x2
 310 003e 02       		.byte	0x2
 311 003f 07       		.byte	0x7
 312 0040 6E000000 		.4byte	.LASF3
 313 0044 02       		.uleb128 0x2
 314 0045 04       		.byte	0x4
 315 0046 05       		.byte	0x5
 316 0047 ED010000 		.4byte	.LASF4
 317 004b 02       		.uleb128 0x2
 318 004c 04       		.byte	0x4
 319 004d 07       		.byte	0x7
 320 004e 5C000000 		.4byte	.LASF5
 321 0052 02       		.uleb128 0x2
 322 0053 08       		.byte	0x8
 323 0054 05       		.byte	0x5
 324 0055 D5010000 		.4byte	.LASF6
 325 0059 02       		.uleb128 0x2
 326 005a 08       		.byte	0x8
 327 005b 07       		.byte	0x7
 328 005c 35010000 		.4byte	.LASF7
 329 0060 04       		.uleb128 0x4
 330 0061 04       		.byte	0x4
 331 0062 05       		.byte	0x5
 332 0063 696E7400 		.ascii	"int\000"
 333 0067 02       		.uleb128 0x2
 334 0068 04       		.byte	0x4
 335 0069 07       		.byte	0x7
 336 006a 28010000 		.4byte	.LASF8
 337 006e 03       		.uleb128 0x3
 338 006f 4C010000 		.4byte	.LASF10
 339 0073 02       		.byte	0x2
 340 0074 18       		.byte	0x18
 341 0075 24000000 		.4byte	0x24
 342 0079 05       		.uleb128 0x5
 343 007a 90000000 		.4byte	0x90
ARM GAS  C:\Users\unyacat\AppData\Local\Temp\ccYODH3E.s 			page 19


 344 007e 89000000 		.4byte	0x89
 345 0082 06       		.uleb128 0x6
 346 0083 89000000 		.4byte	0x89
 347 0087 7F       		.byte	0x7f
 348 0088 00       		.byte	0
 349 0089 02       		.uleb128 0x2
 350 008a 04       		.byte	0x4
 351 008b 07       		.byte	0x7
 352 008c CC010000 		.4byte	.LASF11
 353 0090 07       		.uleb128 0x7
 354 0091 6E000000 		.4byte	0x6e
 355 0095 08       		.uleb128 0x8
 356 0096 54010000 		.4byte	.LASF12
 357 009a 03       		.byte	0x3
 358 009b 1F       		.byte	0x1f
 359 009c A6000000 		.4byte	0xa6
 360 00a0 05       		.uleb128 0x5
 361 00a1 03       		.byte	0x3
 362 00a2 00000000 		.4byte	cy_meta_flashprotect
 363 00a6 07       		.uleb128 0x7
 364 00a7 79000000 		.4byte	0x79
 365 00ab 05       		.uleb128 0x5
 366 00ac 90000000 		.4byte	0x90
 367 00b0 BB000000 		.4byte	0xbb
 368 00b4 06       		.uleb128 0x6
 369 00b5 89000000 		.4byte	0x89
 370 00b9 0B       		.byte	0xb
 371 00ba 00       		.byte	0
 372 00bb 08       		.uleb128 0x8
 373 00bc 1E000000 		.4byte	.LASF13
 374 00c0 03       		.byte	0x3
 375 00c1 3C       		.byte	0x3c
 376 00c2 CC000000 		.4byte	0xcc
 377 00c6 05       		.uleb128 0x5
 378 00c7 03       		.byte	0x3
 379 00c8 00000000 		.4byte	cy_metadata
 380 00cc 07       		.uleb128 0x7
 381 00cd AB000000 		.4byte	0xab
 382 00d1 05       		.uleb128 0x5
 383 00d2 90000000 		.4byte	0x90
 384 00d6 E1000000 		.4byte	0xe1
 385 00da 06       		.uleb128 0x6
 386 00db 89000000 		.4byte	0x89
 387 00df 00       		.byte	0
 388 00e0 00       		.byte	0
 389 00e1 08       		.uleb128 0x8
 390 00e2 0A000000 		.4byte	.LASF14
 391 00e6 03       		.byte	0x3
 392 00e7 4B       		.byte	0x4b
 393 00e8 F2000000 		.4byte	0xf2
 394 00ec 05       		.uleb128 0x5
 395 00ed 03       		.byte	0x3
 396 00ee 00000000 		.4byte	cy_meta_chipprotect
 397 00f2 07       		.uleb128 0x7
 398 00f3 D1000000 		.4byte	0xd1
 399 00f7 00       		.byte	0
 400              		.section	.debug_abbrev,"",%progbits
ARM GAS  C:\Users\unyacat\AppData\Local\Temp\ccYODH3E.s 			page 20


 401              	.Ldebug_abbrev0:
 402 0000 01       		.uleb128 0x1
 403 0001 11       		.uleb128 0x11
 404 0002 01       		.byte	0x1
 405 0003 25       		.uleb128 0x25
 406 0004 0E       		.uleb128 0xe
 407 0005 13       		.uleb128 0x13
 408 0006 0B       		.uleb128 0xb
 409 0007 03       		.uleb128 0x3
 410 0008 0E       		.uleb128 0xe
 411 0009 1B       		.uleb128 0x1b
 412 000a 0E       		.uleb128 0xe
 413 000b 10       		.uleb128 0x10
 414 000c 17       		.uleb128 0x17
 415 000d 00       		.byte	0
 416 000e 00       		.byte	0
 417 000f 02       		.uleb128 0x2
 418 0010 24       		.uleb128 0x24
 419 0011 00       		.byte	0
 420 0012 0B       		.uleb128 0xb
 421 0013 0B       		.uleb128 0xb
 422 0014 3E       		.uleb128 0x3e
 423 0015 0B       		.uleb128 0xb
 424 0016 03       		.uleb128 0x3
 425 0017 0E       		.uleb128 0xe
 426 0018 00       		.byte	0
 427 0019 00       		.byte	0
 428 001a 03       		.uleb128 0x3
 429 001b 16       		.uleb128 0x16
 430 001c 00       		.byte	0
 431 001d 03       		.uleb128 0x3
 432 001e 0E       		.uleb128 0xe
 433 001f 3A       		.uleb128 0x3a
 434 0020 0B       		.uleb128 0xb
 435 0021 3B       		.uleb128 0x3b
 436 0022 0B       		.uleb128 0xb
 437 0023 49       		.uleb128 0x49
 438 0024 13       		.uleb128 0x13
 439 0025 00       		.byte	0
 440 0026 00       		.byte	0
 441 0027 04       		.uleb128 0x4
 442 0028 24       		.uleb128 0x24
 443 0029 00       		.byte	0
 444 002a 0B       		.uleb128 0xb
 445 002b 0B       		.uleb128 0xb
 446 002c 3E       		.uleb128 0x3e
 447 002d 0B       		.uleb128 0xb
 448 002e 03       		.uleb128 0x3
 449 002f 08       		.uleb128 0x8
 450 0030 00       		.byte	0
 451 0031 00       		.byte	0
 452 0032 05       		.uleb128 0x5
 453 0033 01       		.uleb128 0x1
 454 0034 01       		.byte	0x1
 455 0035 49       		.uleb128 0x49
 456 0036 13       		.uleb128 0x13
 457 0037 01       		.uleb128 0x1
ARM GAS  C:\Users\unyacat\AppData\Local\Temp\ccYODH3E.s 			page 21


 458 0038 13       		.uleb128 0x13
 459 0039 00       		.byte	0
 460 003a 00       		.byte	0
 461 003b 06       		.uleb128 0x6
 462 003c 21       		.uleb128 0x21
 463 003d 00       		.byte	0
 464 003e 49       		.uleb128 0x49
 465 003f 13       		.uleb128 0x13
 466 0040 2F       		.uleb128 0x2f
 467 0041 0B       		.uleb128 0xb
 468 0042 00       		.byte	0
 469 0043 00       		.byte	0
 470 0044 07       		.uleb128 0x7
 471 0045 26       		.uleb128 0x26
 472 0046 00       		.byte	0
 473 0047 49       		.uleb128 0x49
 474 0048 13       		.uleb128 0x13
 475 0049 00       		.byte	0
 476 004a 00       		.byte	0
 477 004b 08       		.uleb128 0x8
 478 004c 34       		.uleb128 0x34
 479 004d 00       		.byte	0
 480 004e 03       		.uleb128 0x3
 481 004f 0E       		.uleb128 0xe
 482 0050 3A       		.uleb128 0x3a
 483 0051 0B       		.uleb128 0xb
 484 0052 3B       		.uleb128 0x3b
 485 0053 0B       		.uleb128 0xb
 486 0054 49       		.uleb128 0x49
 487 0055 13       		.uleb128 0x13
 488 0056 3F       		.uleb128 0x3f
 489 0057 19       		.uleb128 0x19
 490 0058 02       		.uleb128 0x2
 491 0059 18       		.uleb128 0x18
 492 005a 00       		.byte	0
 493 005b 00       		.byte	0
 494 005c 00       		.byte	0
 495              		.section	.debug_aranges,"",%progbits
 496 0000 14000000 		.4byte	0x14
 497 0004 0200     		.2byte	0x2
 498 0006 00000000 		.4byte	.Ldebug_info0
 499 000a 04       		.byte	0x4
 500 000b 00       		.byte	0
 501 000c 0000     		.2byte	0
 502 000e 0000     		.2byte	0
 503 0010 00000000 		.4byte	0
 504 0014 00000000 		.4byte	0
 505              		.section	.debug_line,"",%progbits
 506              	.Ldebug_line0:
 507 0000 3D010000 		.section	.debug_str,"MS",%progbits,1
 507      02003701 
 507      00000201 
 507      FB0E0D00 
 507      01010101 
 508              	.LASF9:
 509 0000 5F5F7569 		.ascii	"__uint8_t\000"
 509      6E74385F 
ARM GAS  C:\Users\unyacat\AppData\Local\Temp\ccYODH3E.s 			page 22


 509      7400
 510              	.LASF14:
 511 000a 63795F6D 		.ascii	"cy_meta_chipprotect\000"
 511      6574615F 
 511      63686970 
 511      70726F74 
 511      65637400 
 512              	.LASF13:
 513 001e 63795F6D 		.ascii	"cy_metadata\000"
 513      65746164 
 513      61746100 
 514              	.LASF1:
 515 002a 756E7369 		.ascii	"unsigned char\000"
 515      676E6564 
 515      20636861 
 515      7200
 516              	.LASF16:
 517 0038 47656E65 		.ascii	"Generated_Source\\PSoC4\\cymetadata.c\000"
 517      72617465 
 517      645F536F 
 517      75726365 
 517      5C50536F 
 518              	.LASF5:
 519 005c 6C6F6E67 		.ascii	"long unsigned int\000"
 519      20756E73 
 519      69676E65 
 519      6420696E 
 519      7400
 520              	.LASF3:
 521 006e 73686F72 		.ascii	"short unsigned int\000"
 521      7420756E 
 521      7369676E 
 521      65642069 
 521      6E7400
 522              	.LASF15:
 523 0081 474E5520 		.ascii	"GNU C11 5.4.1 20160609 (release) [ARM/embedded-5-br"
 523      43313120 
 523      352E342E 
 523      31203230 
 523      31363036 
 524 00b4 616E6368 		.ascii	"anch revision 237715] -mcpu=cortex-m0 -mthumb -g -O"
 524      20726576 
 524      6973696F 
 524      6E203233 
 524      37373135 
 525 00e7 33202D66 		.ascii	"3 -ffunction-sections -ffat-lto-objects -finline-fu"
 525      66756E63 
 525      74696F6E 
 525      2D736563 
 525      74696F6E 
 526 011a 6E637469 		.ascii	"nctions -flto\000"
 526      6F6E7320 
 526      2D666C74 
 526      6F00
 527              	.LASF8:
 528 0128 756E7369 		.ascii	"unsigned int\000"
 528      676E6564 
ARM GAS  C:\Users\unyacat\AppData\Local\Temp\ccYODH3E.s 			page 23


 528      20696E74 
 528      00
 529              	.LASF7:
 530 0135 6C6F6E67 		.ascii	"long long unsigned int\000"
 530      206C6F6E 
 530      6720756E 
 530      7369676E 
 530      65642069 
 531              	.LASF10:
 532 014c 75696E74 		.ascii	"uint8_t\000"
 532      385F7400 
 533              	.LASF12:
 534 0154 63795F6D 		.ascii	"cy_meta_flashprotect\000"
 534      6574615F 
 534      666C6173 
 534      6870726F 
 534      74656374 
 535              	.LASF17:
 536 0169 433A5C55 		.ascii	"C:\\Users\\unyacat\\Desktop\\Linebot\\Dynamic Broad"
 536      73657273 
 536      5C756E79 
 536      61636174 
 536      5C446573 
 537 0197 63617374 		.ascii	"caster\\Dynamic Broadcaster\\Dynamic Broadcaster.cy"
 537      65725C44 
 537      796E616D 
 537      69632042 
 537      726F6164 
 538 01c8 64736E00 		.ascii	"dsn\000"
 539              	.LASF11:
 540 01cc 73697A65 		.ascii	"sizetype\000"
 540      74797065 
 540      00
 541              	.LASF6:
 542 01d5 6C6F6E67 		.ascii	"long long int\000"
 542      206C6F6E 
 542      6720696E 
 542      7400
 543              	.LASF2:
 544 01e3 73686F72 		.ascii	"short int\000"
 544      7420696E 
 544      7400
 545              	.LASF4:
 546 01ed 6C6F6E67 		.ascii	"long int\000"
 546      20696E74 
 546      00
 547              	.LASF0:
 548 01f6 7369676E 		.ascii	"signed char\000"
 548      65642063 
 548      68617200 
 549              		.comm	__gnu_lto_v1,1,1
 550              		.ident	"GCC: (GNU Tools for ARM Embedded Processors) 5.4.1 20160609 (release) [ARM/embedded-5-bran
