ARM GAS  C:\Users\unyacat\AppData\Local\Temp\ccWaHfD0.s 			page 1


   1              		.syntax unified
   2              		.cpu cortex-m0
   3              		.fpu softvfp
   4              		.eabi_attribute 20, 1
   5              		.eabi_attribute 21, 1
   6              		.eabi_attribute 23, 3
   7              		.eabi_attribute 24, 1
   8              		.eabi_attribute 25, 1
   9              		.eabi_attribute 26, 1
  10              		.eabi_attribute 30, 2
  11              		.eabi_attribute 34, 0
  12              		.eabi_attribute 18, 4
  13              		.thumb
  14              		.syntax unified
  15              		.file	"Hibernate_LED.c"
  16              		.text
  17              	.Ltext0:
  18              		.section	.gnu.lto_.profile.92359995,"",%progbits
  19 0000 789C6361 		.ascii	"x\234ca`d`a`\000\222\352\212\000\000\331\000S"
  19      60646061 
  19      600092EA 
  19      8A0000D9 
  19      0053
  20              		.text
  21              		.section	.gnu.lto_.icf.92359995,"",%progbits
  22 0000 789C6361 		.ascii	"x\234ca`d\000\001U\006\004`c\230\373\260\367'\037\343"
  22      60640001 
  22      55060460 
  22      6398FBB0 
  22      F7271FE3 
  23 0014 DC79D73F 		.ascii	"\334y\327?s0\315\231|f-\023\363\225\333]\305,\273\016"
  23      7330CD99 
  23      7C662D13 
  23      F395DB5D 
  23      C52CBB0E 
  24 0028 FDBEC4C7 		.ascii	"\375\276\304\307:\245\343\331\006n\006\000Uy\021\311"
  24      3AA5E3D9 
  24      066E0600 
  24      557911C9 
  25              		.text
  26              		.section	.gnu.lto_.jmpfuncs.92359995,"",%progbits
  27 0000 789C45C9 		.ascii	"x\234E\311\261\001\000 \010\300\260\026\320+\374\225"
  27      B1010020 
  27      08C0B016 
  27      D02BFC95 
  28 0010 D795C90C 		.ascii	"\327\225\311\014]Z\3108|\033\265\235\004$Thv\257\367"
  28      5D5AC838 
  28      7C1BB59D 
  28      04245468 
  28      76AFF7
  29 0023 2E215502 		.ascii	".!U\002@"
  29      40
  30              		.text
  31              		.section	.gnu.lto_.inline.92359995,"",%progbits
  32 0000 789C658D 		.ascii	"x\234e\215\311\015\2000\014\004\327\216\343\030\011"
  32      C90D8030 
  32      0C04D78E 
ARM GAS  C:\Users\unyacat\AppData\Local\Temp\ccWaHfD0.s 			page 2


  32      E31809
  33 000f 093A4807 		.ascii	"\011:H\007\224@\245<R\012%P\012%`\203\004B\231\307>"
  33      9440A53C 
  33      520A2550 
  33      0A256083 
  33      044299C7 
  34 0024 767C0808 		.ascii	"v|\010\010\301\206\017\005\254\020\301\\%\333Wh\253"
  34      C1860F05 
  34      AC10C15C 
  34      25DB5768 
  34      AB
  35 0035 0C3E2609 		.ascii	"\014>&\011K\030\254\223\322\352-\031\232\011\254\347"
  35      4B18AC93 
  35      D2EA2D19 
  35      9A09ACE7 
  36 0045 F2F44EEA 		.ascii	"\362\364N\352+\211\023\214\331OP\204\374\237x\2141\226"
  36      2B89138C 
  36      D94F5084 
  36      FC9F788C 
  36      3196
  37 0057 51D4375F 		.ascii	"Q\3247_\031\\\353\300\017\342"
  37      195CEBC0 
  37      0FE2
  38              		.text
  39              		.section	.gnu.lto_.pureconst.92359995,"",%progbits
  40 0000 789C6361 		.ascii	"x\234ca`d\340e```c\220b\224b\222b\226b\221b\225\002"
  40      6064E065 
  40      60606063 
  40      90629462 
  40      92629662 
  41 0018 00059500 		.ascii	"\000\005\225\000\304"
  41      C4
  42              		.text
  43              		.section	.gnu.lto_Hibernate_LED_SetDriveMode.92359995,"",%progbits
  44 0000 789C7D51 		.ascii	"x\234}Q=KcA\024\275g\346\345\305E\\[\301\024v![\210"
  44      3D4B6341 
  44      14BD67E6 
  44      E5C5455C 
  44      5BC11476 
  45 0017 A0FF4065 		.ascii	"\240\377@e\267\260\020m\025q\365\025[h h\235I^\036\312"
  45      B7B0106D 
  45      1571F515 
  45      5B682068 
  45      9D495E1E 
  46 002c 5682AC60 		.ascii	"V\202\254`!V\342wt\021\014\"B\310\242\245\202\205\273"
  46      2156E277 
  46      74110C22 
  46      42C8A2A5 
  46      8285BB
  47 003f 5514C107 		.ascii	"U\024\301\007Z%\232\205EV\237\367\276\244v`\356\275"
  47      5A259A85 
  47      45569FF7 
  47      BEA47660 
  47      EEBD
  48 0051 7338E770 		.ascii	"s8\347pf\306\"\220\254_\334:\271\267\363\206&\250\205"
  48      66C62290 
  48      AC5FDC3A 
ARM GAS  C:\Users\unyacat\AppData\Local\Temp\ccWaHfD0.s 			page 3


  48      B9B7F386 
  48      26A885
  49 0064 73A24C93 		.ascii	"s\242L\223\002d0M\240\264B\032\177\325\213Bi\316?R\211"
  49      0264304D 
  49      A0B4421A 
  49      7FD58B42 
  49      69CE3F52 
  50 0079 75C3EBC6 		.ascii	"u\303\353\306\363\0073\306k\3634Q\240B'\302:\022\314"
  50      F30733C6 
  50      6BF33451 
  50      A04227C2 
  50      3A12CC
  51 008c 7A3A585B 		.ascii	"z:X[l\326\237@<W\317+\345\217\3615c\262\306\024F\215"
  51      6CD69F40 
  51      3C57CF2B 
  51      E58FF135 
  51      63B2C614 
  52 00a2 F634B001 		.ascii	"\3664\260\001\315\012t\307\320\025#\006\010\233\210"
  52      CD0A74C7 
  52      D0152306 
  52      089B88
  53 00b1 0BF9F6E7 		.ascii	"\013\371\366\347\353\217\026;'\366\035uSl\301\226\230"
  53      EB8F163B 
  53      27F61D75 
  53      536CC196 
  53      98
  54 00c2 7B434513 		.ascii	"{CE\023\004\256)\036\330\247\207\366\007\3052\245\245"
  54      04AE291E 
  54      D8A787F6 
  54      07C532A5 
  54      A5
  55 00d3 58107144 		.ascii	"X\020qDF[JT\012Q\205\267\304\257*%]\373(=\177\277Z\266"
  55      465B4A54 
  55      0A5185B7 
  55      C4AF2A25 
  55      5DFB283D 
  56 00eb C5CFD572 		.ascii	"\305\317\325r\225%\257t\021\255)O\3530\347\346\375\357"
  56      9525AF74 
  56      11AD294F 
  56      EB30E7E6 
  56      FDEF
  57 00fd 9396FA71 		.ascii	"\223\226\372q\336,\030\213\241\313\362\361\265^\305"
  57      DE2C188B 
  57      A1CBF2F1 
  57      B55EC5
  58 010c 4A26074F 		.ascii	"J&\007O[\330A\014\333\210q\246]\254\202|\270\377\033"
  58      5BD8410C 
  58      DB8871A6 
  58      5DAC827C 
  58      B8FF1B
  59 011f 76BAEEB8 		.ascii	"v\272\356\270u\367g\037b\241\020\004\325\240\025yf\373"
  59      75F7671F 
  59      62A11004 
  59      D5A01579 
  59      66FB
  60 0131 C83E46EB 		.ascii	"\310>F\353\264\210\253-\221U\0322\201X\226\177\254\345"
  60      B488AB2D 
ARM GAS  C:\Users\unyacat\AppData\Local\Temp\ccWaHfD0.s 			page 4


  60      91551A32 
  60      8158967F 
  60      ACE5
  61 0143 6D9145D0 		.ascii	"m\221E\320\212\275P\342\376kP\242\241\271\315Pi\011"
  61      8ABD50E2 
  61      FE6B50A2 
  61      A1B9CD50 
  61      6909
  62 0155 02BD176B 		.ascii	"\002\275\027k\237c\261\204\036\220-\026\316\224\320"
  62      9F63B184 
  62      1E902D16 
  62      CE94D0
  63 0164 C35FA928 		.ascii	"\303_\251(\310\033\360\213\304?;\323Nj|\306\231\034"
  63      C81BF08B 
  63      C43F3BD3 
  63      4E6A7CC6 
  63      991C
  64 0176 1B4ECEA6 		.ascii	"\033N\316\246&\234\221\301\341do\317\310\227o_\235\324"
  64      269C91C1 
  64      E1646FCF 
  64      C8976F5F 
  64      9DD4
  65 0188 34E36303 		.ascii	"4\343c\003\375}\235\023dM%'\2357\006\243\2424"
  65      FD7D9D13 
  65      644D2527 
  65      9D3706A3 
  65      A234
  66              		.text
  67              		.section	.gnu.lto_Hibernate_LED_Write.92359995,"",%progbits
  68 0000 789C5551 		.ascii	"x\234UQMk\023Q\024\275\347\275\231\314\224\330\265\013"
  68      4D6B1351 
  68      14BDE7BD 
  68      99CC94D8 
  68      B50B
  69 0012 B3C8A684 		.ascii	"\263\310\246\204\272\220\200\372\013\252\324\205\013"
  69      BA9080FA 
  69      0BAAD485 
  69      0B
  70 001f B1E0AA5A 		.ascii	"\261\340\252Zb;\213Bh%\330.\333\227\244I@7\355\302\352"
  70      623B8B42 
  70      6825D82E 
  70      DB97A449 
  70      4037EDC2 
  71 0034 C614BF48 		.ascii	"\306\024\277H\374\214U\020\024\205q6E\220\212(\242X"
  71      FC8C5510 
  71      14857136 
  71      45908A28 
  71      A258
  72 0046 540A46DA 		.ascii	"T\012F\332U*\226\026i\215\367\316l\232\313\274\2179"
  72      552A9616 
  72      698DF7CE 
  72      6C9ACBBC 
  72      8F39
  73 0058 73CEBDE7 		.ascii	"s\316\275\347\336\261\010$1\252\210\216\362y\200\027"
  73      DEB10824 
  73      31AA888E 
  73      F2798017 
ARM GAS  C:\Users\unyacat\AppData\Local\Temp\ccWaHfD0.s 			page 5


  74 0068 3441CD2E 		.ascii	"4A\315.\023\345]\005\310\305\270\240i\205il\252]\205"
  74      13E55D05 
  74      C8C5B8A0 
  74      6985696C 
  74      AA5D85
  75 007b A0D27CAE 		.ascii	"\240\322|\256zk\206\343\307\317\255\264\251\373(i\242"
  75      7A6B86E3 
  75      C7CFADB4 
  75      A9FB2869 
  75      A2
  76 008c B60A3311 		.ascii	"\266\0123\021j\350e\326\257\227\225\217\320\007A|/\007"
  76      6AE865D6 
  76      AF97958F 
  76      D007417C 
  76      2F07
  77 009e 9BAD78EA 		.ascii	"\233\255x\352\2161\005c\346\316\032]\322@\035\232\025"
  77      8E310563 
  77      E6CE1A5D 
  77      D2401D9A 
  77      15
  78 00af 389C403A 		.ascii	"8\234@:A\014\020\356\"%\344\265\340rV\247C\335\322\263"
  78      410C10EE 
  78      2225E4B5 
  78      E07256A7 
  78      43DDD2B3 
  79 00c3 B9367A6E 		.ascii	"\2716zn\211\316\377\260\324}\325\370\371\244h\357\355"
  79      89CEFFB0 
  79      D47DD5F8 
  79      F9A468EF 
  79      ED
  80 00d4 D54A3077 		.ascii	"\325J0wu\361\337\225\356\330\214\270J\342>z\"?x\200"
  80      75F1DF95 
  80      EED88CB8 
  80      4AE23E7A 
  80      223F7880 
  81 00e8 18770841 		.ascii	"\030w\010A\032\247}\323n\027\215\377\336y\375\331\211"
  81      1AA77DD3 
  81      6E178DFF 
  81      DE79FDD9 
  81      89
  82 00f9 2BAEAA34 		.ascii	"+\256\2524o\332\"\371lC\034\304\004pdsC\264KXD-^2\211"
  82      6FDA22F9 
  82      6C431CC4 
  82      04706473 
  82      43B44B58 
  83 0112 0DA5E4D4 		.ascii	"\015\245\344\324M\004\177/-W'%\177Q\313T\346K\301;\347"
  83      4D047F2F 
  83      2D572725 
  83      7F51CB54 
  83      E64BC13B 
  84 0127 8F2A692B 		.ascii	"\217*i+\264\376u\273\261\033\217^\215\2315\026C\265"
  84      B4FE75BB 
  84      B11B8F5E 
  84      8D993516 
  84      43B5
  85 0139 6B6FA716 		.ascii	"ko\247\026p=?\303\343\262\361\010\011<\004\333G\003"
  85      703D3FC3 
ARM GAS  C:\Users\unyacat\AppData\Local\Temp\ccWaHfD0.s 			page 6


  85      E3B2F108 
  85      093C04DB 
  85      4703
  86 014b 0BA0260A 		.ascii	"\013\240&\012\277++*\312\2479%#\305\235\362\012\"\304"
  86      BF2B2B2A 
  86      CAA73925 
  86      23C59DF2 
  86      0A22C4
  87 015e 629053AC 		.ascii	"b\220S\254o\334\254\207E4\276\003\217Y\276\212P#V\231"
  87      6FDCAC87 
  87      4534BE03 
  87      8F59BE8A 
  87      50235699 
  88 0172 25A256F9 		.ascii	"%\242V\371S\365\\\244\342\307f\325\233\333/v\366\211"
  88      53F55CA4 
  88      E2C766D5 
  88      9BDB2F76 
  88      F689
  89 0184 2A061B8B 		.ascii	"*\006\033\213,\352H\3550\217I\2255\363\312\022\022\220"
  89      2CEA48ED 
  89      308F4995 
  89      35F3CA12 
  89      1290
  90 0196 C49388B4 		.ascii	"\304\223\210\264\035\213(nh\300\351,\346F\236\277U/"
  90      1D8B286E 
  90      68C0E92C 
  90      E6469EBF 
  90      552F
  91 01a8 44A4AE08 		.ascii	"D\244\256\010\012\346o\354\027`o\303yc\342\235=?\345"
  91      0AE66FEC 
  91      17606FC3 
  91      7963E29D 
  91      3D3FE5
  92 01bb 9E5942EB 		.ascii	"\236YB\353(\370_\372\205\037\376\307\226\202\214\227"
  92      28F85FFA 
  92      851FFEC7 
  92      96828C97 
  93 01cb 879DEAF7 		.ascii	"\207\235\352\367\306\274\\\346\2427240>\221\033\366"
  93      C6BC5CE6 
  93      A2373234 
  93      303E911B 
  93      F6
  94 01dc 064F0D8C 		.ascii	"\006O\015\214\367\035\031<1z\336\313\2151>t\362\370"
  94      F71D193C 
  94      317ADECB 
  94      8D313E74 
  94      F2F8
  95 01ee B143C364 		.ascii	"\261C\303dOf\262\023\236=\222;\223\311\376\007\326\264"
  95      4F66B213 
  95      9E3D923B 
  95      93C9FE07 
  95      D6B4
  96 0200 D5E8     		.ascii	"\325\350"
  97              		.text
  98              		.section	.gnu.lto_Hibernate_LED_Read.92359995,"",%progbits
  99 0000 789C2D8F 		.ascii	"x\234-\217\277KBQ\024\307\317\367\336\347\017\244\376"
  99      BF4B4251 
ARM GAS  C:\Users\unyacat\AppData\Local\Temp\ccWaHfD0.s 			page 7


  99      14C7CFF7 
  99      DEE70FA4 
  99      FE
 100 0011 821CDAE2 		.ascii	"\202\034\332\342-\021\324\322\324\320\317\241!r\013"
 100      2D11D4D2 
 100      D4D0CFA1 
 100      21720B
 101 0020 41CADED0 		.ascii	"A\312\336\320\242 5{\365\371\014\242\301\245\232B\210"
 101      A220357B 
 101      F5F90CA2 
 101      C1A59A42 
 101      88
 102 0031 48ED0711 		.ascii	"H\355\007\021EC-&AE\224MAS\021\342\320TR\004a\331\271"
 102      45432D26 
 102      4145944D 
 102      415311E2 
 102      D0545204 
 103 0048 EA817BCF 		.ascii	"\352\201{\317=\347|\316\371\236k\020H\333\020;\223}"
 103      3DE77CCE 
 103      F99E6B10 
 103      48DB103B 
 103      937D
 104 005a 171F4882 		.ascii	"\027\037H\202\310\334\023%\274\002\320\017\345\005\305"
 104      C8DC1325 
 104      BC02D00F 
 104      E505C5
 105 0069 05E2F812 		.ascii	"\005\342\370\022\277\002\267\337\327\253>3\247TR\275"
 105      BF02B7DF 
 105      D7AB3E33 
 105      A75452BD 
 106 0079 383B831B 		.ascii	"8;\203\033\371\"\034I\324\020\204~?\372\374zD\016&1"
 106      F9221C49 
 106      D410847E 
 106      3FFAFC7A 
 106      440E2631 
 107 008d FA7AF4B7 		.ascii	"\372z\364\267\326\351N)\266n\015p%\017\267\226<\234"
 107      D6E94E29 
 107      B66E0D70 
 107      250FB796 
 107      3C9C
 108 009f 2EAA46C3 		.ascii	".\252F\303V\305c\337\305\251\217S\216d]\276\014}\271"
 108      56C563DF 
 108      C5A98F53 
 108      8E645DBE 
 108      0C7DB9
 109 00b2 484FA477 		.ascii	"HO\244w\356\320\372\037Bh/\253(\375\254<\026f\364\020"
 109      EED0FA1F 
 109      42682FAB 
 109      28FDAC3C 
 109      1666F410 
 110 00c6 5B4A1658 		.ascii	"[J\026XwJe\317\247p\244\200\326{.\237g\332aJe\224\301"
 110      774A65CF 
 110      A770A480 
 110      D67B2E9F 
 110      67DA614A 
 111 00dd A9ADA787 		.ascii	"\251\255\247\207;\231\305f\"\305[J\354\302\217\002x"
 111      3B99C566 
ARM GAS  C:\Users\unyacat\AppData\Local\Temp\ccWaHfD0.s 			page 8


 111      22C55B4A 
 111      ECC28F02 
 111      78
 112 00ee 47EC210B 		.ascii	"G\354!\013\252\302\256\215\221-\321\032w\263}V\357\320"
 112      AAC2AE8D 
 112      912DD11A 
 112      77B37D56 
 112      EFD0
 113 0100 FD065CD8 		.ascii	"\375\006\\\330g\214\353\365t\305\323\0224\230c\350\344"
 113      678CEBF5 
 113      74C5D312 
 113      349863E8 
 113      E4
 114 0111 F22AEDD5 		.ascii	"\362*\355\325\020\330\016\232P\262\266\\A\013r1Go\020"
 114      10D80E9A 
 114      50B2B65C 
 114      410B7231 
 114      476F10
 115 0124 ED889ADF 		.ascii	"\355\210\232\337\200^\237?\3233nE\254\330\354\2425\037"
 115      805E9F3F 
 115      D3336E45 
 115      ACD8ECA2 
 115      351F
 116 0136 0A449762 		.ascii	"\012D\227ba+8\025\210\016\017\004'\026\346\254X\204"
 116      612B3815 
 116      880E0F04 
 116      2716E6AC 
 116      5884
 117 0148 F3A1C9D1 		.ascii	"\363\241\311\321\221\3360\375\003\216\003w\017"
 117      91DE30FD 
 117      038E0377 
 117      0F
 118              		.text
 119              		.section	.gnu.lto_Hibernate_LED_ReadDataReg.92359995,"",%progbits
 120 0000 789C2D8F 		.ascii	"x\234-\217\273JCA\020\206\347\337=\271`\364\011La'i"
 120      BB4A4341 
 120      1086E7DF 
 120      3DB960F4 
 120      094C6127 
 121 0015 44D0C6C6 		.ascii	"D\320\306\306\306ka!\246\223@\320x\012\233\004\202\266"
 121      C66B6121 
 121      A69340D0 
 121      780A9B04 
 121      82B6
 122 0027 66939313 		.ascii	"f\223\223\023A,\322x\001\3214B\242F\202he\025\203\240"
 122      412CD278 
 122      01D13442 
 122      A2468268 
 122      651583A0 
 123 003b A2E803D8 		.ascii	"\242\350\003\330\210\204\024V\032\274!\211q6\307\201"
 123      88841456 
 123      1ABC2189 
 123      7136C781 
 124 004b DDD999F9 		.ascii	"\335\331\231\371f\376Y\203@\332\206\331\005\330w\363"
 124      66FE5983 
 124      40DA86D9 
 124      05D877F3 
ARM GAS  C:\Users\unyacat\AppData\Local\Temp\ccWaHfD0.s 			page 9


 125 005b 812488EC 		.ascii	"\201$\210\354=Q\322+\000\375P^PB \201\017\321\024\270"
 125      3D51D22B 
 125      00FD505E 
 125      50422081 
 125      0FD114B8 
 126 006f FDBA5EEF 		.ascii	"\375\272^\357\010\344\225J\251'\373th\253P\206-\211"
 126      08E4954A 
 126      A927FB74 
 126      68AB5086 
 126      2D89
 127 0081 5A8230E0 		.ascii	"Z\2020\340G\277_\217\310#@\214>\237\374nt\271\323\212"
 127      47BF5F8F 
 127      C823408C 
 127      3E9FFC6E 
 127      74B9D38A 
 128 0095 AD47035C 		.ascii	"\255G\003\\)\300\255%K3e\325jY\252\274\343\273\330\363"
 128      29C0AD25 
 128      4B3365D5 
 128      6A59AABC 
 128      E3BBD8F3 
 129 00a9 71CA96AC 		.ascii	"q\312\226\254\313\227\241/\027\351\211\364\312\035Z"
 129      CB97A12F 
 129      17E989F4 
 129      CA1D5A
 130 00b8 FF4D08ED 		.ascii	"\377M\010\355e\015\225\237\265\317\342\254\036bI\311"
 130      650D959F 
 130      B5CFE2AC 
 130      1E6249C9 
 131 00c8 029B76E5 		.ascii	"\002\233v\345\301\363.l)\240\365\036\277KM\237\023*"
 131      C1F32E6C 
 131      29A0F51E 
 131      BF4B4D9F 
 131      132A
 132 00da 955506A7 		.ascii	"\225U\006\247\362\333w+9\354&\323\274\244\304!\3748"
 132      F2DB772B 
 132      39EC26D3 
 132      BCA4C421 
 132      FC38
 133 00ec 00AF8823 		.ascii	"\000\257\210#\344@5X\365q\262$\234i7\373\347\215N\335"
 133      E4403558 
 133      F571B224 
 133      9C6937FB 
 133      E78D4EDD 
 134 0100 6EC08522 		.ascii	"n\300\205\"c\\od\252\036G\317`\216\241\263\313\253\214"
 134      635C6F64 
 134      AA1E47CF 
 134      608EA1B3 
 134      CBAB8C
 135 0113 5743603B 		.ascii	"WC`;nC\251\372j\025\016\344b\216^ \376#j\377\002z{\376"
 135      6E43A9FA 
 135      6A150EE4 
 135      628E5E20 
 135      FE236AFF 
 136 012b 4BEF8419 		.ascii	"K\357\204\0315\343sK\346B8\030[\216G\314\320t062\030"
 136      35E3734B 
 136      E6423818 
 136      5B8E47CC 
ARM GAS  C:\Users\unyacat\AppData\Local\Temp\ccWaHfD0.s 			page 10


 136      D0743036 
 137 0141 9A5C9C37 		.ascii	"\232\\\2347\343Q\316\207\247\306F\373\"\364\007I\243"
 137      E351CE87 
 137      A7C646FB 
 137      22F40749 
 137      A3
 138 0152 7704     		.ascii	"w\004"
 139              		.text
 140              		.section	.gnu.lto_Hibernate_LED_SetInterruptMode.92359995,"",%progbits
 141 0000 789C6D91 		.ascii	"x\234m\221Mh\023Q\020\307g\336\333d7I\233z\267B.%\324"
 141      4D681351 
 141      10C767DE 
 141      DB643749 
 141      9B7AB742 
 142 0017 83207AF0 		.ascii	"\203 z\360\346\241\212\036D\212\275\026JmW\211`\"1\236"
 142      E6A18A1E 
 142      448ABD16 
 142      4A6D5789 
 142      6022319E 
 143 002b FB92CD26 		.ascii	"\373\222\315&PD\212\037\001\213\245XYR\255\332O\205"
 143      50448A1F 
 143      018BA558 
 143      5952ADDA 
 143      4F85
 144 003d F6B406BC 		.ascii	"\366\264\006\274\325\217ZD\252 Rm\012\305CZ\025Ek\343"
 144      D58F5A44 
 144      AA20526D 
 144      0AC5435A 
 144      15456BE3 
 145 0051 CC6E2E05 		.ascii	"\314n.\005\037\354\2767?f\376\357?\3634@\340U\026\000"
 145      1FECBE37 
 145      3F66FEEF 
 145      3FF33440 
 145      E0551600 
 146 0065 4769DF4B 		.ascii	"Gi\337K\037J@1\364\022 k\010D>(\003a@\340\000\376\020"
 146      1F4A4031 
 146      F412206B 
 146      08443E28 
 146      036140E0 
 147 007c 7F05568A 		.ascii	"\177\005V\212\325y\321^V\264>\255\255\037T\343.\332"
 147      D579D15E 
 147      56B43EAD 
 147      AD1F54E3 
 147      2EDA
 148 008e 12A02E3C 		.ascii	"\022\240.<%\3002\266S\326\363\372O\267\345\273\260%"
 148      25C032B6 
 148      53D6F3FA 
 148      4FB7E5BB 
 148      B025
 149 00a0 2217BDA9 		.ascii	"\"\027\275\251-\216D8\024\270\207\302\341\015\247\024"
 149      2D8E4438 
 149      14B887C2 
 149      E10DA714 
 150 00b0 95FB11E8 		.ascii	"\225\373\021\350\274>7\366.\034w\224\312)5\337\253\002"
 150      BC3E37F6 
 150      2E1C7794 
 150      CA2935DF 
ARM GAS  C:\Users\unyacat\AppData\Local\Temp\ccWaHfD0.s 			page 11


 150      AB02
 151 00c2 B694F800 		.ascii	"\266\224\370\000%\351\341}l\305ql\005B\200\023\030\247"
 151      25E9E17D 
 151      6CC5716C 
 151      05428013 
 151      18A7
 152 00d4 EC6FB3CE 		.ascii	"\354o\263\316\215\210<\344UnY\216\325\324\250\374\323"
 152      8D883CE4 
 152      556E598E 
 152      D5D4A8FC 
 152      D3
 153 00e5 A87CF89F 		.ascii	"\250|\370\237\312G\030\347\364\245\374\324\035\351["
 153      CA4718E7 
 153      F4A5FCD4 
 153      1DE95B
 154 00f4 D228DC7C 		.ascii	"\322(\334|1\3749\352[\212Q8\341\274u\204<\342\011\017"
 154      31FC39EA 
 154      5B8A5138 
 154      E1BC7584 
 154      3CE2090F 
 155 0108 AE5C9F69 		.ascii	"\256\\\237in\273\307\302\356\362\265\350m\345\346c\266"
 155      6EBBC7C2 
 155      EEF2B5E8 
 155      6DE5E663 
 155      B6
 156 0119 D470CA17 		.ascii	"\324p\312\027\237$\361\307$\316\213\262W\247wn5\007"
 156      9F24F1C7 
 156      24CE8BB2 
 156      57A7776E 
 156      3507
 157 012b F33C9018 		.ascii	"\363<\220\030Nc\233?\012\234\301 \015\027\231L\236q"
 157      4E639B3F 
 157      0A9CC120 
 157      0D17994C 
 157      9E71
 158 013d 55BD6E29 		.ascii	"U\275n)w)\372\354}\264I\220\255\000\271\240\2164>\006"
 158      7729FAEC 
 158      7DB44990 
 158      AD00B9A0 
 158      8E343E06 
 159 0151 F81704CE 		.ascii	"\370\027\004\316\324\221\335\032\004\202!\246a\376\001"
 159      D491DD1A 
 159      048221A6 
 159      61FE01
 160 0160 D448915F 		.ascii	"\324H\221_bS\010\336e\025+\277\007?.t\362%\226\344\001"
 160      625308DE 
 160      65152BBF 
 160      073F2E74 
 160      F22596E4 
 161 0175 97ECCA2B 		.ascii	"\227\354\312+\235\273\321\275\016\212c\313\027\374\350"
 161      9DBBD1BD 
 161      0E8A63CB 
 161      17FCE8
 162 0184 AA1A52DC 		.ascii	"\252\032R\334\256\272\271\362\272e\024G\262yz.\003\347"
 162      AEBAB9F2 
 162      BA651447 
 162      B2797A2E 
ARM GAS  C:\Users\unyacat\AppData\Local\Temp\ccWaHfD0.s 			page 12


 162      03E7
 163 0196 A88759EE 		.ascii	"\250\207Y\356\001\237\340(B\025s[\305\305\240\257\247"
 163      019FE028 
 163      4215735B 
 163      C5C5A0AF 
 163      A7
 164 01a7 59343522 		.ascii	"Y45\";\205m\315'\001\202D\254\355\302W\364\011_K\034"
 164      3B856DCD 
 164      27018244 
 164      ACEDC257 
 164      F4095F4B 
 165 01bc 5651789D 		.ascii	"VQx\235\222w\202~Nu\241\326\3102H\311\222\272'\257\373"
 165      9277827E 
 165      4E75A1D6 
 165      C83248C9 
 165      92BA27AF 
 166 01d1 284494D3 		.ascii	"(D\224\323~\025\2764\304\303\236Z\210`\245tw\037\263"
 166      7E15BE34 
 166      C4C39E5A 
 166      8860A574 
 166      771FB3
 167 01e4 5D76B34A 		.ascii	"]v\263JEv;~J\216\251\01460\347~8\315\005\336S\324\004"
 167      45763B7E 
 167      4A8EA90C 
 167      3630E77E 
 167      38CD05DE 
 168 01fb F2706854 		.ascii	"\362phT\361\023f\322L\367f\314\376\236\256\324\225t"
 168      F11366D2 
 168      4CF766CC 
 168      FE9EAED4 
 168      9574
 169 020d 9FD9DDD9 		.ascii	"\237\331\335\331\225\3528\334}2q\326L'\211\367\234:"
 169      95EA38DC 
 169      7D3271D6 
 169      4C2789F7 
 169      9C3A
 170 021f 7EEC401F 		.ascii	"~\354@\037\030\227R\227\023\231D*\251]L\365\233z\"\231"
 170      18975297 
 170      1399442A 
 170      A95D4CF5 
 170      9B7A2299 
 171 0233 49779C3B 		.ascii	"Iw\234;\377\017\024>\357^"
 171      FF0F143E 
 171      EF5E
 172              		.text
 173              		.section	.gnu.lto_Hibernate_LED_ClearInterrupt.92359995,"",%progbits
 174 0000 789C5590 		.ascii	"x\234U\220\301KTQ\024\306\317w\357{3C\214\371\0074\213"
 174      C14B5451 
 174      14C6CF77 
 174      EF7B3343 
 174      8CF90734 
 175 0015 D948E822 		.ascii	"\331H\350\"\202$r\235\241\013\027\342l\005\231\364-"
 175      8224729D 
 175      A10B17E2 
 175      6C0599F4 
 175      2D
 176 0026 22D218C7 		.ascii	"\"\322\030\307m\336\347\370TDp6*\010\342BqL\323\251"
ARM GAS  C:\Users\unyacat\AppData\Local\Temp\ccWaHfD0.s 			page 13


 176      6DDEE7F8 
 176      54447036 
 176      2A08E242 
 176      714CD3A9 
 177 003a A08D31F1 		.ascii	"\240\2151\361\032\"*Q\241\275 \012\"\202\240V\01259"
 177      1A222A51 
 177      A1BD200A 
 177      2282A056 
 177      0A3539
 178 004d 9E33AF45 		.ascii	"\2363\257Es\341q\357\375\336\371~\367;\307\"\220\254"
 178      73E171EF 
 178      FDDEF97E 
 178      F73BC722 
 178      90AC
 179 005f 5DDEEEF3 		.ascii	"]\336\356\363~\213?h\202\312n\023\271\021\005\310\301"
 179      7E8B3F68 
 179      82CA6E13 
 179      B91105C8 
 179      C1
 180 0070 4440830A 		.ascii	"D@\203\012\203\370\245\376*l^~\231\270Q\2373f\310\354"
 180      83F8A5FE 
 180      2A6C5E7E 
 180      99B8519F 
 180      3366C8EC 
 181 0084 79974D33 		.ascii	"y\227M3\313><MTV\204{1\334\215\011\"\207z\342\322\203"
 181      CB3E3C4D 
 181      5456847B 
 181      31DC8D09 
 181      22877AE2 
 182 009a F53FB91A 		.ascii	"\365?\271\032\335\0009o-\235\274C\335\202\330\374\302"
 182      DD00396F 
 182      2D9DBC43 
 182      DD82D8FC 
 182      C2
 183 00ab 6474C6F8 		.ascii	"dt\306\370n\234}X\206\376\337JR\273\377\346j\252&4l"
 183      6E9C7D58 
 183      86FEDF4A 
 183      52BBFFE6 
 183      6AAA2634 
 184 00c0 78C5F112 		.ascii	"x\305\361\022u\002g\352\012B\234\023\242\344;|S.g\214"
 184      750267EA 
 184      0A429C13 
 184      A2E43B7C 
 184      532E678C 
 185 00d4 FFBEF6E3 		.ascii	"\377\276\366\343\367\332\210\"OsnO+\213\344\267-\367"
 185      F7DA8822 
 185      4F736E4F 
 185      2B8BE4B7 
 185      2DF7
 186 00e6 30492E3A 		.ascii	"0I.:e\257tq\246\224\354\372\020\305\337\343\027\205"
 186      65AF7471 
 186      A694ECFA 
 186      10C5DFE3 
 186      1785
 187 00f8 1782CB68 		.ascii	"\027\202\313h\351h\332+\356\204\177*O\353J\322\215\261"
 187      E968DA2B 
 187      EE847F2A 
ARM GAS  C:\Users\unyacat\AppData\Local\Temp\ccWaHfD0.s 			page 14


 187      4FEB4AD2 
 187      8DB1
 188 010a FCDB4870 		.ascii	"\374\333Hp\315\232\254\261X:\372\341~\013\315c\316\035"
 188      CD9AACB1 
 188      583AFAE1 
 188      7E0BCD63 
 188      CE1D
 189 011c E65E2DBC 		.ascii	"\346^-\274B\014\253\340\270X\303<\350\020C\347\243%"
 189      420CABE0 
 189      B858C33C 
 189      E81043E7 
 189      A325
 190 012e 15003533 		.ascii	"\025\00053Y\311\224F>!P,\026\231q\2665{pS\260\012q\254"
 190      59C99446 
 190      3E21502C 
 190      169971B6 
 190      357B7053 
 191 0146 B37B1F15 		.ascii	"\263{\037\025\213\344\345\242\200rUx\036\230\354@*N"
 191      8BE4E5A2 
 191      80725578 
 191      1E98EC40 
 191      2A4E
 192 0158 57205511 		.ascii	"W U\021\\c\354\352\024yN\301\026y\366|\344\363\207\007"
 192      5C63ECEA 
 192      14794EC1 
 192      1679F67C 
 192      E4F38707 
 193 016c 0122CC08 		.ascii	"\001\"\314\0106~]\334(E\345]\0336^s\3751\376E\015Se"
 193      367E5DDC 
 193      2845E55D 
 193      1B365E73 
 193      FD31FE45 
 194 0183 3C90B1F0 		.ascii	"<\220\261\360\220n\2678\275N*\231vz\272\022}\003\251"
 194      906EB738 
 194      BD4E2A99 
 194      767ABA12 
 194      7D03A9
 195 0196 6EA7B33D 		.ascii	"n\247\263=\321\367\260\261\263\365\311c'\325\313zW\333"
 195      D1F7B0B1 
 195      B3F5C963 
 195      27D5CB7A 
 195      57DB
 196 01a8 A3E63BDD 		.ascii	"\243\346;\335\024}\226\354\177\352\364$\322\311\364"
 196      147D96EC 
 196      7FEAF424 
 196      D2C9F4
 197 01b7 40FF3555 		.ascii	"@\3775U\200\256\215"
 197      80AE8D
 198              		.text
 199              		.section	.gnu.lto_.symbol_nodes.92359995,"",%progbits
 200 0000 789C6361 		.ascii	"x\234ca`d\310`\000\002&\206z\006\206\011\347\030@\324"
 200      6064C860 
 200      00022686 
 200      7A068609 
 200      E71840D4 
 201 0014 AE0645A0 		.ascii	"\256\006E\240\000c=#\252\000S=\023\252\000s=3\252\000"
 201      00633D23 
ARM GAS  C:\Users\unyacat\AppData\Local\Temp\ccWaHfD0.s 			page 15


 201      AA00533D 
 201      13AA0073 
 201      3D33AA00 
 202 0028 4B3D0BAA 		.ascii	"K=\013\252\000k=+\212\000\003\000\305\333\026\342"
 202      006B3D2B 
 202      8A000300 
 202      C5DB16E2 
 203              		.text
 204              		.section	.gnu.lto_.refs.92359995,"",%progbits
 205 0000 789C6361 		.ascii	"x\234ca`\004B \000\000\0009\000\007"
 205      60044220 
 205      00000039 
 205      0007
 206              		.text
 207              		.section	.gnu.lto_.decls.92359995,"",%progbits
 208 0000 789C8D54 		.ascii	"x\234\215ToLSW\024\277\347\275\266\340\023\3010\263"
 208      6F4C5357 
 208      14BFE7BD 
 208      B6E013C1 
 208      30B3
 209 0012 B0A55998 		.ascii	"\260\245Y\230\037Z>\221!\313\262/\313\226\300\324%n"
 209      1F5A3E91 
 209      21CBB22F 
 209      CB96C0D4 
 209      256E
 210 0024 2E92B92F 		.ascii	".\222\271/&\244\300\213#Y\300t\305\304o\327\341PX\266"
 210      26A4C08B 
 210      2359C074 
 210      C5C46FD7 
 210      E15058B6 
 211 0038 A8599C2E 		.ascii	"\250Y\234.\030P#+\243\362W\240\255:\301A\355\020'\177"
 211      1850232B 
 211      A3F257A0 
 211      AD3AC141 
 211      ED10277F 
 212 004c B2659B53 		.ascii	"\262e\233S\311Xc\014\220\301p\233\270\270\356\334{\337"
 212      C958630C 
 212      90C1709B 
 212      B8B8EEDC 
 212      7BDF
 213 005e EB7D8592 		.ascii	"\353}\205\222q\323\363z\357y\347\374\316\357\376\316"
 213      71D3F37A 
 213      EF79E7FC 
 213      CEEFFECE 
 214 006e C9B31120 		.ascii	"\311\263\021 l9\034h\270\015\240\305q\245\241o7\221"
 214      6C391C68 
 214      B80DA0C5 
 214      71A5A16F 
 214      3791
 215 0080 0B5F931E 		.ascii	"\013_\223\036\264^\264 Z\030-\202\026%+W\217\021\317"
 215      B45EB420 
 215      5A182D82 
 215      16252B57 
 215      8F11CF
 216 0093 F2DBD1DC 		.ascii	"\362\333\321\334h\023hch;\215\0300\342\226/\206\237"
 216      68136863 
 216      683B8D18 
ARM GAS  C:\Users\unyacat\AppData\Local\Temp\ccWaHfD0.s 			page 16


 216      30E2962F 
 216      869F
 217 00a5 B62CD7B9 		.ascii	"\266,\327\271J~o\212|\306\315\376?u\203)\362\302k\310"
 217      4A7E6F8A 
 217      7CC6CDFE 
 217      3F758329 
 217      F2C26BC8 
 218 00b9 0BA7C863 		.ascii	"\013\247\310c\032\2543\370f\243mB\033D\0335p\\\026,"
 218      1AAC33F8 
 218      66A36D42 
 218      1B441B35 
 218      705C162C 
 219 00cd 13279202 		.ascii	"\023'\222\002\207\351\350X\303\235S\351\375D\001\377"
 219      87E9E858 
 219      C39D53E9 
 219      FD4401FF 
 220 00dd E422D56E 		.ascii	"\344\"\325n\303O\240\022\243\241\004@<\201\033\021\306"
 220      C34FA012 
 220      A3A10440 
 220      3C811B11 
 220      C6
 221 00ee 8FB85188 		.ascii	"\217\270Q\210\330\230\256\304\" \336(\206\227H0\376"
 221      D898AEC4 
 221      2220DE28 
 221      86974830 
 221      FE
 222 00ff 33F2216E 		.ascii	"3\362!n.\016\"\321\301H\202\004\003\376Z$A\002U\374"
 222      2E0E22D1 
 222      C1488204 
 222      03FE5A24 
 222      410255FC 
 223 0113 2932C382 		.ascii	")2\303\202\267\214\221\311\331,C\024\363\322\365\367"
 223      B78C91C9 
 223      D92C4314 
 223      F3D2F5F7 
 224 0123 63515015 		.ascii	"cQP\025`\373{K\376\255\371\001\212\353(\245\312+R\231"
 224      60FB7B4B 
 224      FEADF901 
 224      8AEB28A5 
 224      CA2B5299 
 225 0137 8E8F7E6B 		.ascii	"\216\217~kM\177\250\200S\2038\260\363lhi\2038\263\327"
 225      4D7FA880 
 225      538338B0 
 225      F36C6869 
 225      8338B3D7 
 226 014b A78E4DFF 		.ascii	"\247\216M\377\273^u\261\27529\335\366\300\006yZ\013"
 226      BB5E75B1 
 226      BD3239DD 
 226      F6C00679 
 226      5A0B
 227 015d 83990ACD 		.ascii	"\203\231\012\315\275\032\242t#\264\203\006\001P\241"
 227      BD1AA274 
 227      23B48306 
 227      0150A1
 228 016c 15F21907 		.ascii	"\025\362\031\007\247\206\317#\224~H\347\317RG\016\201"
 228      A786CF23 
 228      947E48E7 
ARM GAS  C:\Users\unyacat\AppData\Local\Temp\ccWaHfD0.s 			page 17


 228      CF52470E 
 228      81
 229 017d 4227BCE0 		.ascii	"B'\274\340$p\001\362\030&\213\2026p\302W\340d\370\261"
 229      247001F2 
 229      18268B82 
 229      3670C257 
 229      E064F8B1 
 230 0191 CF9B661C 		.ascii	"\317\233f\0346\244\314q\312l\3147~\250\263QE\012\331"
 230      36A4CC71 
 230      CA6CCC37 
 230      7EA8B351 
 230      450AD9
 231 01a4 1AD8F0B8 		.ascii	"\032\330\360\270p\363\213\351L<n\322 \027\217\201\360"
 231      70F38BE9 
 231      4C3C6ED2 
 231      20178F81 
 231      F0
 232 01b5 2FB38E9C 		.ascii	"/\263\216\234\023\374*\2654\327\006\273\237\206.\004"
 232      13FC2AB5 
 232      34D706BB 
 232      9F862E04 
 233 01c5 EC444002 		.ascii	"\354D@\002\335\220\203\317\016\260\211\333\335\375q"
 233      DD9083CF 
 233      0EB089DB 
 233      DDFD71
 234 01d4 E641E6E6 		.ascii	"\346A\346\346f\332\334I\247\256\324\3558s\256\216\036"
 234      66DADC49 
 234      A7AED4ED 
 234      3873AE8E 
 234      1E
 235 01e5 3D48E96B 		.ascii	"=H\351k<\020\374\222\266\237M\006\201/\3416\252\330"
 235      3C10FC92 
 235      B69F4D06 
 235      812FE136 
 235      AAD8
 236 01f7 039B31F7 		.ascii	"\003\2331\367\370\247s\2174u?\227!\022\353nw\010\234"
 236      F8A7738F 
 236      34753F97 
 236      2112EB6E 
 236      77089C
 237 020a 81AB87D5 		.ascii	"\201\253\207\325St\340\020\326W8\312E\211r\321\212\322"
 237      5374E010 
 237      D65738CA 
 237      458972D1 
 237      8AD2
 238 021c CB5102C3 		.ascii	"\313Q\002\303\015\327@m\000\0163\366\361pm\226\225;"
 238      0DD7406D 
 238      000E33F6 
 238      F1706D96 
 238      953B
 239 022e BBB424DF 		.ascii	"\273\264$\337\317\311\227\031\334\351\341O~\265\031"
 239      CFC99719 
 239      DCE9E14F 
 239      7EB519
 240 023d 35BB4664 		.ascii	"5\273FdM\214\202>Y\263\317Z3\310kvM\015-(\352iQ\363"
 240      4D8C823E 
 240      59B3CF5A 
ARM GAS  C:\Users\unyacat\AppData\Local\Temp\ccWaHfD0.s 			page 18


 240      33C86B76 
 240      4D0D2D28 
 241 0255 D150CB79 		.ascii	"\321P\313y0`N\336\310\020\367\347 !\011\022\262\202"
 241      30604EDE 
 241      C810F7E7 
 241      20210912 
 241      B282
 242 0267 84394870 		.ascii	"\2049Hp\366\373\205t\265_\200\234\177\374\317<k\211"
 242      F6FB8574 
 242      B55F809C 
 242      7FFCCF3C 
 242      6B89
 243 0279 0BA724AE 		.ascii	"\013\247$\256Z\306\304%\306\304\177&\322\243\251?\210"
 243      5AC6C425 
 243      C6C47F26 
 243      D2A3A93F 
 243      88
 244 028a E0E1F8DF 		.ascii	"\340\341\370\337\003Y\242\177\012\036'\346GO\257\027"
 244      0359A27F 
 244      0A1E27E6 
 244      474FAF17 
 245 029a FDDB8853 		.ascii	"\375\333\210S\324\370\331\340\005\007hy|Fh-\325\374"
 245      D4F8D9E0 
 245      05076879 
 245      7C46682D 
 245      D5FC
 246 02ac 99040650 		.ascii	"\231\004\006P\203\253\250\001\\\3031q\031cr\005\235"
 246      83ABA801 
 246      5CC33171 
 246      19637205 
 246      9D
 247 02bd 97D169CC 		.ascii	"\227\321i\314\333\202\230\267A\224\354k\311\334\245"
 247      DB8298B7 
 247      4194EC6B 
 247      C9DCA5
 248 02cc 09B54E4C 		.ascii	"\011\265NL>\\\002>H\203\211A:\373\373\342\261\364\204"
 248      3E5C023E 
 248      48838941 
 248      3AFBFBE2 
 248      B1F484
 249 02df EF1BE0CE 		.ascii	"\357\033\340\316\332\371\330x\332\252\3633\314[0d\316"
 249      DAF9D878 
 249      DAAAF333 
 249      CC5B3064 
 249      CE
 250 02f0 CF5FF7E7 		.ascii	"\317_\367\347\342\2129?\221\235\323\335\224\326c\242"
 250      E28A393F 
 250      919DD3DD 
 250      94D663A2 
 251 0300 8DC5C125 		.ascii	"\215\305\301%\311\342\222U\277\010\327\257\245\377x"
 251      C9E29255 
 251      BF08D7AF 
 251      A5FF78
 252 030f 9DAADE11 		.ascii	"\235\252\336\021\222\3247\377\034\337`4!t+\271\227\327"
 252      92D437FF 
 252      1CDF6034 
 252      21742BB9 
ARM GAS  C:\Users\unyacat\AppData\Local\Temp\ccWaHfD0.s 			page 19


 252      97D7
 253 0321 25CC752B 		.ascii	"%\314u+L\224\303\334\211\266\2661\345\335\032\377\246"
 253      4C94C3DC 
 253      89B6B631 
 253      E5DD1AFF 
 253      A6
 254 0332 6459B477 		.ascii	"dY\264w\013\355G\356\305\376X\247>\346\205\224\276s"
 254      0BED47EE 
 254      C5FE58A7 
 254      3EE68594 
 254      BE73
 255 0344 4D8B7653 		.ascii	"M\213vS]\274_v\024\3255\257\0077Q]\267\241\356\010:"
 255      5DBC5F76 
 255      14D535AF 
 255      0737515D 
 255      B7A1EE08 
 256 0359 BF95EAFE 		.ascii	"\277\225\352\376)\324\035E\241nHBnC\335p\240\343\244"
 256      29D41D45 
 256      A16E4842 
 256      6E43DD70 
 256      A0E3A4
 257 036c AA1D61FD 		.ascii	"\252\035a\375Z\023(K\271K\033\355\352A\376\371QB\301"
 257      5A13284B 
 257      B94B1BED 
 257      EA41FEF9 
 257      5142C1
 258 037f 9940A6A0 		.ascii	"\231@\246\240\225\002a|5Z\003M3\333Q(\2001\244uK\322"
 258      9502617C 
 258      355A034D 
 258      33DB5128 
 258      8031A475 
 259 0395 FA0E0C5E 		.ascii	"\372\016\014^}\321\361\336\264\214\006yY\036)\3339\001"
 259      7DD1F1DE 
 259      B48C0679 
 259      591E29DB 
 259      3901
 260 03a7 19FCCBC8 		.ascii	"\031\374\313\310\376\237\335^Y\246{\253<>\275t\307\353"
 260      FE9FDD5E 
 260      59A67BAB 
 260      3C3EBD74 
 260      C7EB
 261 03b9 C5A525BA 		.ascii	"\305\245%\272\257\330[\271_\177\263\272BO\337\366\326"
 261      AFD85BB9 
 261      5F7FB3BA 
 261      424FDFF6 
 261      D6
 262 03ca 3BB94505 		.ascii	";\271E\005\005\304^SY\345{\371\371mz\225\356\305\300"
 262      05C45E53 
 262      59E57BF9 
 262      F96D7A95 
 262      EEC5C0
 263 03dd 8AD292EA 		.ascii	"\212\322\222\352\032o\271\276\347\355\222\352\242\027"
 263      1A6FB9BE 
 263      E7ED92EA 
 263      A217
 264 03eb F7941FF0 		.ascii	"\367\224\037\360\035\330\247\177\220\377\036q\257\022"
 264      1DD8A77F 
ARM GAS  C:\Users\unyacat\AppData\Local\Temp\ccWaHfD0.s 			page 20


 264      90FF1E71 
 264      AF12
 265 03f9 915422BF 		.ascii	"\221T\"\277\234<\225\\\363]o\245O\317N\366\355\322="
 265      9C3C955C 
 265      F35D6FA5 
 265      4FCF4EF6 
 265      EDD23D
 266 040c 15CFAC74 		.ascii	"\025\317\254t\025{|\236]\372\336\347V\220~\243\312\247"
 266      157B7C9E 
 266      5DFADEE7 
 266      56907EA3 
 266      CAA7
 267 041e 7BBD35FB 		.ascii	"{\2755\373|\214\270\203\361-x\311\231\034U\364\276\356"
 267      7C8CB883 
 267      F12D78C9 
 267      991C55F4 
 267      BEEE
 268 0430 F126E278 		.ascii	"\361&\342xL\341\026\273W\337[\270\345?\271q/\033"
 268      4CE116BB 
 268      57DF5BB8 
 268      E53FB971 
 268      2F1B
 269              		.text
 270              		.section	.gnu.lto_.symtab.92359995,"",%progbits
 271 0000 48696265 		.ascii	"Hibernate_LED_SetDriveMode\000"
 271      726E6174 
 271      655F4C45 
 271      445F5365 
 271      74447269 
 272 001b 00       		.ascii	"\000"
 273 001c 00       		.ascii	"\000"
 274 001d 00       		.ascii	"\000"
 275 001e 00000000 		.ascii	"\000\000\000\000\000\000\000\000"
 275      00000000 
 276 0026 B3000000 		.ascii	"\263\000\000\000"
 277 002a 48696265 		.ascii	"Hibernate_LED_Write\000"
 277      726E6174 
 277      655F4C45 
 277      445F5772 
 277      69746500 
 278 003e 00       		.ascii	"\000"
 279 003f 00       		.ascii	"\000"
 280 0040 00       		.ascii	"\000"
 281 0041 00000000 		.ascii	"\000\000\000\000\000\000\000\000"
 281      00000000 
 282 0049 B5000000 		.ascii	"\265\000\000\000"
 283 004d 48696265 		.ascii	"Hibernate_LED_Read\000"
 283      726E6174 
 283      655F4C45 
 283      445F5265 
 283      616400
 284 0060 00       		.ascii	"\000"
 285 0061 00       		.ascii	"\000"
 286 0062 00       		.ascii	"\000"
 287 0063 00000000 		.ascii	"\000\000\000\000\000\000\000\000"
 287      00000000 
 288 006b B8000000 		.ascii	"\270\000\000\000"
ARM GAS  C:\Users\unyacat\AppData\Local\Temp\ccWaHfD0.s 			page 21


 289 006f 48696265 		.ascii	"Hibernate_LED_ReadDataReg\000"
 289      726E6174 
 289      655F4C45 
 289      445F5265 
 289      61644461 
 290 0089 00       		.ascii	"\000"
 291 008a 00       		.ascii	"\000"
 292 008b 00       		.ascii	"\000"
 293 008c 00000000 		.ascii	"\000\000\000\000\000\000\000\000"
 293      00000000 
 294 0094 BA000000 		.ascii	"\272\000\000\000"
 295 0098 48696265 		.ascii	"Hibernate_LED_SetInterruptMode\000"
 295      726E6174 
 295      655F4C45 
 295      445F5365 
 295      74496E74 
 296 00b7 00       		.ascii	"\000"
 297 00b8 00       		.ascii	"\000"
 298 00b9 00       		.ascii	"\000"
 299 00ba 00000000 		.ascii	"\000\000\000\000\000\000\000\000"
 299      00000000 
 300 00c2 C6000000 		.ascii	"\306\000\000\000"
 301 00c6 48696265 		.ascii	"Hibernate_LED_ClearInterrupt\000"
 301      726E6174 
 301      655F4C45 
 301      445F436C 
 301      65617249 
 302 00e3 00       		.ascii	"\000"
 303 00e4 00       		.ascii	"\000"
 304 00e5 00       		.ascii	"\000"
 305 00e6 00000000 		.ascii	"\000\000\000\000\000\000\000\000"
 305      00000000 
 306 00ee C8000000 		.ascii	"\310\000\000\000"
 307              		.text
 308              		.section	.gnu.lto_.opts,"",%progbits
 309 0000 272D666D 		.ascii	"'-fmath-errno' '-fsigned-zeros' '-ftrapping-math' '"
 309      6174682D 
 309      6572726E 
 309      6F272027 
 309      2D667369 
 310 0033 2D666E6F 		.ascii	"-fno-trapv' '-fno-openmp' '-fno-openacc' '-mcpu=cor"
 310      2D747261 
 310      70762720 
 310      272D666E 
 310      6F2D6F70 
 311 0066 7465782D 		.ascii	"tex-m0' '-mthumb' '-g' '-O3' '-ffunction-sections' "
 311      6D302720 
 311      272D6D74 
 311      68756D62 
 311      2720272D 
 312 0099 272D6666 		.ascii	"'-ffat-lto-objects' '-finline-functions' '-flto'\000"
 312      61742D6C 
 312      746F2D6F 
 312      626A6563 
 312      74732720 
 313              		.text
 314              		.cfi_sections	.debug_frame
ARM GAS  C:\Users\unyacat\AppData\Local\Temp\ccWaHfD0.s 			page 22


 315              		.section	.text.Hibernate_LED_SetDriveMode,"ax",%progbits
 316              		.align	2
 317              		.global	Hibernate_LED_SetDriveMode
 318              		.code	16
 319              		.thumb_func
 320              		.type	Hibernate_LED_SetDriveMode, %function
 321              	Hibernate_LED_SetDriveMode:
 322              	.LFB0:
 323              		.file 1 "Generated_Source\\PSoC4\\Hibernate_LED.c"
   1:Generated_Source\PSoC4/Hibernate_LED.c **** /*******************************************************************************
   2:Generated_Source\PSoC4/Hibernate_LED.c **** * File Name: Hibernate_LED.c  
   3:Generated_Source\PSoC4/Hibernate_LED.c **** * Version 2.20
   4:Generated_Source\PSoC4/Hibernate_LED.c **** *
   5:Generated_Source\PSoC4/Hibernate_LED.c **** * Description:
   6:Generated_Source\PSoC4/Hibernate_LED.c **** *  This file contains API to enable firmware control of a Pins component.
   7:Generated_Source\PSoC4/Hibernate_LED.c **** *
   8:Generated_Source\PSoC4/Hibernate_LED.c **** ********************************************************************************
   9:Generated_Source\PSoC4/Hibernate_LED.c **** * Copyright 2008-2015, Cypress Semiconductor Corporation.  All rights reserved.
  10:Generated_Source\PSoC4/Hibernate_LED.c **** * You may use this file only in accordance with the license, terms, conditions, 
  11:Generated_Source\PSoC4/Hibernate_LED.c **** * disclaimers, and limitations in the end user license agreement accompanying 
  12:Generated_Source\PSoC4/Hibernate_LED.c **** * the software package with which this file was provided.
  13:Generated_Source\PSoC4/Hibernate_LED.c **** *******************************************************************************/
  14:Generated_Source\PSoC4/Hibernate_LED.c **** 
  15:Generated_Source\PSoC4/Hibernate_LED.c **** #include "cytypes.h"
  16:Generated_Source\PSoC4/Hibernate_LED.c **** #include "Hibernate_LED.h"
  17:Generated_Source\PSoC4/Hibernate_LED.c **** 
  18:Generated_Source\PSoC4/Hibernate_LED.c **** 
  19:Generated_Source\PSoC4/Hibernate_LED.c **** #if defined(Hibernate_LED__PC)
  20:Generated_Source\PSoC4/Hibernate_LED.c ****     #define Hibernate_LED_SetP4PinDriveMode(shift, mode)  \
  21:Generated_Source\PSoC4/Hibernate_LED.c ****     do { \
  22:Generated_Source\PSoC4/Hibernate_LED.c ****         Hibernate_LED_PC =   (Hibernate_LED_PC & \
  23:Generated_Source\PSoC4/Hibernate_LED.c ****                                 (uint32)(~(uint32)(Hibernate_LED_DRIVE_MODE_IND_MASK << \
  24:Generated_Source\PSoC4/Hibernate_LED.c ****                                 (Hibernate_LED_DRIVE_MODE_BITS * (shift))))) | \
  25:Generated_Source\PSoC4/Hibernate_LED.c ****                                 (uint32)((uint32)(mode) << \
  26:Generated_Source\PSoC4/Hibernate_LED.c ****                                 (Hibernate_LED_DRIVE_MODE_BITS * (shift))); \
  27:Generated_Source\PSoC4/Hibernate_LED.c ****     } while (0)
  28:Generated_Source\PSoC4/Hibernate_LED.c **** #else
  29:Generated_Source\PSoC4/Hibernate_LED.c ****     #if (CY_PSOC4_4200L)
  30:Generated_Source\PSoC4/Hibernate_LED.c ****         #define Hibernate_LED_SetP4PinDriveMode(shift, mode)  \
  31:Generated_Source\PSoC4/Hibernate_LED.c ****         do { \
  32:Generated_Source\PSoC4/Hibernate_LED.c ****             Hibernate_LED_USBIO_CTRL_REG = (Hibernate_LED_USBIO_CTRL_REG & \
  33:Generated_Source\PSoC4/Hibernate_LED.c ****                                     (uint32)(~(uint32)(Hibernate_LED_DRIVE_MODE_IND_MASK << \
  34:Generated_Source\PSoC4/Hibernate_LED.c ****                                     (Hibernate_LED_DRIVE_MODE_BITS * (shift))))) | \
  35:Generated_Source\PSoC4/Hibernate_LED.c ****                                     (uint32)((uint32)(mode) << \
  36:Generated_Source\PSoC4/Hibernate_LED.c ****                                     (Hibernate_LED_DRIVE_MODE_BITS * (shift))); \
  37:Generated_Source\PSoC4/Hibernate_LED.c ****         } while (0)
  38:Generated_Source\PSoC4/Hibernate_LED.c ****     #endif
  39:Generated_Source\PSoC4/Hibernate_LED.c **** #endif
  40:Generated_Source\PSoC4/Hibernate_LED.c ****   
  41:Generated_Source\PSoC4/Hibernate_LED.c **** 
  42:Generated_Source\PSoC4/Hibernate_LED.c **** #if defined(Hibernate_LED__PC) || (CY_PSOC4_4200L) 
  43:Generated_Source\PSoC4/Hibernate_LED.c ****     /*******************************************************************************
  44:Generated_Source\PSoC4/Hibernate_LED.c ****     * Function Name: Hibernate_LED_SetDriveMode
  45:Generated_Source\PSoC4/Hibernate_LED.c ****     ****************************************************************************//**
  46:Generated_Source\PSoC4/Hibernate_LED.c ****     *
  47:Generated_Source\PSoC4/Hibernate_LED.c ****     * \brief Sets the drive mode for each of the Pins component's pins.
  48:Generated_Source\PSoC4/Hibernate_LED.c ****     * 
ARM GAS  C:\Users\unyacat\AppData\Local\Temp\ccWaHfD0.s 			page 23


  49:Generated_Source\PSoC4/Hibernate_LED.c ****     * <b>Note</b> This affects all pins in the Pins component instance. Use the
  50:Generated_Source\PSoC4/Hibernate_LED.c ****     * Per-Pin APIs if you wish to control individual pin's drive modes.
  51:Generated_Source\PSoC4/Hibernate_LED.c ****     *
  52:Generated_Source\PSoC4/Hibernate_LED.c ****     * <b>Note</b> USBIOs have limited drive functionality. Refer to the Drive Mode
  53:Generated_Source\PSoC4/Hibernate_LED.c ****     * parameter for more information.
  54:Generated_Source\PSoC4/Hibernate_LED.c ****     *
  55:Generated_Source\PSoC4/Hibernate_LED.c ****     * \param mode
  56:Generated_Source\PSoC4/Hibernate_LED.c ****     *  Mode for the selected signals. Valid options are documented in 
  57:Generated_Source\PSoC4/Hibernate_LED.c ****     *  \ref driveMode.
  58:Generated_Source\PSoC4/Hibernate_LED.c ****     *
  59:Generated_Source\PSoC4/Hibernate_LED.c ****     * \return
  60:Generated_Source\PSoC4/Hibernate_LED.c ****     *  None
  61:Generated_Source\PSoC4/Hibernate_LED.c ****     *
  62:Generated_Source\PSoC4/Hibernate_LED.c ****     * \sideeffect
  63:Generated_Source\PSoC4/Hibernate_LED.c ****     *  If you use read-modify-write operations that are not atomic, the ISR can
  64:Generated_Source\PSoC4/Hibernate_LED.c ****     *  cause corruption of this function. An ISR that interrupts this function 
  65:Generated_Source\PSoC4/Hibernate_LED.c ****     *  and performs writes to the Pins component Drive Mode registers can cause 
  66:Generated_Source\PSoC4/Hibernate_LED.c ****     *  corrupted port data. To avoid this issue, you should either use the Per-Pin
  67:Generated_Source\PSoC4/Hibernate_LED.c ****     *  APIs (primary method) or disable interrupts around this function.
  68:Generated_Source\PSoC4/Hibernate_LED.c ****     *
  69:Generated_Source\PSoC4/Hibernate_LED.c ****     * \funcusage
  70:Generated_Source\PSoC4/Hibernate_LED.c ****     *  \snippet Hibernate_LED_SUT.c usage_Hibernate_LED_SetDriveMode
  71:Generated_Source\PSoC4/Hibernate_LED.c ****     *******************************************************************************/
  72:Generated_Source\PSoC4/Hibernate_LED.c ****     void Hibernate_LED_SetDriveMode(uint8 mode)
  73:Generated_Source\PSoC4/Hibernate_LED.c ****     {
 324              		.loc 1 73 0
 325              		.cfi_startproc
 326              		@ args = 0, pretend = 0, frame = 0
 327              		@ frame_needed = 0, uses_anonymous_args = 0
 328              		@ link register save eliminated.
 329              	.LVL0:
  74:Generated_Source\PSoC4/Hibernate_LED.c **** 		Hibernate_LED_SetP4PinDriveMode(Hibernate_LED__0__SHIFT, mode);
 330              		.loc 1 74 0
 331 0000 034A     		ldr	r2, .L2
 332 0002 044B     		ldr	r3, .L2+4
 333 0004 1168     		ldr	r1, [r2]
 334 0006 C003     		lsls	r0, r0, #15
 335              	.LVL1:
 336 0008 0B40     		ands	r3, r1
 337 000a 1843     		orrs	r0, r3
 338 000c 1060     		str	r0, [r2]
  75:Generated_Source\PSoC4/Hibernate_LED.c ****     }
 339              		.loc 1 75 0
 340              		@ sp needed
 341 000e 7047     		bx	lr
 342              	.L3:
 343              		.align	2
 344              	.L2:
 345 0010 08000440 		.word	1074003976
 346 0014 FF7FFCFF 		.word	-229377
 347              		.cfi_endproc
 348              	.LFE0:
 349              		.size	Hibernate_LED_SetDriveMode, .-Hibernate_LED_SetDriveMode
 350              		.section	.text.Hibernate_LED_Write,"ax",%progbits
 351              		.align	2
 352              		.global	Hibernate_LED_Write
 353              		.code	16
ARM GAS  C:\Users\unyacat\AppData\Local\Temp\ccWaHfD0.s 			page 24


 354              		.thumb_func
 355              		.type	Hibernate_LED_Write, %function
 356              	Hibernate_LED_Write:
 357              	.LFB1:
  76:Generated_Source\PSoC4/Hibernate_LED.c **** #endif
  77:Generated_Source\PSoC4/Hibernate_LED.c **** 
  78:Generated_Source\PSoC4/Hibernate_LED.c **** 
  79:Generated_Source\PSoC4/Hibernate_LED.c **** /*******************************************************************************
  80:Generated_Source\PSoC4/Hibernate_LED.c **** * Function Name: Hibernate_LED_Write
  81:Generated_Source\PSoC4/Hibernate_LED.c **** ****************************************************************************//**
  82:Generated_Source\PSoC4/Hibernate_LED.c **** *
  83:Generated_Source\PSoC4/Hibernate_LED.c **** * \brief Writes the value to the physical port (data output register), masking
  84:Generated_Source\PSoC4/Hibernate_LED.c **** *  and shifting the bits appropriately. 
  85:Generated_Source\PSoC4/Hibernate_LED.c **** *
  86:Generated_Source\PSoC4/Hibernate_LED.c **** * The data output register controls the signal applied to the physical pin in 
  87:Generated_Source\PSoC4/Hibernate_LED.c **** * conjunction with the drive mode parameter. This function avoids changing 
  88:Generated_Source\PSoC4/Hibernate_LED.c **** * other bits in the port by using the appropriate method (read-modify-write or
  89:Generated_Source\PSoC4/Hibernate_LED.c **** * bit banding).
  90:Generated_Source\PSoC4/Hibernate_LED.c **** *
  91:Generated_Source\PSoC4/Hibernate_LED.c **** * <b>Note</b> This function should not be used on a hardware digital output pin 
  92:Generated_Source\PSoC4/Hibernate_LED.c **** * as it is driven by the hardware signal attached to it.
  93:Generated_Source\PSoC4/Hibernate_LED.c **** *
  94:Generated_Source\PSoC4/Hibernate_LED.c **** * \param value
  95:Generated_Source\PSoC4/Hibernate_LED.c **** *  Value to write to the component instance.
  96:Generated_Source\PSoC4/Hibernate_LED.c **** *
  97:Generated_Source\PSoC4/Hibernate_LED.c **** * \return 
  98:Generated_Source\PSoC4/Hibernate_LED.c **** *  None 
  99:Generated_Source\PSoC4/Hibernate_LED.c **** *
 100:Generated_Source\PSoC4/Hibernate_LED.c **** * \sideeffect
 101:Generated_Source\PSoC4/Hibernate_LED.c **** *  If you use read-modify-write operations that are not atomic; the Interrupt 
 102:Generated_Source\PSoC4/Hibernate_LED.c **** *  Service Routines (ISR) can cause corruption of this function. An ISR that 
 103:Generated_Source\PSoC4/Hibernate_LED.c **** *  interrupts this function and performs writes to the Pins component data 
 104:Generated_Source\PSoC4/Hibernate_LED.c **** *  register can cause corrupted port data. To avoid this issue, you should 
 105:Generated_Source\PSoC4/Hibernate_LED.c **** *  either use the Per-Pin APIs (primary method) or disable interrupts around 
 106:Generated_Source\PSoC4/Hibernate_LED.c **** *  this function.
 107:Generated_Source\PSoC4/Hibernate_LED.c **** *
 108:Generated_Source\PSoC4/Hibernate_LED.c **** * \funcusage
 109:Generated_Source\PSoC4/Hibernate_LED.c **** *  \snippet Hibernate_LED_SUT.c usage_Hibernate_LED_Write
 110:Generated_Source\PSoC4/Hibernate_LED.c **** *******************************************************************************/
 111:Generated_Source\PSoC4/Hibernate_LED.c **** void Hibernate_LED_Write(uint8 value)
 112:Generated_Source\PSoC4/Hibernate_LED.c **** {
 358              		.loc 1 112 0
 359              		.cfi_startproc
 360              		@ args = 0, pretend = 0, frame = 0
 361              		@ frame_needed = 0, uses_anonymous_args = 0
 362              		@ link register save eliminated.
 363              	.LVL2:
 364              		.loc 1 112 0
 365 0000 0300     		movs	r3, r0
 113:Generated_Source\PSoC4/Hibernate_LED.c ****     uint8 drVal = (uint8)(Hibernate_LED_DR & (uint8)(~Hibernate_LED_MASK));
 366              		.loc 1 113 0
 367 0002 2020     		movs	r0, #32
 368              	.LVL3:
 369 0004 0449     		ldr	r1, .L5
 114:Generated_Source\PSoC4/Hibernate_LED.c ****     drVal = (drVal | ((uint8)(value << Hibernate_LED_SHIFT) & Hibernate_LED_MASK));
 115:Generated_Source\PSoC4/Hibernate_LED.c ****     Hibernate_LED_DR = (uint32)drVal;
 370              		.loc 1 115 0
ARM GAS  C:\Users\unyacat\AppData\Local\Temp\ccWaHfD0.s 			page 25


 371 0006 5B01     		lsls	r3, r3, #5
 113:Generated_Source\PSoC4/Hibernate_LED.c ****     uint8 drVal = (uint8)(Hibernate_LED_DR & (uint8)(~Hibernate_LED_MASK));
 372              		.loc 1 113 0
 373 0008 0A68     		ldr	r2, [r1]
 116:Generated_Source\PSoC4/Hibernate_LED.c **** }
 374              		.loc 1 116 0
 375              		@ sp needed
 113:Generated_Source\PSoC4/Hibernate_LED.c ****     uint8 drVal = (uint8)(Hibernate_LED_DR & (uint8)(~Hibernate_LED_MASK));
 376              		.loc 1 113 0
 377 000a 8243     		bics	r2, r0
 378 000c D2B2     		uxtb	r2, r2
 115:Generated_Source\PSoC4/Hibernate_LED.c **** }
 379              		.loc 1 115 0
 380 000e 1840     		ands	r0, r3
 381 0010 1043     		orrs	r0, r2
 382 0012 0860     		str	r0, [r1]
 383              		.loc 1 116 0
 384 0014 7047     		bx	lr
 385              	.L6:
 386 0016 C046     		.align	2
 387              	.L5:
 388 0018 00000440 		.word	1074003968
 389              		.cfi_endproc
 390              	.LFE1:
 391              		.size	Hibernate_LED_Write, .-Hibernate_LED_Write
 392              		.section	.text.Hibernate_LED_Read,"ax",%progbits
 393              		.align	2
 394              		.global	Hibernate_LED_Read
 395              		.code	16
 396              		.thumb_func
 397              		.type	Hibernate_LED_Read, %function
 398              	Hibernate_LED_Read:
 399              	.LFB2:
 117:Generated_Source\PSoC4/Hibernate_LED.c **** 
 118:Generated_Source\PSoC4/Hibernate_LED.c **** 
 119:Generated_Source\PSoC4/Hibernate_LED.c **** /*******************************************************************************
 120:Generated_Source\PSoC4/Hibernate_LED.c **** * Function Name: Hibernate_LED_Read
 121:Generated_Source\PSoC4/Hibernate_LED.c **** ****************************************************************************//**
 122:Generated_Source\PSoC4/Hibernate_LED.c **** *
 123:Generated_Source\PSoC4/Hibernate_LED.c **** * \brief Reads the associated physical port (pin status register) and masks 
 124:Generated_Source\PSoC4/Hibernate_LED.c **** *  the required bits according to the width and bit position of the component
 125:Generated_Source\PSoC4/Hibernate_LED.c **** *  instance. 
 126:Generated_Source\PSoC4/Hibernate_LED.c **** *
 127:Generated_Source\PSoC4/Hibernate_LED.c **** * The pin's status register returns the current logic level present on the 
 128:Generated_Source\PSoC4/Hibernate_LED.c **** * physical pin.
 129:Generated_Source\PSoC4/Hibernate_LED.c **** *
 130:Generated_Source\PSoC4/Hibernate_LED.c **** * \return 
 131:Generated_Source\PSoC4/Hibernate_LED.c **** *  The current value for the pins in the component as a right justified number.
 132:Generated_Source\PSoC4/Hibernate_LED.c **** *
 133:Generated_Source\PSoC4/Hibernate_LED.c **** * \funcusage
 134:Generated_Source\PSoC4/Hibernate_LED.c **** *  \snippet Hibernate_LED_SUT.c usage_Hibernate_LED_Read  
 135:Generated_Source\PSoC4/Hibernate_LED.c **** *******************************************************************************/
 136:Generated_Source\PSoC4/Hibernate_LED.c **** uint8 Hibernate_LED_Read(void)
 137:Generated_Source\PSoC4/Hibernate_LED.c **** {
 400              		.loc 1 137 0
 401              		.cfi_startproc
 402              		@ args = 0, pretend = 0, frame = 0
ARM GAS  C:\Users\unyacat\AppData\Local\Temp\ccWaHfD0.s 			page 26


 403              		@ frame_needed = 0, uses_anonymous_args = 0
 404              		@ link register save eliminated.
 138:Generated_Source\PSoC4/Hibernate_LED.c ****     return (uint8)((Hibernate_LED_PS & Hibernate_LED_MASK) >> Hibernate_LED_SHIFT);
 405              		.loc 1 138 0
 406 0000 024B     		ldr	r3, .L8
 139:Generated_Source\PSoC4/Hibernate_LED.c **** }
 407              		.loc 1 139 0
 408              		@ sp needed
 138:Generated_Source\PSoC4/Hibernate_LED.c ****     return (uint8)((Hibernate_LED_PS & Hibernate_LED_MASK) >> Hibernate_LED_SHIFT);
 409              		.loc 1 138 0
 410 0002 1868     		ldr	r0, [r3]
 411 0004 8006     		lsls	r0, r0, #26
 412 0006 C00F     		lsrs	r0, r0, #31
 413              		.loc 1 139 0
 414 0008 7047     		bx	lr
 415              	.L9:
 416 000a C046     		.align	2
 417              	.L8:
 418 000c 04000440 		.word	1074003972
 419              		.cfi_endproc
 420              	.LFE2:
 421              		.size	Hibernate_LED_Read, .-Hibernate_LED_Read
 422              		.section	.text.Hibernate_LED_ReadDataReg,"ax",%progbits
 423              		.align	2
 424              		.global	Hibernate_LED_ReadDataReg
 425              		.code	16
 426              		.thumb_func
 427              		.type	Hibernate_LED_ReadDataReg, %function
 428              	Hibernate_LED_ReadDataReg:
 429              	.LFB3:
 140:Generated_Source\PSoC4/Hibernate_LED.c **** 
 141:Generated_Source\PSoC4/Hibernate_LED.c **** 
 142:Generated_Source\PSoC4/Hibernate_LED.c **** /*******************************************************************************
 143:Generated_Source\PSoC4/Hibernate_LED.c **** * Function Name: Hibernate_LED_ReadDataReg
 144:Generated_Source\PSoC4/Hibernate_LED.c **** ****************************************************************************//**
 145:Generated_Source\PSoC4/Hibernate_LED.c **** *
 146:Generated_Source\PSoC4/Hibernate_LED.c **** * \brief Reads the associated physical port's data output register and masks 
 147:Generated_Source\PSoC4/Hibernate_LED.c **** *  the correct bits according to the width and bit position of the component 
 148:Generated_Source\PSoC4/Hibernate_LED.c **** *  instance. 
 149:Generated_Source\PSoC4/Hibernate_LED.c **** *
 150:Generated_Source\PSoC4/Hibernate_LED.c **** * The data output register controls the signal applied to the physical pin in 
 151:Generated_Source\PSoC4/Hibernate_LED.c **** * conjunction with the drive mode parameter. This is not the same as the 
 152:Generated_Source\PSoC4/Hibernate_LED.c **** * preferred Hibernate_LED_Read() API because the 
 153:Generated_Source\PSoC4/Hibernate_LED.c **** * Hibernate_LED_ReadDataReg() reads the data register instead of the status 
 154:Generated_Source\PSoC4/Hibernate_LED.c **** * register. For output pins this is a useful function to determine the value 
 155:Generated_Source\PSoC4/Hibernate_LED.c **** * just written to the pin.
 156:Generated_Source\PSoC4/Hibernate_LED.c **** *
 157:Generated_Source\PSoC4/Hibernate_LED.c **** * \return 
 158:Generated_Source\PSoC4/Hibernate_LED.c **** *  The current value of the data register masked and shifted into a right 
 159:Generated_Source\PSoC4/Hibernate_LED.c **** *  justified number for the component instance.
 160:Generated_Source\PSoC4/Hibernate_LED.c **** *
 161:Generated_Source\PSoC4/Hibernate_LED.c **** * \funcusage
 162:Generated_Source\PSoC4/Hibernate_LED.c **** *  \snippet Hibernate_LED_SUT.c usage_Hibernate_LED_ReadDataReg 
 163:Generated_Source\PSoC4/Hibernate_LED.c **** *******************************************************************************/
 164:Generated_Source\PSoC4/Hibernate_LED.c **** uint8 Hibernate_LED_ReadDataReg(void)
 165:Generated_Source\PSoC4/Hibernate_LED.c **** {
 430              		.loc 1 165 0
ARM GAS  C:\Users\unyacat\AppData\Local\Temp\ccWaHfD0.s 			page 27


 431              		.cfi_startproc
 432              		@ args = 0, pretend = 0, frame = 0
 433              		@ frame_needed = 0, uses_anonymous_args = 0
 434              		@ link register save eliminated.
 166:Generated_Source\PSoC4/Hibernate_LED.c ****     return (uint8)((Hibernate_LED_DR & Hibernate_LED_MASK) >> Hibernate_LED_SHIFT);
 435              		.loc 1 166 0
 436 0000 024B     		ldr	r3, .L11
 167:Generated_Source\PSoC4/Hibernate_LED.c **** }
 437              		.loc 1 167 0
 438              		@ sp needed
 166:Generated_Source\PSoC4/Hibernate_LED.c ****     return (uint8)((Hibernate_LED_DR & Hibernate_LED_MASK) >> Hibernate_LED_SHIFT);
 439              		.loc 1 166 0
 440 0002 1868     		ldr	r0, [r3]
 441 0004 8006     		lsls	r0, r0, #26
 442 0006 C00F     		lsrs	r0, r0, #31
 443              		.loc 1 167 0
 444 0008 7047     		bx	lr
 445              	.L12:
 446 000a C046     		.align	2
 447              	.L11:
 448 000c 00000440 		.word	1074003968
 449              		.cfi_endproc
 450              	.LFE3:
 451              		.size	Hibernate_LED_ReadDataReg, .-Hibernate_LED_ReadDataReg
 452              		.section	.text.Hibernate_LED_SetInterruptMode,"ax",%progbits
 453              		.align	2
 454              		.global	Hibernate_LED_SetInterruptMode
 455              		.code	16
 456              		.thumb_func
 457              		.type	Hibernate_LED_SetInterruptMode, %function
 458              	Hibernate_LED_SetInterruptMode:
 459              	.LFB4:
 168:Generated_Source\PSoC4/Hibernate_LED.c **** 
 169:Generated_Source\PSoC4/Hibernate_LED.c **** 
 170:Generated_Source\PSoC4/Hibernate_LED.c **** /*******************************************************************************
 171:Generated_Source\PSoC4/Hibernate_LED.c **** * Function Name: Hibernate_LED_SetInterruptMode
 172:Generated_Source\PSoC4/Hibernate_LED.c **** ****************************************************************************//**
 173:Generated_Source\PSoC4/Hibernate_LED.c **** *
 174:Generated_Source\PSoC4/Hibernate_LED.c **** * \brief Configures the interrupt mode for each of the Pins component's
 175:Generated_Source\PSoC4/Hibernate_LED.c **** *  pins. Alternatively you may set the interrupt mode for all the pins
 176:Generated_Source\PSoC4/Hibernate_LED.c **** *  specified in the Pins component.
 177:Generated_Source\PSoC4/Hibernate_LED.c **** *
 178:Generated_Source\PSoC4/Hibernate_LED.c **** *  <b>Note</b> The interrupt is port-wide and therefore any enabled pin
 179:Generated_Source\PSoC4/Hibernate_LED.c **** *  interrupt may trigger it.
 180:Generated_Source\PSoC4/Hibernate_LED.c **** *
 181:Generated_Source\PSoC4/Hibernate_LED.c **** * \param position
 182:Generated_Source\PSoC4/Hibernate_LED.c **** *  The pin position as listed in the Pins component. You may OR these to be 
 183:Generated_Source\PSoC4/Hibernate_LED.c **** *  able to configure the interrupt mode of multiple pins within a Pins 
 184:Generated_Source\PSoC4/Hibernate_LED.c **** *  component. Or you may use Hibernate_LED_INTR_ALL to configure the
 185:Generated_Source\PSoC4/Hibernate_LED.c **** *  interrupt mode of all the pins in the Pins component.       
 186:Generated_Source\PSoC4/Hibernate_LED.c **** *  - Hibernate_LED_0_INTR       (First pin in the list)
 187:Generated_Source\PSoC4/Hibernate_LED.c **** *  - Hibernate_LED_1_INTR       (Second pin in the list)
 188:Generated_Source\PSoC4/Hibernate_LED.c **** *  - ...
 189:Generated_Source\PSoC4/Hibernate_LED.c **** *  - Hibernate_LED_INTR_ALL     (All pins in Pins component)
 190:Generated_Source\PSoC4/Hibernate_LED.c **** *
 191:Generated_Source\PSoC4/Hibernate_LED.c **** * \param mode
 192:Generated_Source\PSoC4/Hibernate_LED.c **** *  Interrupt mode for the selected pins. Valid options are documented in
ARM GAS  C:\Users\unyacat\AppData\Local\Temp\ccWaHfD0.s 			page 28


 193:Generated_Source\PSoC4/Hibernate_LED.c **** *  \ref intrMode.
 194:Generated_Source\PSoC4/Hibernate_LED.c **** *
 195:Generated_Source\PSoC4/Hibernate_LED.c **** * \return 
 196:Generated_Source\PSoC4/Hibernate_LED.c **** *  None
 197:Generated_Source\PSoC4/Hibernate_LED.c **** *  
 198:Generated_Source\PSoC4/Hibernate_LED.c **** * \sideeffect
 199:Generated_Source\PSoC4/Hibernate_LED.c **** *  It is recommended that the interrupt be disabled before calling this 
 200:Generated_Source\PSoC4/Hibernate_LED.c **** *  function to avoid unintended interrupt requests. Note that the interrupt
 201:Generated_Source\PSoC4/Hibernate_LED.c **** *  type is port wide, and therefore will trigger for any enabled pin on the 
 202:Generated_Source\PSoC4/Hibernate_LED.c **** *  port.
 203:Generated_Source\PSoC4/Hibernate_LED.c **** *
 204:Generated_Source\PSoC4/Hibernate_LED.c **** * \funcusage
 205:Generated_Source\PSoC4/Hibernate_LED.c **** *  \snippet Hibernate_LED_SUT.c usage_Hibernate_LED_SetInterruptMode
 206:Generated_Source\PSoC4/Hibernate_LED.c **** *******************************************************************************/
 207:Generated_Source\PSoC4/Hibernate_LED.c **** void Hibernate_LED_SetInterruptMode(uint16 position, uint16 mode)
 208:Generated_Source\PSoC4/Hibernate_LED.c **** {
 460              		.loc 1 208 0
 461              		.cfi_startproc
 462              		@ args = 0, pretend = 0, frame = 0
 463              		@ frame_needed = 0, uses_anonymous_args = 0
 464              		@ link register save eliminated.
 465              	.LVL4:
 209:Generated_Source\PSoC4/Hibernate_LED.c ****     uint32 intrCfg;
 210:Generated_Source\PSoC4/Hibernate_LED.c ****     
 211:Generated_Source\PSoC4/Hibernate_LED.c ****     intrCfg =  Hibernate_LED_INTCFG & (uint32)(~(uint32)position);
 466              		.loc 1 211 0
 467 0000 034A     		ldr	r2, .L14
 212:Generated_Source\PSoC4/Hibernate_LED.c ****     Hibernate_LED_INTCFG = intrCfg | ((uint32)position & (uint32)mode);
 213:Generated_Source\PSoC4/Hibernate_LED.c **** }
 468              		.loc 1 213 0
 469              		@ sp needed
 211:Generated_Source\PSoC4/Hibernate_LED.c ****     Hibernate_LED_INTCFG = intrCfg | ((uint32)position & (uint32)mode);
 470              		.loc 1 211 0
 471 0002 1368     		ldr	r3, [r2]
 472              	.LVL5:
 212:Generated_Source\PSoC4/Hibernate_LED.c ****     Hibernate_LED_INTCFG = intrCfg | ((uint32)position & (uint32)mode);
 473              		.loc 1 212 0
 474 0004 8343     		bics	r3, r0
 475              	.LVL6:
 476 0006 0840     		ands	r0, r1
 477              	.LVL7:
 478 0008 1843     		orrs	r0, r3
 479 000a 1060     		str	r0, [r2]
 480              		.loc 1 213 0
 481 000c 7047     		bx	lr
 482              	.L15:
 483 000e C046     		.align	2
 484              	.L14:
 485 0010 0C000440 		.word	1074003980
 486              		.cfi_endproc
 487              	.LFE4:
 488              		.size	Hibernate_LED_SetInterruptMode, .-Hibernate_LED_SetInterruptMode
 489              		.section	.text.Hibernate_LED_ClearInterrupt,"ax",%progbits
 490              		.align	2
 491              		.global	Hibernate_LED_ClearInterrupt
 492              		.code	16
 493              		.thumb_func
ARM GAS  C:\Users\unyacat\AppData\Local\Temp\ccWaHfD0.s 			page 29


 494              		.type	Hibernate_LED_ClearInterrupt, %function
 495              	Hibernate_LED_ClearInterrupt:
 496              	.LFB5:
 214:Generated_Source\PSoC4/Hibernate_LED.c **** 
 215:Generated_Source\PSoC4/Hibernate_LED.c **** 
 216:Generated_Source\PSoC4/Hibernate_LED.c **** /*******************************************************************************
 217:Generated_Source\PSoC4/Hibernate_LED.c **** * Function Name: Hibernate_LED_ClearInterrupt
 218:Generated_Source\PSoC4/Hibernate_LED.c **** ****************************************************************************//**
 219:Generated_Source\PSoC4/Hibernate_LED.c **** *
 220:Generated_Source\PSoC4/Hibernate_LED.c **** * \brief Clears any active interrupts attached with the component and returns 
 221:Generated_Source\PSoC4/Hibernate_LED.c **** *  the value of the interrupt status register allowing determination of which
 222:Generated_Source\PSoC4/Hibernate_LED.c **** *  pins generated an interrupt event.
 223:Generated_Source\PSoC4/Hibernate_LED.c **** *
 224:Generated_Source\PSoC4/Hibernate_LED.c **** * \return 
 225:Generated_Source\PSoC4/Hibernate_LED.c **** *  The right-shifted current value of the interrupt status register. Each pin 
 226:Generated_Source\PSoC4/Hibernate_LED.c **** *  has one bit set if it generated an interrupt event. For example, bit 0 is 
 227:Generated_Source\PSoC4/Hibernate_LED.c **** *  for pin 0 and bit 1 is for pin 1 of the Pins component.
 228:Generated_Source\PSoC4/Hibernate_LED.c **** *  
 229:Generated_Source\PSoC4/Hibernate_LED.c **** * \sideeffect
 230:Generated_Source\PSoC4/Hibernate_LED.c **** *  Clears all bits of the physical port's interrupt status register, not just
 231:Generated_Source\PSoC4/Hibernate_LED.c **** *  those associated with the Pins component.
 232:Generated_Source\PSoC4/Hibernate_LED.c **** *
 233:Generated_Source\PSoC4/Hibernate_LED.c **** * \funcusage
 234:Generated_Source\PSoC4/Hibernate_LED.c **** *  \snippet Hibernate_LED_SUT.c usage_Hibernate_LED_ClearInterrupt
 235:Generated_Source\PSoC4/Hibernate_LED.c **** *******************************************************************************/
 236:Generated_Source\PSoC4/Hibernate_LED.c **** uint8 Hibernate_LED_ClearInterrupt(void)
 237:Generated_Source\PSoC4/Hibernate_LED.c **** {
 497              		.loc 1 237 0
 498              		.cfi_startproc
 499              		@ args = 0, pretend = 0, frame = 0
 500              		@ frame_needed = 0, uses_anonymous_args = 0
 501              		@ link register save eliminated.
 238:Generated_Source\PSoC4/Hibernate_LED.c **** 	uint8 maskedStatus = (uint8)(Hibernate_LED_INTSTAT & Hibernate_LED_MASK);
 502              		.loc 1 238 0
 503 0000 2020     		movs	r0, #32
 504 0002 034A     		ldr	r2, .L17
 239:Generated_Source\PSoC4/Hibernate_LED.c **** 	Hibernate_LED_INTSTAT = maskedStatus;
 240:Generated_Source\PSoC4/Hibernate_LED.c ****     return maskedStatus >> Hibernate_LED_SHIFT;
 241:Generated_Source\PSoC4/Hibernate_LED.c **** }
 505              		.loc 1 241 0
 506              		@ sp needed
 238:Generated_Source\PSoC4/Hibernate_LED.c **** 	uint8 maskedStatus = (uint8)(Hibernate_LED_INTSTAT & Hibernate_LED_MASK);
 507              		.loc 1 238 0
 508 0004 1368     		ldr	r3, [r2]
 509 0006 1840     		ands	r0, r3
 510              	.LVL8:
 239:Generated_Source\PSoC4/Hibernate_LED.c **** 	Hibernate_LED_INTSTAT = maskedStatus;
 511              		.loc 1 239 0
 512 0008 1060     		str	r0, [r2]
 240:Generated_Source\PSoC4/Hibernate_LED.c **** }
 513              		.loc 1 240 0
 514 000a 4009     		lsrs	r0, r0, #5
 515              	.LVL9:
 516 000c C0B2     		uxtb	r0, r0
 517              		.loc 1 241 0
 518 000e 7047     		bx	lr
 519              	.L18:
ARM GAS  C:\Users\unyacat\AppData\Local\Temp\ccWaHfD0.s 			page 30


 520              		.align	2
 521              	.L17:
 522 0010 10000440 		.word	1074003984
 523              		.cfi_endproc
 524              	.LFE5:
 525              		.size	Hibernate_LED_ClearInterrupt, .-Hibernate_LED_ClearInterrupt
 526              		.text
 527              	.Letext0:
 528              		.file 2 "Generated_Source\\PSoC4\\cytypes.h"
 529              		.section	.debug_info,"",%progbits
 530              	.Ldebug_info0:
 531 0000 97010000 		.4byte	0x197
 532 0004 0400     		.2byte	0x4
 533 0006 00000000 		.4byte	.Ldebug_abbrev0
 534 000a 04       		.byte	0x4
 535 000b 01       		.uleb128 0x1
 536 000c 5E000000 		.4byte	.LASF27
 537 0010 0C       		.byte	0xc
 538 0011 89010000 		.4byte	.LASF28
 539 0015 B5010000 		.4byte	.LASF29
 540 0019 00000000 		.4byte	.Ldebug_ranges0+0
 541 001d 00000000 		.4byte	0
 542 0021 00000000 		.4byte	.Ldebug_line0
 543 0025 02       		.uleb128 0x2
 544 0026 01       		.byte	0x1
 545 0027 06       		.byte	0x6
 546 0028 6B020000 		.4byte	.LASF0
 547 002c 02       		.uleb128 0x2
 548 002d 01       		.byte	0x1
 549 002e 08       		.byte	0x8
 550 002f 25000000 		.4byte	.LASF1
 551 0033 02       		.uleb128 0x2
 552 0034 02       		.byte	0x2
 553 0035 05       		.byte	0x5
 554 0036 52020000 		.4byte	.LASF2
 555 003a 02       		.uleb128 0x2
 556 003b 02       		.byte	0x2
 557 003c 07       		.byte	0x7
 558 003d 4B000000 		.4byte	.LASF3
 559 0041 02       		.uleb128 0x2
 560 0042 04       		.byte	0x4
 561 0043 05       		.byte	0x5
 562 0044 62020000 		.4byte	.LASF4
 563 0048 02       		.uleb128 0x2
 564 0049 04       		.byte	0x4
 565 004a 07       		.byte	0x7
 566 004b 39000000 		.4byte	.LASF5
 567 004f 02       		.uleb128 0x2
 568 0050 08       		.byte	0x8
 569 0051 05       		.byte	0x5
 570 0052 18020000 		.4byte	.LASF6
 571 0056 02       		.uleb128 0x2
 572 0057 08       		.byte	0x8
 573 0058 07       		.byte	0x7
 574 0059 72010000 		.4byte	.LASF7
 575 005d 03       		.uleb128 0x3
 576 005e 04       		.byte	0x4
ARM GAS  C:\Users\unyacat\AppData\Local\Temp\ccWaHfD0.s 			page 31


 577 005f 05       		.byte	0x5
 578 0060 696E7400 		.ascii	"int\000"
 579 0064 02       		.uleb128 0x2
 580 0065 04       		.byte	0x4
 581 0066 07       		.byte	0x7
 582 0067 46010000 		.4byte	.LASF8
 583 006b 04       		.uleb128 0x4
 584 006c 5C020000 		.4byte	.LASF9
 585 0070 02       		.byte	0x2
 586 0071 FB01     		.2byte	0x1fb
 587 0073 2C000000 		.4byte	0x2c
 588 0077 04       		.uleb128 0x4
 589 0078 27010000 		.4byte	.LASF10
 590 007c 02       		.byte	0x2
 591 007d FC01     		.2byte	0x1fc
 592 007f 3A000000 		.4byte	0x3a
 593 0083 04       		.uleb128 0x4
 594 0084 37010000 		.4byte	.LASF11
 595 0088 02       		.byte	0x2
 596 0089 FD01     		.2byte	0x1fd
 597 008b 48000000 		.4byte	0x48
 598 008f 02       		.uleb128 0x2
 599 0090 04       		.byte	0x4
 600 0091 04       		.byte	0x4
 601 0092 1F000000 		.4byte	.LASF12
 602 0096 02       		.uleb128 0x2
 603 0097 08       		.byte	0x8
 604 0098 04       		.byte	0x4
 605 0099 20010000 		.4byte	.LASF13
 606 009d 02       		.uleb128 0x2
 607 009e 01       		.byte	0x1
 608 009f 08       		.byte	0x8
 609 00a0 33020000 		.4byte	.LASF14
 610 00a4 04       		.uleb128 0x4
 611 00a5 13000000 		.4byte	.LASF15
 612 00a9 02       		.byte	0x2
 613 00aa A702     		.2byte	0x2a7
 614 00ac B0000000 		.4byte	0xb0
 615 00b0 05       		.uleb128 0x5
 616 00b1 83000000 		.4byte	0x83
 617 00b5 06       		.uleb128 0x6
 618 00b6 05010000 		.4byte	.LASF16
 619 00ba 01       		.byte	0x1
 620 00bb 48       		.byte	0x48
 621 00bc 00000000 		.4byte	.LFB0
 622 00c0 18000000 		.4byte	.LFE0-.LFB0
 623 00c4 01       		.uleb128 0x1
 624 00c5 9C       		.byte	0x9c
 625 00c6 DA000000 		.4byte	0xda
 626 00ca 07       		.uleb128 0x7
 627 00cb B0010000 		.4byte	.LASF18
 628 00cf 01       		.byte	0x1
 629 00d0 48       		.byte	0x48
 630 00d1 6B000000 		.4byte	0x6b
 631 00d5 00000000 		.4byte	.LLST0
 632 00d9 00       		.byte	0
 633 00da 06       		.uleb128 0x6
ARM GAS  C:\Users\unyacat\AppData\Local\Temp\ccWaHfD0.s 			page 32


 634 00db 77020000 		.4byte	.LASF17
 635 00df 01       		.byte	0x1
 636 00e0 6F       		.byte	0x6f
 637 00e1 00000000 		.4byte	.LFB1
 638 00e5 1C000000 		.4byte	.LFE1-.LFB1
 639 00e9 01       		.uleb128 0x1
 640 00ea 9C       		.byte	0x9c
 641 00eb 0A010000 		.4byte	0x10a
 642 00ef 07       		.uleb128 0x7
 643 00f0 19000000 		.4byte	.LASF19
 644 00f4 01       		.byte	0x1
 645 00f5 6F       		.byte	0x6f
 646 00f6 6B000000 		.4byte	0x6b
 647 00fa 21000000 		.4byte	.LLST1
 648 00fe 08       		.uleb128 0x8
 649 00ff 33000000 		.4byte	.LASF30
 650 0103 01       		.byte	0x1
 651 0104 71       		.byte	0x71
 652 0105 6B000000 		.4byte	0x6b
 653 0109 00       		.byte	0
 654 010a 09       		.uleb128 0x9
 655 010b 00000000 		.4byte	.LASF20
 656 010f 01       		.byte	0x1
 657 0110 88       		.byte	0x88
 658 0111 6B000000 		.4byte	0x6b
 659 0115 00000000 		.4byte	.LFB2
 660 0119 10000000 		.4byte	.LFE2-.LFB2
 661 011d 01       		.uleb128 0x1
 662 011e 9C       		.byte	0x9c
 663 011f 09       		.uleb128 0x9
 664 0120 38020000 		.4byte	.LASF21
 665 0124 01       		.byte	0x1
 666 0125 A4       		.byte	0xa4
 667 0126 6B000000 		.4byte	0x6b
 668 012a 00000000 		.4byte	.LFB3
 669 012e 10000000 		.4byte	.LFE3-.LFB3
 670 0132 01       		.uleb128 0x1
 671 0133 9C       		.byte	0x9c
 672 0134 06       		.uleb128 0x6
 673 0135 53010000 		.4byte	.LASF22
 674 0139 01       		.byte	0x1
 675 013a CF       		.byte	0xcf
 676 013b 00000000 		.4byte	.LFB4
 677 013f 14000000 		.4byte	.LFE4-.LFB4
 678 0143 01       		.uleb128 0x1
 679 0144 9C       		.byte	0x9c
 680 0145 75010000 		.4byte	0x175
 681 0149 07       		.uleb128 0x7
 682 014a 2E010000 		.4byte	.LASF23
 683 014e 01       		.byte	0x1
 684 014f CF       		.byte	0xcf
 685 0150 77000000 		.4byte	0x77
 686 0154 42000000 		.4byte	.LLST2
 687 0158 0A       		.uleb128 0xa
 688 0159 B0010000 		.4byte	.LASF18
 689 015d 01       		.byte	0x1
 690 015e CF       		.byte	0xcf
ARM GAS  C:\Users\unyacat\AppData\Local\Temp\ccWaHfD0.s 			page 33


 691 015f 77000000 		.4byte	0x77
 692 0163 01       		.uleb128 0x1
 693 0164 51       		.byte	0x51
 694 0165 0B       		.uleb128 0xb
 695 0166 3E010000 		.4byte	.LASF25
 696 016a 01       		.byte	0x1
 697 016b D1       		.byte	0xd1
 698 016c 83000000 		.4byte	0x83
 699 0170 63000000 		.4byte	.LLST3
 700 0174 00       		.byte	0
 701 0175 0C       		.uleb128 0xc
 702 0176 8B020000 		.4byte	.LASF24
 703 017a 01       		.byte	0x1
 704 017b EC       		.byte	0xec
 705 017c 6B000000 		.4byte	0x6b
 706 0180 00000000 		.4byte	.LFB5
 707 0184 14000000 		.4byte	.LFE5-.LFB5
 708 0188 01       		.uleb128 0x1
 709 0189 9C       		.byte	0x9c
 710 018a 0B       		.uleb128 0xb
 711 018b 26020000 		.4byte	.LASF26
 712 018f 01       		.byte	0x1
 713 0190 EE       		.byte	0xee
 714 0191 6B000000 		.4byte	0x6b
 715 0195 80000000 		.4byte	.LLST4
 716 0199 00       		.byte	0
 717 019a 00       		.byte	0
 718              		.section	.debug_abbrev,"",%progbits
 719              	.Ldebug_abbrev0:
 720 0000 01       		.uleb128 0x1
 721 0001 11       		.uleb128 0x11
 722 0002 01       		.byte	0x1
 723 0003 25       		.uleb128 0x25
 724 0004 0E       		.uleb128 0xe
 725 0005 13       		.uleb128 0x13
 726 0006 0B       		.uleb128 0xb
 727 0007 03       		.uleb128 0x3
 728 0008 0E       		.uleb128 0xe
 729 0009 1B       		.uleb128 0x1b
 730 000a 0E       		.uleb128 0xe
 731 000b 55       		.uleb128 0x55
 732 000c 17       		.uleb128 0x17
 733 000d 11       		.uleb128 0x11
 734 000e 01       		.uleb128 0x1
 735 000f 10       		.uleb128 0x10
 736 0010 17       		.uleb128 0x17
 737 0011 00       		.byte	0
 738 0012 00       		.byte	0
 739 0013 02       		.uleb128 0x2
 740 0014 24       		.uleb128 0x24
 741 0015 00       		.byte	0
 742 0016 0B       		.uleb128 0xb
 743 0017 0B       		.uleb128 0xb
 744 0018 3E       		.uleb128 0x3e
 745 0019 0B       		.uleb128 0xb
 746 001a 03       		.uleb128 0x3
 747 001b 0E       		.uleb128 0xe
ARM GAS  C:\Users\unyacat\AppData\Local\Temp\ccWaHfD0.s 			page 34


 748 001c 00       		.byte	0
 749 001d 00       		.byte	0
 750 001e 03       		.uleb128 0x3
 751 001f 24       		.uleb128 0x24
 752 0020 00       		.byte	0
 753 0021 0B       		.uleb128 0xb
 754 0022 0B       		.uleb128 0xb
 755 0023 3E       		.uleb128 0x3e
 756 0024 0B       		.uleb128 0xb
 757 0025 03       		.uleb128 0x3
 758 0026 08       		.uleb128 0x8
 759 0027 00       		.byte	0
 760 0028 00       		.byte	0
 761 0029 04       		.uleb128 0x4
 762 002a 16       		.uleb128 0x16
 763 002b 00       		.byte	0
 764 002c 03       		.uleb128 0x3
 765 002d 0E       		.uleb128 0xe
 766 002e 3A       		.uleb128 0x3a
 767 002f 0B       		.uleb128 0xb
 768 0030 3B       		.uleb128 0x3b
 769 0031 05       		.uleb128 0x5
 770 0032 49       		.uleb128 0x49
 771 0033 13       		.uleb128 0x13
 772 0034 00       		.byte	0
 773 0035 00       		.byte	0
 774 0036 05       		.uleb128 0x5
 775 0037 35       		.uleb128 0x35
 776 0038 00       		.byte	0
 777 0039 49       		.uleb128 0x49
 778 003a 13       		.uleb128 0x13
 779 003b 00       		.byte	0
 780 003c 00       		.byte	0
 781 003d 06       		.uleb128 0x6
 782 003e 2E       		.uleb128 0x2e
 783 003f 01       		.byte	0x1
 784 0040 3F       		.uleb128 0x3f
 785 0041 19       		.uleb128 0x19
 786 0042 03       		.uleb128 0x3
 787 0043 0E       		.uleb128 0xe
 788 0044 3A       		.uleb128 0x3a
 789 0045 0B       		.uleb128 0xb
 790 0046 3B       		.uleb128 0x3b
 791 0047 0B       		.uleb128 0xb
 792 0048 27       		.uleb128 0x27
 793 0049 19       		.uleb128 0x19
 794 004a 11       		.uleb128 0x11
 795 004b 01       		.uleb128 0x1
 796 004c 12       		.uleb128 0x12
 797 004d 06       		.uleb128 0x6
 798 004e 40       		.uleb128 0x40
 799 004f 18       		.uleb128 0x18
 800 0050 9742     		.uleb128 0x2117
 801 0052 19       		.uleb128 0x19
 802 0053 01       		.uleb128 0x1
 803 0054 13       		.uleb128 0x13
 804 0055 00       		.byte	0
ARM GAS  C:\Users\unyacat\AppData\Local\Temp\ccWaHfD0.s 			page 35


 805 0056 00       		.byte	0
 806 0057 07       		.uleb128 0x7
 807 0058 05       		.uleb128 0x5
 808 0059 00       		.byte	0
 809 005a 03       		.uleb128 0x3
 810 005b 0E       		.uleb128 0xe
 811 005c 3A       		.uleb128 0x3a
 812 005d 0B       		.uleb128 0xb
 813 005e 3B       		.uleb128 0x3b
 814 005f 0B       		.uleb128 0xb
 815 0060 49       		.uleb128 0x49
 816 0061 13       		.uleb128 0x13
 817 0062 02       		.uleb128 0x2
 818 0063 17       		.uleb128 0x17
 819 0064 00       		.byte	0
 820 0065 00       		.byte	0
 821 0066 08       		.uleb128 0x8
 822 0067 34       		.uleb128 0x34
 823 0068 00       		.byte	0
 824 0069 03       		.uleb128 0x3
 825 006a 0E       		.uleb128 0xe
 826 006b 3A       		.uleb128 0x3a
 827 006c 0B       		.uleb128 0xb
 828 006d 3B       		.uleb128 0x3b
 829 006e 0B       		.uleb128 0xb
 830 006f 49       		.uleb128 0x49
 831 0070 13       		.uleb128 0x13
 832 0071 00       		.byte	0
 833 0072 00       		.byte	0
 834 0073 09       		.uleb128 0x9
 835 0074 2E       		.uleb128 0x2e
 836 0075 00       		.byte	0
 837 0076 3F       		.uleb128 0x3f
 838 0077 19       		.uleb128 0x19
 839 0078 03       		.uleb128 0x3
 840 0079 0E       		.uleb128 0xe
 841 007a 3A       		.uleb128 0x3a
 842 007b 0B       		.uleb128 0xb
 843 007c 3B       		.uleb128 0x3b
 844 007d 0B       		.uleb128 0xb
 845 007e 27       		.uleb128 0x27
 846 007f 19       		.uleb128 0x19
 847 0080 49       		.uleb128 0x49
 848 0081 13       		.uleb128 0x13
 849 0082 11       		.uleb128 0x11
 850 0083 01       		.uleb128 0x1
 851 0084 12       		.uleb128 0x12
 852 0085 06       		.uleb128 0x6
 853 0086 40       		.uleb128 0x40
 854 0087 18       		.uleb128 0x18
 855 0088 9742     		.uleb128 0x2117
 856 008a 19       		.uleb128 0x19
 857 008b 00       		.byte	0
 858 008c 00       		.byte	0
 859 008d 0A       		.uleb128 0xa
 860 008e 05       		.uleb128 0x5
 861 008f 00       		.byte	0
ARM GAS  C:\Users\unyacat\AppData\Local\Temp\ccWaHfD0.s 			page 36


 862 0090 03       		.uleb128 0x3
 863 0091 0E       		.uleb128 0xe
 864 0092 3A       		.uleb128 0x3a
 865 0093 0B       		.uleb128 0xb
 866 0094 3B       		.uleb128 0x3b
 867 0095 0B       		.uleb128 0xb
 868 0096 49       		.uleb128 0x49
 869 0097 13       		.uleb128 0x13
 870 0098 02       		.uleb128 0x2
 871 0099 18       		.uleb128 0x18
 872 009a 00       		.byte	0
 873 009b 00       		.byte	0
 874 009c 0B       		.uleb128 0xb
 875 009d 34       		.uleb128 0x34
 876 009e 00       		.byte	0
 877 009f 03       		.uleb128 0x3
 878 00a0 0E       		.uleb128 0xe
 879 00a1 3A       		.uleb128 0x3a
 880 00a2 0B       		.uleb128 0xb
 881 00a3 3B       		.uleb128 0x3b
 882 00a4 0B       		.uleb128 0xb
 883 00a5 49       		.uleb128 0x49
 884 00a6 13       		.uleb128 0x13
 885 00a7 02       		.uleb128 0x2
 886 00a8 17       		.uleb128 0x17
 887 00a9 00       		.byte	0
 888 00aa 00       		.byte	0
 889 00ab 0C       		.uleb128 0xc
 890 00ac 2E       		.uleb128 0x2e
 891 00ad 01       		.byte	0x1
 892 00ae 3F       		.uleb128 0x3f
 893 00af 19       		.uleb128 0x19
 894 00b0 03       		.uleb128 0x3
 895 00b1 0E       		.uleb128 0xe
 896 00b2 3A       		.uleb128 0x3a
 897 00b3 0B       		.uleb128 0xb
 898 00b4 3B       		.uleb128 0x3b
 899 00b5 0B       		.uleb128 0xb
 900 00b6 27       		.uleb128 0x27
 901 00b7 19       		.uleb128 0x19
 902 00b8 49       		.uleb128 0x49
 903 00b9 13       		.uleb128 0x13
 904 00ba 11       		.uleb128 0x11
 905 00bb 01       		.uleb128 0x1
 906 00bc 12       		.uleb128 0x12
 907 00bd 06       		.uleb128 0x6
 908 00be 40       		.uleb128 0x40
 909 00bf 18       		.uleb128 0x18
 910 00c0 9742     		.uleb128 0x2117
 911 00c2 19       		.uleb128 0x19
 912 00c3 00       		.byte	0
 913 00c4 00       		.byte	0
 914 00c5 00       		.byte	0
 915              		.section	.debug_loc,"",%progbits
 916              	.Ldebug_loc0:
 917              	.LLST0:
 918 0000 00000000 		.4byte	.LVL0
ARM GAS  C:\Users\unyacat\AppData\Local\Temp\ccWaHfD0.s 			page 37


 919 0004 08000000 		.4byte	.LVL1
 920 0008 0100     		.2byte	0x1
 921 000a 50       		.byte	0x50
 922 000b 08000000 		.4byte	.LVL1
 923 000f 18000000 		.4byte	.LFE0
 924 0013 0400     		.2byte	0x4
 925 0015 F3       		.byte	0xf3
 926 0016 01       		.uleb128 0x1
 927 0017 50       		.byte	0x50
 928 0018 9F       		.byte	0x9f
 929 0019 00000000 		.4byte	0
 930 001d 00000000 		.4byte	0
 931              	.LLST1:
 932 0021 00000000 		.4byte	.LVL2
 933 0025 04000000 		.4byte	.LVL3
 934 0029 0100     		.2byte	0x1
 935 002b 50       		.byte	0x50
 936 002c 04000000 		.4byte	.LVL3
 937 0030 1C000000 		.4byte	.LFE1
 938 0034 0400     		.2byte	0x4
 939 0036 F3       		.byte	0xf3
 940 0037 01       		.uleb128 0x1
 941 0038 50       		.byte	0x50
 942 0039 9F       		.byte	0x9f
 943 003a 00000000 		.4byte	0
 944 003e 00000000 		.4byte	0
 945              	.LLST2:
 946 0042 00000000 		.4byte	.LVL4
 947 0046 08000000 		.4byte	.LVL7
 948 004a 0100     		.2byte	0x1
 949 004c 50       		.byte	0x50
 950 004d 08000000 		.4byte	.LVL7
 951 0051 14000000 		.4byte	.LFE4
 952 0055 0400     		.2byte	0x4
 953 0057 F3       		.byte	0xf3
 954 0058 01       		.uleb128 0x1
 955 0059 50       		.byte	0x50
 956 005a 9F       		.byte	0x9f
 957 005b 00000000 		.4byte	0
 958 005f 00000000 		.4byte	0
 959              	.LLST3:
 960 0063 04000000 		.4byte	.LVL5
 961 0067 06000000 		.4byte	.LVL6
 962 006b 0B00     		.2byte	0xb
 963 006d 70       		.byte	0x70
 964 006e 00       		.sleb128 0
 965 006f 0A       		.byte	0xa
 966 0070 FFFF     		.2byte	0xffff
 967 0072 1A       		.byte	0x1a
 968 0073 20       		.byte	0x20
 969 0074 73       		.byte	0x73
 970 0075 00       		.sleb128 0
 971 0076 1A       		.byte	0x1a
 972 0077 9F       		.byte	0x9f
 973 0078 00000000 		.4byte	0
 974 007c 00000000 		.4byte	0
 975              	.LLST4:
ARM GAS  C:\Users\unyacat\AppData\Local\Temp\ccWaHfD0.s 			page 38


 976 0080 08000000 		.4byte	.LVL8
 977 0084 0C000000 		.4byte	.LVL9
 978 0088 0100     		.2byte	0x1
 979 008a 50       		.byte	0x50
 980 008b 0C000000 		.4byte	.LVL9
 981 008f 14000000 		.4byte	.LFE5
 982 0093 0400     		.2byte	0x4
 983 0095 72       		.byte	0x72
 984 0096 00       		.sleb128 0
 985 0097 06       		.byte	0x6
 986 0098 9F       		.byte	0x9f
 987 0099 00000000 		.4byte	0
 988 009d 00000000 		.4byte	0
 989              		.section	.debug_aranges,"",%progbits
 990 0000 44000000 		.4byte	0x44
 991 0004 0200     		.2byte	0x2
 992 0006 00000000 		.4byte	.Ldebug_info0
 993 000a 04       		.byte	0x4
 994 000b 00       		.byte	0
 995 000c 0000     		.2byte	0
 996 000e 0000     		.2byte	0
 997 0010 00000000 		.4byte	.LFB0
 998 0014 18000000 		.4byte	.LFE0-.LFB0
 999 0018 00000000 		.4byte	.LFB1
 1000 001c 1C000000 		.4byte	.LFE1-.LFB1
 1001 0020 00000000 		.4byte	.LFB2
 1002 0024 10000000 		.4byte	.LFE2-.LFB2
 1003 0028 00000000 		.4byte	.LFB3
 1004 002c 10000000 		.4byte	.LFE3-.LFB3
 1005 0030 00000000 		.4byte	.LFB4
 1006 0034 14000000 		.4byte	.LFE4-.LFB4
 1007 0038 00000000 		.4byte	.LFB5
 1008 003c 14000000 		.4byte	.LFE5-.LFB5
 1009 0040 00000000 		.4byte	0
 1010 0044 00000000 		.4byte	0
 1011              		.section	.debug_ranges,"",%progbits
 1012              	.Ldebug_ranges0:
 1013 0000 00000000 		.4byte	.LFB0
 1014 0004 18000000 		.4byte	.LFE0
 1015 0008 00000000 		.4byte	.LFB1
 1016 000c 1C000000 		.4byte	.LFE1
 1017 0010 00000000 		.4byte	.LFB2
 1018 0014 10000000 		.4byte	.LFE2
 1019 0018 00000000 		.4byte	.LFB3
 1020 001c 10000000 		.4byte	.LFE3
 1021 0020 00000000 		.4byte	.LFB4
 1022 0024 14000000 		.4byte	.LFE4
 1023 0028 00000000 		.4byte	.LFB5
 1024 002c 14000000 		.4byte	.LFE5
 1025 0030 00000000 		.4byte	0
 1026 0034 00000000 		.4byte	0
 1027              		.section	.debug_line,"",%progbits
 1028              	.Ldebug_line0:
 1029 0000 CD000000 		.section	.debug_str,"MS",%progbits,1
 1029      02004A00 
 1029      00000201 
 1029      FB0E0D00 
ARM GAS  C:\Users\unyacat\AppData\Local\Temp\ccWaHfD0.s 			page 39


 1029      01010101 
 1030              	.LASF20:
 1031 0000 48696265 		.ascii	"Hibernate_LED_Read\000"
 1031      726E6174 
 1031      655F4C45 
 1031      445F5265 
 1031      616400
 1032              	.LASF15:
 1033 0013 72656733 		.ascii	"reg32\000"
 1033      3200
 1034              	.LASF19:
 1035 0019 76616C75 		.ascii	"value\000"
 1035      6500
 1036              	.LASF12:
 1037 001f 666C6F61 		.ascii	"float\000"
 1037      7400
 1038              	.LASF1:
 1039 0025 756E7369 		.ascii	"unsigned char\000"
 1039      676E6564 
 1039      20636861 
 1039      7200
 1040              	.LASF30:
 1041 0033 64725661 		.ascii	"drVal\000"
 1041      6C00
 1042              	.LASF5:
 1043 0039 6C6F6E67 		.ascii	"long unsigned int\000"
 1043      20756E73 
 1043      69676E65 
 1043      6420696E 
 1043      7400
 1044              	.LASF3:
 1045 004b 73686F72 		.ascii	"short unsigned int\000"
 1045      7420756E 
 1045      7369676E 
 1045      65642069 
 1045      6E7400
 1046              	.LASF27:
 1047 005e 474E5520 		.ascii	"GNU C11 5.4.1 20160609 (release) [ARM/embedded-5-br"
 1047      43313120 
 1047      352E342E 
 1047      31203230 
 1047      31363036 
 1048 0091 616E6368 		.ascii	"anch revision 237715] -mcpu=cortex-m0 -mthumb -g -O"
 1048      20726576 
 1048      6973696F 
 1048      6E203233 
 1048      37373135 
 1049 00c4 33202D66 		.ascii	"3 -ffunction-sections -ffat-lto-objects -finline-fu"
 1049      66756E63 
 1049      74696F6E 
 1049      2D736563 
 1049      74696F6E 
 1050 00f7 6E637469 		.ascii	"nctions -flto\000"
 1050      6F6E7320 
 1050      2D666C74 
 1050      6F00
 1051              	.LASF16:
ARM GAS  C:\Users\unyacat\AppData\Local\Temp\ccWaHfD0.s 			page 40


 1052 0105 48696265 		.ascii	"Hibernate_LED_SetDriveMode\000"
 1052      726E6174 
 1052      655F4C45 
 1052      445F5365 
 1052      74447269 
 1053              	.LASF13:
 1054 0120 646F7562 		.ascii	"double\000"
 1054      6C6500
 1055              	.LASF10:
 1056 0127 75696E74 		.ascii	"uint16\000"
 1056      313600
 1057              	.LASF23:
 1058 012e 706F7369 		.ascii	"position\000"
 1058      74696F6E 
 1058      00
 1059              	.LASF11:
 1060 0137 75696E74 		.ascii	"uint32\000"
 1060      333200
 1061              	.LASF25:
 1062 013e 696E7472 		.ascii	"intrCfg\000"
 1062      43666700 
 1063              	.LASF8:
 1064 0146 756E7369 		.ascii	"unsigned int\000"
 1064      676E6564 
 1064      20696E74 
 1064      00
 1065              	.LASF22:
 1066 0153 48696265 		.ascii	"Hibernate_LED_SetInterruptMode\000"
 1066      726E6174 
 1066      655F4C45 
 1066      445F5365 
 1066      74496E74 
 1067              	.LASF7:
 1068 0172 6C6F6E67 		.ascii	"long long unsigned int\000"
 1068      206C6F6E 
 1068      6720756E 
 1068      7369676E 
 1068      65642069 
 1069              	.LASF28:
 1070 0189 47656E65 		.ascii	"Generated_Source\\PSoC4\\Hibernate_LED.c\000"
 1070      72617465 
 1070      645F536F 
 1070      75726365 
 1070      5C50536F 
 1071              	.LASF18:
 1072 01b0 6D6F6465 		.ascii	"mode\000"
 1072      00
 1073              	.LASF29:
 1074 01b5 433A5C55 		.ascii	"C:\\Users\\unyacat\\Desktop\\Linebot\\Dynamic Broad"
 1074      73657273 
 1074      5C756E79 
 1074      61636174 
 1074      5C446573 
 1075 01e3 63617374 		.ascii	"caster\\Dynamic Broadcaster\\Dynamic Broadcaster.cy"
 1075      65725C44 
 1075      796E616D 
 1075      69632042 
ARM GAS  C:\Users\unyacat\AppData\Local\Temp\ccWaHfD0.s 			page 41


 1075      726F6164 
 1076 0214 64736E00 		.ascii	"dsn\000"
 1077              	.LASF6:
 1078 0218 6C6F6E67 		.ascii	"long long int\000"
 1078      206C6F6E 
 1078      6720696E 
 1078      7400
 1079              	.LASF26:
 1080 0226 6D61736B 		.ascii	"maskedStatus\000"
 1080      65645374 
 1080      61747573 
 1080      00
 1081              	.LASF14:
 1082 0233 63686172 		.ascii	"char\000"
 1082      00
 1083              	.LASF21:
 1084 0238 48696265 		.ascii	"Hibernate_LED_ReadDataReg\000"
 1084      726E6174 
 1084      655F4C45 
 1084      445F5265 
 1084      61644461 
 1085              	.LASF2:
 1086 0252 73686F72 		.ascii	"short int\000"
 1086      7420696E 
 1086      7400
 1087              	.LASF9:
 1088 025c 75696E74 		.ascii	"uint8\000"
 1088      3800
 1089              	.LASF4:
 1090 0262 6C6F6E67 		.ascii	"long int\000"
 1090      20696E74 
 1090      00
 1091              	.LASF0:
 1092 026b 7369676E 		.ascii	"signed char\000"
 1092      65642063 
 1092      68617200 
 1093              	.LASF17:
 1094 0277 48696265 		.ascii	"Hibernate_LED_Write\000"
 1094      726E6174 
 1094      655F4C45 
 1094      445F5772 
 1094      69746500 
 1095              	.LASF24:
 1096 028b 48696265 		.ascii	"Hibernate_LED_ClearInterrupt\000"
 1096      726E6174 
 1096      655F4C45 
 1096      445F436C 
 1096      65617249 
 1097              		.comm	__gnu_lto_v1,1,1
 1098              		.ident	"GCC: (GNU Tools for ARM Embedded Processors) 5.4.1 20160609 (release) [ARM/embedded-5-bran
