ARM GAS  C:\Users\unyacat\AppData\Local\Temp\ccYtQR1b.s 			page 1


   1              		.syntax unified
   2              		.cpu cortex-m0
   3              		.fpu softvfp
   4              		.eabi_attribute 20, 1
   5              		.eabi_attribute 21, 1
   6              		.eabi_attribute 23, 3
   7              		.eabi_attribute 24, 1
   8              		.eabi_attribute 25, 1
   9              		.eabi_attribute 26, 1
  10              		.eabi_attribute 30, 2
  11              		.eabi_attribute 34, 0
  12              		.eabi_attribute 18, 4
  13              		.thumb
  14              		.syntax unified
  15              		.file	"Hibernate_LED_PM.c"
  16              		.text
  17              	.Ltext0:
  18              		.section	.gnu.lto_.profile.9235eb3c,"",%progbits
  19 0000 789C6361 		.ascii	"x\234ca`d`a`\000\222\034l\000\000\200\000\031"
  19      60646061 
  19      6000921C 
  19      6C000080 
  19      0019
  20              		.text
  21              		.section	.gnu.lto_.icf.9235eb3c,"",%progbits
  22 0000 789C6361 		.ascii	"x\234ca`d\000\001a\006\004`f\270\274\361\303Nv\306\245"
  22      60640001 
  22      61060460 
  22      66B8BCF1 
  22      C34E76C6 
  23 0015 4F17D830 		.ascii	"O\027\3300u/\334\266\213\231\001\000X \010X"
  23      752FDCB6 
  23      8B990100 
  23      58200858 
  24              		.text
  25              		.section	.gnu.lto_.jmpfuncs.9235eb3c,"",%progbits
  26 0000 789C6361 		.ascii	"x\234ca`d\000\001\016\006\004`\202b\000\001^\000\022"
  26      60640001 
  26      0E060460 
  26      82620001 
  26      5E0012
  27              		.text
  28              		.section	.gnu.lto_.inline.9235eb3c,"",%progbits
  29 0000 789C6361 		.ascii	"x\234ca`d\000\001\015\006\004`b``ead`bY \317\300\266"
  29      60640001 
  29      0D060460 
  29      62606065 
  29      61646062 
  30 0019 409E0922 		.ascii	"@\236\011\"\206!\304\000\000G\374\003^"
  30      8621C400 
  30      0047FC03 
  30      5E
  31              		.text
  32              		.section	.gnu.lto_.pureconst.9235eb3c,"",%progbits
  33 0000 789C6361 		.ascii	"x\234ca`d`e```b\220b\222\002\000\000\357\000C"
  33      60646065 
  33      60606062 
ARM GAS  C:\Users\unyacat\AppData\Local\Temp\ccYtQR1b.s 			page 2


  33      90629202 
  33      0000EF00 
  34              		.text
  35              		.section	.gnu.lto_Hibernate_LED_Sleep.9235eb3c,"",%progbits
  36 0000 789C4D50 		.ascii	"x\234MP\277K\202Q\024\275\367\275\317\037\024B{\015"
  36      BF4B8251 
  36      14BDF7BD 
  36      CF1F1442 
  36      7B0D
  37 0012 6D61442E 		.ascii	"maD.\375\007\0259\024H\256\202\224}C\213\202\324\324"
  37      FD071539 
  37      1448AE82 
  37      947D438B 
  37      82D4D4
  38 0025 E0F3C723 		.ascii	"\340\363\307#m\010\227l\012iR+\263\266D\202\017i\214"
  38      6D08976C 
  38      0A69522B 
  38      B3B64482 
  38      0F698C
  39 0038 82201A82 		.ascii	"\202 \032\202\212\006!i0\310\245P\273\367s\351\302\343"
  39      8A062169 
  39      30C8A550 
  39      BBF773E9 
  39      C2E3
  40 004a BE77EE79 		.ascii	"\276w\356y\347\334{\015@\340\360S\232\241<N\007%\240"
  40      E7DC7B0D 
  40      40E0F053 
  40      9AA13C4E 
  40      0725A0
  41 005d C8DF0124 		.ascii	"\310\337\001$\335\002\221/\312\215\220\020\230\300\256"
  41      DD02912F 
  41      CA8D9010 
  41      98C0AE
  42 006c E8096CEE 		.ascii	"\350\011l\356\266\352\302[R\024o\372P\252\262\205Z\002"
  42      B6EAC25B 
  42      52146FFA 
  42      50AAB285 
  42      5A02
  43 007e 0C84AD04 		.ascii	"\014\204\255\004XB/\020\355\375\262\177\340qf\23069"
  43      58422F10 
  43      EDFDB27F 
  43      E0716698 
  43      3639
  44 0090 2C62199D 		.ascii	",b\031\235lW[\265\324`\220VV\303\321\225\206\000-\011"
  44      6C575BB5 
  44      D4609056 
  44      56C3D195 
  44      86002D09 
  45 00a4 ED1083BD 		.ascii	"\355\020\203\275\276\204\340,[\330\374\331\353\353Q"
  45      BE84E02C 
  45      5BD8FCD9 
  45      EBEB51
  46 00b3 FE9496EC 		.ascii	"\376\224\226\354[\320\315{\327\267\320R \353W>\236\256"
  46      5BD0CD7B 
  46      D7B7D052 
  46      20EB573E 
  46      9EAE
ARM GAS  C:\Users\unyacat\AppData\Local\Temp\ccYtQR1b.s 			page 3


  47 00c5 3DC36756 		.ascii	"=\303gV\345\225A\320\303K\343U\026\361(\231\241\216"
  47      E59541D0 
  47      C34BE355 
  47      16F12899 
  47      A18E
  48 00d7 249EE004 		.ascii	"$\236\340\004Vp\202\214O\261\210\320\302T\341x\212\365"
  48      5670828C 
  48      4FB188D0 
  48      C254E178 
  48      8AF5
  49 00e9 FE8B19B6 		.ascii	"\376\213\031\266X\275\376\371\354J\364TV\2511\302r4"
  49      58BDFEF9 
  49      EC4AF454 
  49      56A931C2 
  49      7234
  50 00fb 0FC3EDDB 		.ascii	"\017\303\355\333\307\233\021\026T6\356\300*-\341\214"
  50      C79B1116 
  50      5436EEC0 
  50      2A2DE18C 
  51 010b 25A9B87F 		.ascii	"%\251\270\177u\221s\373\252<\240\332\321\322\211\347"
  51      759173FB 
  51      AA3CA0DA 
  51      D1D289E7 
  52 011b E4D2B7B7 		.ascii	"\344\322\267\267\2005\364Q\323\320\306\224\365\353`"
  52      8035F451 
  52      D3D0C694 
  52      F5EB60
  53 012a 4B7B351D 		.ascii	"K{5\035\352\234f#\312\364\222\0315\343k[\346F8\030\333"
  53      EA9C6623 
  53      CAF49219 
  53      35E36B5B 
  53      E6463818 
  54 013f 8E47CC50 		.ascii	"\216G\314P \030\233\237\013\3717\327\315x\224\360\360"
  54      20189B9F 
  54      0BF937D7 
  54      CD7894F0 
  54      F0
  55 0150 F2E24238 		.ascii	"\362\342B8\2602\033\201?\006\316\202\207"
  55      B0321B81 
  55      3F06CE82 
  55      87
  56              		.text
  57              		.section	.gnu.lto_Hibernate_LED_backup.9235eb3c,"",%progbits
  58 0000 789C6361 		.ascii	"x\234ca`d\000\001k \206\260\030\030\37621\256\177\263"
  58      60640001 
  58      6B2086B0 
  58      1818FE32 
  58      31AE7FB3 
  59 0014 F327EF17 		.ascii	"\363'\357\027\246Vf\240 \220{\341\356\212\343\374\026"
  59      A65666A0 
  59      20907BE1 
  59      EE8AE3FC 
  59      16
  60 0025 DB1A3A16 		.ascii	"\333\032:\0264\030\26423\376cb`\\\316(\363\217\211\021"
  60      3418B432 
  60      33FE6362 
  60      605CCE28 
ARM GAS  C:\Users\unyacat\AppData\Local\Temp\ccYtQR1b.s 			page 4


  60      F38F8911 
  61 0039 42318128 		.ascii	"B1\201(\006\306\025\214\026\014\000\345\232\024I"
  61      06C6158C 
  61      160C00E5 
  61      9A1449
  62              		.text
  63              		.section	.gnu.lto_Hibernate_LED_Wakeup.9235eb3c,"",%progbits
  64 0000 789C4D90 		.ascii	"x\234M\220\315KBA\024\305\347\314\274\236\022\010\355"
  64      CD4B4241 
  64      14C5E7CC 
  64      BC9E1208 
  64      ED
  65 0011 33686B54 		.ascii	"3hkT\006\365\037T\330\242@r+H\331[\264Q\220Z;~<\322"
  65      06F51F54 
  65      D8A24072 
  65      2B48D95B 
  65      B451905A 
  66 0029 4D4891BB 		.ascii	"MH\221\273\220Vj_\326.\213\340%\265\213\202\240\\\004"
  66      90566A5F 
  66      D62E8BE0 
  66      25B58B82 
  66      A05C04
  67 003c 152D84A4 		.ascii	"\025-\204\244\205B-\325\356<7\015\014w\346\334;\367"
  67      85422DD5 
  67      EE3C370D 
  67      0C77E6DC 
  67      3BF7
  68 004e 77EE680C 		.ascii	"w\356h\014L-\037\205q\212\303\264!\030x\356\201\261"
  68      4C2D1F85 
  68      718AC3B4 
  68      211878EE 
  68      81B1
  69 0060 849303EA 		.ascii	"\204\223\003\352 \235`q\2168~y\207\243\266\325\250r"
  69      209D6071 
  69      8E387E79 
  69      87A3B6D5 
  69      A872
  70 0072 4F51D2FA 		.ascii	"OQ\322\372\270kN\311\222\005S0\326\343v'\206\"<\214"
  70      B86B4EC9 
  70      92055330 
  70      D6E37627 
  70      86223C8C 
  71 0086 CA3ECFBB 		.ascii	"\312>\317\273{.=\255\312F\373I\224\240+\\e\331\222\275"
  71      7B2E3DAD 
  71      CA46FB49 
  71      94A02B5C 
  71      65D992BD 
  72 009a 5E4A5A75 		.ascii	"^JZu\375f\307\241qf\012\222[T\242`m\316U\024\015$/\333"
  72      FD66C7A1 
  72      71660A92 
  72      5B54A260 
  72      6DCE5514 
  73 00b2 2F09977A 		.ascii	"/\011\227z\225\022\012\2347k\217\216\037n\012\016\005"
  73      95120A9C 
  73      376B8F8E 
  73      1F6E0A0E 
  73      05
ARM GAS  C:\Users\unyacat\AppData\Local\Temp\ccYtQR1b.s 			page 5


  74 00c3 A856BF5F 		.ascii	"\250V\277_\035\361\216\314H9DZ\226<(\271y\377|;X\300"
  74      1DF18ECC 
  74      4839445A 
  74      963C28B9 
  74      79FF7C3B 
  75 00d9 7E42DABA 		.ascii	"~B\332\272\300!\031/\303m'\267/\316\262N\357\204)4\034"
  75      C021192F 
  75      C36D27B7 
  75      2FCEB24E 
  75      EF842934 
  76 00ee A180AEED 		.ascii	"\241\200\256\355\031\307\360\262\006j\371\203\021\005"
  76      19C7F0B2 
  76      066AF983 
  76      1105
  77 00fc FB4F1AB0 		.ascii	"\373O\032\260I\345\257\372\265\253\177\315\310\234\324"
  77      49E5AFFA 
  77      B5AB7FCD 
  77      C89CD4
  78 010b 487A7ABB 		.ascii	"Hzz\273z\027\212\222&\3164M\240\343\024n\234(\016*\324"
  78      7A178A92 
  78      26CE344D 
  78      A0E3146E 
  78      9C280E2A 
  79 0120 9A2CB326 		.ascii	"\232,\263&\222\326\256O\365\264\177\246E\276i2b\216"
  79      92D6AE4F 
  79      F5B47FA6 
  79      45BE6932 
  79      628E
  80 0132 F98C8811 		.ascii	"\371\214\210\021[\3310\326B\201\350f,l\004\375\201\350"
  80      5BD930D6 
  80      4281E866 
  80      2C6C04FD 
  80      81E8
  81 0144 EC4C7061 		.ascii	"\354Lpa}\325\210EH\017-\316\317\205\374K\223a\366\007"
  81      7DD58845 
  81      480F2DCE 
  81      CF85FC4B 
  81      9361F607 
  82 0158 CCEC81CB 		.ascii	"\314\354\201\313"
  83              		.text
  84              		.section	.gnu.lto_.symbol_nodes.9235eb3c,"",%progbits
  85 0000 789C6361 		.ascii	"x\234ca`d\320a\000\002&\306z\006\206\011\347\030\030"
  85      6064D061 
  85      000226C6 
  85      7A068609 
  85      E71818
  86 0013 80D4AE06 		.ascii	"\200\324\256\006E\006\006V\006\206\006!\006\006f&\246"
  86      45060656 
  86      06860621 
  86      06066626 
  86      A6
  87 0024 7A461409 		.ascii	"zF\024\011\006\000\276o\010B"
  87      0600BE6F 
  87      0842
  88              		.text
  89              		.section	.gnu.lto_.refs.9235eb3c,"",%progbits
  90 0000 789C6361 		.ascii	"x\234ca`d\340f`\000\222\214\214L\214L@\222\001\000\001"
ARM GAS  C:\Users\unyacat\AppData\Local\Temp\ccYtQR1b.s 			page 6


  90      6064E066 
  90      6000928C 
  90      8C4C8C4C 
  90      40920100 
  91 0015 54001B   		.ascii	"T\000\033"
  92              		.text
  93              		.section	.gnu.lto_.decls.9235eb3c,"",%progbits
  94 0000 789C8D54 		.ascii	"x\234\215T\335K\223Q\030?\317{6\267\336\314 #\202\272"
  94      DD4B9351 
  94      183FCF7B 
  94      36B7DECC 
  94      202382BA 
  95 0014 B0584DBA 		.ascii	"\260XM\2720\264\376\200\312\312\350\013iZ7\301\320\365"
  95      30B4FE80 
  95      CACAE80B 
  95      695A37C1 
  95      D0F5
  96 0026 6262E8D0 		.ascii	"bb\350\320\355\242\213\342dA_\027\331\227\3252\222\004"
  96      EDA28BE2 
  96      64415F17 
  96      D997D532 
  96      9204
  97 0038 B3FC9859 		.ascii	"\263\374\230Y.\247\226\313,u\321\205\025\205H\271\210"
  97      2EA796CB 
  97      2C75D185 
  97      158548B9 
  97      88
  98 0049 A830E8CB 		.ascii	"\2500\350\313\033\223\260\347\234\363n\357&\032=\354"
  98      1B93B0E7 
  98      9CF36EEF 
  98      261A3DEC 
  99 0059 391FCF79 		.ascii	"9\037\317y~\277\347\343\234w&\002\204\313f3\016\270"
  99      7EBFE7E3 
  99      9C772602 
  99      84CB6633 
  99      0EB8
 100 006b 1CC7690A 		.ascii	"\034\307i\012\305\204\363nb\210\202\332\214\352\227"
 100      C584F36E 
 100      628882DA 
 100      8CEA97
 101 007a 6EA48F24 		.ascii	"n\244\217$\012?\263\350\030;\352 j?j\030\265\027\265"
 101      0A3FB3E8 
 101      183BEA20 
 101      6A3F6A18 
 101      B517B5
 102 008d 43C73DD4 		.ascii	"C\307=\324\347\346Yx\372\364Xv\035GuL\017j7\231Y\374"
 102      E7E65978 
 102      FAF45876 
 102      1D47754C 
 102      0F6A3799 
 103 00a3 D362C7C7 		.ascii	"\323b\307\307\214\346\021\037{\266\032\376(\320\360"
 103      8CE6111F 
 103      7BB61AFE 
 103      28D0F0
 104 00b2 F2175347 		.ascii	"\362\027SG`\030(\321\033C\000\344\010B\211T\261\305"
 104      601828D1 
 104      1B4300E4 
ARM GAS  C:\Users\unyacat\AppData\Local\Temp\ccYtQR1b.s 			page 7


 104      08428954 
 104      B1C5
 105 00c4 8542E422 		.ascii	"\205B\344\"j\212\011\001y\242\350Vb\220\211\237\216"
 105      6A8A0901 
 105      79A2E856 
 105      6290899F 
 105      8E
 106 00d5 87A9A808 		.ascii	"\207\251\250\010\022\203\035t\020\3042\020\307\022\004"
 106      12831D74 
 106      10C43210 
 106      C71204
 107 00e4 31563929 		.ascii	"1V9)\006\"\216oZF\321\234\243aD\233E\3215\365c}\224"
 107      06228E6F 
 107      5A46D19C 
 107      A361449B 
 107      45D135F5 
 108 00fb 2AC0D7A3 		.ascii	"*\300\327\243\023\015\2333\232\030J\025cJ\206\321\231"
 108      130D9B33 
 108      9A184A15 
 108      634A86D1 
 108      99
 109 010c A163AD35 		.ascii	"\241c\2555t\\\201\005*\230p\373\343\271\357C\012n\027"
 109      745C8105 
 109      2A9870FB 
 109      E3B9EF43 
 109      0A6E17
 110 011f AA9086DB 		.ascii	"\252\220\206\333?\203W}\312\342j\201;\312\322L\260{"
 110      3F83577D 
 110      CAE26A81 
 110      3BCAD24C 
 110      B07B
 111 0131 1134C252 		.ascii	"\0214\302R\270\015K1^\023,\306\261\320$\231\276\205"
 111      B80D4B31 
 111      5E132CC6 
 111      B1D02499 
 111      BE85
 112 0143 CE5C9FBB 		.ascii	"\316\\\237\273\274\226\325\266\262\310\324\367\254+"
 112      BC96D5B6 
 112      B2C8D4F7 
 112      AC2B
 113 0151 2C740C61 		.ascii	",t\014a\012\367\202\006\240p\013xX\276\344\323M\030"
 113      0AF78206 
 113      A0700B78 
 113      58BEE4D3 
 113      4D18
 114 0163 C17C9B61 		.ascii	"\301|\233a9\"_\365\267\377P\350V\221h\360upL\221,\241"
 114      39225FF5 
 114      B7FF50E8 
 114      569168F0 
 114      75704C91 
 115 0179 574F9359 		.ascii	"WO\223Y\325\021\306\326\011\216\026\203\243%\236\303"
 115      D511C6D6 
 115      098E1683 
 115      A3259EC3 
 116 0189 2F38264F 		.ascii	"/8&O\177\013Z\250SpL~\2760\014\262\246d\334Vv\015\237"
 116      7F0B5AA8 
 116      53704C7E 
ARM GAS  C:\Users\unyacat\AppData\Local\Temp\ccYtQR1b.s 			page 8


 116      BE300CB2 
 116      A664DC56 
 117 01a0 9D2F6B8A 		.ascii	"\235/k\212\360c_\327x\330,\217\255\270\035\031\012\274"
 117      F0635FD7 
 117      78D82C8F 
 117      ADB81D19 
 117      0ABC
 118 01b2 A7D42390 		.ascii	"\247\324#\220o\007n5\362n\330Uq\203\363\321\344\377"
 118      6F076E35 
 118      F26ED855 
 118      7183F3D1 
 118      E4FF
 119 01c4 1A9C9827 		.ascii	"\032\234\230'M\334#<\372\361\347\034z\210\257\225@\335"
 119      4DDC233C 
 119      FAF1E71C 
 119      7A88AF95 
 119      40DD
 120 01d6 F55F6650 		.ascii	"\365_fP\323O0V\311\373\263` \205\304\332\003AH\347 "
 120      D34F3056 
 120      C9FBB360 
 120      2085C4DA 
 120      034148E7 
 121 01eb 9E3204D0 		.ascii	"\2362\004\320\330\216\306z\336\311\310\225\360\341K"
 121      D88EC67A 
 121      DEC9C895 
 121      F0E14B
 122 01fa C7796B3A 		.ascii	"\307yk:@\205\373FYvUv\362\306\357\352O*\255\007\021"
 122      4085FB46 
 122      59765576 
 122      F2C6EFEA 
 122      4F2AAD07 
 123 020f B036FC65 		.ascii	"\2606\374eh\016m\021\033\3635\346\013\230\301\226j\263"
 123      680E6D11 
 123      1BF335E6 
 123      0B98C196 
 123      6AB3
 124 0221 A5DFE041 		.ascii	"\245\337\340A#\243\317V\326\2641v2Ipu!\327\003H5r\270"
 124      23A3CF56 
 124      D6B43176 
 124      32497075 
 124      21D70348 
 125 0238 2BEE2913 		.ascii	"+\356)\023\007rV\277|\006\036\002m\350pG\234qw\014\017"
 125      077256BF 
 125      7C061E02 
 125      6DE87047 
 125      9C71770C 
 126 024d 21CCF621 		.ascii	"!\314\366!\330\240\007\265\033l\342y\210\020\241j-J"
 126      D8A007B5 
 126      1B6CE279 
 126      8810A16A 
 126      2D4A
 127 025f DF399D7E 		.ascii	"\3379\235~u\214]\272^\216\271\336\233\321\265\221\207"
 127      758C5DBA 
 127      5E8EB9DE 
 127      9BD1B591 
 127      87
 128 0270 944D089D 		.ascii	"\224M\010\235\327\030\263r\037\242\227\037}\220\221"
ARM GAS  C:\Users\unyacat\AppData\Local\Temp\ccYtQR1b.s 			page 9


 128      D718B372 
 128      1FA2971F 
 128      7D9091
 129 027f 1375163A 		.ascii	"\023u\026:*\352U&n\326UZ!5}\306\344\3411\346\374\257"
 129      2AEA5526 
 129      6ED6555A 
 129      21357DC6 
 129      E4E131E6 
 130 0295 FC65A06B 		.ascii	"\374e\240k\363\260\323\275\350\366\310\3504\017+\242"
 130      F3B0D3BD 
 130      E8F6C8E8 
 130      340F2BA2 
 131 02a5 7585DFB4 		.ascii	"u\205\337\264%\255\250c\254\026\037mk\361\005\306\266"
 131      25ADA863 
 131      AC161F6D 
 131      6BF105C6 
 131      B6
 132 02b6 08DF56E9 		.ascii	"\010\337V\351\033\327(n\311\303\377\205>X\201\270\316"
 132      1BD7286E 
 132      C9C3FF85 
 132      3E5881B8 
 132      CE
 133 02c7 26FF65AA 		.ascii	"&\377e\252\342\305\037\375\277\213\347\220w\254\306"
 133      E2C51FFD 
 133      BF8BE790 
 133      77ACC6
 134 02d6 4C276561 		.ascii	"L'ea\301\216\261\246\024\371tf`\030\370\307\323)\362"
 134      C18EB1A6 
 134      14F97466 
 134      6018F8C7 
 134      D329F2
 135 02e9 9D3BC2D2 		.ascii	"\235;\302\322\240\037\233\374\324(\350\011\350o'00\324"
 135      A01F9BFC 
 135      D428E809 
 135      E86F2730 
 135      30D4
 136 02fb 6E493E65 		.ascii	"nI>e\274H\341i|\263\203\220,\376+\006\305\247\021~\361"
 136      BC48E169 
 136      7CB38390 
 136      2CFE2B06 
 136      C5A7117E 
 137 0310 F9224DF0 		.ascii	"\371\"M\360\356\215\2734\002a\335\233\317\251[\212\013"
 137      EE8DBB34 
 137      0261DD9B 
 137      CFA95B8A 
 137      0B
 138 0321 B5F2D202 		.ascii	"\265\362\322\002\217\346\334\276i\243\323q@\323\334"
 138      8FE6DCBE 
 138      69A3D371 
 138      40D3DC
 139 0330 D69C9DF9 		.ascii	"\326\234\235\371i\331\231\231dU\216V\252\225\343\331"
 139      69D99999 
 139      64558E56 
 139      AA95E3D9 
 140 0340 3EA7A3CC 		.ascii	">\247\243\314[\356\322\366\346:\312\262\327\356M\304"
 140      5BEED2F6 
 140      E63ACAB2 
ARM GAS  C:\Users\unyacat\AppData\Local\Temp\ccYtQR1b.s 			page 10


 140      D7EE4DC4 
 141 0350 E4EEC870 		.ascii	"\344\356\310p\221\205\211\266=\005%\232\327=\315XX\340"
 141      918589B6 
 141      3D05259A 
 141      D73DCD58 
 141      58E0
 142 0362 2AF1BAAD 		.ascii	"*\361\272\255\025\305e\016\017\332\222\274\305\245\236"
 142      15C5650E 
 142      0FDA92BC 
 142      C5A59E
 143 0371 3559CB66 		.ascii	"5Y\313f\011\342:\3509\350\326*2\366\023\213\333%\000"
 143      09E23AE8 
 143      39E8D62A 
 143      32F6138B 
 143      DB2500
 144 0384 566F45A1 		.ascii	"VoE\241X\330\377'/\004.I\214\277a}\366\266\374\\\247"
 144      58D8FF27 
 144      2F042E49 
 144      8CBF617D 
 144      F6B6FC5C 
 145 0399 236F577E 		.ascii	"#oW~v\236\271\\+Z\223\365\027Z\217\324q"
 145      769EB95C 
 145      2B5A93F5 
 145      175A8FD4 
 145      71
 146              		.text
 147              		.section	.gnu.lto_.symtab.9235eb3c,"",%progbits
 148 0000 48696265 		.ascii	"Hibernate_LED_Sleep\000"
 148      726E6174 
 148      655F4C45 
 148      445F536C 
 148      65657000 
 149 0014 00       		.ascii	"\000"
 150 0015 00       		.ascii	"\000"
 151 0016 00       		.ascii	"\000"
 152 0017 00000000 		.ascii	"\000\000\000\000\000\000\000\000"
 152      00000000 
 153 001f AD000000 		.ascii	"\255\000\000\000"
 154 0023 48696265 		.ascii	"Hibernate_LED_Wakeup\000"
 154      726E6174 
 154      655F4C45 
 154      445F5761 
 154      6B657570 
 155 0038 00       		.ascii	"\000"
 156 0039 00       		.ascii	"\000"
 157 003a 00       		.ascii	"\000"
 158 003b 00000000 		.ascii	"\000\000\000\000\000\000\000\000"
 158      00000000 
 159 0043 AF000000 		.ascii	"\257\000\000\000"
 160              		.text
 161              		.section	.gnu.lto_.opts,"",%progbits
 162 0000 272D666D 		.ascii	"'-fmath-errno' '-fsigned-zeros' '-ftrapping-math' '"
 162      6174682D 
 162      6572726E 
 162      6F272027 
 162      2D667369 
 163 0033 2D666E6F 		.ascii	"-fno-trapv' '-fno-openmp' '-fno-openacc' '-mcpu=cor"
ARM GAS  C:\Users\unyacat\AppData\Local\Temp\ccYtQR1b.s 			page 11


 163      2D747261 
 163      70762720 
 163      272D666E 
 163      6F2D6F70 
 164 0066 7465782D 		.ascii	"tex-m0' '-mthumb' '-g' '-O3' '-ffunction-sections' "
 164      6D302720 
 164      272D6D74 
 164      68756D62 
 164      2720272D 
 165 0099 272D6666 		.ascii	"'-ffat-lto-objects' '-finline-functions' '-flto'\000"
 165      61742D6C 
 165      746F2D6F 
 165      626A6563 
 165      74732720 
 166              		.text
 167              		.cfi_sections	.debug_frame
 168              		.section	.text.Hibernate_LED_Sleep,"ax",%progbits
 169              		.align	2
 170              		.global	Hibernate_LED_Sleep
 171              		.code	16
 172              		.thumb_func
 173              		.type	Hibernate_LED_Sleep, %function
 174              	Hibernate_LED_Sleep:
 175              	.LFB0:
 176              		.file 1 "Generated_Source\\PSoC4\\Hibernate_LED_PM.c"
   1:Generated_Source\PSoC4/Hibernate_LED_PM.c **** /*******************************************************************************
   2:Generated_Source\PSoC4/Hibernate_LED_PM.c **** * File Name: Hibernate_LED.c  
   3:Generated_Source\PSoC4/Hibernate_LED_PM.c **** * Version 2.20
   4:Generated_Source\PSoC4/Hibernate_LED_PM.c **** *
   5:Generated_Source\PSoC4/Hibernate_LED_PM.c **** * Description:
   6:Generated_Source\PSoC4/Hibernate_LED_PM.c **** *  This file contains APIs to set up the Pins component for low power modes.
   7:Generated_Source\PSoC4/Hibernate_LED_PM.c **** *
   8:Generated_Source\PSoC4/Hibernate_LED_PM.c **** * Note:
   9:Generated_Source\PSoC4/Hibernate_LED_PM.c **** *
  10:Generated_Source\PSoC4/Hibernate_LED_PM.c **** ********************************************************************************
  11:Generated_Source\PSoC4/Hibernate_LED_PM.c **** * Copyright 2015, Cypress Semiconductor Corporation.  All rights reserved.
  12:Generated_Source\PSoC4/Hibernate_LED_PM.c **** * You may use this file only in accordance with the license, terms, conditions, 
  13:Generated_Source\PSoC4/Hibernate_LED_PM.c **** * disclaimers, and limitations in the end user license agreement accompanying 
  14:Generated_Source\PSoC4/Hibernate_LED_PM.c **** * the software package with which this file was provided.
  15:Generated_Source\PSoC4/Hibernate_LED_PM.c **** *******************************************************************************/
  16:Generated_Source\PSoC4/Hibernate_LED_PM.c **** 
  17:Generated_Source\PSoC4/Hibernate_LED_PM.c **** #include "cytypes.h"
  18:Generated_Source\PSoC4/Hibernate_LED_PM.c **** #include "Hibernate_LED.h"
  19:Generated_Source\PSoC4/Hibernate_LED_PM.c **** 
  20:Generated_Source\PSoC4/Hibernate_LED_PM.c **** static Hibernate_LED_BACKUP_STRUCT  Hibernate_LED_backup = {0u, 0u, 0u};
  21:Generated_Source\PSoC4/Hibernate_LED_PM.c **** 
  22:Generated_Source\PSoC4/Hibernate_LED_PM.c **** 
  23:Generated_Source\PSoC4/Hibernate_LED_PM.c **** /*******************************************************************************
  24:Generated_Source\PSoC4/Hibernate_LED_PM.c **** * Function Name: Hibernate_LED_Sleep
  25:Generated_Source\PSoC4/Hibernate_LED_PM.c **** ****************************************************************************//**
  26:Generated_Source\PSoC4/Hibernate_LED_PM.c **** *
  27:Generated_Source\PSoC4/Hibernate_LED_PM.c **** * \brief Stores the pin configuration and prepares the pin for entering chip 
  28:Generated_Source\PSoC4/Hibernate_LED_PM.c **** *  deep-sleep/hibernate modes. This function applies only to SIO and USBIO pins.
  29:Generated_Source\PSoC4/Hibernate_LED_PM.c **** *  It should not be called for GPIO or GPIO_OVT pins.
  30:Generated_Source\PSoC4/Hibernate_LED_PM.c **** *
  31:Generated_Source\PSoC4/Hibernate_LED_PM.c **** * <b>Note</b> This function is available in PSoC 4 only.
  32:Generated_Source\PSoC4/Hibernate_LED_PM.c **** *
ARM GAS  C:\Users\unyacat\AppData\Local\Temp\ccYtQR1b.s 			page 12


  33:Generated_Source\PSoC4/Hibernate_LED_PM.c **** * \return 
  34:Generated_Source\PSoC4/Hibernate_LED_PM.c **** *  None 
  35:Generated_Source\PSoC4/Hibernate_LED_PM.c **** *  
  36:Generated_Source\PSoC4/Hibernate_LED_PM.c **** * \sideeffect
  37:Generated_Source\PSoC4/Hibernate_LED_PM.c **** *  For SIO pins, this function configures the pin input threshold to CMOS and
  38:Generated_Source\PSoC4/Hibernate_LED_PM.c **** *  drive level to Vddio. This is needed for SIO pins when in device 
  39:Generated_Source\PSoC4/Hibernate_LED_PM.c **** *  deep-sleep/hibernate modes.
  40:Generated_Source\PSoC4/Hibernate_LED_PM.c **** *
  41:Generated_Source\PSoC4/Hibernate_LED_PM.c **** * \funcusage
  42:Generated_Source\PSoC4/Hibernate_LED_PM.c **** *  \snippet Hibernate_LED_SUT.c usage_Hibernate_LED_Sleep_Wakeup
  43:Generated_Source\PSoC4/Hibernate_LED_PM.c **** *******************************************************************************/
  44:Generated_Source\PSoC4/Hibernate_LED_PM.c **** void Hibernate_LED_Sleep(void)
  45:Generated_Source\PSoC4/Hibernate_LED_PM.c **** {
 177              		.loc 1 45 0
 178              		.cfi_startproc
 179              		@ args = 0, pretend = 0, frame = 0
 180              		@ frame_needed = 0, uses_anonymous_args = 0
 181              		@ link register save eliminated.
  46:Generated_Source\PSoC4/Hibernate_LED_PM.c ****     #if defined(Hibernate_LED__PC)
  47:Generated_Source\PSoC4/Hibernate_LED_PM.c ****         Hibernate_LED_backup.pcState = Hibernate_LED_PC;
 182              		.loc 1 47 0
 183 0000 024B     		ldr	r3, .L2
  48:Generated_Source\PSoC4/Hibernate_LED_PM.c ****     #else
  49:Generated_Source\PSoC4/Hibernate_LED_PM.c ****         #if (CY_PSOC4_4200L)
  50:Generated_Source\PSoC4/Hibernate_LED_PM.c ****             /* Save the regulator state and put the PHY into suspend mode */
  51:Generated_Source\PSoC4/Hibernate_LED_PM.c ****             Hibernate_LED_backup.usbState = Hibernate_LED_CR1_REG;
  52:Generated_Source\PSoC4/Hibernate_LED_PM.c ****             Hibernate_LED_USB_POWER_REG |= Hibernate_LED_USBIO_ENTER_SLEEP;
  53:Generated_Source\PSoC4/Hibernate_LED_PM.c ****             Hibernate_LED_CR1_REG &= Hibernate_LED_USBIO_CR1_OFF;
  54:Generated_Source\PSoC4/Hibernate_LED_PM.c ****         #endif
  55:Generated_Source\PSoC4/Hibernate_LED_PM.c ****     #endif
  56:Generated_Source\PSoC4/Hibernate_LED_PM.c ****     #if defined(CYIPBLOCK_m0s8ioss_VERSION) && defined(Hibernate_LED__SIO)
  57:Generated_Source\PSoC4/Hibernate_LED_PM.c ****         Hibernate_LED_backup.sioState = Hibernate_LED_SIO_REG;
  58:Generated_Source\PSoC4/Hibernate_LED_PM.c ****         /* SIO requires unregulated output buffer and single ended input buffer */
  59:Generated_Source\PSoC4/Hibernate_LED_PM.c ****         Hibernate_LED_SIO_REG &= (uint32)(~Hibernate_LED_SIO_LPM_MASK);
  60:Generated_Source\PSoC4/Hibernate_LED_PM.c ****     #endif  
  61:Generated_Source\PSoC4/Hibernate_LED_PM.c **** }
 184              		.loc 1 61 0
 185              		@ sp needed
  47:Generated_Source\PSoC4/Hibernate_LED_PM.c ****     #else
 186              		.loc 1 47 0
 187 0002 1A68     		ldr	r2, [r3]
 188 0004 024B     		ldr	r3, .L2+4
 189 0006 1A60     		str	r2, [r3]
 190              		.loc 1 61 0
 191 0008 7047     		bx	lr
 192              	.L3:
 193 000a C046     		.align	2
 194              	.L2:
 195 000c 08000440 		.word	1074003976
 196 0010 00000000 		.word	.LANCHOR0
 197              		.cfi_endproc
 198              	.LFE0:
 199              		.size	Hibernate_LED_Sleep, .-Hibernate_LED_Sleep
 200              		.section	.text.Hibernate_LED_Wakeup,"ax",%progbits
 201              		.align	2
 202              		.global	Hibernate_LED_Wakeup
 203              		.code	16
ARM GAS  C:\Users\unyacat\AppData\Local\Temp\ccYtQR1b.s 			page 13


 204              		.thumb_func
 205              		.type	Hibernate_LED_Wakeup, %function
 206              	Hibernate_LED_Wakeup:
 207              	.LFB1:
  62:Generated_Source\PSoC4/Hibernate_LED_PM.c **** 
  63:Generated_Source\PSoC4/Hibernate_LED_PM.c **** 
  64:Generated_Source\PSoC4/Hibernate_LED_PM.c **** /*******************************************************************************
  65:Generated_Source\PSoC4/Hibernate_LED_PM.c **** * Function Name: Hibernate_LED_Wakeup
  66:Generated_Source\PSoC4/Hibernate_LED_PM.c **** ****************************************************************************//**
  67:Generated_Source\PSoC4/Hibernate_LED_PM.c **** *
  68:Generated_Source\PSoC4/Hibernate_LED_PM.c **** * \brief Restores the pin configuration that was saved during Pin_Sleep(). This 
  69:Generated_Source\PSoC4/Hibernate_LED_PM.c **** * function applies only to SIO and USBIO pins. It should not be called for
  70:Generated_Source\PSoC4/Hibernate_LED_PM.c **** * GPIO or GPIO_OVT pins.
  71:Generated_Source\PSoC4/Hibernate_LED_PM.c **** *
  72:Generated_Source\PSoC4/Hibernate_LED_PM.c **** * For USBIO pins, the wakeup is only triggered for falling edge interrupts.
  73:Generated_Source\PSoC4/Hibernate_LED_PM.c **** *
  74:Generated_Source\PSoC4/Hibernate_LED_PM.c **** * <b>Note</b> This function is available in PSoC 4 only.
  75:Generated_Source\PSoC4/Hibernate_LED_PM.c **** *
  76:Generated_Source\PSoC4/Hibernate_LED_PM.c **** * \return 
  77:Generated_Source\PSoC4/Hibernate_LED_PM.c **** *  None
  78:Generated_Source\PSoC4/Hibernate_LED_PM.c **** *  
  79:Generated_Source\PSoC4/Hibernate_LED_PM.c **** * \funcusage
  80:Generated_Source\PSoC4/Hibernate_LED_PM.c **** *  Refer to Hibernate_LED_Sleep() for an example usage.
  81:Generated_Source\PSoC4/Hibernate_LED_PM.c **** *******************************************************************************/
  82:Generated_Source\PSoC4/Hibernate_LED_PM.c **** void Hibernate_LED_Wakeup(void)
  83:Generated_Source\PSoC4/Hibernate_LED_PM.c **** {
 208              		.loc 1 83 0
 209              		.cfi_startproc
 210              		@ args = 0, pretend = 0, frame = 0
 211              		@ frame_needed = 0, uses_anonymous_args = 0
 212              		@ link register save eliminated.
  84:Generated_Source\PSoC4/Hibernate_LED_PM.c ****     #if defined(Hibernate_LED__PC)
  85:Generated_Source\PSoC4/Hibernate_LED_PM.c ****         Hibernate_LED_PC = Hibernate_LED_backup.pcState;
 213              		.loc 1 85 0
 214 0000 024B     		ldr	r3, .L5
  86:Generated_Source\PSoC4/Hibernate_LED_PM.c ****     #else
  87:Generated_Source\PSoC4/Hibernate_LED_PM.c ****         #if (CY_PSOC4_4200L)
  88:Generated_Source\PSoC4/Hibernate_LED_PM.c ****             /* Restore the regulator state and come out of suspend mode */
  89:Generated_Source\PSoC4/Hibernate_LED_PM.c ****             Hibernate_LED_USB_POWER_REG &= Hibernate_LED_USBIO_EXIT_SLEEP_PH1;
  90:Generated_Source\PSoC4/Hibernate_LED_PM.c ****             Hibernate_LED_CR1_REG = Hibernate_LED_backup.usbState;
  91:Generated_Source\PSoC4/Hibernate_LED_PM.c ****             Hibernate_LED_USB_POWER_REG &= Hibernate_LED_USBIO_EXIT_SLEEP_PH2;
  92:Generated_Source\PSoC4/Hibernate_LED_PM.c ****         #endif
  93:Generated_Source\PSoC4/Hibernate_LED_PM.c ****     #endif
  94:Generated_Source\PSoC4/Hibernate_LED_PM.c ****     #if defined(CYIPBLOCK_m0s8ioss_VERSION) && defined(Hibernate_LED__SIO)
  95:Generated_Source\PSoC4/Hibernate_LED_PM.c ****         Hibernate_LED_SIO_REG = Hibernate_LED_backup.sioState;
  96:Generated_Source\PSoC4/Hibernate_LED_PM.c ****     #endif
  97:Generated_Source\PSoC4/Hibernate_LED_PM.c **** }
 215              		.loc 1 97 0
 216              		@ sp needed
  85:Generated_Source\PSoC4/Hibernate_LED_PM.c ****     #else
 217              		.loc 1 85 0
 218 0002 1A68     		ldr	r2, [r3]
 219 0004 024B     		ldr	r3, .L5+4
 220 0006 1A60     		str	r2, [r3]
 221              		.loc 1 97 0
 222 0008 7047     		bx	lr
 223              	.L6:
ARM GAS  C:\Users\unyacat\AppData\Local\Temp\ccYtQR1b.s 			page 14


 224 000a C046     		.align	2
 225              	.L5:
 226 000c 00000000 		.word	.LANCHOR0
 227 0010 08000440 		.word	1074003976
 228              		.cfi_endproc
 229              	.LFE1:
 230              		.size	Hibernate_LED_Wakeup, .-Hibernate_LED_Wakeup
 231              		.bss
 232              		.align	2
 233              		.set	.LANCHOR0,. + 0
 234              		.type	Hibernate_LED_backup, %object
 235              		.size	Hibernate_LED_backup, 12
 236              	Hibernate_LED_backup:
 237 0000 00000000 		.space	12
 237      00000000 
 237      00000000 
 238              		.text
 239              	.Letext0:
 240              		.file 2 "Generated_Source\\PSoC4\\cytypes.h"
 241              		.file 3 "Generated_Source\\PSoC4\\Hibernate_LED.h"
 242              		.section	.debug_info,"",%progbits
 243              	.Ldebug_info0:
 244 0000 05010000 		.4byte	0x105
 245 0004 0400     		.2byte	0x4
 246 0006 00000000 		.4byte	.Ldebug_abbrev0
 247 000a 04       		.byte	0x4
 248 000b 01       		.uleb128 0x1
 249 000c 5D000000 		.4byte	.LASF20
 250 0010 0C       		.byte	0xc
 251 0011 21020000 		.4byte	.LASF21
 252 0015 5F010000 		.4byte	.LASF22
 253 0019 00000000 		.4byte	.Ldebug_ranges0+0
 254 001d 00000000 		.4byte	0
 255 0021 00000000 		.4byte	.Ldebug_line0
 256 0025 02       		.uleb128 0x2
 257 0026 01       		.byte	0x1
 258 0027 06       		.byte	0x6
 259 0028 15020000 		.4byte	.LASF0
 260 002c 02       		.uleb128 0x2
 261 002d 01       		.byte	0x1
 262 002e 08       		.byte	0x8
 263 002f 2A000000 		.4byte	.LASF1
 264 0033 02       		.uleb128 0x2
 265 0034 02       		.byte	0x2
 266 0035 05       		.byte	0x5
 267 0036 DE010000 		.4byte	.LASF2
 268 003a 02       		.uleb128 0x2
 269 003b 02       		.byte	0x2
 270 003c 07       		.byte	0x7
 271 003d 4A000000 		.4byte	.LASF3
 272 0041 02       		.uleb128 0x2
 273 0042 04       		.byte	0x4
 274 0043 05       		.byte	0x5
 275 0044 0C020000 		.4byte	.LASF4
 276 0048 02       		.uleb128 0x2
 277 0049 04       		.byte	0x4
 278 004a 07       		.byte	0x7
ARM GAS  C:\Users\unyacat\AppData\Local\Temp\ccYtQR1b.s 			page 15


 279 004b 38000000 		.4byte	.LASF5
 280 004f 02       		.uleb128 0x2
 281 0050 08       		.byte	0x8
 282 0051 05       		.byte	0x5
 283 0052 CB010000 		.4byte	.LASF6
 284 0056 02       		.uleb128 0x2
 285 0057 08       		.byte	0x8
 286 0058 07       		.byte	0x7
 287 0059 33010000 		.4byte	.LASF7
 288 005d 03       		.uleb128 0x3
 289 005e 04       		.byte	0x4
 290 005f 05       		.byte	0x5
 291 0060 696E7400 		.ascii	"int\000"
 292 0064 02       		.uleb128 0x2
 293 0065 04       		.byte	0x4
 294 0066 07       		.byte	0x7
 295 0067 26010000 		.4byte	.LASF8
 296 006b 04       		.uleb128 0x4
 297 006c 1F010000 		.4byte	.LASF12
 298 0070 02       		.byte	0x2
 299 0071 FD01     		.2byte	0x1fd
 300 0073 48000000 		.4byte	0x48
 301 0077 02       		.uleb128 0x2
 302 0078 04       		.byte	0x4
 303 0079 04       		.byte	0x4
 304 007a 24000000 		.4byte	.LASF9
 305 007e 02       		.uleb128 0x2
 306 007f 08       		.byte	0x8
 307 0080 04       		.byte	0x4
 308 0081 04010000 		.4byte	.LASF10
 309 0085 02       		.uleb128 0x2
 310 0086 01       		.byte	0x1
 311 0087 08       		.byte	0x8
 312 0088 D9010000 		.4byte	.LASF11
 313 008c 04       		.uleb128 0x4
 314 008d 00000000 		.4byte	.LASF13
 315 0091 02       		.byte	0x2
 316 0092 A702     		.2byte	0x2a7
 317 0094 98000000 		.4byte	0x98
 318 0098 05       		.uleb128 0x5
 319 0099 6B000000 		.4byte	0x6b
 320 009d 06       		.uleb128 0x6
 321 009e 0C       		.byte	0xc
 322 009f 03       		.byte	0x3
 323 00a0 21       		.byte	0x21
 324 00a1 CA000000 		.4byte	0xca
 325 00a5 07       		.uleb128 0x7
 326 00a6 E8010000 		.4byte	.LASF14
 327 00aa 03       		.byte	0x3
 328 00ab 23       		.byte	0x23
 329 00ac 6B000000 		.4byte	0x6b
 330 00b0 00       		.byte	0
 331 00b1 07       		.uleb128 0x7
 332 00b2 C2010000 		.4byte	.LASF15
 333 00b6 03       		.byte	0x3
 334 00b7 24       		.byte	0x24
 335 00b8 6B000000 		.4byte	0x6b
ARM GAS  C:\Users\unyacat\AppData\Local\Temp\ccYtQR1b.s 			page 16


 336 00bc 04       		.byte	0x4
 337 00bd 07       		.uleb128 0x7
 338 00be 06000000 		.4byte	.LASF16
 339 00c2 03       		.byte	0x3
 340 00c3 25       		.byte	0x25
 341 00c4 6B000000 		.4byte	0x6b
 342 00c8 08       		.byte	0x8
 343 00c9 00       		.byte	0
 344 00ca 08       		.uleb128 0x8
 345 00cb F0010000 		.4byte	.LASF17
 346 00cf 03       		.byte	0x3
 347 00d0 26       		.byte	0x26
 348 00d1 9D000000 		.4byte	0x9d
 349 00d5 09       		.uleb128 0x9
 350 00d6 0B010000 		.4byte	.LASF18
 351 00da 01       		.byte	0x1
 352 00db 2C       		.byte	0x2c
 353 00dc 00000000 		.4byte	.LFB0
 354 00e0 14000000 		.4byte	.LFE0-.LFB0
 355 00e4 01       		.uleb128 0x1
 356 00e5 9C       		.byte	0x9c
 357 00e6 09       		.uleb128 0x9
 358 00e7 4A010000 		.4byte	.LASF19
 359 00eb 01       		.byte	0x1
 360 00ec 52       		.byte	0x52
 361 00ed 00000000 		.4byte	.LFB1
 362 00f1 14000000 		.4byte	.LFE1-.LFB1
 363 00f5 01       		.uleb128 0x1
 364 00f6 9C       		.byte	0x9c
 365 00f7 0A       		.uleb128 0xa
 366 00f8 0F000000 		.4byte	.LASF23
 367 00fc 01       		.byte	0x1
 368 00fd 14       		.byte	0x14
 369 00fe CA000000 		.4byte	0xca
 370 0102 05       		.uleb128 0x5
 371 0103 03       		.byte	0x3
 372 0104 00000000 		.4byte	Hibernate_LED_backup
 373 0108 00       		.byte	0
 374              		.section	.debug_abbrev,"",%progbits
 375              	.Ldebug_abbrev0:
 376 0000 01       		.uleb128 0x1
 377 0001 11       		.uleb128 0x11
 378 0002 01       		.byte	0x1
 379 0003 25       		.uleb128 0x25
 380 0004 0E       		.uleb128 0xe
 381 0005 13       		.uleb128 0x13
 382 0006 0B       		.uleb128 0xb
 383 0007 03       		.uleb128 0x3
 384 0008 0E       		.uleb128 0xe
 385 0009 1B       		.uleb128 0x1b
 386 000a 0E       		.uleb128 0xe
 387 000b 55       		.uleb128 0x55
 388 000c 17       		.uleb128 0x17
 389 000d 11       		.uleb128 0x11
 390 000e 01       		.uleb128 0x1
 391 000f 10       		.uleb128 0x10
 392 0010 17       		.uleb128 0x17
ARM GAS  C:\Users\unyacat\AppData\Local\Temp\ccYtQR1b.s 			page 17


 393 0011 00       		.byte	0
 394 0012 00       		.byte	0
 395 0013 02       		.uleb128 0x2
 396 0014 24       		.uleb128 0x24
 397 0015 00       		.byte	0
 398 0016 0B       		.uleb128 0xb
 399 0017 0B       		.uleb128 0xb
 400 0018 3E       		.uleb128 0x3e
 401 0019 0B       		.uleb128 0xb
 402 001a 03       		.uleb128 0x3
 403 001b 0E       		.uleb128 0xe
 404 001c 00       		.byte	0
 405 001d 00       		.byte	0
 406 001e 03       		.uleb128 0x3
 407 001f 24       		.uleb128 0x24
 408 0020 00       		.byte	0
 409 0021 0B       		.uleb128 0xb
 410 0022 0B       		.uleb128 0xb
 411 0023 3E       		.uleb128 0x3e
 412 0024 0B       		.uleb128 0xb
 413 0025 03       		.uleb128 0x3
 414 0026 08       		.uleb128 0x8
 415 0027 00       		.byte	0
 416 0028 00       		.byte	0
 417 0029 04       		.uleb128 0x4
 418 002a 16       		.uleb128 0x16
 419 002b 00       		.byte	0
 420 002c 03       		.uleb128 0x3
 421 002d 0E       		.uleb128 0xe
 422 002e 3A       		.uleb128 0x3a
 423 002f 0B       		.uleb128 0xb
 424 0030 3B       		.uleb128 0x3b
 425 0031 05       		.uleb128 0x5
 426 0032 49       		.uleb128 0x49
 427 0033 13       		.uleb128 0x13
 428 0034 00       		.byte	0
 429 0035 00       		.byte	0
 430 0036 05       		.uleb128 0x5
 431 0037 35       		.uleb128 0x35
 432 0038 00       		.byte	0
 433 0039 49       		.uleb128 0x49
 434 003a 13       		.uleb128 0x13
 435 003b 00       		.byte	0
 436 003c 00       		.byte	0
 437 003d 06       		.uleb128 0x6
 438 003e 13       		.uleb128 0x13
 439 003f 01       		.byte	0x1
 440 0040 0B       		.uleb128 0xb
 441 0041 0B       		.uleb128 0xb
 442 0042 3A       		.uleb128 0x3a
 443 0043 0B       		.uleb128 0xb
 444 0044 3B       		.uleb128 0x3b
 445 0045 0B       		.uleb128 0xb
 446 0046 01       		.uleb128 0x1
 447 0047 13       		.uleb128 0x13
 448 0048 00       		.byte	0
 449 0049 00       		.byte	0
ARM GAS  C:\Users\unyacat\AppData\Local\Temp\ccYtQR1b.s 			page 18


 450 004a 07       		.uleb128 0x7
 451 004b 0D       		.uleb128 0xd
 452 004c 00       		.byte	0
 453 004d 03       		.uleb128 0x3
 454 004e 0E       		.uleb128 0xe
 455 004f 3A       		.uleb128 0x3a
 456 0050 0B       		.uleb128 0xb
 457 0051 3B       		.uleb128 0x3b
 458 0052 0B       		.uleb128 0xb
 459 0053 49       		.uleb128 0x49
 460 0054 13       		.uleb128 0x13
 461 0055 38       		.uleb128 0x38
 462 0056 0B       		.uleb128 0xb
 463 0057 00       		.byte	0
 464 0058 00       		.byte	0
 465 0059 08       		.uleb128 0x8
 466 005a 16       		.uleb128 0x16
 467 005b 00       		.byte	0
 468 005c 03       		.uleb128 0x3
 469 005d 0E       		.uleb128 0xe
 470 005e 3A       		.uleb128 0x3a
 471 005f 0B       		.uleb128 0xb
 472 0060 3B       		.uleb128 0x3b
 473 0061 0B       		.uleb128 0xb
 474 0062 49       		.uleb128 0x49
 475 0063 13       		.uleb128 0x13
 476 0064 00       		.byte	0
 477 0065 00       		.byte	0
 478 0066 09       		.uleb128 0x9
 479 0067 2E       		.uleb128 0x2e
 480 0068 00       		.byte	0
 481 0069 3F       		.uleb128 0x3f
 482 006a 19       		.uleb128 0x19
 483 006b 03       		.uleb128 0x3
 484 006c 0E       		.uleb128 0xe
 485 006d 3A       		.uleb128 0x3a
 486 006e 0B       		.uleb128 0xb
 487 006f 3B       		.uleb128 0x3b
 488 0070 0B       		.uleb128 0xb
 489 0071 27       		.uleb128 0x27
 490 0072 19       		.uleb128 0x19
 491 0073 11       		.uleb128 0x11
 492 0074 01       		.uleb128 0x1
 493 0075 12       		.uleb128 0x12
 494 0076 06       		.uleb128 0x6
 495 0077 40       		.uleb128 0x40
 496 0078 18       		.uleb128 0x18
 497 0079 9742     		.uleb128 0x2117
 498 007b 19       		.uleb128 0x19
 499 007c 00       		.byte	0
 500 007d 00       		.byte	0
 501 007e 0A       		.uleb128 0xa
 502 007f 34       		.uleb128 0x34
 503 0080 00       		.byte	0
 504 0081 03       		.uleb128 0x3
 505 0082 0E       		.uleb128 0xe
 506 0083 3A       		.uleb128 0x3a
ARM GAS  C:\Users\unyacat\AppData\Local\Temp\ccYtQR1b.s 			page 19


 507 0084 0B       		.uleb128 0xb
 508 0085 3B       		.uleb128 0x3b
 509 0086 0B       		.uleb128 0xb
 510 0087 49       		.uleb128 0x49
 511 0088 13       		.uleb128 0x13
 512 0089 02       		.uleb128 0x2
 513 008a 18       		.uleb128 0x18
 514 008b 00       		.byte	0
 515 008c 00       		.byte	0
 516 008d 00       		.byte	0
 517              		.section	.debug_aranges,"",%progbits
 518 0000 24000000 		.4byte	0x24
 519 0004 0200     		.2byte	0x2
 520 0006 00000000 		.4byte	.Ldebug_info0
 521 000a 04       		.byte	0x4
 522 000b 00       		.byte	0
 523 000c 0000     		.2byte	0
 524 000e 0000     		.2byte	0
 525 0010 00000000 		.4byte	.LFB0
 526 0014 14000000 		.4byte	.LFE0-.LFB0
 527 0018 00000000 		.4byte	.LFB1
 528 001c 14000000 		.4byte	.LFE1-.LFB1
 529 0020 00000000 		.4byte	0
 530 0024 00000000 		.4byte	0
 531              		.section	.debug_ranges,"",%progbits
 532              	.Ldebug_ranges0:
 533 0000 00000000 		.4byte	.LFB0
 534 0004 14000000 		.4byte	.LFE0
 535 0008 00000000 		.4byte	.LFB1
 536 000c 14000000 		.4byte	.LFE1
 537 0010 00000000 		.4byte	0
 538 0014 00000000 		.4byte	0
 539              		.section	.debug_line,"",%progbits
 540              	.Ldebug_line0:
 541 0000 99000000 		.section	.debug_str,"MS",%progbits,1
 541      02006000 
 541      00000201 
 541      FB0E0D00 
 541      01010101 
 542              	.LASF13:
 543 0000 72656733 		.ascii	"reg32\000"
 543      3200
 544              	.LASF16:
 545 0006 75736253 		.ascii	"usbState\000"
 545      74617465 
 545      00
 546              	.LASF23:
 547 000f 48696265 		.ascii	"Hibernate_LED_backup\000"
 547      726E6174 
 547      655F4C45 
 547      445F6261 
 547      636B7570 
 548              	.LASF9:
 549 0024 666C6F61 		.ascii	"float\000"
 549      7400
 550              	.LASF1:
 551 002a 756E7369 		.ascii	"unsigned char\000"
ARM GAS  C:\Users\unyacat\AppData\Local\Temp\ccYtQR1b.s 			page 20


 551      676E6564 
 551      20636861 
 551      7200
 552              	.LASF5:
 553 0038 6C6F6E67 		.ascii	"long unsigned int\000"
 553      20756E73 
 553      69676E65 
 553      6420696E 
 553      7400
 554              	.LASF3:
 555 004a 73686F72 		.ascii	"short unsigned int\000"
 555      7420756E 
 555      7369676E 
 555      65642069 
 555      6E7400
 556              	.LASF20:
 557 005d 474E5520 		.ascii	"GNU C11 5.4.1 20160609 (release) [ARM/embedded-5-br"
 557      43313120 
 557      352E342E 
 557      31203230 
 557      31363036 
 558 0090 616E6368 		.ascii	"anch revision 237715] -mcpu=cortex-m0 -mthumb -g -O"
 558      20726576 
 558      6973696F 
 558      6E203233 
 558      37373135 
 559 00c3 33202D66 		.ascii	"3 -ffunction-sections -ffat-lto-objects -finline-fu"
 559      66756E63 
 559      74696F6E 
 559      2D736563 
 559      74696F6E 
 560 00f6 6E637469 		.ascii	"nctions -flto\000"
 560      6F6E7320 
 560      2D666C74 
 560      6F00
 561              	.LASF10:
 562 0104 646F7562 		.ascii	"double\000"
 562      6C6500
 563              	.LASF18:
 564 010b 48696265 		.ascii	"Hibernate_LED_Sleep\000"
 564      726E6174 
 564      655F4C45 
 564      445F536C 
 564      65657000 
 565              	.LASF12:
 566 011f 75696E74 		.ascii	"uint32\000"
 566      333200
 567              	.LASF8:
 568 0126 756E7369 		.ascii	"unsigned int\000"
 568      676E6564 
 568      20696E74 
 568      00
 569              	.LASF7:
 570 0133 6C6F6E67 		.ascii	"long long unsigned int\000"
 570      206C6F6E 
 570      6720756E 
 570      7369676E 
ARM GAS  C:\Users\unyacat\AppData\Local\Temp\ccYtQR1b.s 			page 21


 570      65642069 
 571              	.LASF19:
 572 014a 48696265 		.ascii	"Hibernate_LED_Wakeup\000"
 572      726E6174 
 572      655F4C45 
 572      445F5761 
 572      6B657570 
 573              	.LASF22:
 574 015f 433A5C55 		.ascii	"C:\\Users\\unyacat\\Desktop\\Linebot\\Dynamic Broad"
 574      73657273 
 574      5C756E79 
 574      61636174 
 574      5C446573 
 575 018d 63617374 		.ascii	"caster\\Dynamic Broadcaster\\Dynamic Broadcaster.cy"
 575      65725C44 
 575      796E616D 
 575      69632042 
 575      726F6164 
 576 01be 64736E00 		.ascii	"dsn\000"
 577              	.LASF15:
 578 01c2 73696F53 		.ascii	"sioState\000"
 578      74617465 
 578      00
 579              	.LASF6:
 580 01cb 6C6F6E67 		.ascii	"long long int\000"
 580      206C6F6E 
 580      6720696E 
 580      7400
 581              	.LASF11:
 582 01d9 63686172 		.ascii	"char\000"
 582      00
 583              	.LASF2:
 584 01de 73686F72 		.ascii	"short int\000"
 584      7420696E 
 584      7400
 585              	.LASF14:
 586 01e8 70635374 		.ascii	"pcState\000"
 586      61746500 
 587              	.LASF17:
 588 01f0 48696265 		.ascii	"Hibernate_LED_BACKUP_STRUCT\000"
 588      726E6174 
 588      655F4C45 
 588      445F4241 
 588      434B5550 
 589              	.LASF4:
 590 020c 6C6F6E67 		.ascii	"long int\000"
 590      20696E74 
 590      00
 591              	.LASF0:
 592 0215 7369676E 		.ascii	"signed char\000"
 592      65642063 
 592      68617200 
 593              	.LASF21:
 594 0221 47656E65 		.ascii	"Generated_Source\\PSoC4\\Hibernate_LED_PM.c\000"
 594      72617465 
 594      645F536F 
 594      75726365 
ARM GAS  C:\Users\unyacat\AppData\Local\Temp\ccYtQR1b.s 			page 22


 594      5C50536F 
 595              		.comm	__gnu_lto_v1,1,1
 596              		.ident	"GCC: (GNU Tools for ARM Embedded Processors) 5.4.1 20160609 (release) [ARM/embedded-5-bran
