ARM GAS  C:\Users\unyacat\AppData\Local\Temp\ccVvs7Ic.s 			page 1


   1              		.syntax unified
   2              		.cpu cortex-m0
   3              		.fpu softvfp
   4              		.eabi_attribute 20, 1
   5              		.eabi_attribute 21, 1
   6              		.eabi_attribute 23, 3
   7              		.eabi_attribute 24, 1
   8              		.eabi_attribute 25, 1
   9              		.eabi_attribute 26, 1
  10              		.eabi_attribute 30, 2
  11              		.eabi_attribute 34, 0
  12              		.eabi_attribute 18, 4
  13              		.thumb
  14              		.syntax unified
  15              		.file	"Wakeup_SW.c"
  16              		.text
  17              	.Ltext0:
  18              		.section	.gnu.lto_.profile.92359512,"",%progbits
  19 0000 789C6361 		.ascii	"x\234ca`d`a`\000\222\352\212\000\000\331\000S"
  19      60646061 
  19      600092EA 
  19      8A0000D9 
  19      0053
  20              		.text
  21              		.section	.gnu.lto_.icf.92359512,"",%progbits
  22 0000 789C6361 		.ascii	"x\234ca`d\000\0015\006\004`c\230\365e\307yv\306\243"
  22      60640001 
  22      35060460 
  22      6398F565 
  22      C77976C6 
  23 0015 E7274E67 		.ascii	"\347'Ngc\3328g\333.n\346\327\037\217\277af\331u\350"
  23      63DA3867 
  23      DB2E6EE6 
  23      D71F8FBF 
  23      6166D975 
  24 002a F7253ED6 		.ascii	"\367%>\326\217\207g\374bg\000\000o]\023\035"
  24      8F8767FC 
  24      62670000 
  24      6F5D131D 
  25              		.text
  26              		.section	.gnu.lto_.jmpfuncs.92359512,"",%progbits
  27 0000 789C45C9 		.ascii	"x\234E\311\261\001\000 \010\300\260\026\320+\374\225"
  27      B1010020 
  27      08C0B016 
  27      D02BFC95 
  28 0010 D795C90C 		.ascii	"\327\225\311\014]Z\3108|\033\265\235\004$Thv\257\367"
  28      5D5AC838 
  28      7C1BB59D 
  28      04245468 
  28      76AFF7
  29 0023 2E215502 		.ascii	".!U\002@"
  29      40
  30              		.text
  31              		.section	.gnu.lto_.inline.92359512,"",%progbits
  32 0000 789C658D 		.ascii	"x\234e\215\311\015\2000\014\004\327\216\343\030\011"
  32      C90D8030 
  32      0C04D78E 
ARM GAS  C:\Users\unyacat\AppData\Local\Temp\ccVvs7Ic.s 			page 2


  32      E31809
  33 000f 093A4807 		.ascii	"\011:H\007\224@\245<R\012%P\012%`\203\004B\231\307>"
  33      9440A53C 
  33      520A2550 
  33      0A256083 
  33      044299C7 
  34 0024 767C0808 		.ascii	"v|\010\010\301\206\017\005\254\020\301\\%\333Wh\253"
  34      C1860F05 
  34      AC10C15C 
  34      25DB5768 
  34      AB
  35 0035 0C3E2609 		.ascii	"\014>&\011K\030\254\223\322\352-\031\232\011\254\347"
  35      4B18AC93 
  35      D2EA2D19 
  35      9A09ACE7 
  36 0045 F2F44EEA 		.ascii	"\362\364N\352+\211\023\214\331OP\204\374\237x\2141\226"
  36      2B89138C 
  36      D94F5084 
  36      FC9F788C 
  36      3196
  37 0057 51D4375F 		.ascii	"Q\3247_\031\\\353\300\017\342"
  37      195CEBC0 
  37      0FE2
  38              		.text
  39              		.section	.gnu.lto_.pureconst.92359512,"",%progbits
  40 0000 789C6361 		.ascii	"x\234ca`d\340e```c\220b\224b\222b\226b\221b\225\002"
  40      6064E065 
  40      60606063 
  40      90629462 
  40      92629662 
  41 0018 00059500 		.ascii	"\000\005\225\000\304"
  41      C4
  42              		.text
  43              		.section	.gnu.lto_Wakeup_SW_SetDriveMode.92359512,"",%progbits
  44 0000 789C7D51 		.ascii	"x\234}Q\273J$A\024\275\247\252\247G\361\225\012N \010"
  44      BB4A2441 
  44      14BDA7AA 
  44      A747F195 
  44      0A4E2008 
  45 0014 8A0622E8 		.ascii	"\212\006\"\350\037\030\230\212\023\230\270\210hG\213"
  45      1F18988A 
  45      1398B888 
  45      68478B
  46 0023 3B226B6C 		.ascii	";\"kl\315\264\215b$\270+\030\310D>\327'\202\"\2130;"
  46      CDB48D62 
  46      24B82B18 
  46      C8443ED7 
  46      2782228B 
  47 0039 A2A1CB1A 		.ascii	"\242\241\313\032\254\230\250\0304*\006\343\013\304W"
  47      AC98A818 
  47      342A06E3 
  47      0BC457
  48 0048 7B6FCFC4 		.ascii	"{o\317\304\026\324\275\267\016\347\034NUY\004\222\265"
  48      16D4BDB7 
  48      0EE71C4E 
  48      55590492 
  48      B5
ARM GAS  C:\Users\unyacat\AppData\Local\Temp\ccVvs7Ic.s 			page 3


  49 0059 C7AD817B 		.ascii	"\307\255\201{\025oh\202\2328$J\026)@\006S\004\032V\030"
  49      156F6882 
  49      9A38244A 
  49      16294006 
  49      53041A56 
  50 006e C6A37A53 		.ascii	"\306\243zS\310\216\372;\252~\336\360:\367\374\366\244"
  50      C88EFA3B 
  50      AA7EDEF0 
  50      3AF7FCF6 
  50      A4
  51 007f F12A3D4D 		.ascii	"\361*=M\024\250\320\2110\217zf\335o\316N\226\350Z\020"
  51      14A8D089 
  51      308F7A66 
  51      DD6FCE4E 
  51      96E85A10 
  52 0093 CFB787B9 		.ascii	"\317\267\207\271\323\362\272YcR\306\244\277\030\355"
  52      D3F2BA59 
  52      6352C6A4 
  52      BF18ED
  53 00a2 6960019A 		.ascii	"i`\001\232\025h\216\241)F\014\020\026Q'\344\213\215"
  53      15688EA1 
  53      29460C10 
  53      165127E4 
  53      8B8D
  54 00b4 F79F65F6 		.ascii	"\367\237e\366\210\330W\347M\261\004[b\256udL\020\270"
  54      88D857E7 
  54      4DB1045B 
  54      62AE7564 
  54      4C10B8
  55 00c7 26B369EF 		.ascii	"&\263i\357o\331\305\212eJK\261 \342\210\214\266\224"
  55      6FD9C58A 
  55      654A4BB1 
  55      20E2888C 
  55      B694
  56 00d9 A814A21C 		.ascii	"\250\024\242\034o\211\177\253\224t\355#\373<\376\177"
  56      6F897FAB 
  56      9474ED23 
  56      FB3CFE7F 
  57 00e9 DA163F57 		.ascii	"\332\026?W\313U\246\274\354\337\350\203\362\264\016"
  57      CB55A6BC 
  57      ECDFE883 
  57      F2B40E
  58 00f8 732E5E1D 		.ascii	"s.^\035\357\226\345\217cf\302X\014\035\235\376>\323"
  58      EF96E58F 
  58      6366C258 
  58      0C1D9DFE 
  58      3ED3
  59 010a 69CC2447 		.ascii	"i\314$G\340i\013\313\210\341\027b\234i\005i\220\017"
  59      E0690BCB 
  59      88E11762 
  59      9C690569 
  59      900F
  60 011c F7B560A7 		.ascii	"\367\265`\247\363\2167s\177\376U\210\205B\220~\017*"
  60      F38E3773 
  60      7FFE5588 
  60      8542907E 
  60      0F2A
ARM GAS  C:\Users\unyacat\AppData\Local\Temp\ccVvs7Ic.s 			page 4


  61 012e B0CA6C1F 		.ascii	"\260\312l\037\251\273h\236\026q\265%\262\\A&\020\313"
  61      A9BB689E 
  61      1671B525 
  61      B25C4126 
  61      10CB
  62 0140 5E2E7F9C 		.ascii	"^.\177\234@d\021\224b-\224\270O\005J44\267\031\312N"
  62      40641194 
  62      622D94B8 
  62      4F054A34 
  62      34B719CA 
  63 0155 41A0CF62 		.ascii	"A\240\317b\255s,\226\3205R\231\355\003%\364\360Wr\012"
  63      AD732C96 
  63      D0355299 
  63      ED0325F4 
  63      F057720A 
  64 0169 F206FC22 		.ascii	"\362\006\374\"5m\3167g\260\347\273\323\327\035O\014"
  64      356DCE37 
  64      67B0E7BB 
  64      D3D71D4F 
  64      0C
  65 017a 0DF63A5D 		.ascii	"\015\366:]\355\361DkKWg\317Wgh\240;\336\331\330KV\177"
  65      EDF1446B 
  65      4B5767CF 
  65      576768A0 
  65      3BDED9D8 
  66 0191 A2CFF900 		.ascii	"\242\317\371\000!j\240\216"
  66      216AA08E 
  67              		.text
  68              		.section	.gnu.lto_Wakeup_SW_Write.92359512,"",%progbits
  69 0000 789C5551 		.ascii	"x\234UQMk\023Q\024\275\347\275\231\314\224Pp\343\312"
  69      4D6B1351 
  69      14BDE7BD 
  69      99CC9450 
  69      70E3CA
  70 0013 2C0A524B 		.ascii	",\012RKA\244\242\377\300E\267b\300\272\010\226\320\316"
  70      41A4A2FF 
  70      C045B762 
  70      C0BA0896 
  70      D0CE
  71 0025 420C5682 		.ascii	"B\014V\202\351\322\276|C\335T\304\352BSD$\3653\211\202"
  71      E9D2BE7C 
  71      43DD54C4 
  71      EA425344 
  71      24F53389 
  72 003a 20BA1867 		.ascii	" \272\030g\323\205R)\212T,\"\005#\2721~\024\253\264"
  72      D3855229 
  72      8A542C22 
  72      0523BA31 
  72      7E14ABB4 
  73 004e C67B6736 		.ascii	"\306{g6\315c\336\307\2349\347\274s\357X\004\222qJ\021"
  73      CD63DEC7 
  73      9C39E7BC 
  73      73EF5804 
  73      92714A11 
  74 0062 1DE47D0F 		.ascii	"\035\344}\017Oh\202\232[&\312\273\012\220\203qA3\012"
  74      4F68829A 
  74      5B26CABB 
ARM GAS  C:\Users\unyacat\AppData\Local\Temp\ccVvs7Ic.s 			page 5


  74      0A908371 
  74      41330A
  75 0075 33D850DB 		.ascii	"3\330P\333\012A\265\375D\015\327\015\217\217\237~\217"
  75      0A41B5FD 
  75      440DD70D 
  75      8F8F9F7E 
  75      8F
  76 0086 98451F65 		.ascii	"\230E\037eM\324U\241\023\241\216af}~V}\003\275\017\304"
  76      4DD455A1 
  76      13A18E61 
  76      667D7E56 
  76      7D03BD0F 
  77 009b E74AB0D1 		.ascii	"\347J\260\321\211\017\3352\246`\314\237\224\321e\015"
  77      890FDD32 
  77      A660CC9F 
  77      94D1650D 
  78 00ab 2C42B302 		.ascii	",B\263\002\207\022\030I\020\003\204\333\030\022\362"
  78      87121849 
  78      100384DB 
  78      1812F2
  79 00ba 97E04246 		.ascii	"\227\340BF\357\017uK\217/v1xSt\376\353\245\376+\306"
  79      EF0F754B 
  79      8F2F7631 
  79      785374FE 
  79      EBA5FE2B 
  80 00cf CF0F88F6 		.ascii	"\317\017\210\366\316N\255\014\346\256\267\376]\356\217"
  80      CE4EAD0C 
  80      E6AEB7FE 
  80      5DEE8F
  81 00de 9524D500 		.ascii	"\225$\325\000\356b0\312\203{\210q\205\020\244q\3147"
  81      EE6230CA 
  81      837B8871 
  81      8510A471 
  81      CC37
  82 00f0 DD6ED1F8 		.ascii	"\335n\321\370+\316\363U'\256\370V\245y\321\026\311g"
  82      2BCEF355 
  82      27AEF856 
  82      A579D116 
  82      C967
  83 0102 1B922026 		.ascii	"\033\222 &\200#\213\033\242}\302\"\352\360\224N|WJv"
  83      80238B1B 
  83      A27DC222 
  83      EAF0944E 
  83      7C574A76 
  84 0116 DD46F077 		.ascii	"\335F\360wv\2716-\376E-]\231/\007\257\234_\252\254\255"
  84      76B9362D 
  84      FE452D5D 
  84      992F07AF 
  84      9C5FAAAC 
  85 012b 30FAFBCD 		.ascii	"0\372\373\315\306v<z5f\316X\014\325\257\276<\277\200"
  85      C6763C7A 
  85      3566CE58 
  85      0CD5AFBE 
  85      3CBF80
  86 013e EBF912B7 		.ascii	"\353\371\022\267\313\306\003$p\037\034\037\015,\200"
  86      CBC60324 
  86      701F1C1F 
ARM GAS  C:\Users\unyacat\AppData\Local\Temp\ccVvs7Ic.s 			page 6


  86      0D2C80
  87 014d DA28FCA8 		.ascii	"\332(\374\250\256\251\310O\263%#\305\255\312\032\"\304"
  87      AEA9C84F 
  87      B32523C5 
  87      ADCA1A22 
  87      C4
  88 015e 62902D56 		.ascii	"b\220-V[\227\232\266\270j|\003\232,_G\250\221\250\314"
  88      5B979AB6 
  88      B86A7C03 
  88      9A2C5F47 
  88      A891A8CC 
  89 0172 1251A7F2 		.ascii	"\022Q\247\362\266v2R\361c\263j\245\324\274\246E\025"
  89      B6763252 
  89      F163B36A 
  89      A5D4BCA6 
  89      4515
  90 0184 8385168B 		.ascii	"\203\205\026\213z\254\035\3461\351\351\317\255\027J"
  90      7AAC1DE6 
  90      31E9E9CF 
  90      AD174A
  91 0193 48C02E3C 		.ascii	"H\300.<\214H\233\261\210\342\206\001\234\336\313\334"
  91      8C489BB1 
  91      88E28601 
  91      9CDECBDC 
  92 01a3 28F387DA 		.ascii	"(\363\207\332\211\210\324\027A\301\374\215\335\002\354"
  92      8988D417 
  92      41C1FC8D 
  92      DD02EC
  93 01b2 2C386F4C 		.ascii	",8oL\274\267\346G\\3K\350+\012\376\273Q\341\207\377"
  93      BCB7E647 
  93      5C334BE8 
  93      2B0AFEBB 
  93      51E187FF 
  94 01c6 B1A320ED 		.ascii	"\261\243 \355\345f\357\035\365\316x\331\3649or<9\225"
  94      E566EF1D 
  94      F5CE78D9 
  94      F4396F72 
  94      3C3995
  95 01d9 CB4E78A9 		.ascii	"\313Nx\251\243\311\251#\207Sc\351\323^\356\354xr\354"
  95      A3C9A923 
  95      875363E9 
  95      D35EEEEC 
  95      7872EC
  96 01ec C004D9D3 		.ascii	"\300\004\331\323\351L\316\263'\263\307\323\231\377\376"
  96      E94CCEB3 
  96      27B3C7D3 
  96      99FFFE
  97 01fb 93D4B4   		.ascii	"\223\324\264"
  98              		.text
  99              		.section	.gnu.lto_Wakeup_SW_Read.92359512,"",%progbits
 100 0000 789C2D8F 		.ascii	"x\234-\217\277KBQ\024\307\317\367\336\247\211\320_\220"
 100      BF4B4251 
 100      14C7CFF7 
 100      DEA789D0 
 100      5F90
 101 0012 43100D2E 		.ascii	"C\020\015.\021\324\322\324\020\324\0329\010!\210\330"
 101      11D4D2D4 
ARM GAS  C:\Users\unyacat\AppData\Local\Temp\ccVvs7Ic.s 			page 7


 101      10D41A39 
 101      082188D8 
 102 0022 9B820CC9 		.ascii	"\233\202\014\311\331\253\357=\203hp\251\226Bh\360G?"
 102      D9ABEF3D 
 102      836870A9 
 102      964268F0 
 102      473F
 103 0034 A8285A5A 		.ascii	"\250(ZZ^\022\024DYK\320T\20484\225\024ATv\256z\340\236"
 103      5E121444 
 103      594BD054 
 103      84383495 
 103      14415476 
 104 004c 73EFB99F 		.ascii	"s\357\271\237\373\375\236k\020H\3078\227A\256}\274 "
 104      FBFD9E6B 
 104      1048C738 
 104      9741AE7D 
 104      BC20
 105 005e 09227F4B 		.ascii	"\011\"\177K\224\361\011@o\224\017\224\026H\343S\374"
 105      94F10940 
 105      6F940F94 
 105      1648E353 
 105      FC
 106 006f 0A5C7F5D 		.ascii	"\012\\\177]\255\372\203%\245\262\352\331)\216m\224]"
 106      ADFA8325 
 106      A5B2EAD9 
 106      298E6D94 
 106      5D
 107 0080 3892A825 		.ascii	"8\222\250%\010#\001\014\007\264D\011Ab\364\345\350o"
 107      0823010C 
 107      07B44409 
 107      4162F4E5 
 107      E86F
 108 0092 ADD76B2B 		.ascii	"\255\327k+\216~\015\360M\031^my0\343\252V\313R\356\261"
 108      8E7E0DF0 
 108      4D195E6D 
 108      7930E3AA 
 108      56CB52EE 
 109 00a7 FFFCD4CF 		.ascii	"\377\374\324\317-G\262/'C'\017iEz\343\027\332\377]\010"
 109      2D47B22F 
 109      2743270F 
 109      69457AE3 
 109      17DAFF5D 
 110 00bc 5D6503D5 		.ascii	"]e\003\325\357\225\207\312\254\026\261\244d\203u\247"
 110      EF9587CA 
 110      AC16B1A4 
 110      648375A7 
 111 00cc 5AEBF910 		.ascii	"Z\353\371\020\216\024\320~O\265\263|\367h\253\2742\270"
 111      8E14D07E 
 111      4FB5B37C 
 111      F768ABBC 
 111      32B8
 112 00de B5FD7877 		.ascii	"\265\375xw#\013\330\312\330<\245\304\016\002\250\200"
 112      230BD8CA 
 112      D83CA5C4 
 112      0E02A880 
 113 00ee 67C42E0A 		.ascii	"g\304.\012\240\006\254\346$Y\022\035\271{\373pS\352"
 113      A006ACE6 
ARM GAS  C:\Users\unyacat\AppData\Local\Temp\ccVvs7Ic.s 			page 8


 113      2459121D 
 113      B97BFB70 
 113      53EA
 114 0100 F7060CEC 		.ascii	"\367\006\014\3541\306\367?\271\272\267ch0\307\320\311"
 114      31C6F73F 
 114      B9BAB763 
 114      6830C7D0 
 114      C9
 115 0111 C565CEA7 		.ascii	"\305e\316\247!p\354\267\241ls\271\216\016\344a\216^"
 115      2170ECB7 
 115      A16C73B9 
 115      8E0EE461 
 115      8E5E
 116 0123 21BA276A 		.ascii	"!\272'j\177\003z|\376\314\300\224\271`&cK\346\\4\224"
 116      7F037A7C 
 116      FECCC094 
 116      B9602663 
 116      4BE65C34 
 117 0138 4825E366 		.ascii	"H%\343fd:\224\230\030\215\204c\363fj1\032\012\017\305"
 117      643A9498 
 117      188D8463 
 117      F3666A31 
 117      1A0A0FC5 
 118 014c E91F6420 		.ascii	"\351\037d u*"
 118      752A
 119              		.text
 120              		.section	.gnu.lto_Wakeup_SW_ReadDataReg.92359512,"",%progbits
 121 0000 789C2D8F 		.ascii	"x\234-\217MKBA\024\206\317;s5\351\322/\310E\020-\334"
 121      4D4B4241 
 121      1486CF3B 
 121      7335E9D2 
 121      2FC84510 
 122 0016 44509B36 		.ascii	"DP\2336m\202\332F.\204\020D\354\256\202\014\311m\216"
 122      6D82DA46 
 122      2E841044 
 122      ECAE820C 
 122      C96D8E
 123 0029 5EAF41B4 		.ascii	"^\257A\264p\323\007d\271\324\312\260\250\037`\022\024"
 123      70D30764 
 123      B9D4CAB0 
 123      A81F6012 
 123      14
 124 003a 1445EB36 		.ascii	"\024E\3536\021\342\242UI_Dfg\274\035\230sf\316<\363"
 124      11E2A255 
 124      495F4466 
 124      67BC1D98 
 124      7366CE3C 
 125 004f BE670C02 		.ascii	"\276g\014\002\351\230\3402\304\265\237\027$A\344o\211"
 125      E998E032 
 125      C4B59F17 
 125      2441E46F 
 125      89
 126 0060 D23E01E8 		.ascii	"\322>\001\350\215\362\201R\002)\274\213\266\300\365"
 126      8DF28152 
 126      0229BC8B 
 126      B6C0F5
 127 006f E7D57A6F 		.ascii	"\347\325zo\240\244TF=:\247\343[\345\032\034I\324\021"
ARM GAS  C:\Users\unyacat\AppData\Local\Temp\ccVvs7Ic.s 			page 9


 127      A0A45446 
 127      3D3AA7E3 
 127      5BE51A1C 
 127      49D411
 128 0082 84513F46 		.ascii	"\204Q?F\374Z\242\204\0001\372t\362\273\321\347\315*"
 128      FC5AA284 
 128      0031FA74 
 128      F2BBD1E7 
 128      CD2A
 129 0094 8E010DF0 		.ascii	"\216\001\015\360M\031^mY\235\255\251N\307V\265\035\363"
 129      4D195E6D 
 129      599DADA9 
 129      4EC756B5 
 129      1DF3
 130 00a6 7CCFE496 		.ascii	"|\317\344\226#\331\227\223\241\223\207\264\"\275\360"
 130      23D99793 
 130      A19387B4 
 130      22BDF0
 131 00b5 0BEDFF2A 		.ascii	"\013\355\377*\204\256\262\211\372\367\332GeN\213\330"
 131      84AEB289 
 131      FAF7DA47 
 131      654E8BD8 
 132 00c5 52B2C1A6 		.ascii	"R\262\301\246S\277\353y\023\216\024\320~\017_\325\266"
 132      53BFEB79 
 132      138E14D0 
 132      7E0F5FD5 
 132      B6
 133 00d6 E91E95CA 		.ascii	"\351\036\225\312+\203[\245\355\233\225\"v\323Y\036R"
 133      2B835BA5 
 133      ED9B9522 
 133      76D3591E 
 133      52
 134 00e7 E2007EEC 		.ascii	"\342\000~\354\203G\304!\212\240&\354\326\024\331\022"
 134      8347C421 
 134      8AA026EC 
 134      D614D912 
 135 00f7 AEDA7DF6 		.ascii	"\256\332}\366\270 \365s\003\006*\214\361\375O\256\341"
 135      B820F573 
 135      03062A8C 
 135      F1FD4FAE 
 135      E1
 136 0108 75FD0CE6 		.ascii	"u\375\014\346\030:\273\270\314\3714\004\216\243.\224"
 136      183ABBB8 
 136      CCF93404 
 136      8EA32E94 
 137 0118 69AD36E0 		.ascii	"i\2556\340B\036\346\350\031\342\377D\335_@O\317\177"
 137      421EE6E8 
 137      19E2FF44 
 137      DD5F404F 
 137      CF7F
 138 012a 199CB616 		.ascii	"\031\234\266\026\255Dt\331\232\217\004\343\311D\314"
 138      AD4474D9 
 138      9A8F04E3 
 138      C944CC
 139 0139 0ACF04E3 		.ascii	"\012\317\004\343\223c\341Pt\301J.E\202\241\341\030\375"
 139      9363E150 
 139      74C14A2E 
ARM GAS  C:\Users\unyacat\AppData\Local\Temp\ccVvs7Ic.s 			page 10


 139      4582A1E1 
 139      18FD
 140 014b 011FF075 		.ascii	"\001\037\360u\037"
 140      1F
 141              		.text
 142              		.section	.gnu.lto_Wakeup_SW_SetInterruptMode.92359512,"",%progbits
 143 0000 789C6D51 		.ascii	"x\234mQKh\023Q\024\275\367\275If\222\264\251;\027v\021"
 143      4B681351 
 143      14BDF7BD 
 143      496692B4 
 143      A93B1776 
 144 0015 901ABA51 		.ascii	"\220\032\272Q\204\356\\v\341N\212YtS(\241\035%\212I"
 144      84EE5C76 
 144      E14E8A59 
 144      745328A1 
 144      1D258A49 
 145 0029 89EDBA2F 		.ascii	"\211\355\272/\231|\240\210\024?\001\213\245X\031R\255"
 145      997CA088 
 145      143F018B 
 145      A5581952 
 145      AD
 146 003a DAA6AD82 		.ascii	"\332\246\255\202]\215Aw\376j\021\255\212H\305\024J\027"
 146      5D8D4177 
 146      FE6A11AD 
 146      8A48C514 
 146      4A17
 147 004c 69AB28A2 		.ascii	"i\253(\242\215\367\316dS\360\301\314{\367p\316y\347"
 147      8DF7CE64 
 147      53F0C1CC 
 147      7BF770CE 
 147      79E7
 148 005e DEA70102 		.ascii	"\336\247\001\002\257\262\0008A\373!\372P\002\212\361"
 148      AFB20038 
 148      41FB21FA 
 148      50028AF1 
 149 006e 97001943 		.ascii	"\227\000\031C \362A\031\010\243\002G\361\207\370+\260"
 149      20F24119 
 149      08A30247 
 149      F187F82B 
 149      B0
 150 007f 5AAC3D16 		.ascii	"Z\254=\026\235eE\353\313\267\215\343j\306\301\274\004"
 150      9D6545EB 
 150      CBB78DE3 
 150      6AC6C1BC 
 150      04
 151 0090 6808D709 		.ascii	"h\010\327\011\260\214\235\304z\326\370\351\264}\027"
 151      B08C9DC4 
 151      7AD6F8E9 
 151      B47D17
 152 009f 7989C8A2 		.ascii	"y\211\310\2427\365\347\223!.\005\036\240rb\323.\205"
 152      37F5E793 
 152      212E051E 
 152      A07262D3 
 152      2E85
 153 00b1 E511043A 		.ascii	"\345\021\004:o,M\277\013Fm\245\262JU\342\312\227\227"
 153      6F2C4DBF 
 153      0B466DA5 
ARM GAS  C:\Users\unyacat\AppData\Local\Temp\ccVvs7Ic.s 			page 11


 153      B24A55E2 
 153      CA9797
 154 00c4 12EFA224 		.ascii	"\022\357\242$?\274\203\3558\203\355@\020\340,F\211\275"
 154      3FBC83ED 
 154      3883ED40 
 154      10E02C46 
 154      89BD
 155 00d6 BB685F0D 		.ascii	"\273h_\015\311c\256r\307\262\255\226\246r\267\251\274"
 155      C963AE72 
 155      C7B2AD96 
 155      A672B7A9 
 155      BC
 156 00e7 F71FE57D 		.ascii	"\367\037\345}\2142}%7\177Sz\2214*\267_L|\015{\221\""
 156      8C327D25 
 156      377F537A 
 156      91342AB7 
 156      5F4C7C0D 
 157 00fe 54CEDA6F 		.ascii	"T\316\332om!\273\\\343\261\265+\013\255\035\267\331"
 157      6D21BB5C 
 157      E3B1B52B 
 157      0BAD1DB7 
 157      D9
 158 010f D859BD1C 		.ascii	"\330Y\275\034\276\241\234\\$/5\234\367\314\347\310\374"
 158      BEA19C5C 
 158      242F359C 
 158      F7CCE7C8 
 158      FC
 159 0120 0199F322 		.ascii	"\001\231\363\"\366ze\357z\253?\307\003\211`\005;\274"
 159      F67A65EF 
 159      7AAB3FC7 
 159      03896005 
 159      3BBC
 160 0132 51E002FA 		.ascii	"Q\340\002\372i\270\310\310\334iG5\032\226rV\302O>\204"
 160      69B8C8C8 
 160      DC694735 
 160      1A967256 
 160      C24F3E84 
 161 0146 5B04C5F2 		.ascii	"[\004\305\362Q\012\352H\343\243\217\177~`\246\216\234"
 161      510AEA48 
 161      E3A38F7F 
 161      7E60A68E 
 161      9C
 162 0157 D620C01F 		.ascii	"\326 \300\037`4\310?\200:9\362Kl\013\301\273\254a\365"
 162      6034C83F 
 162      803A39F2 
 162      4B6C0BC1 
 162      BBAC61F5 
 163 016b F7D8E7E5 		.ascii	"\367\330\347\345\036\276\304\222<\340R\276\372J\347"
 163      1EBEC492 
 163      3CE052BE 
 163      FA4AE7
 164 017a 6E74B783 		.ascii	"nt\267\203\342\364\3529\257\272\244\306\025\267\253"
 164      E2F4EA39 
 164      AFBAA4C6 
 164      15B7AB
 165 0189 AEADBD6E 		.ascii	"\256\255\275n\233\302\311L\216\236\313\300%\352a\221"
 165      9BC2C94C 
ARM GAS  C:\Users\unyacat\AppData\Local\Temp\ccVvs7Ic.s 			page 12


 165      8E9ECBC0 
 165      25EA6191 
 166 0199 7BC08738 		.ascii	"{\300\2078\205P\303\354Nq\313\347\371i\026M\215\220"
 166      8550C3EC 
 166      4E71CBE7 
 166      F969164D 
 166      8D90
 167 01ab BDC227CD 		.ascii	"\275\302'\315C|\004\022b\375)l\241\207\360\265\204\303"
 167      437C0412 
 167      62FD296C 
 167      A187F0B5 
 167      84C3
 168 01bd 3A0AB753 		.ascii	":\012\267S\312N\240\307\251-\277o\262\014r\262\244\356"
 168      CA4EA0C7 
 168      A92DBF6F 
 168      B20C72B2 
 168      A4EE
 169 01cf DAEB1E14 		.ascii	"\332\353\036\024 \224i\277\012O\233\346A\327-@`\265"
 169      209469BF 
 169      0A4F9BE6 
 169      41D72D40 
 169      60B5
 170 01e1 74EB2063 		.ascii	"t\353 c\373\342f\224\012\355O\374\210\022\223\01461"
 170      FBE26694 
 170      0AED4FFC 
 170      8812930C 
 170      3631
 171 01f3 EB7C3CC5 		.ascii	"\353|<\305\002\367)\352\002y84\252\303'\315\244\231"
 171      02F729EA 
 171      02793834 
 171      AAC327CD 
 171      A499
 172 0205 8E0F9B83 		.ascii	"\216\017\233\203\375\261\324Hz\300\354\353\211\245\272"
 172      FDB1D448 
 172      7AC0ECEB 
 172      89A5BA
 173 0214 BBFA7AE3 		.ascii	"\273\372z\343\347\315\221\241\376X\357\321\0010\206"
 173      E7CD91A1 
 173      FE58EFD1 
 173      013086
 174 0223 521713C3 		.ascii	"R\027\023\303\211TR\273\220\0324\365Dr8\335}\346\354"
 174      895452BB 
 174      901A34F5 
 174      447238DD 
 174      7DE6EC
 175 0236 3FE540ED 		.ascii	"?\345@\355\253"
 175      AB
 176              		.text
 177              		.section	.gnu.lto_Wakeup_SW_ClearInterrupt.92359512,"",%progbits
 178 0000 789C5590 		.ascii	"x\234U\220?H[Q\024\306\317w\357\313\037\252\242\273"
 178      3F485B51 
 178      14C6CF77 
 178      EFCB1FAA 
 178      A2BB
 179 0012 190449C1 		.ascii	"\031\004I\301E\212v\320\331\301\2654\203\035\204\020"
 179      458A76D0 
 179      D9C1B534 
ARM GAS  C:\Users\unyacat\AppData\Local\Temp\ccVvs7Ic.s 			page 13


 179      831D8410 
 180 0022 CC9BC42A 		.ascii	"\314\233\304*\232\254z\237\311\323\"\202Y\252\213\342"
 180      9AAC7A9F 
 180      C9D32282 
 180      59AA8BE2 
 181 0032 5068AC5A 		.ascii	"Ph\254Z\223\026\272\264D^\203\224\242mEwA\024\244\024"
 181      9316BAB4 
 181      445E8394 
 181      A26D4577 
 181      4114A414 
 182 0046 0AFE6915 		.ascii	"\012\376i\025\324\032\317\311\353\240\027\036\367\336"
 182      D41ACFC9 
 182      EBA0171E 
 182      F7DE
 183 0054 EF9DEF77 		.ascii	"\357\235\357w\277s,\002\311\332\343\255\215\367F\376"
 183      BF732C02 
 183      C9DAE3AD 
 183      8DF746FE 
 184 0064 A0092AF7 		.ascii	"\240\011*\367\203\310\011+@\016&\014\032S\030\303_\365"
 184      83C8092B 
 184      400E260C 
 184      1A5318C3 
 184      5FF5
 185 0076 4F61EBE2 		.ascii	"Oa\353\342\353\364\203\226\2741\343f\337\275\350\234"
 185      EBF48396 
 185      BC31E366 
 185      DFBDE89C 
 186 0086 5BF2E06A 		.ascii	"[\362\340j\242\212\"\264G\360(\"\210<Z\210K\017\327"
 186      A28A22B4 
 186      47F02822 
 186      883C5A88 
 186      4B0FD7
 187 0099 AEF275FA 		.ascii	"\256\362u\372!\344\374\375\365\357\017\210\276\022\233"
 187      21E4FCFD 
 187      F5EF0F88 
 187      BE129B
 188 00a8 579AA99D 		.ascii	"W\232\251\2353\236\323\304>,A\337\265\222\324\036\274"
 188      339ED3C4 
 188      3E2C41DF 
 188      B592D41E 
 188      BC
 189 00b9 BB795917 		.ascii	"\273yY\027\314\032^Mx\203\250\300\231\272\214 \347\204"
 189      CC1A5E4D 
 189      7883A8C0 
 189      99BA8C20 
 189      E784
 190 00cb 2885A79E 		.ascii	"(\205\247\236\251T2\306\373T\377y\267>\254\310\325\234"
 190      A95432C6 
 190      FB54FF79 
 190      B73EACC8 
 190      D59C
 191 00dd DBD5CA22 		.ascii	"\333\325\312\"\371\035\220{\210$\027\035\263W\2728Q"
 191      F91D907B 
 191      8824171D 
 191      B357BA38 
 191      51
 192 00ee 4A767D84 		.ascii	"Jv}\204\362\345\324yiTp\031-\035\315\272\345\355\320"
ARM GAS  C:\Users\unyacat\AppData\Local\Temp\ccVvs7Ic.s 			page 14


 192      F2E5D479 
 192      69547019 
 192      2D1DCDBA 
 192      E5EDD0
 193 0101 1FE56A5D 		.ascii	"\037\345j]M\372\361E\341}\330\277\346L\316X,\375<s6"
 193      4DFAF145 
 193      E17DD8BF 
 193      E64CCE58 
 193      2CFD3C73 
 194 0116 838B5870 		.ascii	"\203\213Xp\262\334\253\205UD\260\002\216\213\267X\004"
 194      B2DCAB85 
 194      5544B002 
 194      8E8BB758 
 194      04
 195 0127 1D61FC74 		.ascii	"\035a\374t\362Z\371@\315LV2\327\023\033\360\025\213"
 195      F25AF940 
 195      CD4C5632 
 195      D7131BF0 
 195      158B
 196 0139 4566EC1E 		.ascii	"Ef\354\036\177[\250\021\254B\003\326\330}\200\252E\362"
 196      7F5BA811 
 196      AC4203D6 
 196      D87D80AA 
 196      45F2
 197 014b 72914FB9 		.ascii	"r\221O\271)=\363M\001_*\317V!\367\"8\306\004\356\247"
 197      293DF34D 
 197      015F2ACF 
 197      5621F722 
 197      38C604EE 
 198 0160 28700AB6 		.ascii	"(p\012\266\310\263\247\023_\326;|D\210\021l\334\311"
 198      C8B3A713 
 198      5FD63B7C 
 198      4488116C 
 198      DCC9
 199 0172 16E7B5BC 		.ascii	"\026\347\265\274\033\200\205\"\327\377\302\377\250!"
 199      1B808522 
 199      D7FFC2FF 
 199      A821
 200 0180 AA8E0732 		.ascii	"\252\216\0072\026\036Rs\267\375\334\036N\244\354d<6"
 200      161E5273 
 200      B7FDDC1E 
 200      4EA4EC64 
 200      3C36
 201 0192 981EEEB3 		.ascii	"\230\036\356\263{\237\304\006\273\036\367\366$\372\355"
 201      7B9FC406 
 201      BB1EF7F6 
 201      24FAED
 202 01a1 F4503CD6 		.ascii	"\364P<\326\323\332G\265\003\211\221~;\031K%R\351\221"
 202      D3DA47B5 
 202      0389917E 
 202      3B194B25 
 202      52E991
 203 01b4 5B3204AC 		.ascii	"[2\004\254j"
 203      6A
 204              		.text
 205              		.section	.gnu.lto_.symbol_nodes.92359512,"",%progbits
 206 0000 789C6361 		.ascii	"x\234ca`d\310`\000\002&\206z\006\206\011\347\030@\324"
ARM GAS  C:\Users\unyacat\AppData\Local\Temp\ccVvs7Ic.s 			page 15


 206      6064C860 
 206      00022686 
 206      7A068609 
 206      E71840D4 
 207 0014 AE0645A0 		.ascii	"\256\006E\240\000c=#\252\000S=\023\252\000s=3\252\000"
 207      00633D23 
 207      AA00533D 
 207      13AA0073 
 207      3D33AA00 
 208 0028 4B3D0BAA 		.ascii	"K=\013\252\000k=+\212\000\003\000\305\333\026\342"
 208      006B3D2B 
 208      8A000300 
 208      C5DB16E2 
 209              		.text
 210              		.section	.gnu.lto_.refs.92359512,"",%progbits
 211 0000 789C6361 		.ascii	"x\234ca`\004B \000\000\0009\000\007"
 211      60044220 
 211      00000039 
 211      0007
 212              		.text
 213              		.section	.gnu.lto_.decls.92359512,"",%progbits
 214 0000 789C8D54 		.ascii	"x\234\215ToL[U\024\277\347\275\376\201\007\302B\346"
 214      6F4C5B55 
 214      14BFE7BD 
 214      FE8107C2 
 214      42E6
 215 0012 424C3F20 		.ascii	"BL? KZ>\021\031\306\350'MX\234&\352\314\210\343\313"
 215      4B5A3E11 
 215      19C6E827 
 215      4D589C26 
 215      EACC88E3 
 216 0027 12D2C1CB 		.ascii	"\022\322\301\313F4@j\321\354\213\271\016\234\233\306"
 216      4634406A 
 216      D1EC8BB9 
 216      0E9C9BC6 
 217 0037 643366B2 		.ascii	"d3f\262\211\302\206nE\272\001\2032\332\215\255uk\327"
 217      89C2866E 
 217      45BA0183 
 217      32DA8DAD 
 217      756BD7
 218 004a 1526FF3E 		.ascii	"\025&\377>\030\303d$H\342dD&\030E\243\365\334{_{\037"
 218      18C36424 
 218      48E26444 
 218      261845A3 
 218      F5DC7B5F 
 219 0060 5822373D 		.ascii	"X\"7=\357\275s\3579\277\363;\277{R\013\001\302\226j"
 219      EFBD73EF 
 219      39BFF33B 
 219      BF7B520B 
 219      01C2966A 
 220 0074 23E4677C 		.ascii	"#\344g|\373\321M\342\262\343\367^\"\027\036\223~\264"
 220      FBD14DE2 
 220      B2E3F75E 
 220      22171E93 
 220      7EB4
 221 0086 00DA105A 		.ascii	"\000\332\020Z\010-\206\026'\377]\375F<\313\277\210\346"
 221      082D8616 
ARM GAS  C:\Users\unyacat\AppData\Local\Temp\ccVvs7Ic.s 			page 16


 221      27FF5DFD 
 221      463CCBBF 
 221      88E6
 222 0098 429B441B 		.ascii	"B\233D\033G\333m\304\200\021\267~1|\373\272\\\307\006"
 222      47DB6DC4 
 222      8011B77E 
 222      317CFBBA 
 222      5CC706
 223 00ab F9810CF9 		.ascii	"\371\201\014\371\214\233\365\177\352\016e\310\013m\""
 223      8C9BF57F 
 223      EA0E65C8 
 223      0B6D22
 224 00ba 2F94218F 		.ascii	"/\224!\217i\220m\360-@\333\212\026A\0335p\234&\254\024"
 224      69906DF0 
 224      2D40DB8A 
 224      16411B35 
 224      709C26AC 
 225 00cf 4E2C030E 		.ascii	"N,\003\016\323\321\266\211\2363\351\375\267\002\276"
 225      D3D1B689 
 225      9E33E9FD 
 225      B702BE
 226 00de A965AA4D 		.ascii	"\251e\252M\303\367\240\022\343B\011\200x\0027\"\214"
 226      C3F7A012 
 226      E3420980 
 226      78023722 
 226      8C
 227 00ef BBF8A110 		.ascii	"\273\370\241\020\361\221\332J/\002\342D1v\211\004\343"
 227      F191DA4A 
 227      2F02E244 
 227      31768904 
 227      E3
 228 0100 3F231F92 		.ascii	"?#\037\222\251\305A$:\030I\220f\300\217E\022\244Q\305"
 228      A9C54124 
 228      3A184990 
 228      66C08F45 
 228      12A451C5 
 229 0114 4B911926 		.ascii	"K\221\031&\274u\214R\234Se\210\222jz\244\363\273/\355"
 229      BC758C52 
 229      9C536588 
 229      926A7AA4 
 229      F3BB2FED 
 230 0128 AA02ECFB 		.ascii	"\252\002\354\373\336\252\357\371R?\305u\234R\345\031"
 230      DEAAEFF9 
 230      523FC575 
 230      9C52E519 
 231 0138 A94CCF7B 		.ascii	"\251L\317{?ve\255(\340\320 \011\314\177\020\\}D\370"
 231      3F7665AD 
 231      28E0D020 
 231      09CC7F10 
 231      5C7D44F8 
 232 014c ECF8D489 		.ascii	"\354\370\324\211\271\177r\324b\366\255L\315u\337\267"
 232      B97F72D4 
 232      62F6AD4C 
 232      CD75DFB7 
 233 015c 4089768E 		.ascii	"@\211v\216\301\314\366->\033\244t\013\\\004\015\374"
 233      C1CCF62D 
 233      3E1BA474 
ARM GAS  C:\Users\unyacat\AppData\Local\Temp\ccVvs7Ic.s 			page 17


 233      0B5C040D 
 233      FC
 234 016d A0421794 		.ascii	"\240B\027\2242\016\016\015\237G)=L\227\316R[!\201r\007"
 234      320E0E0D 
 234      9F47293D 
 234      4C97CE52 
 234      5B218172 
 235 0182 3CE12070 		.ascii	"<\341 p\001J\030&\213\202np\300\327\340`\370\363\237"
 235      014A1826 
 235      8B826E70 
 235      C0D7E060 
 235      F8F39F
 236 0195 B62FD82C 		.ascii	"\266/\330,H\231\343\354\267\260\275\211\226\3366\025"
 236      4899E3EC 
 236      B7B0BD89 
 236      96DE3615 
 237 01a5 29146860 		.ascii	")\024h`A\367\341\235\323sy\350n\325\240\010]\177\350"
 237      41F7E19D 
 237      D37379E8 
 237      6ED5A008 
 237      5D7FE8
 238 01b8 EE035BE1 		.ascii	"\356\003[\341I\336J3-\262\300\336m\320\207\200\275\010"
 238      49DE4A33 
 238      2DB2C0DE 
 238      6DD08780 
 238      BD08
 239 01ca 48E01214 		.ascii	"H\340\022\024\342\263\007,\242\273\363\361\351\355\305"
 239      E2B3072C 
 239      A2BBF3F1 
 239      E9EDC5
 240 01d9 1DB4A397 		.ascii	"\035\264\243\227\316\006\216\274t\246\363\010=\376."
 240      CE068EBC 
 240      74A6F308 
 240      3DFE2E
 241 01e8 A5CFF138 		.ascii	"\245\317\3618\360I\326>6\030\004\316\3034\212\330\017"
 241      F049D63E 
 241      361804CE 
 241      C3348AD8 
 241      0F
 242 01f9 C598DADB 		.ascii	"\305\230\332\3331\032\260\252\365\\\205?>\236]\264\013"
 242      311AB0AA 
 242      F55C853F 
 242      3E9E5DB4 
 242      0B
 243 020a 9CF0F5F7 		.ascii	"\234\360\365\367\325S4\334\202\345\025\2162 Q\006\314"
 243      D55334DC 
 243      82E5158E 
 243      32205106 
 243      CC
 244 021b 28018EE2 		.ascii	"(\001\216\342\033\030\236Q\325w8\312\370\207\321\346"
 244      1B189E51 
 244      D57738CA 
 244      F887D1E6 
 245 022b 7C3373D6 		.ascii	"|3s\326\262\244~\231S\337o0\217\034>\227\3105J\366%"
 245      B2A47E99 
 245      53DF6F30 
 245      8F1C3E97 
ARM GAS  C:\Users\unyacat\AppData\Local\Temp\ccVvs7Ic.s 			page 18


 245      C8354AF6 
 246 0240 64498C82 		.ascii	"dI\214\202AYr\320\\r\210\227\374i\346\352\264\246~\004"
 246      415972D0 
 246      5C728897 
 246      FC69E6EA 
 246      B4A67E04 
 247 0254 BCE6CAE5 		.ascii	"\274\346\312\345\305\323\026\003\246u$W\264\317A\202"
 247      C5D31603 
 247      A6752457 
 247      B4CF4182 
 248 0264 12246806 		.ascii	"\022$h\006\011q\220\226\304g4G\355\024 _\375\371\327"
 248      09719096 
 248      C4673447 
 248      ED14205F 
 248      FDF9D7
 249 0277 12BB1027 		.ascii	"\022\273\020'\316HR5\015\211S\014\211\357L\254_S\257"
 249      CE485235 
 249      0D89530C 
 249      89EF4CAC 
 249      5F53AF
 250 028a 89E068F2 		.ascii	"\211\340h\362\367p\276\270=\005\335\311\245\321\317"
 250      F770BEB8 
 250      3D05DDC9 
 250      A5D1CF
 251 0299 73C4ED6D 		.ascii	"s\304\355m\301\031j\373$r\301\006Z\011\237\020\332L"
 251      C1196AFB 
 251      2472C106 
 251      5A099F10 
 251      DA4C
 252 02ab 355F1E81 		.ascii	"5_\036\2010jp\0355\200opH\234\306\220\014\343\346U\334"
 252      306A701D 
 252      35806F70 
 252      489CC690 
 252      0CE3E655 
 253 02c0 34A6EDA1 		.ascii	"4\246\355\241\230\266\010JvM2wjB\255\223S+\253\300\307"
 253      98B6084A 
 253      764D3277 
 253      6A42AD93 
 253      532BABC0 
 254 02d5 28921EA3 		.ascii	"(\222\036\243\263\277,\237\310J\357\335\000\276\331"
 254      B3BF2C9F 
 254      C84AEFDD 
 254      00BED9
 255 02e4 BC343F61 		.ascii	"\2744?a\337pz\242\374\012n\246\246\247\347\213cc\331"
 255      DF707AA2 
 255      FC0A6EA6 
 255      A6A7E78B 
 255      6363D9
 256 02f7 A9F189ED 		.ascii	"\251\361\211\355\236\273D\3511L\264\2608\270\"Y\\1\353"
 256      9EBB44E9 
 256      314CB4B0 
 256      38B82259 
 256      5C31EB
 257 030a 17E3FA0D 		.ascii	"\027\343\372\015G\357\337\310R\243B\222\273]\255o\033"
 257      47EFDFC8 
 257      52A34292 
 257      BB5DAD6F 
ARM GAS  C:\Users\unyacat\AppData\Local\Temp\ccVvs7Ic.s 			page 19


 257      1B
 258 031b 77101C5B 		.ascii	"w\020\034[{\225\267$\312-3J\234\243\374\020\357\352"
 258      7B95B724 
 258      CA2D334A 
 258      9CA3FC10 
 258      EFEA
 259 032d 66C2BB34 		.ascii	"f\302\2734\376\207\222o\222\336%\244O\334\233\3775["
 259      FE87926F 
 259      92DE25A4 
 259      4FDC9BFF 
 259      355B
 260 033f 9DE17594 		.ascii	"\235\341u\224\301\316\366ekJ\\l\257 \216\342\246\272"
 260      C1CEF665 
 260      6B4A5C6C 
 260      AF208EE2 
 260      A6BA
 261 0351 833B28AE 		.ascii	"\203;(\256\313\0207\201\233\267\245\270\277\011qGQ\247"
 261      CB103781 
 261      9BB7A5B8 
 261      BF097147 
 261      51A7
 262 0363 1149C865 		.ascii	"\021I\310e\210\033\362\367\264\252\332Qv]\233\002e)"
 262      881BF2F7 
 262      B4AADA51 
 262      765D9B02 
 262      6529
 263 0375 33B4CDAA 		.ascii	"3\264\315\252\316\013Z\301\241\005\177\236\240\225\001"
 263      CE0B5AC1 
 263      A1057F9E 
 263      A09501
 264 0384 6162235A 		.ascii	"ab#Z\341\366\205\027P(\200q\2445&i}\013\006\257\301"
 264      E1F68517 
 264      50288071 
 264      A4352669 
 264      7D0B06AF 
 265 0399 F844C09E 		.ascii	"\370D\300\236\373\201l\226G\312\333\234\204\\\376\267"
 265      FB816C96 
 265      47CADB9C 
 265      845CFEB7 
 266 03a9 C8DEDBAA 		.ascii	"\310\336\333\252\334\257\353M\215\325\225U\325\225\272"
 266      DCAFEB4D 
 266      8DD59555 
 266      D595BA
 267 03b8 77A7A7EE 		.ascii	"w\247\247\356-\375\345\206Z=k\327+\257\025U\224\225"
 267      2DFDE586 
 267      5A3D6BD7 
 267      2BAF1555 
 267      9495
 268 03ca 116B535D 		.ascii	"\021kS]\275\367\351\307w\351\365\272\307\355\325k\253"
 268      BDF7E9C7 
 268      77E9F5BA 
 268      C7EDD56B 
 268      AB
 269 03db 2B1B9A3C 		.ascii	"+\033\232<5\372\276W+\033*\236\334Ws\310{\250Q\177\263"
 269      35FABE57 
 269      2B1B2A9E 
 269      DC5773C8 
ARM GAS  C:\Users\unyacat\AppData\Local\Temp\ccVvs7Ic.s 			page 20


 269      7BA8517F 
 270 03f0 F420D9BE 		.ascii	"\364 \331\276AD\032\276\264\206\344\313ZU\236:\257\236"
 270      41441ABE 
 270      B486E4CB 
 270      5A559E3A 
 270      AF9E
 271 0402 27FD3DBA 		.ascii	"'\375=\272\273\366\321\265\356N\267\327\275G?\360\330"
 271      BBF6D1B5 
 271      EE4EB7D7 
 271      BD473FF0 
 271      D8
 272 0413 1A822FD6 		.ascii	"\032\202/\326{u\217\247\251\321\313H\332\030\267\262"
 272      7B758FA7 
 272      A9D1CB48 
 272      DA18B7B2 
 273 0423 A70A6544 		.ascii	"\247\012eD\305\033\272\333\223\216\341\347\345;\254"
 273      C51BBADB 
 273      938EE1E7 
 273      E53BAC
 274 0432 1EFD40F9 		.ascii	"\036\375@\371\216\177\001Du$\016"
 274      8E7F0144 
 274      75240E
 275              		.text
 276              		.section	.gnu.lto_.symtab.92359512,"",%progbits
 277 0000 57616B65 		.ascii	"Wakeup_SW_SetDriveMode\000"
 277      75705F53 
 277      575F5365 
 277      74447269 
 277      76654D6F 
 278 0017 00       		.ascii	"\000"
 279 0018 00       		.ascii	"\000"
 280 0019 00       		.ascii	"\000"
 281 001a 00000000 		.ascii	"\000\000\000\000\000\000\000\000"
 281      00000000 
 282 0022 B3000000 		.ascii	"\263\000\000\000"
 283 0026 57616B65 		.ascii	"Wakeup_SW_Write\000"
 283      75705F53 
 283      575F5772 
 283      69746500 
 284 0036 00       		.ascii	"\000"
 285 0037 00       		.ascii	"\000"
 286 0038 00       		.ascii	"\000"
 287 0039 00000000 		.ascii	"\000\000\000\000\000\000\000\000"
 287      00000000 
 288 0041 B5000000 		.ascii	"\265\000\000\000"
 289 0045 57616B65 		.ascii	"Wakeup_SW_Read\000"
 289      75705F53 
 289      575F5265 
 289      616400
 290 0054 00       		.ascii	"\000"
 291 0055 00       		.ascii	"\000"
 292 0056 00       		.ascii	"\000"
 293 0057 00000000 		.ascii	"\000\000\000\000\000\000\000\000"
 293      00000000 
 294 005f B8000000 		.ascii	"\270\000\000\000"
 295 0063 57616B65 		.ascii	"Wakeup_SW_ReadDataReg\000"
 295      75705F53 
ARM GAS  C:\Users\unyacat\AppData\Local\Temp\ccVvs7Ic.s 			page 21


 295      575F5265 
 295      61644461 
 295      74615265 
 296 0079 00       		.ascii	"\000"
 297 007a 00       		.ascii	"\000"
 298 007b 00       		.ascii	"\000"
 299 007c 00000000 		.ascii	"\000\000\000\000\000\000\000\000"
 299      00000000 
 300 0084 BA000000 		.ascii	"\272\000\000\000"
 301 0088 57616B65 		.ascii	"Wakeup_SW_SetInterruptMode\000"
 301      75705F53 
 301      575F5365 
 301      74496E74 
 301      65727275 
 302 00a3 00       		.ascii	"\000"
 303 00a4 00       		.ascii	"\000"
 304 00a5 00       		.ascii	"\000"
 305 00a6 00000000 		.ascii	"\000\000\000\000\000\000\000\000"
 305      00000000 
 306 00ae C6000000 		.ascii	"\306\000\000\000"
 307 00b2 57616B65 		.ascii	"Wakeup_SW_ClearInterrupt\000"
 307      75705F53 
 307      575F436C 
 307      65617249 
 307      6E746572 
 308 00cb 00       		.ascii	"\000"
 309 00cc 00       		.ascii	"\000"
 310 00cd 00       		.ascii	"\000"
 311 00ce 00000000 		.ascii	"\000\000\000\000\000\000\000\000"
 311      00000000 
 312 00d6 C8000000 		.ascii	"\310\000\000\000"
 313              		.text
 314              		.section	.gnu.lto_.opts,"",%progbits
 315 0000 272D666D 		.ascii	"'-fmath-errno' '-fsigned-zeros' '-ftrapping-math' '"
 315      6174682D 
 315      6572726E 
 315      6F272027 
 315      2D667369 
 316 0033 2D666E6F 		.ascii	"-fno-trapv' '-fno-openmp' '-fno-openacc' '-mcpu=cor"
 316      2D747261 
 316      70762720 
 316      272D666E 
 316      6F2D6F70 
 317 0066 7465782D 		.ascii	"tex-m0' '-mthumb' '-g' '-O3' '-ffunction-sections' "
 317      6D302720 
 317      272D6D74 
 317      68756D62 
 317      2720272D 
 318 0099 272D6666 		.ascii	"'-ffat-lto-objects' '-finline-functions' '-flto'\000"
 318      61742D6C 
 318      746F2D6F 
 318      626A6563 
 318      74732720 
 319              		.text
 320              		.cfi_sections	.debug_frame
 321              		.section	.text.Wakeup_SW_SetDriveMode,"ax",%progbits
 322              		.align	2
ARM GAS  C:\Users\unyacat\AppData\Local\Temp\ccVvs7Ic.s 			page 22


 323              		.global	Wakeup_SW_SetDriveMode
 324              		.code	16
 325              		.thumb_func
 326              		.type	Wakeup_SW_SetDriveMode, %function
 327              	Wakeup_SW_SetDriveMode:
 328              	.LFB0:
 329              		.file 1 "Generated_Source\\PSoC4\\Wakeup_SW.c"
   1:Generated_Source\PSoC4/Wakeup_SW.c **** /*******************************************************************************
   2:Generated_Source\PSoC4/Wakeup_SW.c **** * File Name: Wakeup_SW.c  
   3:Generated_Source\PSoC4/Wakeup_SW.c **** * Version 2.20
   4:Generated_Source\PSoC4/Wakeup_SW.c **** *
   5:Generated_Source\PSoC4/Wakeup_SW.c **** * Description:
   6:Generated_Source\PSoC4/Wakeup_SW.c **** *  This file contains API to enable firmware control of a Pins component.
   7:Generated_Source\PSoC4/Wakeup_SW.c **** *
   8:Generated_Source\PSoC4/Wakeup_SW.c **** ********************************************************************************
   9:Generated_Source\PSoC4/Wakeup_SW.c **** * Copyright 2008-2015, Cypress Semiconductor Corporation.  All rights reserved.
  10:Generated_Source\PSoC4/Wakeup_SW.c **** * You may use this file only in accordance with the license, terms, conditions, 
  11:Generated_Source\PSoC4/Wakeup_SW.c **** * disclaimers, and limitations in the end user license agreement accompanying 
  12:Generated_Source\PSoC4/Wakeup_SW.c **** * the software package with which this file was provided.
  13:Generated_Source\PSoC4/Wakeup_SW.c **** *******************************************************************************/
  14:Generated_Source\PSoC4/Wakeup_SW.c **** 
  15:Generated_Source\PSoC4/Wakeup_SW.c **** #include "cytypes.h"
  16:Generated_Source\PSoC4/Wakeup_SW.c **** #include "Wakeup_SW.h"
  17:Generated_Source\PSoC4/Wakeup_SW.c **** 
  18:Generated_Source\PSoC4/Wakeup_SW.c **** 
  19:Generated_Source\PSoC4/Wakeup_SW.c **** #if defined(Wakeup_SW__PC)
  20:Generated_Source\PSoC4/Wakeup_SW.c ****     #define Wakeup_SW_SetP4PinDriveMode(shift, mode)  \
  21:Generated_Source\PSoC4/Wakeup_SW.c ****     do { \
  22:Generated_Source\PSoC4/Wakeup_SW.c ****         Wakeup_SW_PC =   (Wakeup_SW_PC & \
  23:Generated_Source\PSoC4/Wakeup_SW.c ****                                 (uint32)(~(uint32)(Wakeup_SW_DRIVE_MODE_IND_MASK << \
  24:Generated_Source\PSoC4/Wakeup_SW.c ****                                 (Wakeup_SW_DRIVE_MODE_BITS * (shift))))) | \
  25:Generated_Source\PSoC4/Wakeup_SW.c ****                                 (uint32)((uint32)(mode) << \
  26:Generated_Source\PSoC4/Wakeup_SW.c ****                                 (Wakeup_SW_DRIVE_MODE_BITS * (shift))); \
  27:Generated_Source\PSoC4/Wakeup_SW.c ****     } while (0)
  28:Generated_Source\PSoC4/Wakeup_SW.c **** #else
  29:Generated_Source\PSoC4/Wakeup_SW.c ****     #if (CY_PSOC4_4200L)
  30:Generated_Source\PSoC4/Wakeup_SW.c ****         #define Wakeup_SW_SetP4PinDriveMode(shift, mode)  \
  31:Generated_Source\PSoC4/Wakeup_SW.c ****         do { \
  32:Generated_Source\PSoC4/Wakeup_SW.c ****             Wakeup_SW_USBIO_CTRL_REG = (Wakeup_SW_USBIO_CTRL_REG & \
  33:Generated_Source\PSoC4/Wakeup_SW.c ****                                     (uint32)(~(uint32)(Wakeup_SW_DRIVE_MODE_IND_MASK << \
  34:Generated_Source\PSoC4/Wakeup_SW.c ****                                     (Wakeup_SW_DRIVE_MODE_BITS * (shift))))) | \
  35:Generated_Source\PSoC4/Wakeup_SW.c ****                                     (uint32)((uint32)(mode) << \
  36:Generated_Source\PSoC4/Wakeup_SW.c ****                                     (Wakeup_SW_DRIVE_MODE_BITS * (shift))); \
  37:Generated_Source\PSoC4/Wakeup_SW.c ****         } while (0)
  38:Generated_Source\PSoC4/Wakeup_SW.c ****     #endif
  39:Generated_Source\PSoC4/Wakeup_SW.c **** #endif
  40:Generated_Source\PSoC4/Wakeup_SW.c ****   
  41:Generated_Source\PSoC4/Wakeup_SW.c **** 
  42:Generated_Source\PSoC4/Wakeup_SW.c **** #if defined(Wakeup_SW__PC) || (CY_PSOC4_4200L) 
  43:Generated_Source\PSoC4/Wakeup_SW.c ****     /*******************************************************************************
  44:Generated_Source\PSoC4/Wakeup_SW.c ****     * Function Name: Wakeup_SW_SetDriveMode
  45:Generated_Source\PSoC4/Wakeup_SW.c ****     ****************************************************************************//**
  46:Generated_Source\PSoC4/Wakeup_SW.c ****     *
  47:Generated_Source\PSoC4/Wakeup_SW.c ****     * \brief Sets the drive mode for each of the Pins component's pins.
  48:Generated_Source\PSoC4/Wakeup_SW.c ****     * 
  49:Generated_Source\PSoC4/Wakeup_SW.c ****     * <b>Note</b> This affects all pins in the Pins component instance. Use the
  50:Generated_Source\PSoC4/Wakeup_SW.c ****     * Per-Pin APIs if you wish to control individual pin's drive modes.
ARM GAS  C:\Users\unyacat\AppData\Local\Temp\ccVvs7Ic.s 			page 23


  51:Generated_Source\PSoC4/Wakeup_SW.c ****     *
  52:Generated_Source\PSoC4/Wakeup_SW.c ****     * <b>Note</b> USBIOs have limited drive functionality. Refer to the Drive Mode
  53:Generated_Source\PSoC4/Wakeup_SW.c ****     * parameter for more information.
  54:Generated_Source\PSoC4/Wakeup_SW.c ****     *
  55:Generated_Source\PSoC4/Wakeup_SW.c ****     * \param mode
  56:Generated_Source\PSoC4/Wakeup_SW.c ****     *  Mode for the selected signals. Valid options are documented in 
  57:Generated_Source\PSoC4/Wakeup_SW.c ****     *  \ref driveMode.
  58:Generated_Source\PSoC4/Wakeup_SW.c ****     *
  59:Generated_Source\PSoC4/Wakeup_SW.c ****     * \return
  60:Generated_Source\PSoC4/Wakeup_SW.c ****     *  None
  61:Generated_Source\PSoC4/Wakeup_SW.c ****     *
  62:Generated_Source\PSoC4/Wakeup_SW.c ****     * \sideeffect
  63:Generated_Source\PSoC4/Wakeup_SW.c ****     *  If you use read-modify-write operations that are not atomic, the ISR can
  64:Generated_Source\PSoC4/Wakeup_SW.c ****     *  cause corruption of this function. An ISR that interrupts this function 
  65:Generated_Source\PSoC4/Wakeup_SW.c ****     *  and performs writes to the Pins component Drive Mode registers can cause 
  66:Generated_Source\PSoC4/Wakeup_SW.c ****     *  corrupted port data. To avoid this issue, you should either use the Per-Pin
  67:Generated_Source\PSoC4/Wakeup_SW.c ****     *  APIs (primary method) or disable interrupts around this function.
  68:Generated_Source\PSoC4/Wakeup_SW.c ****     *
  69:Generated_Source\PSoC4/Wakeup_SW.c ****     * \funcusage
  70:Generated_Source\PSoC4/Wakeup_SW.c ****     *  \snippet Wakeup_SW_SUT.c usage_Wakeup_SW_SetDriveMode
  71:Generated_Source\PSoC4/Wakeup_SW.c ****     *******************************************************************************/
  72:Generated_Source\PSoC4/Wakeup_SW.c ****     void Wakeup_SW_SetDriveMode(uint8 mode)
  73:Generated_Source\PSoC4/Wakeup_SW.c ****     {
 330              		.loc 1 73 0
 331              		.cfi_startproc
 332              		@ args = 0, pretend = 0, frame = 0
 333              		@ frame_needed = 0, uses_anonymous_args = 0
 334              		@ link register save eliminated.
 335              	.LVL0:
  74:Generated_Source\PSoC4/Wakeup_SW.c **** 		Wakeup_SW_SetP4PinDriveMode(Wakeup_SW__0__SHIFT, mode);
 336              		.loc 1 74 0
 337 0000 034A     		ldr	r2, .L2
 338 0002 044B     		ldr	r3, .L2+4
 339 0004 1168     		ldr	r1, [r2]
 340 0006 0003     		lsls	r0, r0, #12
 341              	.LVL1:
 342 0008 0B40     		ands	r3, r1
 343 000a 1843     		orrs	r0, r3
 344 000c 1060     		str	r0, [r2]
  75:Generated_Source\PSoC4/Wakeup_SW.c ****     }
 345              		.loc 1 75 0
 346              		@ sp needed
 347 000e 7047     		bx	lr
 348              	.L3:
 349              		.align	2
 350              	.L2:
 351 0010 08000440 		.word	1074003976
 352 0014 FF8FFFFF 		.word	-28673
 353              		.cfi_endproc
 354              	.LFE0:
 355              		.size	Wakeup_SW_SetDriveMode, .-Wakeup_SW_SetDriveMode
 356              		.section	.text.Wakeup_SW_Write,"ax",%progbits
 357              		.align	2
 358              		.global	Wakeup_SW_Write
 359              		.code	16
 360              		.thumb_func
 361              		.type	Wakeup_SW_Write, %function
ARM GAS  C:\Users\unyacat\AppData\Local\Temp\ccVvs7Ic.s 			page 24


 362              	Wakeup_SW_Write:
 363              	.LFB1:
  76:Generated_Source\PSoC4/Wakeup_SW.c **** #endif
  77:Generated_Source\PSoC4/Wakeup_SW.c **** 
  78:Generated_Source\PSoC4/Wakeup_SW.c **** 
  79:Generated_Source\PSoC4/Wakeup_SW.c **** /*******************************************************************************
  80:Generated_Source\PSoC4/Wakeup_SW.c **** * Function Name: Wakeup_SW_Write
  81:Generated_Source\PSoC4/Wakeup_SW.c **** ****************************************************************************//**
  82:Generated_Source\PSoC4/Wakeup_SW.c **** *
  83:Generated_Source\PSoC4/Wakeup_SW.c **** * \brief Writes the value to the physical port (data output register), masking
  84:Generated_Source\PSoC4/Wakeup_SW.c **** *  and shifting the bits appropriately. 
  85:Generated_Source\PSoC4/Wakeup_SW.c **** *
  86:Generated_Source\PSoC4/Wakeup_SW.c **** * The data output register controls the signal applied to the physical pin in 
  87:Generated_Source\PSoC4/Wakeup_SW.c **** * conjunction with the drive mode parameter. This function avoids changing 
  88:Generated_Source\PSoC4/Wakeup_SW.c **** * other bits in the port by using the appropriate method (read-modify-write or
  89:Generated_Source\PSoC4/Wakeup_SW.c **** * bit banding).
  90:Generated_Source\PSoC4/Wakeup_SW.c **** *
  91:Generated_Source\PSoC4/Wakeup_SW.c **** * <b>Note</b> This function should not be used on a hardware digital output pin 
  92:Generated_Source\PSoC4/Wakeup_SW.c **** * as it is driven by the hardware signal attached to it.
  93:Generated_Source\PSoC4/Wakeup_SW.c **** *
  94:Generated_Source\PSoC4/Wakeup_SW.c **** * \param value
  95:Generated_Source\PSoC4/Wakeup_SW.c **** *  Value to write to the component instance.
  96:Generated_Source\PSoC4/Wakeup_SW.c **** *
  97:Generated_Source\PSoC4/Wakeup_SW.c **** * \return 
  98:Generated_Source\PSoC4/Wakeup_SW.c **** *  None 
  99:Generated_Source\PSoC4/Wakeup_SW.c **** *
 100:Generated_Source\PSoC4/Wakeup_SW.c **** * \sideeffect
 101:Generated_Source\PSoC4/Wakeup_SW.c **** *  If you use read-modify-write operations that are not atomic; the Interrupt 
 102:Generated_Source\PSoC4/Wakeup_SW.c **** *  Service Routines (ISR) can cause corruption of this function. An ISR that 
 103:Generated_Source\PSoC4/Wakeup_SW.c **** *  interrupts this function and performs writes to the Pins component data 
 104:Generated_Source\PSoC4/Wakeup_SW.c **** *  register can cause corrupted port data. To avoid this issue, you should 
 105:Generated_Source\PSoC4/Wakeup_SW.c **** *  either use the Per-Pin APIs (primary method) or disable interrupts around 
 106:Generated_Source\PSoC4/Wakeup_SW.c **** *  this function.
 107:Generated_Source\PSoC4/Wakeup_SW.c **** *
 108:Generated_Source\PSoC4/Wakeup_SW.c **** * \funcusage
 109:Generated_Source\PSoC4/Wakeup_SW.c **** *  \snippet Wakeup_SW_SUT.c usage_Wakeup_SW_Write
 110:Generated_Source\PSoC4/Wakeup_SW.c **** *******************************************************************************/
 111:Generated_Source\PSoC4/Wakeup_SW.c **** void Wakeup_SW_Write(uint8 value)
 112:Generated_Source\PSoC4/Wakeup_SW.c **** {
 364              		.loc 1 112 0
 365              		.cfi_startproc
 366              		@ args = 0, pretend = 0, frame = 0
 367              		@ frame_needed = 0, uses_anonymous_args = 0
 368              		@ link register save eliminated.
 369              	.LVL2:
 370              		.loc 1 112 0
 371 0000 0300     		movs	r3, r0
 113:Generated_Source\PSoC4/Wakeup_SW.c ****     uint8 drVal = (uint8)(Wakeup_SW_DR & (uint8)(~Wakeup_SW_MASK));
 372              		.loc 1 113 0
 373 0002 1020     		movs	r0, #16
 374              	.LVL3:
 375 0004 0449     		ldr	r1, .L5
 114:Generated_Source\PSoC4/Wakeup_SW.c ****     drVal = (drVal | ((uint8)(value << Wakeup_SW_SHIFT) & Wakeup_SW_MASK));
 115:Generated_Source\PSoC4/Wakeup_SW.c ****     Wakeup_SW_DR = (uint32)drVal;
 376              		.loc 1 115 0
 377 0006 1B01     		lsls	r3, r3, #4
 113:Generated_Source\PSoC4/Wakeup_SW.c ****     uint8 drVal = (uint8)(Wakeup_SW_DR & (uint8)(~Wakeup_SW_MASK));
ARM GAS  C:\Users\unyacat\AppData\Local\Temp\ccVvs7Ic.s 			page 25


 378              		.loc 1 113 0
 379 0008 0A68     		ldr	r2, [r1]
 116:Generated_Source\PSoC4/Wakeup_SW.c **** }
 380              		.loc 1 116 0
 381              		@ sp needed
 113:Generated_Source\PSoC4/Wakeup_SW.c ****     uint8 drVal = (uint8)(Wakeup_SW_DR & (uint8)(~Wakeup_SW_MASK));
 382              		.loc 1 113 0
 383 000a 8243     		bics	r2, r0
 384 000c D2B2     		uxtb	r2, r2
 115:Generated_Source\PSoC4/Wakeup_SW.c **** }
 385              		.loc 1 115 0
 386 000e 1840     		ands	r0, r3
 387 0010 1043     		orrs	r0, r2
 388 0012 0860     		str	r0, [r1]
 389              		.loc 1 116 0
 390 0014 7047     		bx	lr
 391              	.L6:
 392 0016 C046     		.align	2
 393              	.L5:
 394 0018 00000440 		.word	1074003968
 395              		.cfi_endproc
 396              	.LFE1:
 397              		.size	Wakeup_SW_Write, .-Wakeup_SW_Write
 398              		.section	.text.Wakeup_SW_Read,"ax",%progbits
 399              		.align	2
 400              		.global	Wakeup_SW_Read
 401              		.code	16
 402              		.thumb_func
 403              		.type	Wakeup_SW_Read, %function
 404              	Wakeup_SW_Read:
 405              	.LFB2:
 117:Generated_Source\PSoC4/Wakeup_SW.c **** 
 118:Generated_Source\PSoC4/Wakeup_SW.c **** 
 119:Generated_Source\PSoC4/Wakeup_SW.c **** /*******************************************************************************
 120:Generated_Source\PSoC4/Wakeup_SW.c **** * Function Name: Wakeup_SW_Read
 121:Generated_Source\PSoC4/Wakeup_SW.c **** ****************************************************************************//**
 122:Generated_Source\PSoC4/Wakeup_SW.c **** *
 123:Generated_Source\PSoC4/Wakeup_SW.c **** * \brief Reads the associated physical port (pin status register) and masks 
 124:Generated_Source\PSoC4/Wakeup_SW.c **** *  the required bits according to the width and bit position of the component
 125:Generated_Source\PSoC4/Wakeup_SW.c **** *  instance. 
 126:Generated_Source\PSoC4/Wakeup_SW.c **** *
 127:Generated_Source\PSoC4/Wakeup_SW.c **** * The pin's status register returns the current logic level present on the 
 128:Generated_Source\PSoC4/Wakeup_SW.c **** * physical pin.
 129:Generated_Source\PSoC4/Wakeup_SW.c **** *
 130:Generated_Source\PSoC4/Wakeup_SW.c **** * \return 
 131:Generated_Source\PSoC4/Wakeup_SW.c **** *  The current value for the pins in the component as a right justified number.
 132:Generated_Source\PSoC4/Wakeup_SW.c **** *
 133:Generated_Source\PSoC4/Wakeup_SW.c **** * \funcusage
 134:Generated_Source\PSoC4/Wakeup_SW.c **** *  \snippet Wakeup_SW_SUT.c usage_Wakeup_SW_Read  
 135:Generated_Source\PSoC4/Wakeup_SW.c **** *******************************************************************************/
 136:Generated_Source\PSoC4/Wakeup_SW.c **** uint8 Wakeup_SW_Read(void)
 137:Generated_Source\PSoC4/Wakeup_SW.c **** {
 406              		.loc 1 137 0
 407              		.cfi_startproc
 408              		@ args = 0, pretend = 0, frame = 0
 409              		@ frame_needed = 0, uses_anonymous_args = 0
 410              		@ link register save eliminated.
ARM GAS  C:\Users\unyacat\AppData\Local\Temp\ccVvs7Ic.s 			page 26


 138:Generated_Source\PSoC4/Wakeup_SW.c ****     return (uint8)((Wakeup_SW_PS & Wakeup_SW_MASK) >> Wakeup_SW_SHIFT);
 411              		.loc 1 138 0
 412 0000 024B     		ldr	r3, .L8
 139:Generated_Source\PSoC4/Wakeup_SW.c **** }
 413              		.loc 1 139 0
 414              		@ sp needed
 138:Generated_Source\PSoC4/Wakeup_SW.c ****     return (uint8)((Wakeup_SW_PS & Wakeup_SW_MASK) >> Wakeup_SW_SHIFT);
 415              		.loc 1 138 0
 416 0002 1868     		ldr	r0, [r3]
 417 0004 C006     		lsls	r0, r0, #27
 418 0006 C00F     		lsrs	r0, r0, #31
 419              		.loc 1 139 0
 420 0008 7047     		bx	lr
 421              	.L9:
 422 000a C046     		.align	2
 423              	.L8:
 424 000c 04000440 		.word	1074003972
 425              		.cfi_endproc
 426              	.LFE2:
 427              		.size	Wakeup_SW_Read, .-Wakeup_SW_Read
 428              		.section	.text.Wakeup_SW_ReadDataReg,"ax",%progbits
 429              		.align	2
 430              		.global	Wakeup_SW_ReadDataReg
 431              		.code	16
 432              		.thumb_func
 433              		.type	Wakeup_SW_ReadDataReg, %function
 434              	Wakeup_SW_ReadDataReg:
 435              	.LFB3:
 140:Generated_Source\PSoC4/Wakeup_SW.c **** 
 141:Generated_Source\PSoC4/Wakeup_SW.c **** 
 142:Generated_Source\PSoC4/Wakeup_SW.c **** /*******************************************************************************
 143:Generated_Source\PSoC4/Wakeup_SW.c **** * Function Name: Wakeup_SW_ReadDataReg
 144:Generated_Source\PSoC4/Wakeup_SW.c **** ****************************************************************************//**
 145:Generated_Source\PSoC4/Wakeup_SW.c **** *
 146:Generated_Source\PSoC4/Wakeup_SW.c **** * \brief Reads the associated physical port's data output register and masks 
 147:Generated_Source\PSoC4/Wakeup_SW.c **** *  the correct bits according to the width and bit position of the component 
 148:Generated_Source\PSoC4/Wakeup_SW.c **** *  instance. 
 149:Generated_Source\PSoC4/Wakeup_SW.c **** *
 150:Generated_Source\PSoC4/Wakeup_SW.c **** * The data output register controls the signal applied to the physical pin in 
 151:Generated_Source\PSoC4/Wakeup_SW.c **** * conjunction with the drive mode parameter. This is not the same as the 
 152:Generated_Source\PSoC4/Wakeup_SW.c **** * preferred Wakeup_SW_Read() API because the 
 153:Generated_Source\PSoC4/Wakeup_SW.c **** * Wakeup_SW_ReadDataReg() reads the data register instead of the status 
 154:Generated_Source\PSoC4/Wakeup_SW.c **** * register. For output pins this is a useful function to determine the value 
 155:Generated_Source\PSoC4/Wakeup_SW.c **** * just written to the pin.
 156:Generated_Source\PSoC4/Wakeup_SW.c **** *
 157:Generated_Source\PSoC4/Wakeup_SW.c **** * \return 
 158:Generated_Source\PSoC4/Wakeup_SW.c **** *  The current value of the data register masked and shifted into a right 
 159:Generated_Source\PSoC4/Wakeup_SW.c **** *  justified number for the component instance.
 160:Generated_Source\PSoC4/Wakeup_SW.c **** *
 161:Generated_Source\PSoC4/Wakeup_SW.c **** * \funcusage
 162:Generated_Source\PSoC4/Wakeup_SW.c **** *  \snippet Wakeup_SW_SUT.c usage_Wakeup_SW_ReadDataReg 
 163:Generated_Source\PSoC4/Wakeup_SW.c **** *******************************************************************************/
 164:Generated_Source\PSoC4/Wakeup_SW.c **** uint8 Wakeup_SW_ReadDataReg(void)
 165:Generated_Source\PSoC4/Wakeup_SW.c **** {
 436              		.loc 1 165 0
 437              		.cfi_startproc
 438              		@ args = 0, pretend = 0, frame = 0
ARM GAS  C:\Users\unyacat\AppData\Local\Temp\ccVvs7Ic.s 			page 27


 439              		@ frame_needed = 0, uses_anonymous_args = 0
 440              		@ link register save eliminated.
 166:Generated_Source\PSoC4/Wakeup_SW.c ****     return (uint8)((Wakeup_SW_DR & Wakeup_SW_MASK) >> Wakeup_SW_SHIFT);
 441              		.loc 1 166 0
 442 0000 024B     		ldr	r3, .L11
 167:Generated_Source\PSoC4/Wakeup_SW.c **** }
 443              		.loc 1 167 0
 444              		@ sp needed
 166:Generated_Source\PSoC4/Wakeup_SW.c ****     return (uint8)((Wakeup_SW_DR & Wakeup_SW_MASK) >> Wakeup_SW_SHIFT);
 445              		.loc 1 166 0
 446 0002 1868     		ldr	r0, [r3]
 447 0004 C006     		lsls	r0, r0, #27
 448 0006 C00F     		lsrs	r0, r0, #31
 449              		.loc 1 167 0
 450 0008 7047     		bx	lr
 451              	.L12:
 452 000a C046     		.align	2
 453              	.L11:
 454 000c 00000440 		.word	1074003968
 455              		.cfi_endproc
 456              	.LFE3:
 457              		.size	Wakeup_SW_ReadDataReg, .-Wakeup_SW_ReadDataReg
 458              		.section	.text.Wakeup_SW_SetInterruptMode,"ax",%progbits
 459              		.align	2
 460              		.global	Wakeup_SW_SetInterruptMode
 461              		.code	16
 462              		.thumb_func
 463              		.type	Wakeup_SW_SetInterruptMode, %function
 464              	Wakeup_SW_SetInterruptMode:
 465              	.LFB4:
 168:Generated_Source\PSoC4/Wakeup_SW.c **** 
 169:Generated_Source\PSoC4/Wakeup_SW.c **** 
 170:Generated_Source\PSoC4/Wakeup_SW.c **** /*******************************************************************************
 171:Generated_Source\PSoC4/Wakeup_SW.c **** * Function Name: Wakeup_SW_SetInterruptMode
 172:Generated_Source\PSoC4/Wakeup_SW.c **** ****************************************************************************//**
 173:Generated_Source\PSoC4/Wakeup_SW.c **** *
 174:Generated_Source\PSoC4/Wakeup_SW.c **** * \brief Configures the interrupt mode for each of the Pins component's
 175:Generated_Source\PSoC4/Wakeup_SW.c **** *  pins. Alternatively you may set the interrupt mode for all the pins
 176:Generated_Source\PSoC4/Wakeup_SW.c **** *  specified in the Pins component.
 177:Generated_Source\PSoC4/Wakeup_SW.c **** *
 178:Generated_Source\PSoC4/Wakeup_SW.c **** *  <b>Note</b> The interrupt is port-wide and therefore any enabled pin
 179:Generated_Source\PSoC4/Wakeup_SW.c **** *  interrupt may trigger it.
 180:Generated_Source\PSoC4/Wakeup_SW.c **** *
 181:Generated_Source\PSoC4/Wakeup_SW.c **** * \param position
 182:Generated_Source\PSoC4/Wakeup_SW.c **** *  The pin position as listed in the Pins component. You may OR these to be 
 183:Generated_Source\PSoC4/Wakeup_SW.c **** *  able to configure the interrupt mode of multiple pins within a Pins 
 184:Generated_Source\PSoC4/Wakeup_SW.c **** *  component. Or you may use Wakeup_SW_INTR_ALL to configure the
 185:Generated_Source\PSoC4/Wakeup_SW.c **** *  interrupt mode of all the pins in the Pins component.       
 186:Generated_Source\PSoC4/Wakeup_SW.c **** *  - Wakeup_SW_0_INTR       (First pin in the list)
 187:Generated_Source\PSoC4/Wakeup_SW.c **** *  - Wakeup_SW_1_INTR       (Second pin in the list)
 188:Generated_Source\PSoC4/Wakeup_SW.c **** *  - ...
 189:Generated_Source\PSoC4/Wakeup_SW.c **** *  - Wakeup_SW_INTR_ALL     (All pins in Pins component)
 190:Generated_Source\PSoC4/Wakeup_SW.c **** *
 191:Generated_Source\PSoC4/Wakeup_SW.c **** * \param mode
 192:Generated_Source\PSoC4/Wakeup_SW.c **** *  Interrupt mode for the selected pins. Valid options are documented in
 193:Generated_Source\PSoC4/Wakeup_SW.c **** *  \ref intrMode.
 194:Generated_Source\PSoC4/Wakeup_SW.c **** *
ARM GAS  C:\Users\unyacat\AppData\Local\Temp\ccVvs7Ic.s 			page 28


 195:Generated_Source\PSoC4/Wakeup_SW.c **** * \return 
 196:Generated_Source\PSoC4/Wakeup_SW.c **** *  None
 197:Generated_Source\PSoC4/Wakeup_SW.c **** *  
 198:Generated_Source\PSoC4/Wakeup_SW.c **** * \sideeffect
 199:Generated_Source\PSoC4/Wakeup_SW.c **** *  It is recommended that the interrupt be disabled before calling this 
 200:Generated_Source\PSoC4/Wakeup_SW.c **** *  function to avoid unintended interrupt requests. Note that the interrupt
 201:Generated_Source\PSoC4/Wakeup_SW.c **** *  type is port wide, and therefore will trigger for any enabled pin on the 
 202:Generated_Source\PSoC4/Wakeup_SW.c **** *  port.
 203:Generated_Source\PSoC4/Wakeup_SW.c **** *
 204:Generated_Source\PSoC4/Wakeup_SW.c **** * \funcusage
 205:Generated_Source\PSoC4/Wakeup_SW.c **** *  \snippet Wakeup_SW_SUT.c usage_Wakeup_SW_SetInterruptMode
 206:Generated_Source\PSoC4/Wakeup_SW.c **** *******************************************************************************/
 207:Generated_Source\PSoC4/Wakeup_SW.c **** void Wakeup_SW_SetInterruptMode(uint16 position, uint16 mode)
 208:Generated_Source\PSoC4/Wakeup_SW.c **** {
 466              		.loc 1 208 0
 467              		.cfi_startproc
 468              		@ args = 0, pretend = 0, frame = 0
 469              		@ frame_needed = 0, uses_anonymous_args = 0
 470              		@ link register save eliminated.
 471              	.LVL4:
 209:Generated_Source\PSoC4/Wakeup_SW.c ****     uint32 intrCfg;
 210:Generated_Source\PSoC4/Wakeup_SW.c ****     
 211:Generated_Source\PSoC4/Wakeup_SW.c ****     intrCfg =  Wakeup_SW_INTCFG & (uint32)(~(uint32)position);
 472              		.loc 1 211 0
 473 0000 034A     		ldr	r2, .L14
 212:Generated_Source\PSoC4/Wakeup_SW.c ****     Wakeup_SW_INTCFG = intrCfg | ((uint32)position & (uint32)mode);
 213:Generated_Source\PSoC4/Wakeup_SW.c **** }
 474              		.loc 1 213 0
 475              		@ sp needed
 211:Generated_Source\PSoC4/Wakeup_SW.c ****     Wakeup_SW_INTCFG = intrCfg | ((uint32)position & (uint32)mode);
 476              		.loc 1 211 0
 477 0002 1368     		ldr	r3, [r2]
 478              	.LVL5:
 212:Generated_Source\PSoC4/Wakeup_SW.c ****     Wakeup_SW_INTCFG = intrCfg | ((uint32)position & (uint32)mode);
 479              		.loc 1 212 0
 480 0004 8343     		bics	r3, r0
 481              	.LVL6:
 482 0006 0840     		ands	r0, r1
 483              	.LVL7:
 484 0008 1843     		orrs	r0, r3
 485 000a 1060     		str	r0, [r2]
 486              		.loc 1 213 0
 487 000c 7047     		bx	lr
 488              	.L15:
 489 000e C046     		.align	2
 490              	.L14:
 491 0010 0C000440 		.word	1074003980
 492              		.cfi_endproc
 493              	.LFE4:
 494              		.size	Wakeup_SW_SetInterruptMode, .-Wakeup_SW_SetInterruptMode
 495              		.section	.text.Wakeup_SW_ClearInterrupt,"ax",%progbits
 496              		.align	2
 497              		.global	Wakeup_SW_ClearInterrupt
 498              		.code	16
 499              		.thumb_func
 500              		.type	Wakeup_SW_ClearInterrupt, %function
 501              	Wakeup_SW_ClearInterrupt:
ARM GAS  C:\Users\unyacat\AppData\Local\Temp\ccVvs7Ic.s 			page 29


 502              	.LFB5:
 214:Generated_Source\PSoC4/Wakeup_SW.c **** 
 215:Generated_Source\PSoC4/Wakeup_SW.c **** 
 216:Generated_Source\PSoC4/Wakeup_SW.c **** /*******************************************************************************
 217:Generated_Source\PSoC4/Wakeup_SW.c **** * Function Name: Wakeup_SW_ClearInterrupt
 218:Generated_Source\PSoC4/Wakeup_SW.c **** ****************************************************************************//**
 219:Generated_Source\PSoC4/Wakeup_SW.c **** *
 220:Generated_Source\PSoC4/Wakeup_SW.c **** * \brief Clears any active interrupts attached with the component and returns 
 221:Generated_Source\PSoC4/Wakeup_SW.c **** *  the value of the interrupt status register allowing determination of which
 222:Generated_Source\PSoC4/Wakeup_SW.c **** *  pins generated an interrupt event.
 223:Generated_Source\PSoC4/Wakeup_SW.c **** *
 224:Generated_Source\PSoC4/Wakeup_SW.c **** * \return 
 225:Generated_Source\PSoC4/Wakeup_SW.c **** *  The right-shifted current value of the interrupt status register. Each pin 
 226:Generated_Source\PSoC4/Wakeup_SW.c **** *  has one bit set if it generated an interrupt event. For example, bit 0 is 
 227:Generated_Source\PSoC4/Wakeup_SW.c **** *  for pin 0 and bit 1 is for pin 1 of the Pins component.
 228:Generated_Source\PSoC4/Wakeup_SW.c **** *  
 229:Generated_Source\PSoC4/Wakeup_SW.c **** * \sideeffect
 230:Generated_Source\PSoC4/Wakeup_SW.c **** *  Clears all bits of the physical port's interrupt status register, not just
 231:Generated_Source\PSoC4/Wakeup_SW.c **** *  those associated with the Pins component.
 232:Generated_Source\PSoC4/Wakeup_SW.c **** *
 233:Generated_Source\PSoC4/Wakeup_SW.c **** * \funcusage
 234:Generated_Source\PSoC4/Wakeup_SW.c **** *  \snippet Wakeup_SW_SUT.c usage_Wakeup_SW_ClearInterrupt
 235:Generated_Source\PSoC4/Wakeup_SW.c **** *******************************************************************************/
 236:Generated_Source\PSoC4/Wakeup_SW.c **** uint8 Wakeup_SW_ClearInterrupt(void)
 237:Generated_Source\PSoC4/Wakeup_SW.c **** {
 503              		.loc 1 237 0
 504              		.cfi_startproc
 505              		@ args = 0, pretend = 0, frame = 0
 506              		@ frame_needed = 0, uses_anonymous_args = 0
 507              		@ link register save eliminated.
 238:Generated_Source\PSoC4/Wakeup_SW.c **** 	uint8 maskedStatus = (uint8)(Wakeup_SW_INTSTAT & Wakeup_SW_MASK);
 508              		.loc 1 238 0
 509 0000 1020     		movs	r0, #16
 510 0002 034A     		ldr	r2, .L17
 239:Generated_Source\PSoC4/Wakeup_SW.c **** 	Wakeup_SW_INTSTAT = maskedStatus;
 240:Generated_Source\PSoC4/Wakeup_SW.c ****     return maskedStatus >> Wakeup_SW_SHIFT;
 241:Generated_Source\PSoC4/Wakeup_SW.c **** }
 511              		.loc 1 241 0
 512              		@ sp needed
 238:Generated_Source\PSoC4/Wakeup_SW.c **** 	uint8 maskedStatus = (uint8)(Wakeup_SW_INTSTAT & Wakeup_SW_MASK);
 513              		.loc 1 238 0
 514 0004 1368     		ldr	r3, [r2]
 515 0006 1840     		ands	r0, r3
 516              	.LVL8:
 239:Generated_Source\PSoC4/Wakeup_SW.c **** 	Wakeup_SW_INTSTAT = maskedStatus;
 517              		.loc 1 239 0
 518 0008 1060     		str	r0, [r2]
 240:Generated_Source\PSoC4/Wakeup_SW.c **** }
 519              		.loc 1 240 0
 520 000a 0009     		lsrs	r0, r0, #4
 521              	.LVL9:
 522 000c C0B2     		uxtb	r0, r0
 523              		.loc 1 241 0
 524 000e 7047     		bx	lr
 525              	.L18:
 526              		.align	2
 527              	.L17:
ARM GAS  C:\Users\unyacat\AppData\Local\Temp\ccVvs7Ic.s 			page 30


 528 0010 10000440 		.word	1074003984
 529              		.cfi_endproc
 530              	.LFE5:
 531              		.size	Wakeup_SW_ClearInterrupt, .-Wakeup_SW_ClearInterrupt
 532              		.text
 533              	.Letext0:
 534              		.file 2 "Generated_Source\\PSoC4\\cytypes.h"
 535              		.section	.debug_info,"",%progbits
 536              	.Ldebug_info0:
 537 0000 97010000 		.4byte	0x197
 538 0004 0400     		.2byte	0x4
 539 0006 00000000 		.4byte	.Ldebug_abbrev0
 540 000a 04       		.byte	0x4
 541 000b 01       		.uleb128 0x1
 542 000c A3000000 		.4byte	.LASF27
 543 0010 0C       		.byte	0xc
 544 0011 80000000 		.4byte	.LASF28
 545 0015 CD010000 		.4byte	.LASF29
 546 0019 00000000 		.4byte	.Ldebug_ranges0+0
 547 001d 00000000 		.4byte	0
 548 0021 00000000 		.4byte	.Ldebug_line0
 549 0025 02       		.uleb128 0x2
 550 0026 01       		.byte	0x1
 551 0027 06       		.byte	0x6
 552 0028 80020000 		.4byte	.LASF0
 553 002c 02       		.uleb128 0x2
 554 002d 01       		.byte	0x1
 555 002e 08       		.byte	0x8
 556 002f 5A000000 		.4byte	.LASF1
 557 0033 02       		.uleb128 0x2
 558 0034 02       		.byte	0x2
 559 0035 05       		.byte	0x5
 560 0036 50020000 		.4byte	.LASF2
 561 003a 02       		.uleb128 0x2
 562 003b 02       		.byte	0x2
 563 003c 07       		.byte	0x7
 564 003d 22000000 		.4byte	.LASF3
 565 0041 02       		.uleb128 0x2
 566 0042 04       		.byte	0x4
 567 0043 05       		.byte	0x5
 568 0044 77020000 		.4byte	.LASF4
 569 0048 02       		.uleb128 0x2
 570 0049 04       		.byte	0x4
 571 004a 07       		.byte	0x7
 572 004b 6E000000 		.4byte	.LASF5
 573 004f 02       		.uleb128 0x2
 574 0050 08       		.byte	0x8
 575 0051 05       		.byte	0x5
 576 0052 30020000 		.4byte	.LASF6
 577 0056 02       		.uleb128 0x2
 578 0057 08       		.byte	0x8
 579 0058 07       		.byte	0x7
 580 0059 B1010000 		.4byte	.LASF7
 581 005d 03       		.uleb128 0x3
 582 005e 04       		.byte	0x4
 583 005f 05       		.byte	0x5
 584 0060 696E7400 		.ascii	"int\000"
ARM GAS  C:\Users\unyacat\AppData\Local\Temp\ccVvs7Ic.s 			page 31


 585 0064 02       		.uleb128 0x2
 586 0065 04       		.byte	0x4
 587 0066 07       		.byte	0x7
 588 0067 A4010000 		.4byte	.LASF8
 589 006b 04       		.uleb128 0x4
 590 006c 5A020000 		.4byte	.LASF9
 591 0070 02       		.byte	0x2
 592 0071 FB01     		.2byte	0x1fb
 593 0073 2C000000 		.4byte	0x2c
 594 0077 04       		.uleb128 0x4
 595 0078 85010000 		.4byte	.LASF10
 596 007c 02       		.byte	0x2
 597 007d FC01     		.2byte	0x1fc
 598 007f 3A000000 		.4byte	0x3a
 599 0083 04       		.uleb128 0x4
 600 0084 95010000 		.4byte	.LASF11
 601 0088 02       		.byte	0x2
 602 0089 FD01     		.2byte	0x1fd
 603 008b 48000000 		.4byte	0x48
 604 008f 02       		.uleb128 0x2
 605 0090 04       		.byte	0x4
 606 0091 04       		.byte	0x4
 607 0092 54000000 		.4byte	.LASF12
 608 0096 02       		.uleb128 0x2
 609 0097 08       		.byte	0x8
 610 0098 04       		.byte	0x4
 611 0099 7E010000 		.4byte	.LASF13
 612 009d 02       		.uleb128 0x2
 613 009e 01       		.byte	0x1
 614 009f 08       		.byte	0x8
 615 00a0 4B020000 		.4byte	.LASF14
 616 00a4 04       		.uleb128 0x4
 617 00a5 00000000 		.4byte	.LASF15
 618 00a9 02       		.byte	0x2
 619 00aa A702     		.2byte	0x2a7
 620 00ac B0000000 		.4byte	0xb0
 621 00b0 05       		.uleb128 0x5
 622 00b1 83000000 		.4byte	0x83
 623 00b5 06       		.uleb128 0x6
 624 00b6 60020000 		.4byte	.LASF16
 625 00ba 01       		.byte	0x1
 626 00bb 48       		.byte	0x48
 627 00bc 00000000 		.4byte	.LFB0
 628 00c0 18000000 		.4byte	.LFE0-.LFB0
 629 00c4 01       		.uleb128 0x1
 630 00c5 9C       		.byte	0x9c
 631 00c6 DA000000 		.4byte	0xda
 632 00ca 07       		.uleb128 0x7
 633 00cb C8010000 		.4byte	.LASF18
 634 00cf 01       		.byte	0x1
 635 00d0 48       		.byte	0x48
 636 00d1 6B000000 		.4byte	0x6b
 637 00d5 00000000 		.4byte	.LLST0
 638 00d9 00       		.byte	0
 639 00da 06       		.uleb128 0x6
 640 00db 44000000 		.4byte	.LASF17
 641 00df 01       		.byte	0x1
ARM GAS  C:\Users\unyacat\AppData\Local\Temp\ccVvs7Ic.s 			page 32


 642 00e0 6F       		.byte	0x6f
 643 00e1 00000000 		.4byte	.LFB1
 644 00e5 1C000000 		.4byte	.LFE1-.LFB1
 645 00e9 01       		.uleb128 0x1
 646 00ea 9C       		.byte	0x9c
 647 00eb 0A010000 		.4byte	0x10a
 648 00ef 07       		.uleb128 0x7
 649 00f0 1C000000 		.4byte	.LASF19
 650 00f4 01       		.byte	0x1
 651 00f5 6F       		.byte	0x6f
 652 00f6 6B000000 		.4byte	0x6b
 653 00fa 21000000 		.4byte	.LLST1
 654 00fe 08       		.uleb128 0x8
 655 00ff 68000000 		.4byte	.LASF30
 656 0103 01       		.byte	0x1
 657 0104 71       		.byte	0x71
 658 0105 6B000000 		.4byte	0x6b
 659 0109 00       		.byte	0
 660 010a 09       		.uleb128 0x9
 661 010b 35000000 		.4byte	.LASF20
 662 010f 01       		.byte	0x1
 663 0110 88       		.byte	0x88
 664 0111 6B000000 		.4byte	0x6b
 665 0115 00000000 		.4byte	.LFB2
 666 0119 10000000 		.4byte	.LFE2-.LFB2
 667 011d 01       		.uleb128 0x1
 668 011e 9C       		.byte	0x9c
 669 011f 09       		.uleb128 0x9
 670 0120 06000000 		.4byte	.LASF21
 671 0124 01       		.byte	0x1
 672 0125 A4       		.byte	0xa4
 673 0126 6B000000 		.4byte	0x6b
 674 012a 00000000 		.4byte	.LFB3
 675 012e 10000000 		.4byte	.LFE3-.LFB3
 676 0132 01       		.uleb128 0x1
 677 0133 9C       		.byte	0x9c
 678 0134 06       		.uleb128 0x6
 679 0135 63010000 		.4byte	.LASF22
 680 0139 01       		.byte	0x1
 681 013a CF       		.byte	0xcf
 682 013b 00000000 		.4byte	.LFB4
 683 013f 14000000 		.4byte	.LFE4-.LFB4
 684 0143 01       		.uleb128 0x1
 685 0144 9C       		.byte	0x9c
 686 0145 75010000 		.4byte	0x175
 687 0149 07       		.uleb128 0x7
 688 014a 8C010000 		.4byte	.LASF23
 689 014e 01       		.byte	0x1
 690 014f CF       		.byte	0xcf
 691 0150 77000000 		.4byte	0x77
 692 0154 42000000 		.4byte	.LLST2
 693 0158 0A       		.uleb128 0xa
 694 0159 C8010000 		.4byte	.LASF18
 695 015d 01       		.byte	0x1
 696 015e CF       		.byte	0xcf
 697 015f 77000000 		.4byte	0x77
 698 0163 01       		.uleb128 0x1
ARM GAS  C:\Users\unyacat\AppData\Local\Temp\ccVvs7Ic.s 			page 33


 699 0164 51       		.byte	0x51
 700 0165 0B       		.uleb128 0xb
 701 0166 9C010000 		.4byte	.LASF25
 702 016a 01       		.byte	0x1
 703 016b D1       		.byte	0xd1
 704 016c 83000000 		.4byte	0x83
 705 0170 63000000 		.4byte	.LLST3
 706 0174 00       		.byte	0
 707 0175 0C       		.uleb128 0xc
 708 0176 4A010000 		.4byte	.LASF24
 709 017a 01       		.byte	0x1
 710 017b EC       		.byte	0xec
 711 017c 6B000000 		.4byte	0x6b
 712 0180 00000000 		.4byte	.LFB5
 713 0184 14000000 		.4byte	.LFE5-.LFB5
 714 0188 01       		.uleb128 0x1
 715 0189 9C       		.byte	0x9c
 716 018a 0B       		.uleb128 0xb
 717 018b 3E020000 		.4byte	.LASF26
 718 018f 01       		.byte	0x1
 719 0190 EE       		.byte	0xee
 720 0191 6B000000 		.4byte	0x6b
 721 0195 80000000 		.4byte	.LLST4
 722 0199 00       		.byte	0
 723 019a 00       		.byte	0
 724              		.section	.debug_abbrev,"",%progbits
 725              	.Ldebug_abbrev0:
 726 0000 01       		.uleb128 0x1
 727 0001 11       		.uleb128 0x11
 728 0002 01       		.byte	0x1
 729 0003 25       		.uleb128 0x25
 730 0004 0E       		.uleb128 0xe
 731 0005 13       		.uleb128 0x13
 732 0006 0B       		.uleb128 0xb
 733 0007 03       		.uleb128 0x3
 734 0008 0E       		.uleb128 0xe
 735 0009 1B       		.uleb128 0x1b
 736 000a 0E       		.uleb128 0xe
 737 000b 55       		.uleb128 0x55
 738 000c 17       		.uleb128 0x17
 739 000d 11       		.uleb128 0x11
 740 000e 01       		.uleb128 0x1
 741 000f 10       		.uleb128 0x10
 742 0010 17       		.uleb128 0x17
 743 0011 00       		.byte	0
 744 0012 00       		.byte	0
 745 0013 02       		.uleb128 0x2
 746 0014 24       		.uleb128 0x24
 747 0015 00       		.byte	0
 748 0016 0B       		.uleb128 0xb
 749 0017 0B       		.uleb128 0xb
 750 0018 3E       		.uleb128 0x3e
 751 0019 0B       		.uleb128 0xb
 752 001a 03       		.uleb128 0x3
 753 001b 0E       		.uleb128 0xe
 754 001c 00       		.byte	0
 755 001d 00       		.byte	0
ARM GAS  C:\Users\unyacat\AppData\Local\Temp\ccVvs7Ic.s 			page 34


 756 001e 03       		.uleb128 0x3
 757 001f 24       		.uleb128 0x24
 758 0020 00       		.byte	0
 759 0021 0B       		.uleb128 0xb
 760 0022 0B       		.uleb128 0xb
 761 0023 3E       		.uleb128 0x3e
 762 0024 0B       		.uleb128 0xb
 763 0025 03       		.uleb128 0x3
 764 0026 08       		.uleb128 0x8
 765 0027 00       		.byte	0
 766 0028 00       		.byte	0
 767 0029 04       		.uleb128 0x4
 768 002a 16       		.uleb128 0x16
 769 002b 00       		.byte	0
 770 002c 03       		.uleb128 0x3
 771 002d 0E       		.uleb128 0xe
 772 002e 3A       		.uleb128 0x3a
 773 002f 0B       		.uleb128 0xb
 774 0030 3B       		.uleb128 0x3b
 775 0031 05       		.uleb128 0x5
 776 0032 49       		.uleb128 0x49
 777 0033 13       		.uleb128 0x13
 778 0034 00       		.byte	0
 779 0035 00       		.byte	0
 780 0036 05       		.uleb128 0x5
 781 0037 35       		.uleb128 0x35
 782 0038 00       		.byte	0
 783 0039 49       		.uleb128 0x49
 784 003a 13       		.uleb128 0x13
 785 003b 00       		.byte	0
 786 003c 00       		.byte	0
 787 003d 06       		.uleb128 0x6
 788 003e 2E       		.uleb128 0x2e
 789 003f 01       		.byte	0x1
 790 0040 3F       		.uleb128 0x3f
 791 0041 19       		.uleb128 0x19
 792 0042 03       		.uleb128 0x3
 793 0043 0E       		.uleb128 0xe
 794 0044 3A       		.uleb128 0x3a
 795 0045 0B       		.uleb128 0xb
 796 0046 3B       		.uleb128 0x3b
 797 0047 0B       		.uleb128 0xb
 798 0048 27       		.uleb128 0x27
 799 0049 19       		.uleb128 0x19
 800 004a 11       		.uleb128 0x11
 801 004b 01       		.uleb128 0x1
 802 004c 12       		.uleb128 0x12
 803 004d 06       		.uleb128 0x6
 804 004e 40       		.uleb128 0x40
 805 004f 18       		.uleb128 0x18
 806 0050 9742     		.uleb128 0x2117
 807 0052 19       		.uleb128 0x19
 808 0053 01       		.uleb128 0x1
 809 0054 13       		.uleb128 0x13
 810 0055 00       		.byte	0
 811 0056 00       		.byte	0
 812 0057 07       		.uleb128 0x7
ARM GAS  C:\Users\unyacat\AppData\Local\Temp\ccVvs7Ic.s 			page 35


 813 0058 05       		.uleb128 0x5
 814 0059 00       		.byte	0
 815 005a 03       		.uleb128 0x3
 816 005b 0E       		.uleb128 0xe
 817 005c 3A       		.uleb128 0x3a
 818 005d 0B       		.uleb128 0xb
 819 005e 3B       		.uleb128 0x3b
 820 005f 0B       		.uleb128 0xb
 821 0060 49       		.uleb128 0x49
 822 0061 13       		.uleb128 0x13
 823 0062 02       		.uleb128 0x2
 824 0063 17       		.uleb128 0x17
 825 0064 00       		.byte	0
 826 0065 00       		.byte	0
 827 0066 08       		.uleb128 0x8
 828 0067 34       		.uleb128 0x34
 829 0068 00       		.byte	0
 830 0069 03       		.uleb128 0x3
 831 006a 0E       		.uleb128 0xe
 832 006b 3A       		.uleb128 0x3a
 833 006c 0B       		.uleb128 0xb
 834 006d 3B       		.uleb128 0x3b
 835 006e 0B       		.uleb128 0xb
 836 006f 49       		.uleb128 0x49
 837 0070 13       		.uleb128 0x13
 838 0071 00       		.byte	0
 839 0072 00       		.byte	0
 840 0073 09       		.uleb128 0x9
 841 0074 2E       		.uleb128 0x2e
 842 0075 00       		.byte	0
 843 0076 3F       		.uleb128 0x3f
 844 0077 19       		.uleb128 0x19
 845 0078 03       		.uleb128 0x3
 846 0079 0E       		.uleb128 0xe
 847 007a 3A       		.uleb128 0x3a
 848 007b 0B       		.uleb128 0xb
 849 007c 3B       		.uleb128 0x3b
 850 007d 0B       		.uleb128 0xb
 851 007e 27       		.uleb128 0x27
 852 007f 19       		.uleb128 0x19
 853 0080 49       		.uleb128 0x49
 854 0081 13       		.uleb128 0x13
 855 0082 11       		.uleb128 0x11
 856 0083 01       		.uleb128 0x1
 857 0084 12       		.uleb128 0x12
 858 0085 06       		.uleb128 0x6
 859 0086 40       		.uleb128 0x40
 860 0087 18       		.uleb128 0x18
 861 0088 9742     		.uleb128 0x2117
 862 008a 19       		.uleb128 0x19
 863 008b 00       		.byte	0
 864 008c 00       		.byte	0
 865 008d 0A       		.uleb128 0xa
 866 008e 05       		.uleb128 0x5
 867 008f 00       		.byte	0
 868 0090 03       		.uleb128 0x3
 869 0091 0E       		.uleb128 0xe
ARM GAS  C:\Users\unyacat\AppData\Local\Temp\ccVvs7Ic.s 			page 36


 870 0092 3A       		.uleb128 0x3a
 871 0093 0B       		.uleb128 0xb
 872 0094 3B       		.uleb128 0x3b
 873 0095 0B       		.uleb128 0xb
 874 0096 49       		.uleb128 0x49
 875 0097 13       		.uleb128 0x13
 876 0098 02       		.uleb128 0x2
 877 0099 18       		.uleb128 0x18
 878 009a 00       		.byte	0
 879 009b 00       		.byte	0
 880 009c 0B       		.uleb128 0xb
 881 009d 34       		.uleb128 0x34
 882 009e 00       		.byte	0
 883 009f 03       		.uleb128 0x3
 884 00a0 0E       		.uleb128 0xe
 885 00a1 3A       		.uleb128 0x3a
 886 00a2 0B       		.uleb128 0xb
 887 00a3 3B       		.uleb128 0x3b
 888 00a4 0B       		.uleb128 0xb
 889 00a5 49       		.uleb128 0x49
 890 00a6 13       		.uleb128 0x13
 891 00a7 02       		.uleb128 0x2
 892 00a8 17       		.uleb128 0x17
 893 00a9 00       		.byte	0
 894 00aa 00       		.byte	0
 895 00ab 0C       		.uleb128 0xc
 896 00ac 2E       		.uleb128 0x2e
 897 00ad 01       		.byte	0x1
 898 00ae 3F       		.uleb128 0x3f
 899 00af 19       		.uleb128 0x19
 900 00b0 03       		.uleb128 0x3
 901 00b1 0E       		.uleb128 0xe
 902 00b2 3A       		.uleb128 0x3a
 903 00b3 0B       		.uleb128 0xb
 904 00b4 3B       		.uleb128 0x3b
 905 00b5 0B       		.uleb128 0xb
 906 00b6 27       		.uleb128 0x27
 907 00b7 19       		.uleb128 0x19
 908 00b8 49       		.uleb128 0x49
 909 00b9 13       		.uleb128 0x13
 910 00ba 11       		.uleb128 0x11
 911 00bb 01       		.uleb128 0x1
 912 00bc 12       		.uleb128 0x12
 913 00bd 06       		.uleb128 0x6
 914 00be 40       		.uleb128 0x40
 915 00bf 18       		.uleb128 0x18
 916 00c0 9742     		.uleb128 0x2117
 917 00c2 19       		.uleb128 0x19
 918 00c3 00       		.byte	0
 919 00c4 00       		.byte	0
 920 00c5 00       		.byte	0
 921              		.section	.debug_loc,"",%progbits
 922              	.Ldebug_loc0:
 923              	.LLST0:
 924 0000 00000000 		.4byte	.LVL0
 925 0004 08000000 		.4byte	.LVL1
 926 0008 0100     		.2byte	0x1
ARM GAS  C:\Users\unyacat\AppData\Local\Temp\ccVvs7Ic.s 			page 37


 927 000a 50       		.byte	0x50
 928 000b 08000000 		.4byte	.LVL1
 929 000f 18000000 		.4byte	.LFE0
 930 0013 0400     		.2byte	0x4
 931 0015 F3       		.byte	0xf3
 932 0016 01       		.uleb128 0x1
 933 0017 50       		.byte	0x50
 934 0018 9F       		.byte	0x9f
 935 0019 00000000 		.4byte	0
 936 001d 00000000 		.4byte	0
 937              	.LLST1:
 938 0021 00000000 		.4byte	.LVL2
 939 0025 04000000 		.4byte	.LVL3
 940 0029 0100     		.2byte	0x1
 941 002b 50       		.byte	0x50
 942 002c 04000000 		.4byte	.LVL3
 943 0030 1C000000 		.4byte	.LFE1
 944 0034 0400     		.2byte	0x4
 945 0036 F3       		.byte	0xf3
 946 0037 01       		.uleb128 0x1
 947 0038 50       		.byte	0x50
 948 0039 9F       		.byte	0x9f
 949 003a 00000000 		.4byte	0
 950 003e 00000000 		.4byte	0
 951              	.LLST2:
 952 0042 00000000 		.4byte	.LVL4
 953 0046 08000000 		.4byte	.LVL7
 954 004a 0100     		.2byte	0x1
 955 004c 50       		.byte	0x50
 956 004d 08000000 		.4byte	.LVL7
 957 0051 14000000 		.4byte	.LFE4
 958 0055 0400     		.2byte	0x4
 959 0057 F3       		.byte	0xf3
 960 0058 01       		.uleb128 0x1
 961 0059 50       		.byte	0x50
 962 005a 9F       		.byte	0x9f
 963 005b 00000000 		.4byte	0
 964 005f 00000000 		.4byte	0
 965              	.LLST3:
 966 0063 04000000 		.4byte	.LVL5
 967 0067 06000000 		.4byte	.LVL6
 968 006b 0B00     		.2byte	0xb
 969 006d 70       		.byte	0x70
 970 006e 00       		.sleb128 0
 971 006f 0A       		.byte	0xa
 972 0070 FFFF     		.2byte	0xffff
 973 0072 1A       		.byte	0x1a
 974 0073 20       		.byte	0x20
 975 0074 73       		.byte	0x73
 976 0075 00       		.sleb128 0
 977 0076 1A       		.byte	0x1a
 978 0077 9F       		.byte	0x9f
 979 0078 00000000 		.4byte	0
 980 007c 00000000 		.4byte	0
 981              	.LLST4:
 982 0080 08000000 		.4byte	.LVL8
 983 0084 0C000000 		.4byte	.LVL9
ARM GAS  C:\Users\unyacat\AppData\Local\Temp\ccVvs7Ic.s 			page 38


 984 0088 0100     		.2byte	0x1
 985 008a 50       		.byte	0x50
 986 008b 0C000000 		.4byte	.LVL9
 987 008f 14000000 		.4byte	.LFE5
 988 0093 0400     		.2byte	0x4
 989 0095 72       		.byte	0x72
 990 0096 00       		.sleb128 0
 991 0097 06       		.byte	0x6
 992 0098 9F       		.byte	0x9f
 993 0099 00000000 		.4byte	0
 994 009d 00000000 		.4byte	0
 995              		.section	.debug_aranges,"",%progbits
 996 0000 44000000 		.4byte	0x44
 997 0004 0200     		.2byte	0x2
 998 0006 00000000 		.4byte	.Ldebug_info0
 999 000a 04       		.byte	0x4
 1000 000b 00       		.byte	0
 1001 000c 0000     		.2byte	0
 1002 000e 0000     		.2byte	0
 1003 0010 00000000 		.4byte	.LFB0
 1004 0014 18000000 		.4byte	.LFE0-.LFB0
 1005 0018 00000000 		.4byte	.LFB1
 1006 001c 1C000000 		.4byte	.LFE1-.LFB1
 1007 0020 00000000 		.4byte	.LFB2
 1008 0024 10000000 		.4byte	.LFE2-.LFB2
 1009 0028 00000000 		.4byte	.LFB3
 1010 002c 10000000 		.4byte	.LFE3-.LFB3
 1011 0030 00000000 		.4byte	.LFB4
 1012 0034 14000000 		.4byte	.LFE4-.LFB4
 1013 0038 00000000 		.4byte	.LFB5
 1014 003c 14000000 		.4byte	.LFE5-.LFB5
 1015 0040 00000000 		.4byte	0
 1016 0044 00000000 		.4byte	0
 1017              		.section	.debug_ranges,"",%progbits
 1018              	.Ldebug_ranges0:
 1019 0000 00000000 		.4byte	.LFB0
 1020 0004 18000000 		.4byte	.LFE0
 1021 0008 00000000 		.4byte	.LFB1
 1022 000c 1C000000 		.4byte	.LFE1
 1023 0010 00000000 		.4byte	.LFB2
 1024 0014 10000000 		.4byte	.LFE2
 1025 0018 00000000 		.4byte	.LFB3
 1026 001c 10000000 		.4byte	.LFE3
 1027 0020 00000000 		.4byte	.LFB4
 1028 0024 14000000 		.4byte	.LFE4
 1029 0028 00000000 		.4byte	.LFB5
 1030 002c 14000000 		.4byte	.LFE5
 1031 0030 00000000 		.4byte	0
 1032 0034 00000000 		.4byte	0
 1033              		.section	.debug_line,"",%progbits
 1034              	.Ldebug_line0:
 1035 0000 C9000000 		.section	.debug_str,"MS",%progbits,1
 1035      02004600 
 1035      00000201 
 1035      FB0E0D00 
 1035      01010101 
 1036              	.LASF15:
ARM GAS  C:\Users\unyacat\AppData\Local\Temp\ccVvs7Ic.s 			page 39


 1037 0000 72656733 		.ascii	"reg32\000"
 1037      3200
 1038              	.LASF21:
 1039 0006 57616B65 		.ascii	"Wakeup_SW_ReadDataReg\000"
 1039      75705F53 
 1039      575F5265 
 1039      61644461 
 1039      74615265 
 1040              	.LASF19:
 1041 001c 76616C75 		.ascii	"value\000"
 1041      6500
 1042              	.LASF3:
 1043 0022 73686F72 		.ascii	"short unsigned int\000"
 1043      7420756E 
 1043      7369676E 
 1043      65642069 
 1043      6E7400
 1044              	.LASF20:
 1045 0035 57616B65 		.ascii	"Wakeup_SW_Read\000"
 1045      75705F53 
 1045      575F5265 
 1045      616400
 1046              	.LASF17:
 1047 0044 57616B65 		.ascii	"Wakeup_SW_Write\000"
 1047      75705F53 
 1047      575F5772 
 1047      69746500 
 1048              	.LASF12:
 1049 0054 666C6F61 		.ascii	"float\000"
 1049      7400
 1050              	.LASF1:
 1051 005a 756E7369 		.ascii	"unsigned char\000"
 1051      676E6564 
 1051      20636861 
 1051      7200
 1052              	.LASF30:
 1053 0068 64725661 		.ascii	"drVal\000"
 1053      6C00
 1054              	.LASF5:
 1055 006e 6C6F6E67 		.ascii	"long unsigned int\000"
 1055      20756E73 
 1055      69676E65 
 1055      6420696E 
 1055      7400
 1056              	.LASF28:
 1057 0080 47656E65 		.ascii	"Generated_Source\\PSoC4\\Wakeup_SW.c\000"
 1057      72617465 
 1057      645F536F 
 1057      75726365 
 1057      5C50536F 
 1058              	.LASF27:
 1059 00a3 474E5520 		.ascii	"GNU C11 5.4.1 20160609 (release) [ARM/embedded-5-br"
 1059      43313120 
 1059      352E342E 
 1059      31203230 
 1059      31363036 
 1060 00d6 616E6368 		.ascii	"anch revision 237715] -mcpu=cortex-m0 -mthumb -g -O"
ARM GAS  C:\Users\unyacat\AppData\Local\Temp\ccVvs7Ic.s 			page 40


 1060      20726576 
 1060      6973696F 
 1060      6E203233 
 1060      37373135 
 1061 0109 33202D66 		.ascii	"3 -ffunction-sections -ffat-lto-objects -finline-fu"
 1061      66756E63 
 1061      74696F6E 
 1061      2D736563 
 1061      74696F6E 
 1062 013c 6E637469 		.ascii	"nctions -flto\000"
 1062      6F6E7320 
 1062      2D666C74 
 1062      6F00
 1063              	.LASF24:
 1064 014a 57616B65 		.ascii	"Wakeup_SW_ClearInterrupt\000"
 1064      75705F53 
 1064      575F436C 
 1064      65617249 
 1064      6E746572 
 1065              	.LASF22:
 1066 0163 57616B65 		.ascii	"Wakeup_SW_SetInterruptMode\000"
 1066      75705F53 
 1066      575F5365 
 1066      74496E74 
 1066      65727275 
 1067              	.LASF13:
 1068 017e 646F7562 		.ascii	"double\000"
 1068      6C6500
 1069              	.LASF10:
 1070 0185 75696E74 		.ascii	"uint16\000"
 1070      313600
 1071              	.LASF23:
 1072 018c 706F7369 		.ascii	"position\000"
 1072      74696F6E 
 1072      00
 1073              	.LASF11:
 1074 0195 75696E74 		.ascii	"uint32\000"
 1074      333200
 1075              	.LASF25:
 1076 019c 696E7472 		.ascii	"intrCfg\000"
 1076      43666700 
 1077              	.LASF8:
 1078 01a4 756E7369 		.ascii	"unsigned int\000"
 1078      676E6564 
 1078      20696E74 
 1078      00
 1079              	.LASF7:
 1080 01b1 6C6F6E67 		.ascii	"long long unsigned int\000"
 1080      206C6F6E 
 1080      6720756E 
 1080      7369676E 
 1080      65642069 
 1081              	.LASF18:
 1082 01c8 6D6F6465 		.ascii	"mode\000"
 1082      00
 1083              	.LASF29:
 1084 01cd 433A5C55 		.ascii	"C:\\Users\\unyacat\\Desktop\\Linebot\\Dynamic Broad"
ARM GAS  C:\Users\unyacat\AppData\Local\Temp\ccVvs7Ic.s 			page 41


 1084      73657273 
 1084      5C756E79 
 1084      61636174 
 1084      5C446573 
 1085 01fb 63617374 		.ascii	"caster\\Dynamic Broadcaster\\Dynamic Broadcaster.cy"
 1085      65725C44 
 1085      796E616D 
 1085      69632042 
 1085      726F6164 
 1086 022c 64736E00 		.ascii	"dsn\000"
 1087              	.LASF6:
 1088 0230 6C6F6E67 		.ascii	"long long int\000"
 1088      206C6F6E 
 1088      6720696E 
 1088      7400
 1089              	.LASF26:
 1090 023e 6D61736B 		.ascii	"maskedStatus\000"
 1090      65645374 
 1090      61747573 
 1090      00
 1091              	.LASF14:
 1092 024b 63686172 		.ascii	"char\000"
 1092      00
 1093              	.LASF2:
 1094 0250 73686F72 		.ascii	"short int\000"
 1094      7420696E 
 1094      7400
 1095              	.LASF9:
 1096 025a 75696E74 		.ascii	"uint8\000"
 1096      3800
 1097              	.LASF16:
 1098 0260 57616B65 		.ascii	"Wakeup_SW_SetDriveMode\000"
 1098      75705F53 
 1098      575F5365 
 1098      74447269 
 1098      76654D6F 
 1099              	.LASF4:
 1100 0277 6C6F6E67 		.ascii	"long int\000"
 1100      20696E74 
 1100      00
 1101              	.LASF0:
 1102 0280 7369676E 		.ascii	"signed char\000"
 1102      65642063 
 1102      68617200 
 1103              		.comm	__gnu_lto_v1,1,1
 1104              		.ident	"GCC: (GNU Tools for ARM Embedded Processors) 5.4.1 20160609 (release) [ARM/embedded-5-bran
